#
# A fatal error has been detected by the Java Runtime Environment:
#
#  EXCEPTION_ACCESS_VIOLATION (0xc0000005) at pc=0x00007ffbc09b7fe5, pid=18772, tid=7328
#
# JRE version: OpenJDK Runtime Environment (17.0.10) (build 17.0.10+0--11572160)
# Java VM: OpenJDK 64-Bit Server VM (17.0.10+0--11572160, mixed mode, tiered, compressed oops, compressed class ptrs, g1 gc, windows-amd64)
# Problematic frame:
# V  [jvm.dll+0x1e7fe5]
#
# No core dump will be written. Minidumps are not enabled by default on client versions of Windows
#
# If you would like to submit a bug report, please visit:
#   https://bugreport.java.com/bugreport/crash.jsp
#

---------------  S U M M A R Y ------------

Command Line: --add-opens=java.base/java.util=ALL-UNNAMED --add-opens=java.base/java.lang=ALL-UNNAMED --add-opens=java.base/java.lang.invoke=ALL-UNNAMED --add-opens=java.prefs/java.util.prefs=ALL-UNNAMED --add-opens=java.base/java.nio.charset=ALL-UNNAMED --add-opens=java.base/java.net=ALL-UNNAMED --add-opens=java.base/java.util.concurrent.atomic=ALL-UNNAMED -Xmx2048m -Dfile.encoding=UTF-8 -Duser.country=US -Duser.language=en -Duser.variant -javaagent:C:\Users\limit\.gradle\wrapper\dists\gradle-8.6-bin\afr5mpiioh2wthjmwnkmdsd5w\gradle-8.6\lib\agents\gradle-instrumentation-agent-8.6.jar org.gradle.launcher.daemon.bootstrap.GradleDaemon 8.6

Host: Intel(R) Core(TM) i5-8265U CPU @ 1.60GHz, 8 cores, 23G,  Windows 11 , 64 bit Build 22621 (10.0.22621.3235)
Time: Fri May 17 21:17:55 2024 W. Central Africa Standard Time elapsed time: 14.822772 seconds (0d 0h 0m 14s)

---------------  T H R E A D  ---------------

Current thread (0x00000197e96ed910):  JavaThread "Daemon periodic checks" [_thread_in_vm, id=7328, stack(0x0000001ff7500000,0x0000001ff7600000)]

Stack: [0x0000001ff7500000,0x0000001ff7600000],  sp=0x0000001ff75fd660,  free space=1013k
Native frames: (J=compiled Java code, j=interpreted, Vv=VM code, C=native code)
V  [jvm.dll+0x1e7fe5]
V  [jvm.dll+0x1ef9e4]
V  [jvm.dll+0x1e4e1c]
V  [jvm.dll+0x54dd1c]
V  [jvm.dll+0x1f59bb]
V  [jvm.dll+0x7bac1b]
V  [jvm.dll+0x7bc08c]
V  [jvm.dll+0x7bc903]
V  [jvm.dll+0x1efdf4]
V  [jvm.dll+0x1e4e35]
V  [jvm.dll+0x54dd1c]
V  [jvm.dll+0x1f59bb]
V  [jvm.dll+0x7bac1b]
V  [jvm.dll+0x7bc08c]
V  [jvm.dll+0x7bc3d8]
V  [jvm.dll+0x24386e]
V  [jvm.dll+0x387e8e]
C  0x00000197d4afb5a5

The last pc belongs to new (printed below).
Java frames: (J=compiled Java code, j=interpreted, Vv=VM code)
j  java.util.concurrent.LinkedBlockingDeque.iterator()Ljava/util/Iterator;+0 java.base@17.0.10
J 3085 c2 java.util.AbstractCollection.addAll(Ljava/util/Collection;)Z java.base@17.0.10 (42 bytes) @ 0x00000197d523b784 [0x00000197d523b740+0x0000000000000044]
j  java.util.LinkedHashSet.<init>(Ljava/util/Collection;)V+22 java.base@17.0.10
j  com.google.common.collect.Sets.newLinkedHashSet(Ljava/lang/Iterable;)Ljava/util/LinkedHashSet;+15
j  org.gradle.launcher.daemon.server.health.gc.DefaultSlidingWindow.snapshot()Ljava/util/Collection;+11
j  org.gradle.launcher.daemon.server.health.gc.DefaultGarbageCollectionMonitor.getHeapStats()Lorg/gradle/launcher/daemon/server/health/gc/GarbageCollectionStats;+4
j  org.gradle.launcher.daemon.server.health.DaemonHealthStats.getHeapStats()Lorg/gradle/launcher/daemon/server/health/gc/GarbageCollectionStats;+4
j  org.gradle.launcher.daemon.server.health.HealthExpirationStrategy.checkExpiration()Lorg/gradle/launcher/daemon/server/expiry/DaemonExpirationResult;+33
j  org.gradle.launcher.daemon.server.expiry.AnyDaemonExpirationStrategy.checkExpiration()Lorg/gradle/launcher/daemon/server/expiry/DaemonExpirationResult;+47
j  org.gradle.launcher.daemon.server.MasterExpirationStrategy.checkExpiration()Lorg/gradle/launcher/daemon/server/expiry/DaemonExpirationResult;+4
j  org.gradle.launcher.daemon.server.Daemon$DaemonExpirationPeriodicCheck.run()V+4
j  org.gradle.internal.concurrent.ExecutorPolicy$CatchAndRecordFailures.onExecute(Ljava/lang/Runnable;)V+1
j  org.gradle.internal.concurrent.AbstractManagedExecutor$1.run()V+25
j  java.util.concurrent.Executors$RunnableAdapter.call()Ljava/lang/Object;+4 java.base@17.0.10
j  java.util.concurrent.FutureTask.runAndReset()Z+44 java.base@17.0.10
j  java.util.concurrent.ScheduledThreadPoolExecutor$ScheduledFutureTask.run()V+35 java.base@17.0.10
j  java.util.concurrent.ThreadPoolExecutor.runWorker(Ljava/util/concurrent/ThreadPoolExecutor$Worker;)V+92 java.base@17.0.10
j  java.util.concurrent.ThreadPoolExecutor$Worker.run()V+5 java.base@17.0.10
j  java.lang.Thread.run()V+11 java.base@17.0.10
v  ~StubRoutines::call_stub

siginfo: EXCEPTION_ACCESS_VIOLATION (0xc0000005), reading address 0x00000197e73f4100


Registers:
RAX=0x00000000000086df, RBX=0x00000197e96ed910, RCX=0x0000000000002402, RDX=0x00000197ea98e700
RSP=0x0000001ff75fd660, RBP=0x00000197e73b09c0, RSI=0x0000000076c75802, RDI=0x00000197ea98e700
R8 =0x00000000000086df, R9 =0x0000000000000000, R10=0x000000000000003b, R11=0x0000000000000001
R12=0x0000000000000000, R13=0x0000000000000000, R14=0x0000000000000000, R15=0x0000001ff75fd9d0
RIP=0x00007ffbc09b7fe5, EFLAGS=0x0000000000010246


Register to memory mapping:

RIP=0x00007ffbc09b7fe5 jvm.dll
RAX=0x00000000000086df is an unknown value
RBX=0x00000197e96ed910 is a thread
RCX=0x0000000000002402 is an unknown value
RDX=0x00000197ea98e700 points into unknown readable memory: 0x00007ffbc1112218 | 18 22 11 c1 fb 7f 00 00
RSP=0x0000001ff75fd660 is pointing into the stack for thread: 0x00000197e96ed910
RBP=0x00000197e73b09c0 is pointing into metadata
RSI=0x0000000076c75802 is an unknown value
RDI=0x00000197ea98e700 points into unknown readable memory: 0x00007ffbc1112218 | 18 22 11 c1 fb 7f 00 00
R8 =0x00000000000086df is an unknown value
R9 =0x0 is NULL
R10=0x000000000000003b is an unknown value
R11=0x0000000000000001 is an unknown value
R12=0x0 is NULL
R13=0x0 is NULL
R14=0x0 is NULL
R15=0x0000001ff75fd9d0 is pointing into the stack for thread: 0x00000197e96ed910


Top of Stack: (sp=0x0000001ff75fd660)
0x0000001ff75fd660:   0000000000000008 0000000000000009
0x0000001ff75fd670:   00000197eb385700 00000197ea98cfe0
0x0000001ff75fd680:   00000197ea98e790 00000197ea994fc8
0x0000001ff75fd690:   00000000000083b0 00000197e3e68990
0x0000001ff75fd6a0:   0000000000000000 0000240200000000
0x0000001ff75fd6b0:   0000000000000000 0000000000000000
0x0000001ff75fd6c0:   0000000000000000 0000000000000000
0x0000001ff75fd6d0:   0000000000000000 0000000000000000
0x0000001ff75fd6e0:   0000000000000000 0000000000000000
0x0000001ff75fd6f0:   0000000000000000 0000000000000000
0x0000001ff75fd700:   0000000000000000 00000197e96ed901
0x0000001ff75fd710:   00000197e96ed910 00000197e96ed910
0x0000001ff75fd720:   00000197ea98e700 00000197ea98cfe0
0x0000001ff75fd730:   0000001ff75fdb6b 0000001ff75fd9d0
0x0000001ff75fd740:   0000001ff75fdb6a 00000197e73b09c0
0x0000001ff75fd750:   0000000000000000 00007ffbc09bf9e4
0x0000001ff75fd760:   0000000000000000 0000001ff75fdb00
0x0000001ff75fd770:   00000197e73b09c0 00000197ea98e790
0x0000001ff75fd780:   00000197e96ed900 0000001ff75fdb6b
0x0000001ff75fd790:   00000197e96e0008 00000197e96ed910
0x0000001ff75fd7a0:   0000001ff75fd998 00000197e9597d80
0x0000001ff75fd7b0:   000000000000007b 0000019700200000
0x0000001ff75fd7c0:   00000197ea98e770 00000197ea994fc8
0x0000001ff75fd7d0:   0000000000000003 0000000000000020
0x0000001ff75fd7e0:   0000000000000050 00007ffbc0cfb2e2
0x0000001ff75fd7f0:   00000197ea72d001 00000000000007cc
0x0000001ff75fd800:   00000197ea98d600 0000000000000000
0x0000001ff75fd810:   00000197eb385700 00000197ea98e700
0x0000001ff75fd820:   00000197e92b5130 00007ffbc0cfb446
0x0000001ff75fd830:   0000000000000000 00000197e96ed910
0x0000001ff75fd840:   0000000000000000 0000000000000000
0x0000001ff75fd850:   0000001ff75fd940 0000001ff75fd968 

Instructions: (pc=0x00007ffbc09b7fe5)
0x00007ffbc09b7ee5:   89 6c 24 78 44 89 6c 24 5c 4c 89 ac 24 80 00 00
0x00007ffbc09b7ef5:   00 44 89 6c 24 58 4c 89 ac 24 88 00 00 00 44 89
0x00007ffbc09b7f05:   6c 24 60 66 44 89 6c 24 4a 66 44 89 6c 24 48 4c
0x00007ffbc09b7f15:   89 ac 24 90 00 00 00 44 89 6c 24 64 4c 89 ac 24
0x00007ffbc09b7f25:   98 00 00 00 44 89 6c 24 68 4c 89 ac 24 a0 00 00
0x00007ffbc09b7f35:   00 44 89 6c 24 6c 66 85 c9 0f 84 9b 08 00 00 b8
0x00007ffbc09b7f45:   ff ff 00 00 66 03 c8 48 8b 47 10 48 2b 47 18 66
0x00007ffbc09b7f55:   89 4c 24 4c 48 83 f8 06 73 0b 48 8b d3 48 8b cf
0x00007ffbc09b7f65:   e8 b6 98 00 00 4c 39 6b 08 0f 85 02 0d 00 00 48
0x00007ffbc09b7f75:   8b 47 18 0f b7 28 48 83 c0 02 48 89 47 18 66 c1
0x00007ffbc09b7f85:   cd 08 44 0f b7 c5 8b 30 48 83 c0 04 48 89 47 18
0x00007ffbc09b7f95:   49 8b 47 28 0f ce 44 3b 40 3c 7d 0e 48 8b 40 08
0x00007ffbc09b7fa5:   42 0f b6 44 00 04 3c 01 74 02 32 c0 45 38 af 98
0x00007ffbc09b7fb5:   01 00 00 74 16 84 c0 75 12 4c 8b cb 48 8d 15 a0
0x00007ffbc09b7fc5:   be 75 00 49 8b cf e8 d0 c7 ff ff 4c 39 6b 08 0f
0x00007ffbc09b7fd5:   85 9c 0c 00 00 0f b7 c5 48 8b ac 24 10 01 00 00
0x00007ffbc09b7fe5:   48 8b 4c c5 48 48 3b 0d a7 b8 9c 00 0f 85 d7 00
0x00007ffbc09b7ff5:   00 00 49 8b cd 41 38 8f 98 01 00 00 74 24 83 fe
0x00007ffbc09b8005:   02 74 16 4c 8b c3 48 8d 15 96 be 75 00 49 8b cf
0x00007ffbc09b8015:   e8 56 c8 ff ff 48 8b 4b 08 48 85 c9 0f 85 4f 0c
0x00007ffbc09b8025:   00 00 44 38 6c 24 44 0f 85 fd 07 00 00 48 8b 47
0x00007ffbc09b8035:   10 48 2b 47 18 c6 44 24 44 01 48 83 f8 02 73 0f
0x00007ffbc09b8045:   48 8b d3 48 8b cf e8 d0 97 00 00 48 8b 4b 08 48
0x00007ffbc09b8055:   85 c9 0f 85 19 0c 00 00 48 8b 47 18 0f b7 30 48
0x00007ffbc09b8065:   83 c0 02 48 89 47 18 49 8b 47 28 66 c1 ce 08 44
0x00007ffbc09b8075:   0f b7 c6 44 3b 40 3c 7d 0e 48 8b 40 08 42 0f b6
0x00007ffbc09b8085:   44 00 04 3c 01 74 02 32 c0 45 38 af 98 01 00 00
0x00007ffbc09b8095:   74 16 84 c0 75 12 4c 8b cb 48 8d 15 6b b6 75 00
0x00007ffbc09b80a5:   49 8b cf e8 f3 c6 ff ff 48 8b 43 08 48 85 c0 0f
0x00007ffbc09b80b5:   85 bc 0b 00 00 66 41 89 b7 88 01 00 00 48 8b 43
0x00007ffbc09b80c5:   08 48 85 c0 e9 e6 06 00 00 48 3b 0d 33 b8 9c 00
0x00007ffbc09b80d5:   0f 85 b0 00 00 00 44 38 6c 24 45 0f 85 55 07 00 


Stack slot to memory mapping:
stack at sp + 0 slots: 0x0000000000000008 is an unknown value
stack at sp + 1 slots: 0x0000000000000009 is an unknown value
stack at sp + 2 slots: 0x00000197eb385700 points into unknown readable memory: 0x0000000000000002 | 02 00 00 00 00 00 00 00
stack at sp + 3 slots: 0x00000197ea98cfe0 points into unknown readable memory: 0x0000000000000000 | 00 00 00 00 00 00 00 00
stack at sp + 4 slots: 0x00000197ea98e790 points into unknown readable memory: 0x0000000000000002 | 02 00 00 00 00 00 00 00
stack at sp + 5 slots: 0x00000197ea994fc8 points into unknown readable memory: 0x109d0b2a93bf57cc | cc 57 bf 93 2a 0b 9d 10
stack at sp + 6 slots: 0x00000000000083b0 is an unknown value
stack at sp + 7 slots: 0x00000197e3e68990 points into unknown readable memory: 0x0000000000000000 | 00 00 00 00 00 00 00 00

new  187 new  [0x00000197d4afb420, 0x00000197d4afb640]  544 bytes
[MachCode]
  0x00000197d4afb420: 4883 ec08 | c5fa 1104 | 24eb 1f48 | 83ec 10c5 | fb11 0424 | eb14 4883 | ec10 4889 | 0424 48c7 
  0x00000197d4afb440: 4424 0800 | 0000 00eb | 0150 410f | b755 010f | cac1 ea10 | 488b 4de8 | 488b 4908 | 488b 4908 
  0x00000197d4afb460: 488b 4108 | 807c 1004 | 070f 85d6 | 0000 0066 | 8b54 d148 | 488b 4928 | 488b 4cd1 | 0851 80b9 
  0x00000197d4afb480: 5b01 0000 | 040f 85b9 | 0000 008b | 5108 f7c2 | 0100 0000 | 0f85 aa00 | 0000 498b | 8708 0100 
  0x00000197d4afb4a0: 0048 8d1c | 1049 3b9f | 1801 0000 | 0f87 9200 | 0000 4989 | 9f08 0100 | 00e9 0000 | 0000 4883 
  0x00000197d4afb4c0: ea10 0f84 | 0f00 0000 | 33c9 c1ea | 0348 894c | d008 48ff | ca75 f648 | c700 0100 | 0000 5933 
  0x00000197d4afb4e0: f689 700c | 48c1 e903 | 8948 0849 | ba89 3936 | c1fb 7f00 | 0041 803a | 000f 8440 | 0000 0050 
  0x00000197d4afb500: 488b c848 | 83ec 20f7 | c40f 0000 | 000f 841a | 0000 0048 | 83ec 0849 | bad0 f3eb | c0fb 7f00 
  0x00000197d4afb520: 0041 ffd2 | 4883 c408 | e90d 0000 | 0049 bad0 | f3eb c0fb | 7f00 0041 | ffd2 4883 | c420 58e9 
  0x00000197d4afb540: cd00 0000 | 5948 8b55 | e848 8b52 | 0848 8b52 | 0845 0fb7 | 4501 410f | c841 c1e8 | 10e8 0500 
  0x00000197d4afb560: 0000 e9aa | 0000 0048 | 8d44 2408 | 4c89 6dc0 | 498b cfc5 | f877 4989 | afa8 0200 | 0049 8987 
  0x00000197d4afb580: 9802 0000 | 4883 ec20 | f7c4 0f00 | 0000 0f84 | 1a00 0000 | 4883 ec08 | 49ba 407e | b5c0 fb7f 
  0x00000197d4afb5a0: 0000 41ff | d248 83c4 | 08e9 0d00 | 0000 49ba | 407e b5c0 | fb7f 0000 | 41ff d248 | 83c4 2049 
  0x00000197d4afb5c0: c787 9802 | 0000 0000 | 0000 49c7 | 87a8 0200 | 0000 0000 | 0049 c787 | a002 0000 | 0000 0000 
  0x00000197d4afb5e0: c5f8 7749 | 817f 0800 | 0000 000f | 8405 0000 | 00e9 0a59 | feff 498b | 87f0 0200 | 0049 c787 
  0x00000197d4afb600: f002 0000 | 0000 0000 | 4c8b 6dc0 | 4c8b 75c8 | c341 0fb6 | 5d03 4983 | c503 49ba | 80a6 38c1 
  0x00000197d4afb620: fb7f 0000 | 41ff 24da | 0000 0000 | 0000 0000 | 0000 0000 | 0000 0000 | 0000 0000 | 0000 0000 
[/MachCode]

Compiled method (c2)   15100 3085       4       java.util.AbstractCollection::addAll (42 bytes)
 total in heap  [0x00000197d523b590,0x00000197d523bab8] = 1320
 relocation     [0x00000197d523b6e8,0x00000197d523b728] = 64
 main code      [0x00000197d523b740,0x00000197d523b8c0] = 384
 stub code      [0x00000197d523b8c0,0x00000197d523b8e8] = 40
 metadata       [0x00000197d523b8e8,0x00000197d523b8f8] = 16
 scopes data    [0x00000197d523b8f8,0x00000197d523b950] = 88
 scopes pcs     [0x00000197d523b950,0x00000197d523b9f0] = 160
 dependencies   [0x00000197d523b9f0,0x00000197d523b9f8] = 8
 handler table  [0x00000197d523b9f8,0x00000197d523bab8] = 192

[Constant Pool (empty)]

[MachCode]
[Entry Point]
  # {method} {0x00000197e5111258} 'addAll' '(Ljava/util/Collection;)Z' in 'java/util/AbstractCollection'
  # this:     rdx:rdx   = 'java/util/AbstractCollection'
  # parm0:    r8:r8     = 'java/util/Collection'
  #           [sp+0x40]  (sp of caller)
  0x00000197d523b740: 448b 5208 | 49c1 e203 

  0x00000197d523b748: ;   {runtime_call ic_miss_stub}
  0x00000197d523b748: 493b c20f | 852f 598f | ff66 6690 | 0f1f 8400 | 0000 0000 | 6666 6690 
[Verified Entry Point]
  0x00000197d523b760: 8984 2400 | 90ff ff55 | 4883 ec30 | 4889 1424 | 498b d066 | 9048 b820 | deac e997 

  0x00000197d523b77c: ;   {virtual_call}
  0x00000197d523b77c: 0100 00e8 

  0x00000197d523b780: ; ImmutableOopMap {[0]=Oop }
                      ;*invokeinterface iterator {reexecute=0 rethrow=0 return_oop=1}
                      ; - java.util.AbstractCollection::addAll@3 (line 335)
  0x00000197d523b780: 6406 9aff | 4889 4424 | 0848 8bd0 | 9048 b850 | deac e997 

  0x00000197d523b794: ;   {virtual_call}
  0x00000197d523b794: 0100 00e8 

  0x00000197d523b798: ; ImmutableOopMap {[0]=Oop [8]=Oop }
                      ;*invokeinterface hasNext {reexecute=0 rethrow=0 return_oop=0}
                      ; - java.util.AbstractCollection::addAll@10 (line 335)
  0x00000197d523b798: fc06 9aff | 33ed 6690 | 85c0 0f84 | ce00 0000 | 4c8b 1424 | 458b 5a08 

  0x00000197d523b7b0: ;   {metadata('java/util/LinkedHashSet')}
  0x00000197d523b7b0: 4181 fbc4 | 2c00 200f | 8587 0000 | 004c 8954 | 2410 eb20 | bd01 0000 | 0048 8b54 | 2408 6666 
  0x00000197d523b7d0: 9048 b8b0 | dfda eb97 

  0x00000197d523b7d8: ;   {virtual_call}
  0x00000197d523b7d8: 0100 00e8 

  0x00000197d523b7dc: ; ImmutableOopMap {[0]=Oop [8]=Oop [16]=Oop }
                      ;*invokeinterface hasNext {reexecute=0 rethrow=0 return_oop=0}
                      ; - java.util.AbstractCollection::addAll@10 (line 335)
  0x00000197d523b7dc: b806 9aff | 85c0 742a | 488b 5424 | 0848 b810 | d7da eb97 

  0x00000197d523b7f0: ;   {virtual_call}
  0x00000197d523b7f0: 0100 00e8 

  0x00000197d523b7f4: ; ImmutableOopMap {[0]=Oop [8]=Oop [16]=Oop }
                      ;*invokeinterface next {reexecute=0 rethrow=0 return_oop=1}
                      ; - java.util.AbstractCollection::addAll@19 (line 335)
  0x00000197d523b7f4: 9002 9aff | 488b 5424 | 104c 8bc0 

  0x00000197d523b800: ;   {optimized virtual_call}
  0x00000197d523b800: 6666 90e8 

  0x00000197d523b804: ; ImmutableOopMap {[0]=Oop [8]=Oop [16]=Oop }
                      ;*invokevirtual add {reexecute=0 rethrow=0 return_oop=0}
                      ; - java.util.AbstractCollection::addAll@29 (line 336)
  0x00000197d523b804: 7824 ebff | 85c0 75b8 | ebbb 8bc5 | 4883 c430 

  0x00000197d523b814: ;   {poll_return}
  0x00000197d523b814: 5d49 3ba7 | 5003 0000 | 0f87 8800 | 0000 c3bd | 0100 0000 | 488b 5424 | 0848 b8a0 | 2dad e997 
  0x00000197d523b834: ;   {virtual_call}
  0x00000197d523b834: 0100 00e8 

  0x00000197d523b838: ; ImmutableOopMap {[0]=Oop [8]=Oop }
                      ;*invokeinterface hasNext {reexecute=0 rethrow=0 return_oop=0}
                      ; - java.util.AbstractCollection::addAll@10 (line 335)
  0x00000197d523b838: 5c06 9aff | 0f1f 4000 | 85c0 74ca | 488b 5424 | 0848 b840 | 1bad e997 

  0x00000197d523b850: ;   {virtual_call}
  0x00000197d523b850: 0100 00e8 

  0x00000197d523b854: ; ImmutableOopMap {[0]=Oop [8]=Oop }
                      ;*invokeinterface next {reexecute=0 rethrow=0 return_oop=1}
                      ; - java.util.AbstractCollection::addAll@19 (line 335)
  0x00000197d523b854: 3002 9aff | 488b 1424 | 4c8b c066 | 9048 b860 | 4e07 0001 

  0x00000197d523b868: ;   {virtual_call}
  0x00000197d523b868: 0000 00e8 

  0x00000197d523b86c: ; ImmutableOopMap {[0]=Oop [8]=Oop }
                      ;*invokevirtual add {reexecute=0 rethrow=0 return_oop=0}
                      ; - java.util.AbstractCollection::addAll@29 (line 336)
  0x00000197d523b86c: f023 ebff | 85c0 75af | ebb2 33c0 | eb96 488b | d066 6690 | e91b 0000 | 0048 8bd0 | eb16 eb0c 
  0x00000197d523b88c: 488b d0eb | 0feb 0048 | 8bd0 eb08 | 488b d0eb | 0348 8bd0 | 4883 c430 

  0x00000197d523b8a4: ;   {runtime_call _rethrow_Java}
  0x00000197d523b8a4: 5de9 5649 

  0x00000197d523b8a8: ;   {internal_word}
  0x00000197d523b8a8: 9aff 49ba | 15b8 23d5 | 9701 0000 | 4d89 9768 

  0x00000197d523b8b8: ;   {runtime_call SafepointBlob}
  0x00000197d523b8b8: 0300 00e9 | 40c1 8fff 
[Stub Code]
  0x00000197d523b8c0: ;   {no_reloc}
  0x00000197d523b8c0: 48bb 0000 | 0000 0000 

  0x00000197d523b8c8: ;   {runtime_call}
  0x00000197d523b8c8: 0000 e9fb 

  0x00000197d523b8cc: ;   {runtime_call ExceptionBlob}
  0x00000197d523b8cc: ffff ffe9 | 2ca2 90ff 
[Deopt Handler Code]
  0x00000197d523b8d4: e800 0000 | 0048 832c 

  0x00000197d523b8dc: ;   {runtime_call DeoptimizationBlob}
  0x00000197d523b8dc: 2405 e9bd | b38f fff4 | f4f4 f4f4 
[/MachCode]


---------------  P R O C E S S  ---------------

Threads class SMR info:
_java_thread_list=0x00000197ec83a0f0, length=36, elements={
0x00000197ca0e0a60, 0x00000197e3f5eaa0, 0x00000197e40289b0, 0x00000197e404a290,
0x00000197e404af20, 0x00000197e404ea00, 0x00000197e404f3c0, 0x00000197e4053e80,
0x00000197e405cd50, 0x00000197e405db60, 0x00000197e4186350, 0x00000197e42806f0,
0x00000197ead70540, 0x00000197e97e05a0, 0x00000197e96ed910, 0x00000197ea6673b0,
0x00000197ea667890, 0x00000197e96979c0, 0x00000197e9696070, 0x00000197e9697ed0,
0x00000197e96983e0, 0x00000197e96988f0, 0x00000197e9696fa0, 0x00000197e96974b0,
0x00000197e9698e00, 0x00000197e9699310, 0x00000197e9696580, 0x00000197e9696a90,
0x00000197ed07f6f0, 0x00000197ed07f1e0, 0x00000197ed07e7c0, 0x00000197ed07dda0,
0x00000197ea391970, 0x00000197ea38f440, 0x00000197ed07d380, 0x00000197ed07c450
}

Java Threads: ( => current thread )
  0x00000197ca0e0a60 JavaThread "main" [_thread_blocked, id=18588, stack(0x0000001ff6100000,0x0000001ff6200000)]
  0x00000197e3f5eaa0 JavaThread "Reference Handler" daemon [_thread_blocked, id=19720, stack(0x0000001ff6800000,0x0000001ff6900000)]
  0x00000197e40289b0 JavaThread "Finalizer" daemon [_thread_blocked, id=7996, stack(0x0000001ff6900000,0x0000001ff6a00000)]
  0x00000197e404a290 JavaThread "Signal Dispatcher" daemon [_thread_blocked, id=15352, stack(0x0000001ff6a00000,0x0000001ff6b00000)]
  0x00000197e404af20 JavaThread "Attach Listener" daemon [_thread_blocked, id=472, stack(0x0000001ff6b00000,0x0000001ff6c00000)]
  0x00000197e404ea00 JavaThread "Service Thread" daemon [_thread_blocked, id=5568, stack(0x0000001ff6c00000,0x0000001ff6d00000)]
  0x00000197e404f3c0 JavaThread "Monitor Deflation Thread" daemon [_thread_blocked, id=19356, stack(0x0000001ff6d00000,0x0000001ff6e00000)]
  0x00000197e4053e80 JavaThread "C2 CompilerThread0" daemon [_thread_blocked, id=13300, stack(0x0000001ff6e00000,0x0000001ff6f00000)]
  0x00000197e405cd50 JavaThread "C1 CompilerThread0" daemon [_thread_blocked, id=6252, stack(0x0000001ff6f00000,0x0000001ff7000000)]
  0x00000197e405db60 JavaThread "Sweeper thread" daemon [_thread_blocked, id=17132, stack(0x0000001ff7000000,0x0000001ff7100000)]
  0x00000197e4186350 JavaThread "Common-Cleaner" daemon [_thread_blocked, id=16700, stack(0x0000001ff7100000,0x0000001ff7200000)]
  0x00000197e42806f0 JavaThread "Notification Thread" daemon [_thread_blocked, id=16932, stack(0x0000001ff7200000,0x0000001ff7300000)]
  0x00000197ead70540 JavaThread "Daemon health stats" [_thread_blocked, id=16416, stack(0x0000001ff7d00000,0x0000001ff7e00000)]
  0x00000197e97e05a0 JavaThread "Incoming local TCP Connector on port 63642" [_thread_in_native, id=6408, stack(0x0000001ff7400000,0x0000001ff7500000)]
=>0x00000197e96ed910 JavaThread "Daemon periodic checks" [_thread_in_vm, id=7328, stack(0x0000001ff7500000,0x0000001ff7600000)]
  0x00000197ea6673b0 JavaThread "Daemon" [_thread_blocked, id=20708, stack(0x0000001ff7e00000,0x0000001ff7f00000)]
  0x00000197ea667890 JavaThread "Handler for socket connection from /127.0.0.1:63642 to /127.0.0.1:63643" [_thread_in_native, id=19108, stack(0x0000001ff7f00000,0x0000001ff8000000)]
  0x00000197e96979c0 JavaThread "Cancel handler" [_thread_blocked, id=8992, stack(0x0000001ff8000000,0x0000001ff8100000)]
  0x00000197e9696070 JavaThread "Daemon worker" [_thread_blocked, id=5216, stack(0x0000001ff8100000,0x0000001ff8200000)]
  0x00000197e9697ed0 JavaThread "Asynchronous log dispatcher for DefaultDaemonConnection: socket connection from /127.0.0.1:63642 to /127.0.0.1:63643" [_thread_blocked, id=12816, stack(0x0000001ff8200000,0x0000001ff8300000)]
  0x00000197e96983e0 JavaThread "Stdin handler" [_thread_blocked, id=18068, stack(0x0000001ff8300000,0x0000001ff8400000)]
  0x00000197e96988f0 JavaThread "Daemon client event forwarder" [_thread_blocked, id=15756, stack(0x0000001ff8400000,0x0000001ff8500000)]
  0x00000197e9696fa0 JavaThread "Cache worker for journal cache (C:\Users\limit\.gradle\caches\journal-1)" [_thread_blocked, id=2996, stack(0x0000001ff8600000,0x0000001ff8700000)]
  0x00000197e96974b0 JavaThread "File lock request listener" [_thread_in_native, id=11952, stack(0x0000001ff8700000,0x0000001ff8800000)]
  0x00000197e9698e00 JavaThread "Cache worker for file hash cache (C:\Users\limit\.gradle\caches\8.6\fileHashes)" [_thread_blocked, id=14736, stack(0x0000001ff8800000,0x0000001ff8900000)]
  0x00000197e9699310 JavaThread "File watcher server" daemon [_thread_in_native, id=4896, stack(0x0000001ff8b00000,0x0000001ff8c00000)]
  0x00000197e9696580 JavaThread "File watcher consumer" daemon [_thread_blocked, id=8760, stack(0x0000001ff8c00000,0x0000001ff8d00000)]
  0x00000197e9696a90 JavaThread "Cache worker for checksums cache (C:\Users\limit\AndroidStudioProjects\Register-Mo\.gradle\8.6\checksums)" [_thread_blocked, id=11088, stack(0x0000001ff8900000,0x0000001ff8a00000)]
  0x00000197ed07f6f0 JavaThread "Cache worker for file hash cache (C:\Users\limit\AndroidStudioProjects\Register-Mo\.gradle\8.6\fileHashes)" [_thread_blocked, id=6840, stack(0x0000001ff8a00000,0x0000001ff8b00000)]
  0x00000197ed07f1e0 JavaThread "Cache worker for cache directory md-supplier (C:\Users\limit\.gradle\caches\8.6\md-supplier)" [_thread_blocked, id=20492, stack(0x0000001ff8d00000,0x0000001ff8e00000)]
  0x00000197ed07e7c0 JavaThread "Cache worker for cache directory md-rule (C:\Users\limit\.gradle\caches\8.6\md-rule)" [_thread_blocked, id=8816, stack(0x0000001ff8e00000,0x0000001ff8f00000)]
  0x00000197ed07dda0 JavaThread "Cache worker for file content cache (C:\Users\limit\.gradle\caches\8.6\fileContent)" [_thread_blocked, id=6036, stack(0x0000001ff8f00000,0x0000001ff9000000)]
  0x00000197ea391970 JavaThread "C2 CompilerThread1" daemon [_thread_blocked, id=8424, stack(0x0000001ff9000000,0x0000001ff9100000)]
  0x00000197ea38f440 JavaThread "C2 CompilerThread2" daemon [_thread_blocked, id=21024, stack(0x0000001ff9100000,0x0000001ff9200000)]
  0x00000197ed07d380 JavaThread "jar transforms" [_thread_blocked, id=6492, stack(0x0000001ff9200000,0x0000001ff9300000)]
  0x00000197ed07c450 JavaThread "jar transforms Thread 2" [_thread_blocked, id=13624, stack(0x0000001ff9300000,0x0000001ff9400000)]

Other Threads:
  0x00000197e3f5d000 VMThread "VM Thread" [stack: 0x0000001ff6700000,0x0000001ff6800000] [id=17648] _threads_hazard_ptr=0x00000197ec83a0f0
  0x00000197ca0e18e0 WatcherThread [stack: 0x0000001ff7300000,0x0000001ff7400000] [id=16284]
  0x00000197ca13c880 GCTaskThread "GC Thread#0" [stack: 0x0000001ff6200000,0x0000001ff6300000] [id=20948]
  0x00000197e969c9f0 GCTaskThread "GC Thread#1" [stack: 0x0000001ff7600000,0x0000001ff7700000] [id=17980]
  0x00000197e4699d40 GCTaskThread "GC Thread#2" [stack: 0x0000001ff7700000,0x0000001ff7800000] [id=18404]
  0x00000197e48ca040 GCTaskThread "GC Thread#3" [stack: 0x0000001ff7800000,0x0000001ff7900000] [id=4156]
  0x00000197e48ca6d0 GCTaskThread "GC Thread#4" [stack: 0x0000001ff7900000,0x0000001ff7a00000] [id=15820]
  0x00000197e48c7d50 GCTaskThread "GC Thread#5" [stack: 0x0000001ff7a00000,0x0000001ff7b00000] [id=5504]
  0x00000197e4a21180 GCTaskThread "GC Thread#6" [stack: 0x0000001ff7b00000,0x0000001ff7c00000] [id=2888]
  0x00000197e9435b80 GCTaskThread "GC Thread#7" [stack: 0x0000001ff7c00000,0x0000001ff7d00000] [id=15712]
  0x00000197ca14d7d0 ConcurrentGCThread "G1 Main Marker" [stack: 0x0000001ff6300000,0x0000001ff6400000] [id=4568]
  0x00000197ca14e1f0 ConcurrentGCThread "G1 Conc#0" [stack: 0x0000001ff6400000,0x0000001ff6500000] [id=10024]
  0x00000197ea394280 ConcurrentGCThread "G1 Conc#1" [stack: 0x0000001ff8500000,0x0000001ff8600000] [id=9552]
  0x00000197ca18de90 ConcurrentGCThread "G1 Refine#0" [stack: 0x0000001ff6500000,0x0000001ff6600000] [id=14928]
  0x00000197ca18e8c0 ConcurrentGCThread "G1 Service" [stack: 0x0000001ff6600000,0x0000001ff6700000] [id=6452]

Threads with active compile tasks:
C2 CompilerThread0    15119 3871       4       org.objectweb.asm.Frame::execute (2318 bytes)
C1 CompilerThread0    15119 3944       3       org.gradle.internal.instantiation.generator.AsmBackedClassGenerator::propFieldName (8 bytes)
C2 CompilerThread1    15119 3904       4       jdk.internal.org.objectweb.asm.Frame::execute (2305 bytes)

VM state: synchronizing (normal execution)

VM Mutex/Monitor currently owned by a thread:  ([mutex/lock_event])
[0x00000197ca0dc350] Threads_lock - owner thread: 0x00000197e3f5d000
[0x00000197ca0dc8f0] Heap_lock - owner thread: 0x00000197e9696070

Heap address: 0x0000000080000000, size: 2048 MB, Compressed Oops mode: 32-bit

CDS archive(s) not mapped
Compressed class space mapped at: 0x0000000100000000-0x0000000140000000, reserved size: 1073741824
Narrow klass base: 0x0000000000000000, Narrow klass shift: 3, Narrow klass range: 0x140000000

GC Precious Log:
 CPUs: 8 total, 8 available
 Memory: 24382M
 Large Page Support: Disabled
 NUMA Support: Disabled
 Compressed Oops: Enabled (32-bit)
 Heap Region Size: 1M
 Heap Min Capacity: 8M
 Heap Initial Capacity: 382M
 Heap Max Capacity: 2G
 Pre-touch: Disabled
 Parallel Workers: 8
 Concurrent Workers: 2
 Concurrent Refinement Workers: 8
 Periodic GC: Disabled

Heap:
 garbage-first heap   total 68608K, used 52162K [0x0000000080000000, 0x0000000100000000)
  region size 1024K, 25 young (25600K), 3 survivors (3072K)
 Metaspace       used 44256K, committed 44672K, reserved 1114112K
  class space    used 5970K, committed 6144K, reserved 1048576K

Heap Regions: E=young(eden), S=young(survivor), O=old, HS=humongous(starts), HC=humongous(continues), CS=collection set, F=free, OA=open archive, CA=closed archive, TAMS=top-at-mark-start (previous, next)
|   0|0x0000000080000000, 0x0000000080100000, 0x0000000080100000|100%|HS|  |TAMS 0x0000000080100000, 0x0000000080000000| Complete 
|   1|0x0000000080100000, 0x0000000080200000, 0x0000000080200000|100%|HC|  |TAMS 0x0000000080200000, 0x0000000080100000| Complete 
|   2|0x0000000080200000, 0x0000000080300000, 0x0000000080300000|100%|HC|  |TAMS 0x0000000080300000, 0x0000000080200000| Complete 
|   3|0x0000000080300000, 0x0000000080400000, 0x0000000080400000|100%|HC|  |TAMS 0x0000000080400000, 0x0000000080300000| Complete 
|   4|0x0000000080400000, 0x0000000080500000, 0x0000000080500000|100%| O|  |TAMS 0x0000000080500000, 0x0000000080400000| Untracked 
|   5|0x0000000080500000, 0x0000000080600000, 0x0000000080600000|100%| O|  |TAMS 0x0000000080600000, 0x0000000080500000| Untracked 
|   6|0x0000000080600000, 0x0000000080700000, 0x0000000080700000|100%| O|  |TAMS 0x0000000080700000, 0x0000000080600000| Untracked 
|   7|0x0000000080700000, 0x0000000080800000, 0x0000000080800000|100%| O|  |TAMS 0x0000000080800000, 0x0000000080700000| Untracked 
|   8|0x0000000080800000, 0x0000000080900000, 0x0000000080900000|100%| O|  |TAMS 0x0000000080900000, 0x0000000080800000| Untracked 
|   9|0x0000000080900000, 0x0000000080a00000, 0x0000000080a00000|100%| O|  |TAMS 0x0000000080a00000, 0x0000000080900000| Untracked 
|  10|0x0000000080a00000, 0x0000000080a4e600, 0x0000000080b00000| 30%| O|  |TAMS 0x0000000080a4e600, 0x0000000080a00000| Untracked 
|  11|0x0000000080b00000, 0x0000000080c00000, 0x0000000080c00000|100%| O|  |TAMS 0x0000000080c00000, 0x0000000080b00000| Untracked 
|  12|0x0000000080c00000, 0x0000000080d00000, 0x0000000080d00000|100%| O|  |TAMS 0x0000000080d00000, 0x0000000080c00000| Untracked 
|  13|0x0000000080d00000, 0x0000000080e00000, 0x0000000080e00000|100%| O|  |TAMS 0x0000000080e00000, 0x0000000080d00000| Untracked 
|  14|0x0000000080e00000, 0x0000000080f00000, 0x0000000080f00000|100%| O|  |TAMS 0x0000000080f00000, 0x0000000080e00000| Untracked 
|  15|0x0000000080f00000, 0x0000000081000000, 0x0000000081000000|100%| O|  |TAMS 0x0000000081000000, 0x0000000080f00000| Untracked 
|  16|0x0000000081000000, 0x0000000081100000, 0x0000000081100000|100%| O|  |TAMS 0x0000000081100000, 0x0000000081000000| Untracked 
|  17|0x0000000081100000, 0x0000000081200000, 0x0000000081200000|100%| O|  |TAMS 0x0000000081200000, 0x0000000081100000| Untracked 
|  18|0x0000000081200000, 0x0000000081300000, 0x0000000081300000|100%| O|  |TAMS 0x0000000081300000, 0x0000000081200000| Untracked 
|  19|0x0000000081300000, 0x0000000081400000, 0x0000000081400000|100%| O|  |TAMS 0x0000000081400000, 0x0000000081300000| Untracked 
|  20|0x0000000081400000, 0x0000000081500000, 0x0000000081500000|100%| O|  |TAMS 0x00000000814a1e00, 0x0000000081400000| Untracked 
|  21|0x0000000081500000, 0x0000000081600000, 0x0000000081600000|100%| O|  |TAMS 0x0000000081500000, 0x0000000081500000| Untracked 
|  22|0x0000000081600000, 0x0000000081700000, 0x0000000081700000|100%| O|  |TAMS 0x0000000081600000, 0x0000000081600000| Untracked 
|  23|0x0000000081700000, 0x0000000081800000, 0x0000000081800000|100%| O|  |TAMS 0x0000000081700000, 0x0000000081700000| Untracked 
|  24|0x0000000081800000, 0x0000000081900000, 0x0000000081900000|100%| O|  |TAMS 0x0000000081800000, 0x0000000081800000| Untracked 
|  25|0x0000000081900000, 0x0000000081a00000, 0x0000000081a00000|100%| O|  |TAMS 0x0000000081900000, 0x0000000081900000| Untracked 
|  26|0x0000000081a00000, 0x0000000081b00000, 0x0000000081b00000|100%| O|  |TAMS 0x0000000081a00000, 0x0000000081a00000| Untracked 
|  27|0x0000000081b00000, 0x0000000081b8c800, 0x0000000081c00000| 54%| O|  |TAMS 0x0000000081b00000, 0x0000000081b00000| Untracked 
|  28|0x0000000081c00000, 0x0000000081c00000, 0x0000000081d00000|  0%| F|  |TAMS 0x0000000081c00000, 0x0000000081c00000| Untracked 
|  29|0x0000000081d00000, 0x0000000081d00000, 0x0000000081e00000|  0%| F|  |TAMS 0x0000000081d00000, 0x0000000081d00000| Untracked 
|  30|0x0000000081e00000, 0x0000000081e00000, 0x0000000081f00000|  0%| F|  |TAMS 0x0000000081e00000, 0x0000000081e00000| Untracked 
|  31|0x0000000081f00000, 0x0000000081f00000, 0x0000000082000000|  0%| F|  |TAMS 0x0000000081f00000, 0x0000000081f00000| Untracked 
|  32|0x0000000082000000, 0x0000000082000000, 0x0000000082100000|  0%| F|  |TAMS 0x0000000082000000, 0x0000000082000000| Untracked 
|  33|0x0000000082100000, 0x0000000082100000, 0x0000000082200000|  0%| F|  |TAMS 0x0000000082100000, 0x0000000082100000| Untracked 
|  34|0x0000000082200000, 0x0000000082200000, 0x0000000082300000|  0%| F|  |TAMS 0x0000000082200000, 0x0000000082200000| Untracked 
|  35|0x0000000082300000, 0x0000000082300000, 0x0000000082400000|  0%| F|  |TAMS 0x0000000082300000, 0x0000000082300000| Untracked 
|  36|0x0000000082400000, 0x0000000082400000, 0x0000000082500000|  0%| F|  |TAMS 0x0000000082400000, 0x0000000082400000| Untracked 
|  37|0x0000000082500000, 0x0000000082500000, 0x0000000082600000|  0%| F|  |TAMS 0x0000000082500000, 0x0000000082500000| Untracked 
|  38|0x0000000082600000, 0x0000000082600000, 0x0000000082700000|  0%| F|  |TAMS 0x0000000082600000, 0x0000000082600000| Untracked 
|  39|0x0000000082700000, 0x0000000082700000, 0x0000000082800000|  0%| F|  |TAMS 0x0000000082700000, 0x0000000082700000| Untracked 
|  40|0x0000000082800000, 0x0000000082815d98, 0x0000000082900000|  8%| S|CS|TAMS 0x0000000082800000, 0x0000000082800000| Complete 
|  41|0x0000000082900000, 0x0000000082a00000, 0x0000000082a00000|100%| S|CS|TAMS 0x0000000082900000, 0x0000000082900000| Complete 
|  42|0x0000000082a00000, 0x0000000082b00000, 0x0000000082b00000|100%| S|CS|TAMS 0x0000000082a00000, 0x0000000082a00000| Complete 
|  43|0x0000000082b00000, 0x0000000082b00000, 0x0000000082c00000|  0%| F|  |TAMS 0x0000000082b00000, 0x0000000082b00000| Untracked 
|  44|0x0000000082c00000, 0x0000000082c00000, 0x0000000082d00000|  0%| F|  |TAMS 0x0000000082c00000, 0x0000000082c00000| Untracked 
|  45|0x0000000082d00000, 0x0000000082e00000, 0x0000000082e00000|100%| E|CS|TAMS 0x0000000082d00000, 0x0000000082d00000| Complete 
|  46|0x0000000082e00000, 0x0000000082f00000, 0x0000000082f00000|100%| E|CS|TAMS 0x0000000082e00000, 0x0000000082e00000| Complete 
|  47|0x0000000082f00000, 0x0000000083000000, 0x0000000083000000|100%| E|CS|TAMS 0x0000000082f00000, 0x0000000082f00000| Complete 
|  48|0x0000000083000000, 0x0000000083100000, 0x0000000083100000|100%| E|CS|TAMS 0x0000000083000000, 0x0000000083000000| Complete 
|  49|0x0000000083100000, 0x0000000083200000, 0x0000000083200000|100%| E|CS|TAMS 0x0000000083100000, 0x0000000083100000| Complete 
|  50|0x0000000083200000, 0x0000000083300000, 0x0000000083300000|100%| E|CS|TAMS 0x0000000083200000, 0x0000000083200000| Complete 
|  51|0x0000000083300000, 0x0000000083400000, 0x0000000083400000|100%| E|CS|TAMS 0x0000000083300000, 0x0000000083300000| Complete 
|  52|0x0000000083400000, 0x0000000083500000, 0x0000000083500000|100%| E|CS|TAMS 0x0000000083400000, 0x0000000083400000| Complete 
|  53|0x0000000083500000, 0x0000000083600000, 0x0000000083600000|100%| E|CS|TAMS 0x0000000083500000, 0x0000000083500000| Complete 
|  54|0x0000000083600000, 0x0000000083700000, 0x0000000083700000|100%| E|CS|TAMS 0x0000000083600000, 0x0000000083600000| Complete 
|  55|0x0000000083700000, 0x0000000083800000, 0x0000000083800000|100%| E|CS|TAMS 0x0000000083700000, 0x0000000083700000| Complete 
|  56|0x0000000083800000, 0x0000000083900000, 0x0000000083900000|100%| E|CS|TAMS 0x0000000083800000, 0x0000000083800000| Complete 
|  57|0x0000000083900000, 0x0000000083a00000, 0x0000000083a00000|100%| E|CS|TAMS 0x0000000083900000, 0x0000000083900000| Complete 
| 323|0x0000000094300000, 0x0000000094400000, 0x0000000094400000|100%| E|CS|TAMS 0x0000000094300000, 0x0000000094300000| Complete 
| 324|0x0000000094400000, 0x0000000094500000, 0x0000000094500000|100%| E|CS|TAMS 0x0000000094400000, 0x0000000094400000| Complete 
| 325|0x0000000094500000, 0x0000000094600000, 0x0000000094600000|100%| E|CS|TAMS 0x0000000094500000, 0x0000000094500000| Complete 
| 326|0x0000000094600000, 0x0000000094700000, 0x0000000094700000|100%| E|CS|TAMS 0x0000000094600000, 0x0000000094600000| Complete 
| 327|0x0000000094700000, 0x0000000094800000, 0x0000000094800000|100%| E|CS|TAMS 0x0000000094700000, 0x0000000094700000| Complete 
| 328|0x0000000094800000, 0x0000000094900000, 0x0000000094900000|100%| E|CS|TAMS 0x0000000094800000, 0x0000000094800000| Complete 
| 329|0x0000000094900000, 0x0000000094a00000, 0x0000000094a00000|100%| E|CS|TAMS 0x0000000094900000, 0x0000000094900000| Complete 
| 330|0x0000000094a00000, 0x0000000094b00000, 0x0000000094b00000|100%| E|CS|TAMS 0x0000000094a00000, 0x0000000094a00000| Complete 
| 381|0x0000000097d00000, 0x0000000097e00000, 0x0000000097e00000|100%| E|CS|TAMS 0x0000000097d00000, 0x0000000097d00000| Complete 

Card table byte_map: [0x00000197dcce0000,0x00000197dd0e0000] _byte_map_base: 0x00000197dc8e0000

Marking Bits (Prev, Next): (CMBitMap*) 0x00000197ca13cea0, (CMBitMap*) 0x00000197ca13cee0
 Prev Bits: [0x00000197dd4e0000, 0x00000197df4e0000)
 Next Bits: [0x00000197df4e0000, 0x00000197e14e0000)

Polling page: 0x00000197c8080000

Metaspace:

Usage:
  Non-class:     37.39 MB used.
      Class:      5.83 MB used.
       Both:     43.22 MB used.

Virtual space:
  Non-class space:       64.00 MB reserved,      37.62 MB ( 59%) committed,  1 nodes.
      Class space:        1.00 GB reserved,       6.00 MB ( <1%) committed,  1 nodes.
             Both:        1.06 GB reserved,      43.62 MB (  4%) committed. 

Chunk freelists:
   Non-Class:  10.14 MB
       Class:  9.97 MB
        Both:  20.11 MB

MaxMetaspaceSize: unlimited
CompressedClassSpaceSize: 1.00 GB
Initial GC threshold: 21.00 MB
Current GC threshold: 58.75 MB
CDS: off
MetaspaceReclaimPolicy: balanced
 - commit_granule_bytes: 65536.
 - commit_granule_words: 8192.
 - virtual_space_node_default_size: 8388608.
 - enlarge_chunks_in_place: 1.
 - new_chunks_are_fully_committed: 0.
 - uncommit_free_chunks: 1.
 - use_allocation_guard: 0.
 - handle_deallocations: 1.


Internal statistics:

num_allocs_failed_limit: 6.
num_arena_births: 456.
num_arena_deaths: 0.
num_vsnodes_births: 2.
num_vsnodes_deaths: 0.
num_space_committed: 698.
num_space_uncommitted: 0.
num_chunks_returned_to_freelist: 6.
num_chunks_taken_from_freelist: 1768.
num_chunk_merges: 3.
num_chunk_splits: 1162.
num_chunks_enlarged: 816.
num_inconsistent_stats: 0.

CodeHeap 'non-profiled nmethods': size=120000Kb used=2427Kb max_used=2427Kb free=117572Kb
 bounds [0x00000197d5080000, 0x00000197d52f0000, 0x00000197dc5b0000]
CodeHeap 'profiled nmethods': size=120000Kb used=7997Kb max_used=7997Kb free=112002Kb
 bounds [0x00000197cd5b0000, 0x00000197cdd80000, 0x00000197d4ae0000]
CodeHeap 'non-nmethods': size=5760Kb used=1597Kb max_used=1678Kb free=4162Kb
 bounds [0x00000197d4ae0000, 0x00000197d4d50000, 0x00000197d5080000]
 total_blobs=4591 nmethods=3929 adapters=574
 compilation: enabled
              stopped_count=0, restarted_count=0
 full_count=0

Compilation events (20 events):
Event: 14.704 Thread 0x00000197e405cd50 nmethod 3913 0x00000197d52dab90 code [0x00000197d52dad20, 0x00000197d52dadf8]
Event: 14.708 Thread 0x00000197e405cd50 3915       3       org.gradle.model.internal.asm.MethodVisitorScope::_PUTFIELD (11 bytes)
Event: 14.708 Thread 0x00000197e405cd50 nmethod 3915 0x00000197cdd66310 code [0x00000197cdd664a0, 0x00000197cdd665e8]
Event: 14.709 Thread 0x00000197e405cd50 3916       3       org.gradle.model.internal.asm.MethodVisitorScope::_PUTFIELD (11 bytes)
Event: 14.709 Thread 0x00000197e405cd50 nmethod 3916 0x00000197cdd66690 code [0x00000197cdd66840, 0x00000197cdd66ad8]
Event: 14.709 Thread 0x00000197e405cd50 3917       3       org.gradle.model.internal.asm.MethodVisitorScope::_RETURN (8 bytes)
Event: 14.710 Thread 0x00000197e405cd50 nmethod 3917 0x00000197cdd66c10 code [0x00000197cdd66dc0, 0x00000197cdd67028]
Event: 14.713 Thread 0x00000197e405cd50 3918       2       sun.instrument.InstrumentationImpl::transform (73 bytes)
Event: 14.714 Thread 0x00000197e405cd50 nmethod 3918 0x00000197cdd67110 code [0x00000197cdd672c0, 0x00000197cdd67488]
Event: 14.722 Thread 0x00000197e405cd50 3919       3       java.lang.reflect.ProxyGenerator::checkReturnTypes (281 bytes)
Event: 14.726 Thread 0x00000197e405cd50 nmethod 3919 0x00000197cdd67590 code [0x00000197cdd67aa0, 0x00000197cdd6a178]
Event: 14.726 Thread 0x00000197e405cd50 3920       3       java.lang.reflect.ProxyGenerator$ProxyMethod::generateMethod (548 bytes)
Event: 14.731 Thread 0x00000197e405cd50 nmethod 3920 0x00000197cdd6ae90 code [0x00000197cdd6b420, 0x00000197cdd6e498]
Event: 14.731 Thread 0x00000197e405cd50 3921   !   3       java.util.stream.ReferencePipeline$7$1::accept (127 bytes)
Event: 14.734 Thread 0x00000197e405cd50 nmethod 3921 0x00000197cdd6f410 code [0x00000197cdd6f6a0, 0x00000197cdd70598]
Event: 14.734 Thread 0x00000197e405cd50 3922       3       java.util.stream.AbstractPipeline::sequential (10 bytes)
Event: 14.734 Thread 0x00000197e405cd50 nmethod 3922 0x00000197cdd70c10 code [0x00000197cdd70da0, 0x00000197cdd70eb8]
Event: 14.750 Thread 0x00000197ea38f440 nmethod 3911 0x00000197d52dae90 code [0x00000197d52db0e0, 0x00000197d52dce90]
Event: 14.751 Thread 0x00000197ea38f440 3914       4       java.util.HashMap::<init> (98 bytes)
Event: 14.753 Thread 0x00000197ea38f440 nmethod 3914 0x00000197d52de110 code [0x00000197d52de280, 0x00000197d52de3f8]

GC Heap History (18 events):
Event: 1.705 GC heap before
{Heap before GC invocations=0 (full 0):
 garbage-first heap   total 391168K, used 26624K [0x0000000080000000, 0x0000000100000000)
  region size 1024K, 23 young (23552K), 0 survivors (0K)
 Metaspace       used 10474K, committed 10624K, reserved 1114112K
  class space    used 1090K, committed 1152K, reserved 1048576K
}
Event: 1.724 GC heap after
{Heap after GC invocations=1 (full 0):
 garbage-first heap   total 391168K, used 10292K [0x0000000080000000, 0x0000000100000000)
  region size 1024K, 3 young (3072K), 3 survivors (3072K)
 Metaspace       used 10474K, committed 10624K, reserved 1114112K
  class space    used 1090K, committed 1152K, reserved 1048576K
}
Event: 2.782 GC heap before
{Heap before GC invocations=1 (full 0):
 garbage-first heap   total 391168K, used 37940K [0x0000000080000000, 0x0000000100000000)
  region size 1024K, 30 young (30720K), 3 survivors (3072K)
 Metaspace       used 11423K, committed 11584K, reserved 1114112K
  class space    used 1196K, committed 1280K, reserved 1048576K
}
Event: 2.792 GC heap after
{Heap after GC invocations=2 (full 0):
 garbage-first heap   total 391168K, used 11335K [0x0000000080000000, 0x0000000100000000)
  region size 1024K, 1 young (1024K), 1 survivors (1024K)
 Metaspace       used 11423K, committed 11584K, reserved 1114112K
  class space    used 1196K, committed 1280K, reserved 1048576K
}
Event: 5.727 GC heap before
{Heap before GC invocations=2 (full 0):
 garbage-first heap   total 391168K, used 62535K [0x0000000080000000, 0x0000000100000000)
  region size 1024K, 51 young (52224K), 1 survivors (1024K)
 Metaspace       used 21318K, committed 21504K, reserved 1114112K
  class space    used 2509K, committed 2624K, reserved 1048576K
}
Event: 5.737 GC heap after
{Heap after GC invocations=3 (full 0):
 garbage-first heap   total 391168K, used 18745K [0x0000000080000000, 0x0000000100000000)
  region size 1024K, 8 young (8192K), 8 survivors (8192K)
 Metaspace       used 21318K, committed 21504K, reserved 1114112K
  class space    used 2509K, committed 2624K, reserved 1048576K
}
Event: 7.496 GC heap before
{Heap before GC invocations=4 (full 0):
 garbage-first heap   total 68608K, used 50489K [0x0000000080000000, 0x0000000100000000)
  region size 1024K, 40 young (40960K), 8 survivors (8192K)
 Metaspace       used 26264K, committed 26496K, reserved 1114112K
  class space    used 3374K, committed 3456K, reserved 1048576K
}
Event: 7.524 GC heap after
{Heap after GC invocations=5 (full 0):
 garbage-first heap   total 68608K, used 20891K [0x0000000080000000, 0x0000000100000000)
  region size 1024K, 3 young (3072K), 3 survivors (3072K)
 Metaspace       used 26264K, committed 26496K, reserved 1114112K
  class space    used 3374K, committed 3456K, reserved 1048576K
}
Event: 9.091 GC heap before
{Heap before GC invocations=5 (full 0):
 garbage-first heap   total 68608K, used 48539K [0x0000000080000000, 0x0000000100000000)
  region size 1024K, 30 young (30720K), 3 survivors (3072K)
 Metaspace       used 30034K, committed 30336K, reserved 1114112K
  class space    used 4011K, committed 4096K, reserved 1048576K
}
Event: 9.097 GC heap after
{Heap after GC invocations=6 (full 0):
 garbage-first heap   total 68608K, used 22210K [0x0000000080000000, 0x0000000100000000)
  region size 1024K, 4 young (4096K), 4 survivors (4096K)
 Metaspace       used 30034K, committed 30336K, reserved 1114112K
  class space    used 4011K, committed 4096K, reserved 1048576K
}
Event: 10.841 GC heap before
{Heap before GC invocations=6 (full 0):
 garbage-first heap   total 68608K, used 49858K [0x0000000080000000, 0x0000000100000000)
  region size 1024K, 31 young (31744K), 4 survivors (4096K)
 Metaspace       used 33507K, committed 33792K, reserved 1114112K
  class space    used 4574K, committed 4736K, reserved 1048576K
}
Event: 10.848 GC heap after
{Heap after GC invocations=7 (full 0):
 garbage-first heap   total 68608K, used 23370K [0x0000000080000000, 0x0000000100000000)
  region size 1024K, 3 young (3072K), 3 survivors (3072K)
 Metaspace       used 33507K, committed 33792K, reserved 1114112K
  class space    used 4574K, committed 4736K, reserved 1048576K
}
Event: 11.727 GC heap before
{Heap before GC invocations=7 (full 0):
 garbage-first heap   total 68608K, used 33610K [0x0000000080000000, 0x0000000100000000)
  region size 1024K, 15 young (15360K), 3 survivors (3072K)
 Metaspace       used 35661K, committed 35968K, reserved 1114112K
  class space    used 4880K, committed 5056K, reserved 1048576K
}
Event: 11.734 GC heap after
{Heap after GC invocations=8 (full 0):
 garbage-first heap   total 68608K, used 24058K [0x0000000080000000, 0x0000000100000000)
  region size 1024K, 2 young (2048K), 2 survivors (2048K)
 Metaspace       used 35661K, committed 35968K, reserved 1114112K
  class space    used 4880K, committed 5056K, reserved 1048576K
}
Event: 13.026 GC heap before
{Heap before GC invocations=9 (full 0):
 garbage-first heap   total 68608K, used 50682K [0x0000000080000000, 0x0000000100000000)
  region size 1024K, 29 young (29696K), 2 survivors (2048K)
 Metaspace       used 40803K, committed 41152K, reserved 1114112K
  class space    used 5418K, committed 5568K, reserved 1048576K
}
Event: 13.038 GC heap after
{Heap after GC invocations=10 (full 0):
 garbage-first heap   total 68608K, used 27486K [0x0000000080000000, 0x0000000100000000)
  region size 1024K, 4 young (4096K), 4 survivors (4096K)
 Metaspace       used 40803K, committed 41152K, reserved 1114112K
  class space    used 5418K, committed 5568K, reserved 1048576K
}
Event: 13.624 GC heap before
{Heap before GC invocations=10 (full 0):
 garbage-first heap   total 68608K, used 52062K [0x0000000080000000, 0x0000000100000000)
  region size 1024K, 28 young (28672K), 4 survivors (4096K)
 Metaspace       used 41895K, committed 42304K, reserved 1114112K
  class space    used 5595K, committed 5760K, reserved 1048576K
}
Event: 13.636 GC heap after
{Heap after GC invocations=11 (full 0):
 garbage-first heap   total 68608K, used 29634K [0x0000000080000000, 0x0000000100000000)
  region size 1024K, 3 young (3072K), 3 survivors (3072K)
 Metaspace       used 41895K, committed 42304K, reserved 1114112K
  class space    used 5595K, committed 5760K, reserved 1048576K
}

Dll operation events (3 events):
Event: 0.020 Loaded shared library C:\Program Files\Android\Android Studio\jbr\bin\java.dll
Event: 0.366 Loaded shared library C:\Program Files\Android\Android Studio\jbr\bin\zip.dll
Event: 0.996 Loaded shared library C:\Program Files\Android\Android Studio\jbr\bin\verify.dll

Deoptimization events (20 events):
Event: 14.374 Thread 0x00000197e9696070 Uncommon trap: trap_request=0xffffffde fr.pc=0x00000197d52809d0 relative=0x0000000000000530
Event: 14.374 Thread 0x00000197e9696070 Uncommon trap: reason=class_check action=maybe_recompile pc=0x00000197d52809d0 method=jdk.internal.loader.URLClassPath.getResource(Ljava/lang/String;Z)Ljdk/internal/loader/Resource; @ 53 c2
Event: 14.374 Thread 0x00000197e9696070 DEOPT PACKING pc=0x00000197d52809d0 sp=0x0000001ff81f9a50
Event: 14.374 Thread 0x00000197e9696070 DEOPT UNPACKING pc=0x00000197d4b369a3 sp=0x0000001ff81f9a10 mode 2
Event: 14.374 Thread 0x00000197e9696070 Uncommon trap: trap_request=0xffffff45 fr.pc=0x00000197d51f213c relative=0x0000000000003b9c
Event: 14.374 Thread 0x00000197e9696070 Uncommon trap: reason=unstable_if action=reinterpret pc=0x00000197d51f213c method=java.lang.String.regionMatches(ZILjava/lang/String;II)Z @ 36 c2
Event: 14.374 Thread 0x00000197e9696070 DEOPT PACKING pc=0x00000197d51f213c sp=0x0000001ff81f98a0
Event: 14.374 Thread 0x00000197e9696070 DEOPT UNPACKING pc=0x00000197d4b369a3 sp=0x0000001ff81f97c0 mode 2
Event: 14.375 Thread 0x00000197e9696070 Uncommon trap: trap_request=0xffffffde fr.pc=0x00000197d52c2e18 relative=0x0000000000005818
Event: 14.375 Thread 0x00000197e9696070 Uncommon trap: reason=class_check action=maybe_recompile pc=0x00000197d52c2e18 method=java.net.URLClassLoader.defineClass(Ljava/lang/String;Ljdk/internal/loader/Resource;)Ljava/lang/Class; @ 13 c2
Event: 14.375 Thread 0x00000197e9696070 DEOPT PACKING pc=0x00000197d52c2e18 sp=0x0000001ff81f9ae0
Event: 14.375 Thread 0x00000197e9696070 DEOPT UNPACKING pc=0x00000197d4b369a3 sp=0x0000001ff81f98d8 mode 2
Event: 14.376 Thread 0x00000197e9696070 Uncommon trap: trap_request=0xffffff76 fr.pc=0x00000197d52915ac relative=0x000000000000020c
Event: 14.376 Thread 0x00000197e9696070 Uncommon trap: reason=predicate action=maybe_recompile pc=0x00000197d52915ac method=sun.instrument.TransformerManager.transform(Ljava/lang/Module;Ljava/lang/ClassLoader;Ljava/lang/String;Ljava/lang/Class;Ljava/security/ProtectionDomain;[B)[B @ 21 c2
Event: 14.376 Thread 0x00000197e9696070 DEOPT PACKING pc=0x00000197d52915ac sp=0x0000001ff81f82d0
Event: 14.377 Thread 0x00000197e9696070 DEOPT UNPACKING pc=0x00000197d4b369a3 sp=0x0000001ff81f81e0 mode 2
Event: 14.383 Thread 0x00000197e9696070 Uncommon trap: trap_request=0xffffff45 fr.pc=0x00000197d51ed8dc relative=0x000000000000079c
Event: 14.383 Thread 0x00000197e9696070 Uncommon trap: reason=unstable_if action=reinterpret pc=0x00000197d51ed8dc method=java.lang.Class.getPackageName()Ljava/lang/String; @ 55 c2
Event: 14.383 Thread 0x00000197e9696070 DEOPT PACKING pc=0x00000197d51ed8dc sp=0x0000001ff81f96a0
Event: 14.383 Thread 0x00000197e9696070 DEOPT UNPACKING pc=0x00000197d4b369a3 sp=0x0000001ff81f9660 mode 2

Classes unloaded (0 events):
No events

Classes redefined (0 events):
No events

Internal exceptions (20 events):
Event: 13.372 Thread 0x00000197e9696070 Exception <a 'java/lang/NoSuchMethodError'{0x00000000835d7618}: 'java.lang.Object java.lang.invoke.DirectMethodHandle$Holder.invokeStatic(java.lang.Object, java.lang.Object, java.lang.Object, java.lang.Object, java.lang.Object, java.lang.Object, java.lang.Object, java.lang.Object, java.lang.Object, java.lang.Object, java.lang.Object, java.lang.Object, java.lang.Object, java.lang.Object, java.lang.Object, java.lang.Object, java.lang.Object, java.lang.Object, java.lang.Object)'> (0x00000000835d7618) 
thrown 
Event: 13.381 Thread 0x00000197e9696070 Exception <a 'java/lang/NoSuchMethodError'{0x0000000083403b58}: 'java.lang.Object java.lang.invoke.DirectMethodHandle$Holder.invokeStatic(java.lang.Object, java.lang.Object, java.lang.Object, java.lang.Object, java.lang.Object, java.lang.Object, java.lang.Object, java.lang.Object, java.lang.Object, java.lang.Object, java.lang.Object, java.lang.Object, java.lang.Object, java.lang.Object, java.lang.Object, java.lang.Object, java.lang.Object, java.lang.Object, java.lang.Object, java.lang.Object)'> (0x00000000
Event: 13.391 Thread 0x00000197e9696070 Exception <a 'java/lang/NoSuchMethodError'{0x000000008342fc90}: 'java.lang.Object java.lang.invoke.DirectMethodHandle$Holder.invokeStatic(java.lang.Object, java.lang.Object, java.lang.Object, java.lang.Object, java.lang.Object, java.lang.Object, java.lang.Object, java.lang.Object, java.lang.Object, java.lang.Object, java.lang.Object, java.lang.Object, java.lang.Object, java.lang.Object, java.lang.Object, java.lang.Object, java.lang.Object, java.lang.Object, java.lang.Object, java.lang.Object, java.lang.Obj
Event: 13.405 Thread 0x00000197e9696070 Exception <a 'java/lang/NoSuchMethodError'{0x000000008345cef8}: 'java.lang.Object java.lang.invoke.DirectMethodHandle$Holder.invokeStatic(java.lang.Object, java.lang.Object, java.lang.Object, java.lang.Object, java.lang.Object, java.lang.Object, java.lang.Object, java.lang.Object, java.lang.Object, java.lang.Object, java.lang.Object, java.lang.Object, java.lang.Object, java.lang.Object, java.lang.Object, java.lang.Object, java.lang.Object, java.lang.Object, java.lang.Object, java.lang.Object, java.lang.Obj
Event: 13.416 Thread 0x00000197e9696070 Exception <a 'java/lang/NoSuchMethodError'{0x0000000083492010}: 'java.lang.Object java.lang.invoke.DirectMethodHandle$Holder.invokeStatic(java.lang.Object, java.lang.Object, java.lang.Object, java.lang.Object, java.lang.Object, java.lang.Object, java.lang.Object, java.lang.Object, java.lang.Object, java.lang.Object, java.lang.Object, java.lang.Object, java.lang.Object, java.lang.Object, java.lang.Object, java.lang.Object, java.lang.Object, java.lang.Object, java.lang.Object, java.lang.Object, java.lang.Obj
Event: 13.431 Thread 0x00000197e9696070 Exception <a 'java/lang/NoSuchMethodError'{0x00000000834c18e8}: 'java.lang.Object java.lang.invoke.DirectMethodHandle$Holder.invokeStatic(java.lang.Object, java.lang.Object, java.lang.Object, java.lang.Object, java.lang.Object, java.lang.Object, java.lang.Object, java.lang.Object, java.lang.Object, java.lang.Object, java.lang.Object, java.lang.Object, java.lang.Object, java.lang.Object, java.lang.Object, java.lang.Object, java.lang.Object, java.lang.Object, java.lang.Object, java.lang.Object, java.lang.Obj
Event: 13.449 Thread 0x00000197e9696070 Exception <a 'java/lang/NoSuchMethodError'{0x00000000834f2ef8}: 'java.lang.Object java.lang.invoke.DirectMethodHandle$Holder.invokeStatic(java.lang.Object, java.lang.Object, java.lang.Object, java.lang.Object, java.lang.Object, java.lang.Object, java.lang.Object, java.lang.Object, java.lang.Object, java.lang.Object, java.lang.Object, java.lang.Object, java.lang.Object, java.lang.Object, java.lang.Object, java.lang.Object, java.lang.Object, java.lang.Object, java.lang.Object, java.lang.Object, java.lang.Obj
Event: 13.831 Thread 0x00000197e9696070 Exception <a 'java/lang/IncompatibleClassChangeError'{0x00000000945b5240}: Found class java.lang.Object, but interface was expected> (0x00000000945b5240) 
thrown [s\src\hotspot\share\interpreter\linkResolver.cpp, line 838]
Event: 13.874 Thread 0x00000197e9696070 Exception <a 'java/lang/NoSuchMethodError'{0x0000000094470f38}: 'java.lang.Object java.lang.invoke.DirectMethodHandle$Holder.newInvokeSpecial(java.lang.Object, java.lang.Object, long)'> (0x0000000094470f38) 
thrown [s\src\hotspot\share\interpreter\linkResolver.cpp, line 771]
Event: 13.875 Thread 0x00000197e9696070 Exception <a 'java/lang/NoSuchMethodError'{0x00000000944757f0}: 'java.lang.Object java.lang.invoke.Invokers$Holder.linkToTargetMethod(java.lang.Object, long, java.lang.Object)'> (0x00000000944757f0) 
thrown [s\src\hotspot\share\interpreter\linkResolver.cpp, line 771]
Event: 13.989 Thread 0x00000197e9696070 Exception <a 'java/lang/NoSuchMethodError'{0x00000000839117c0}: 'int java.lang.invoke.DirectMethodHandle$Holder.invokeInterface(java.lang.Object, java.lang.Object)'> (0x00000000839117c0) 
thrown [s\src\hotspot\share\interpreter\linkResolver.cpp, line 771]
Event: 14.243 Thread 0x00000197e9696070 Exception <a 'java/lang/NoSuchMethodError'{0x000000008368f5a8}: 'java.lang.Object java.lang.invoke.DirectMethodHandle$Holder.invokeVirtual(java.lang.Object, java.lang.Object, int)'> (0x000000008368f5a8) 
thrown [s\src\hotspot\share\interpreter\linkResolver.cpp, line 771]
Event: 14.289 Thread 0x00000197e9696070 Exception <a 'java/lang/NoSuchMethodError'{0x0000000083587c70}: 'java.lang.Object java.lang.invoke.DirectMethodHandle$Holder.invokeStatic(java.lang.Object, java.lang.Object, int, java.lang.Object)'> (0x0000000083587c70) 
thrown [s\src\hotspot\share\interpreter\linkResolver.cpp, line 771]
Event: 14.291 Thread 0x00000197e9696070 Exception <a 'java/lang/NoSuchMethodError'{0x000000008358fa10}: 'java.lang.Object java.lang.invoke.DirectMethodHandle$Holder.newInvokeSpecial(java.lang.Object, java.lang.Object, int, java.lang.Object)'> (0x000000008358fa10) 
thrown [s\src\hotspot\share\interpreter\linkResolver.cpp, line 771]
Event: 14.292 Thread 0x00000197e9696070 Exception <a 'java/lang/NoSuchMethodError'{0x00000000835945a0}: 'java.lang.Object java.lang.invoke.DirectMethodHandle$Holder.invokeSpecial(java.lang.Object, java.lang.Object, java.lang.Object, int, java.lang.Object)'> (0x00000000835945a0) 
thrown [s\src\hotspot\share\interpreter\linkResolver.cpp, line 771]
Event: 14.331 Thread 0x00000197e9696070 Exception <a 'java/lang/NoSuchMethodError'{0x0000000083489490}: 'void java.lang.invoke.DirectMethodHandle$Holder.invokeStatic(java.lang.Object, java.lang.Object, java.lang.Object, java.lang.Object, java.lang.Object, java.lang.Object)'> (0x0000000083489490) 
thrown [s\src\hotspot\share\interpreter\linkResolver.cpp, line 771]
Event: 14.421 Thread 0x00000197e9696070 Exception <a 'java/lang/NoSuchMethodError'{0x00000000832c9d98}: 'java.lang.Object java.lang.invoke.DirectMethodHandle$Holder.newInvokeSpecial(java.lang.Object, java.lang.Object, java.lang.Object, java.lang.Object, int)'> (0x00000000832c9d98) 
thrown [s\src\hotspot\share\interpreter\linkResolver.cpp, line 771]
Event: 14.422 Thread 0x00000197e9696070 Exception <a 'java/lang/NoSuchMethodError'{0x00000000832cf350}: 'java.lang.Object java.lang.invoke.DirectMethodHandle$Holder.invokeSpecial(java.lang.Object, java.lang.Object, java.lang.Object, java.lang.Object, java.lang.Object, int)'> (0x00000000832cf350) 
thrown [s\src\hotspot\share\interpreter\linkResolver.cpp, line 771]
Event: 14.423 Thread 0x00000197e9696070 Exception <a 'java/lang/NoSuchMethodError'{0x00000000832d3d80}: 'java.lang.Object java.lang.invoke.Invokers$Holder.linkToTargetMethod(java.lang.Object, java.lang.Object, java.lang.Object, int, java.lang.Object)'> (0x00000000832d3d80) 
thrown [s\src\hotspot\share\interpreter\linkResolver.cpp, line 771]
Event: 14.562 Thread 0x00000197e9696070 Exception <a 'java/lang/NoSuchMethodError'{0x00000000830a8d18}: 'int java.lang.invoke.DirectMethodHandle$Holder.invokeInterface(java.lang.Object, java.lang.Object, java.lang.Object, java.lang.Object)'> (0x00000000830a8d18) 
thrown [s\src\hotspot\share\interpreter\linkResolver.cpp, line 771]

VM Operations (20 events):
Event: 12.701 Executing VM operation: HandshakeAllThreads
Event: 12.702 Executing VM operation: HandshakeAllThreads done
Event: 12.877 Executing VM operation: HandshakeAllThreads
Event: 12.877 Executing VM operation: HandshakeAllThreads done
Event: 12.877 Executing VM operation: Cleanup
Event: 12.878 Executing VM operation: Cleanup done
Event: 13.026 Executing VM operation: G1CollectForAllocation
Event: 13.038 Executing VM operation: G1CollectForAllocation done
Event: 13.623 Executing VM operation: G1CollectForAllocation
Event: 13.636 Executing VM operation: G1CollectForAllocation done
Event: 13.837 Executing VM operation: HandshakeAllThreads
Event: 13.838 Executing VM operation: HandshakeAllThreads done
Event: 13.921 Executing VM operation: HandshakeAllThreads
Event: 13.921 Executing VM operation: HandshakeAllThreads done
Event: 14.537 Executing VM operation: HandshakeAllThreads
Event: 14.537 Executing VM operation: HandshakeAllThreads done
Event: 14.546 Executing VM operation: HandshakeAllThreads
Event: 14.547 Executing VM operation: HandshakeAllThreads done
Event: 14.558 Executing VM operation: HandshakeAllThreads
Event: 14.558 Executing VM operation: HandshakeAllThreads done

Events (20 events):
Event: 13.446 loading class java/lang/invoke/BoundMethodHandle$Species_LLLLLLLLLLLLLLLLLLLLLL
Event: 13.446 loading class java/lang/invoke/BoundMethodHandle$Species_LLLLLLLLLLLLLLLLLLLLLL done
Event: 13.485 loading class java/util/regex/Pattern$Pos
Event: 13.485 loading class java/util/regex/Pattern$Pos done
Event: 13.954 loading class java/nio/charset/CharacterCodingException
Event: 13.954 loading class java/nio/charset/CharacterCodingException done
Event: 14.248 loading class java/util/stream/Streams$RangeIntSpliterator
Event: 14.248 loading class java/util/stream/Streams$RangeIntSpliterator done
Event: 14.294 Thread 0x00000197ed07d380 Thread added: 0x00000197ed07d380
Event: 14.306 loading class java/lang/ProcessBuilder
Event: 14.307 loading class java/lang/ProcessBuilder done
Event: 14.339 Thread 0x00000197ed07c450 Thread added: 0x00000197ed07c450
Event: 14.372 loading class jdk/internal/loader/URLClassPath$FileLoader
Event: 14.373 loading class jdk/internal/loader/URLClassPath$FileLoader done
Event: 14.375 loading class jdk/internal/loader/URLClassPath$FileLoader$1
Event: 14.375 loading class jdk/internal/loader/URLClassPath$FileLoader$1 done
Event: 14.545 loading class java/util/ArrayList$ListItr
Event: 14.546 loading class java/util/ArrayList$ListItr done
Event: 14.753 loading class java/util/concurrent/LinkedBlockingDeque$Itr
Event: 14.753 loading class java/util/concurrent/LinkedBlockingDeque$AbstractItr


Dynamic libraries:
0x00007ff62d920000 - 0x00007ff62d92a000 	C:\Program Files\Android\Android Studio\jbr\bin\java.exe
0x00007ffc59450000 - 0x00007ffc59666000 	C:\Windows\SYSTEM32\ntdll.dll
0x00007ffc19230000 - 0x00007ffc19249000 	C:\Program Files\Avast Software\Avast\aswhook.dll
0x00007ffc57280000 - 0x00007ffc57344000 	C:\Windows\System32\KERNEL32.DLL
0x00007ffc56ab0000 - 0x00007ffc56e56000 	C:\Windows\System32\KERNELBASE.dll
0x00007ffc568a0000 - 0x00007ffc569b1000 	C:\Windows\System32\ucrtbase.dll
0x00007ffc32f90000 - 0x00007ffc32fa7000 	C:\Program Files\Android\Android Studio\jbr\bin\jli.dll
0x00007ffc400d0000 - 0x00007ffc400eb000 	C:\Program Files\Android\Android Studio\jbr\bin\VCRUNTIME140.dll
0x00007ffc573d0000 - 0x00007ffc5757d000 	C:\Windows\System32\USER32.dll
0x00007ffc569c0000 - 0x00007ffc569e6000 	C:\Windows\System32\win32u.dll
0x00007ffc3ecb0000 - 0x00007ffc3ef43000 	C:\Windows\WinSxS\amd64_microsoft.windows.common-controls_6595b64144ccf1df_6.0.22621.3235_none_270f74e173860f98\COMCTL32.dll
0x00007ffc575e0000 - 0x00007ffc57609000 	C:\Windows\System32\GDI32.dll
0x00007ffc58210000 - 0x00007ffc582b7000 	C:\Windows\System32\msvcrt.dll
0x00007ffc56e90000 - 0x00007ffc56fa8000 	C:\Windows\System32\gdi32full.dll
0x00007ffc56790000 - 0x00007ffc5682a000 	C:\Windows\System32\msvcp_win.dll
0x00007ffc59230000 - 0x00007ffc59261000 	C:\Windows\System32\IMM32.DLL
0x00007ffc40110000 - 0x00007ffc4011c000 	C:\Program Files\Android\Android Studio\jbr\bin\vcruntime140_1.dll
0x00007ffc100d0000 - 0x00007ffc1015d000 	C:\Program Files\Android\Android Studio\jbr\bin\msvcp140.dll
0x00007ffbc07d0000 - 0x00007ffbc1453000 	C:\Program Files\Android\Android Studio\jbr\bin\server\jvm.dll
0x00007ffc584c0000 - 0x00007ffc58572000 	C:\Windows\System32\ADVAPI32.dll
0x00007ffc58ba0000 - 0x00007ffc58c48000 	C:\Windows\System32\sechost.dll
0x00007ffc56e60000 - 0x00007ffc56e88000 	C:\Windows\System32\bcrypt.dll
0x00007ffc58030000 - 0x00007ffc58145000 	C:\Windows\System32\RPCRT4.dll
0x00007ffc4e160000 - 0x00007ffc4e194000 	C:\Windows\SYSTEM32\WINMM.dll
0x00007ffc56660000 - 0x00007ffc566ad000 	C:\Windows\SYSTEM32\POWRPROF.dll
0x00007ffc38610000 - 0x00007ffc38619000 	C:\Windows\SYSTEM32\WSOCK32.dll
0x00007ffc45ff0000 - 0x00007ffc45ffa000 	C:\Windows\SYSTEM32\VERSION.dll
0x00007ffc57350000 - 0x00007ffc573c1000 	C:\Windows\System32\WS2_32.dll
0x00007ffc56640000 - 0x00007ffc56653000 	C:\Windows\SYSTEM32\UMPDC.dll
0x00007ffc55790000 - 0x00007ffc557a8000 	C:\Windows\SYSTEM32\kernel.appcore.dll
0x00007ffc53440000 - 0x00007ffc5344a000 	C:\Program Files\Android\Android Studio\jbr\bin\jimage.dll
0x00007ffc53830000 - 0x00007ffc53a63000 	C:\Windows\SYSTEM32\DBGHELP.DLL
0x00007ffc58650000 - 0x00007ffc589d8000 	C:\Windows\System32\combase.dll
0x00007ffc571a0000 - 0x00007ffc57277000 	C:\Windows\System32\OLEAUT32.dll
0x00007ffc462e0000 - 0x00007ffc46312000 	C:\Windows\SYSTEM32\dbgcore.DLL
0x00007ffc57120000 - 0x00007ffc5719a000 	C:\Windows\System32\bcryptPrimitives.dll
0x00007ffc3cbb0000 - 0x00007ffc3cbbe000 	C:\Program Files\Android\Android Studio\jbr\bin\instrument.dll
0x00007ffc3dc20000 - 0x00007ffc3dc45000 	C:\Program Files\Android\Android Studio\jbr\bin\java.dll
0x00007ffc500e0000 - 0x00007ffc500f8000 	C:\Program Files\Android\Android Studio\jbr\bin\zip.dll
0x00007ffc57710000 - 0x00007ffc57f6d000 	C:\Windows\System32\SHELL32.dll
0x00007ffc54670000 - 0x00007ffc54f68000 	C:\Windows\SYSTEM32\windows.storage.dll
0x00007ffc54530000 - 0x00007ffc5466e000 	C:\Windows\SYSTEM32\wintypes.dll
0x00007ffc57610000 - 0x00007ffc57703000 	C:\Windows\System32\SHCORE.dll
0x00007ffc57fd0000 - 0x00007ffc5802e000 	C:\Windows\System32\shlwapi.dll
0x00007ffc566c0000 - 0x00007ffc566e6000 	C:\Windows\SYSTEM32\profapi.dll
0x00007ffc400b0000 - 0x00007ffc400c9000 	C:\Program Files\Android\Android Studio\jbr\bin\net.dll
0x00007ffc4e390000 - 0x00007ffc4e4c7000 	C:\Windows\SYSTEM32\WINHTTP.dll
0x00007ffc55c00000 - 0x00007ffc55c69000 	C:\Windows\system32\mswsock.dll
0x00007ffc3dc00000 - 0x00007ffc3dc16000 	C:\Program Files\Android\Android Studio\jbr\bin\nio.dll
0x00007ffc51940000 - 0x00007ffc51950000 	C:\Program Files\Android\Android Studio\jbr\bin\verify.dll
0x00007ffc40120000 - 0x00007ffc40147000 	C:\Users\limit\.gradle\native\c067742578af261105cb4f569cf0c3c89f3d7b1fecec35dd04571415982c5e48\windows-amd64\native-platform.dll
0x00007ffc030c0000 - 0x00007ffc03204000 	C:\Users\limit\.gradle\native\38dada09dfb8b06ba9b0570ebf7e218e3eb74d4ef43ca46872605cf95ebc2f47\windows-amd64\native-platform-file-events.dll
0x00007ffc3dbe0000 - 0x00007ffc3dbe9000 	C:\Program Files\Android\Android Studio\jbr\bin\management.dll
0x00007ffc3cbc0000 - 0x00007ffc3cbcb000 	C:\Program Files\Android\Android Studio\jbr\bin\management_ext.dll
0x00007ffc58170000 - 0x00007ffc58178000 	C:\Windows\System32\PSAPI.DLL
0x00007ffc55f50000 - 0x00007ffc55f6b000 	C:\Windows\SYSTEM32\CRYPTSP.dll
0x00007ffc556f0000 - 0x00007ffc55725000 	C:\Windows\system32\rsaenh.dll
0x00007ffc55ca0000 - 0x00007ffc55ccc000 	C:\Windows\SYSTEM32\USERENV.dll
0x00007ffc55f30000 - 0x00007ffc55f3c000 	C:\Windows\SYSTEM32\CRYPTBASE.dll
0x00007ffc551d0000 - 0x00007ffc551fd000 	C:\Windows\SYSTEM32\IPHLPAPI.DLL
0x00007ffc58200000 - 0x00007ffc58209000 	C:\Windows\System32\NSI.dll
0x00007ffc4e140000 - 0x00007ffc4e159000 	C:\Windows\SYSTEM32\dhcpcsvc6.DLL
0x00007ffc4de40000 - 0x00007ffc4de5f000 	C:\Windows\SYSTEM32\dhcpcsvc.DLL
0x00007ffc55240000 - 0x00007ffc55339000 	C:\Windows\SYSTEM32\DNSAPI.dll
0x00007ffc3dbf0000 - 0x00007ffc3dbf9000 	C:\Program Files\Android\Android Studio\jbr\bin\extnet.dll
0x00007ffc517a0000 - 0x00007ffc517a8000 	C:\Windows\system32\wshunix.dll

dbghelp: loaded successfully - version: 4.0.5 - missing functions: none
symbol engine: initialized successfully - sym options: 0x614 - pdb path: .;C:\Program Files\Android\Android Studio\jbr\bin;C:\Windows\SYSTEM32;C:\Program Files\Avast Software\Avast;C:\Windows\WinSxS\amd64_microsoft.windows.common-controls_6595b64144ccf1df_6.0.22621.3235_none_270f74e173860f98;C:\Program Files\Android\Android Studio\jbr\bin\server;C:\Users\limit\.gradle\native\c067742578af261105cb4f569cf0c3c89f3d7b1fecec35dd04571415982c5e48\windows-amd64;C:\Users\limit\.gradle\native\38dada09dfb8b06ba9b0570ebf7e218e3eb74d4ef43ca46872605cf95ebc2f47\windows-amd64

VM Arguments:
jvm_args: --add-opens=java.base/java.util=ALL-UNNAMED --add-opens=java.base/java.lang=ALL-UNNAMED --add-opens=java.base/java.lang.invoke=ALL-UNNAMED --add-opens=java.prefs/java.util.prefs=ALL-UNNAMED --add-opens=java.base/java.nio.charset=ALL-UNNAMED --add-opens=java.base/java.net=ALL-UNNAMED --add-opens=java.base/java.util.concurrent.atomic=ALL-UNNAMED -Xmx2048m -Dfile.encoding=UTF-8 -Duser.country=US -Duser.language=en -Duser.variant -javaagent:C:\Users\limit\.gradle\wrapper\dists\gradle-8.6-bin\afr5mpiioh2wthjmwnkmdsd5w\gradle-8.6\lib\agents\gradle-instrumentation-agent-8.6.jar 
java_command: org.gradle.launcher.daemon.bootstrap.GradleDaemon 8.6
java_class_path (initial): C:\Users\limit\.gradle\wrapper\dists\gradle-8.6-bin\afr5mpiioh2wthjmwnkmdsd5w\gradle-8.6\lib\gradle-launcher-8.6.jar
Launcher Type: SUN_STANDARD

[Global flags]
     intx CICompilerCount                          = 4                                         {product} {ergonomic}
     uint ConcGCThreads                            = 2                                         {product} {ergonomic}
     uint G1ConcRefinementThreads                  = 8                                         {product} {ergonomic}
   size_t G1HeapRegionSize                         = 1048576                                   {product} {ergonomic}
    uintx GCDrainStackTargetSize                   = 64                                        {product} {ergonomic}
   size_t InitialHeapSize                          = 400556032                                 {product} {ergonomic}
   size_t MarkStackSize                            = 4194304                                   {product} {ergonomic}
   size_t MaxHeapSize                              = 2147483648                                {product} {command line}
   size_t MaxNewSize                               = 1287651328                                {product} {ergonomic}
   size_t MinHeapDeltaBytes                        = 1048576                                   {product} {ergonomic}
   size_t MinHeapSize                              = 8388608                                   {product} {ergonomic}
    uintx NonNMethodCodeHeapSize                   = 5839372                                {pd product} {ergonomic}
    uintx NonProfiledCodeHeapSize                  = 122909434                              {pd product} {ergonomic}
    uintx ProfiledCodeHeapSize                     = 122909434                              {pd product} {ergonomic}
    uintx ReservedCodeCacheSize                    = 251658240                              {pd product} {ergonomic}
     bool SegmentedCodeCache                       = true                                      {product} {ergonomic}
   size_t SoftMaxHeapSize                          = 2147483648                             {manageable} {ergonomic}
     bool UseCompressedClassPointers               = true                           {product lp64_product} {ergonomic}
     bool UseCompressedOops                        = true                           {product lp64_product} {ergonomic}
     bool UseG1GC                                  = true                                      {product} {ergonomic}
     bool UseLargePagesIndividualAllocation        = false                                  {pd product} {ergonomic}

Logging:
Log output configuration:
 #0: stdout all=warning uptime,level,tags
 #1: stderr all=off uptime,level,tags

Environment Variables:
JAVA_HOME=C:\Program Files\Java\jdk-21
PATH=C:\Program Files\Common Files\Oracle\Java\javapath;C:\Windows\system32;C:\Windows;C:\Windows\System32\Wbem;C:\Windows\System32\WindowsPowerShell\v1.0\;C:\Windows\System32\OpenSSH\;C:\Program Files\Java\jdk-21\bin;C:\Program Files\Git\cmd;C:\Program Files\Git\cmd;;C:\Program Files\Git LFS;C:\Users\limit\AppData\Local\Microsoft\WindowsApps;;C:\Program Files\JetBrains\IntelliJ IDEA 2023.2.5\bin;;C:\Users\limit\AppData\Local\Programs\Microsoft VS Code\bin
USERNAME=limit
OS=Windows_NT
PROCESSOR_IDENTIFIER=Intel64 Family 6 Model 142 Stepping 12, GenuineIntel
TMP=C:\Users\limit\AppData\Local\Temp
TEMP=C:\Users\limit\AppData\Local\Temp



Periodic native trim disabled

JNI global refs:
JNI global refs: 26, weak refs: 4

JNI global refs memory usage: 843, weak refs: 841

OOME stack traces (most recent first):
Classloader memory used:
Loader org.gradle.internal.classloader.VisitableURLClassLoader                         : 2630K
Loader bootstrap                                                                       : 2312K
Loader org.gradle.initialization.MixInLegacyTypesClassLoader                           : 491K
Loader jdk.internal.loader.ClassLoaders$PlatformClassLoader                            : 65775B
Loader jdk.internal.loader.ClassLoaders$AppClassLoader                                 : 28729B
Loader jdk.internal.reflect.DelegatingClassLoader                                      : 4428B
Loader org.gradle.internal.classloader.VisitableURLClassLoader$InstrumentingVisitableURLClassLoader: 439B

Classes loaded by more than one classloader:
Class org.gradle.internal.installation.GradleInstallation                             : loaded 2 times (x 73B)
Class org.gradle.internal.classpath.ClassPath                                         : loaded 2 times (x 68B)
Class org.gradle.api.internal.classpath.DefaultModuleRegistry                         : loaded 2 times (x 84B)
Class org.gradle.api.Action                                                           : loaded 2 times (x 68B)
Class org.gradle.api.internal.DefaultClassPathProvider                                : loaded 2 times (x 74B)
Class org.gradle.internal.installation.GradleInstallation$1                           : loaded 2 times (x 73B)
Class org.gradle.internal.classloader.FilteringClassLoader                            : loaded 2 times (x 103B)
Class org.gradle.internal.classpath.DefaultClassPath$ImmutableUniqueList$Builder      : loaded 2 times (x 73B)
Class org.gradle.internal.classloader.ClassLoaderVisitor                              : loaded 2 times (x 74B)
Class org.gradle.internal.service.DefaultServiceLocator                               : loaded 2 times (x 81B)
Class org.gradle.internal.service.UnknownServiceException                             : loaded 2 times (x 81B)
Class org.gradle.internal.classloader.DefaultClassLoaderFactory                       : loaded 2 times (x 80B)
Class org.gradle.internal.classloader.VisitableURLClassLoader$Spec                    : loaded 2 times (x 72B)
Class org.gradle.api.GradleException                                                  : loaded 2 times (x 80B)
Class org.gradle.api.internal.classpath.ModuleRegistry                                : loaded 2 times (x 68B)
Class org.gradle.api.internal.ClassPathProvider                                       : loaded 2 times (x 68B)
Class org.gradle.internal.classloader.ClasspathUtil$1                                 : loaded 2 times (x 74B)
Class org.gradle.internal.classloader.ClassLoaderFactory                              : loaded 2 times (x 68B)
Class org.gradle.api.internal.classpath.ManifestUtil                                  : loaded 2 times (x 69B)
Class org.gradle.api.specs.Spec                                                       : loaded 2 times (x 68B)
Class org.gradle.internal.IoActions                                                   : loaded 2 times (x 69B)
Class org.gradle.api.internal.classpath.EffectiveClassPath                            : loaded 2 times (x 88B)
Class org.gradle.internal.installation.CurrentGradleInstallation                      : loaded 2 times (x 71B)
Class org.gradle.internal.agents.InstrumentingClassLoader                             : loaded 2 times (x 68B)
Class org.gradle.internal.installation.CurrentGradleInstallationLocator               : loaded 2 times (x 69B)
Class org.gradle.api.internal.classpath.Module                                        : loaded 2 times (x 68B)
Class org.gradle.internal.service.CachingServiceLocator                               : loaded 2 times (x 80B)
Class org.gradle.internal.classpath.DefaultClassPath                                  : loaded 2 times (x 88B)
Class org.gradle.internal.classloader.SystemClassLoaderSpec                           : loaded 2 times (x 69B)
Class org.gradle.api.UncheckedIOException                                             : loaded 2 times (x 80B)
Class org.gradle.internal.classloader.ClasspathUtil                                   : loaded 2 times (x 69B)
Class org.gradle.api.internal.DefaultClassPathRegistry                                : loaded 2 times (x 74B)
Class org.gradle.api.internal.classpath.DefaultModuleRegistry$DefaultModule           : loaded 2 times (x 84B)
Class org.gradle.api.internal.classpath.UnknownModuleException                        : loaded 2 times (x 80B)
Class org.gradle.internal.service.ServiceLookupException                              : loaded 2 times (x 80B)
Class org.gradle.cache.GlobalCache                                                    : loaded 2 times (x 68B)
Class [Lorg.gradle.api.internal.ClassPathProvider;                                    : loaded 2 times (x 67B)
Class org.gradle.util.internal.GUtil                                                  : loaded 2 times (x 69B)
Class org.gradle.internal.classloader.ClassLoaderSpec                                 : loaded 2 times (x 69B)
Class org.gradle.internal.classloader.VisitableURLClassLoader                         : loaded 2 times (x 115B)
Class org.gradle.internal.Cast                                                        : loaded 2 times (x 69B)
Class org.gradle.api.internal.ClassPathRegistry                                       : loaded 2 times (x 68B)
Class org.gradle.internal.classloader.VisitableURLClassLoader$InstrumentingVisitableURLClassLoader: loaded 2 times (x 121B)
Class org.gradle.internal.classloader.ClassLoaderHierarchy                            : loaded 2 times (x 68B)
Class org.gradle.internal.InternalTransformer                                         : loaded 2 times (x 68B)
Class org.gradle.internal.service.ServiceLocator                                      : loaded 2 times (x 68B)
Class org.gradle.internal.classpath.DefaultClassPath$ImmutableUniqueList              : loaded 2 times (x 159B)
Class org.gradle.internal.classpath.TransformedClassPath                              : loaded 2 times (x 94B)


---------------  S Y S T E M  ---------------

OS:
 Windows 11 , 64 bit Build 22621 (10.0.22621.3235)
OS uptime: 1 days 23:35 hours
Hyper-V role detected

CPU: total 8 (initial active 8) (4 cores per cpu, 2 threads per core) family 6 model 142 stepping 12 microcode 0xfa, cx8, cmov, fxsr, ht, mmx, 3dnowpref, sse, sse2, sse3, ssse3, sse4.1, sse4.2, popcnt, lzcnt, tsc, tscinvbit, avx, avx2, aes, erms, clmul, bmi1, bmi2, adx, fma, vzeroupper, clflush, clflushopt, hv
Processor Information for all 8 processors :
  Max Mhz: 1800, Current Mhz: 1600, Mhz Limit: 1584

Memory: 4k page, system-wide physical 24382M (10531M free)
TotalPageFile size 31294M (AvailPageFile size 16060M)
current process WorkingSet (physical memory assigned to process): 229M, peak: 237M
current process commit charge ("private bytes"): 263M, peak: 532M

vm_info: OpenJDK 64-Bit Server VM (17.0.10+0--11572160) for windows-amd64 JRE (17.0.10+0--11572160), built on Mar 13 2024 23:56:38 by "androidbuild" with MS VC++ 16.10 / 16.11 (VS2019)

END.
