#
# A fatal error has been detected by the Java Runtime Environment:
#
#  EXCEPTION_ACCESS_VIOLATION (0xc0000005) at pc=0x00007ffbc09b7f78, pid=15080, tid=20688
#
# JRE version: OpenJDK Runtime Environment (17.0.10) (build 17.0.10+0--11572160)
# Java VM: OpenJDK 64-Bit Server VM (17.0.10+0--11572160, mixed mode, tiered, compressed oops, compressed class ptrs, g1 gc, windows-amd64)
# Problematic frame:
# V  [jvm.dll+0x1e7f78]
#
# No core dump will be written. Minidumps are not enabled by default on client versions of Windows
#
# If you would like to submit a bug report, please visit:
#   https://bugreport.java.com/bugreport/crash.jsp
#

---------------  S U M M A R Y ------------

Command Line: --add-opens=java.base/java.util=ALL-UNNAMED --add-opens=java.base/java.lang=ALL-UNNAMED --add-opens=java.base/java.lang.invoke=ALL-UNNAMED --add-opens=java.prefs/java.util.prefs=ALL-UNNAMED --add-opens=java.base/java.nio.charset=ALL-UNNAMED --add-opens=java.base/java.net=ALL-UNNAMED --add-opens=java.base/java.util.concurrent.atomic=ALL-UNNAMED -Xmx2048m -Dfile.encoding=UTF-8 -Duser.country=US -Duser.language=en -Duser.variant -javaagent:C:\Users\limit\.gradle\wrapper\dists\gradle-8.6-bin\afr5mpiioh2wthjmwnkmdsd5w\gradle-8.6\lib\agents\gradle-instrumentation-agent-8.6.jar org.gradle.launcher.daemon.bootstrap.GradleDaemon 8.6

Host: Intel(R) Core(TM) i5-8265U CPU @ 1.60GHz, 8 cores, 23G,  Windows 11 , 64 bit Build 22621 (10.0.22621.3235)
Time: Fri May 17 21:24:37 2024 W. Central Africa Standard Time elapsed time: 15.403436 seconds (0d 0h 0m 15s)

---------------  T H R E A D  ---------------

Current thread (0x0000018b469cc800):  JavaThread "Daemon periodic checks" [_thread_in_vm, id=20688, stack(0x00000068edc00000,0x00000068edd00000)]

Stack: [0x00000068edc00000,0x00000068edd00000],  sp=0x00000068edcfd6c0,  free space=1013k
Native frames: (J=compiled Java code, j=interpreted, Vv=VM code, C=native code)
V  [jvm.dll+0x1e7f78]
V  [jvm.dll+0x1ef9e4]
V  [jvm.dll+0x1e4e1c]
V  [jvm.dll+0x54dd1c]
V  [jvm.dll+0x1f59bb]
V  [jvm.dll+0x7bac1b]
V  [jvm.dll+0x7bc08c]
V  [jvm.dll+0x7bc903]
V  [jvm.dll+0x1efdf4]
V  [jvm.dll+0x1e4e35]
V  [jvm.dll+0x54dd1c]
V  [jvm.dll+0x1f59bb]
V  [jvm.dll+0x7bac1b]
V  [jvm.dll+0x7bc08c]
V  [jvm.dll+0x7bc3d8]
V  [jvm.dll+0x24386e]
V  [jvm.dll+0x387e8e]
C  0x0000018b3109b5bb

The last pc belongs to new (printed below).
Java frames: (J=compiled Java code, j=interpreted, Vv=VM code)
j  java.util.concurrent.LinkedBlockingDeque.iterator()Ljava/util/Iterator;+0 java.base@17.0.10
j  java.util.AbstractCollection.addAll(Ljava/util/Collection;)Z+3 java.base@17.0.10
j  java.util.LinkedHashSet.<init>(Ljava/util/Collection;)V+22 java.base@17.0.10
j  com.google.common.collect.Sets.newLinkedHashSet(Ljava/lang/Iterable;)Ljava/util/LinkedHashSet;+15
j  org.gradle.launcher.daemon.server.health.gc.DefaultSlidingWindow.snapshot()Ljava/util/Collection;+11
j  org.gradle.launcher.daemon.server.health.gc.DefaultGarbageCollectionMonitor.getHeapStats()Lorg/gradle/launcher/daemon/server/health/gc/GarbageCollectionStats;+4
j  org.gradle.launcher.daemon.server.health.DaemonHealthStats.getHeapStats()Lorg/gradle/launcher/daemon/server/health/gc/GarbageCollectionStats;+4
j  org.gradle.launcher.daemon.server.health.HealthExpirationStrategy.checkExpiration()Lorg/gradle/launcher/daemon/server/expiry/DaemonExpirationResult;+33
j  org.gradle.launcher.daemon.server.expiry.AnyDaemonExpirationStrategy.checkExpiration()Lorg/gradle/launcher/daemon/server/expiry/DaemonExpirationResult;+47
j  org.gradle.launcher.daemon.server.MasterExpirationStrategy.checkExpiration()Lorg/gradle/launcher/daemon/server/expiry/DaemonExpirationResult;+4
j  org.gradle.launcher.daemon.server.Daemon$DaemonExpirationPeriodicCheck.run()V+4
j  org.gradle.internal.concurrent.ExecutorPolicy$CatchAndRecordFailures.onExecute(Ljava/lang/Runnable;)V+1
j  org.gradle.internal.concurrent.AbstractManagedExecutor$1.run()V+25
j  java.util.concurrent.Executors$RunnableAdapter.call()Ljava/lang/Object;+4 java.base@17.0.10
j  java.util.concurrent.FutureTask.runAndReset()Z+44 java.base@17.0.10
j  java.util.concurrent.ScheduledThreadPoolExecutor$ScheduledFutureTask.run()V+35 java.base@17.0.10
j  java.util.concurrent.ThreadPoolExecutor.runWorker(Ljava/util/concurrent/ThreadPoolExecutor$Worker;)V+92 java.base@17.0.10
j  java.util.concurrent.ThreadPoolExecutor$Worker.run()V+5 java.base@17.0.10
j  java.lang.Thread.run()V+11 java.base@17.0.10
v  ~StubRoutines::call_stub

siginfo: EXCEPTION_ACCESS_VIOLATION (0xc0000005), reading address 0x0000018b8cd4ddaf


Registers:
RAX=0x0000018b8cd4ddaf, RBX=0x0000018b469cc800, RCX=0x0000000000002404, RDX=0x0000018b4542dc70
RSP=0x00000068edcfd6c0, RBP=0x0000018b433bf798, RSI=0x00000000468b0100, RDI=0x0000018b4542dc70
R8 =0x000000000000dc49, R9 =0x0000000000000000, R10=0x000000000000003b, R11=0x0000000000000001
R12=0x0000000000000000, R13=0x0000000000000000, R14=0x0000000000000000, R15=0x00000068edcfda30
RIP=0x00007ffbc09b7f78, EFLAGS=0x0000000000010246


Register to memory mapping:

RIP=0x00007ffbc09b7f78 jvm.dll
RAX=0x0000018b8cd4ddaf is an unknown value
RBX=0x0000018b469cc800 is a thread
RCX=0x0000000000002404 is an unknown value
RDX=0x0000018b4542dc70 points into unknown readable memory: 0x00007ffbc1112218 | 18 22 11 c1 fb 7f 00 00
RSP=0x00000068edcfd6c0 is pointing into the stack for thread: 0x0000018b469cc800
RBP=0x0000018b433bf798 is pointing into metadata
RSI=0x00000000468b0100 is an unknown value
RDI=0x0000018b4542dc70 points into unknown readable memory: 0x00007ffbc1112218 | 18 22 11 c1 fb 7f 00 00
R8 =0x000000000000dc49 is an unknown value
R9 =0x0 is NULL
R10=0x000000000000003b is an unknown value
R11=0x0000000000000001 is an unknown value
R12=0x0 is NULL
R13=0x0 is NULL
R14=0x0 is NULL
R15=0x00000068edcfda30 is pointing into the stack for thread: 0x0000018b469cc800


Top of Stack: (sp=0x00000068edcfd6c0)
0x00000068edcfd6c0:   0000000000000008 0000000000000009
0x00000068edcfd6d0:   0000018b46a424c0 0000018b4542c550
0x00000068edcfd6e0:   0000018b4542dd00 0000018b45434538
0x00000068edcfd6f0:   00000000000083b0 0000018b40408390
0x00000068edcfd700:   0000000000000000 0000240400000000
0x00000068edcfd710:   0000000000000000 0000000000000000
0x00000068edcfd720:   0000000000000000 0000000000000000
0x00000068edcfd730:   0000000000000000 0000000000000000
0x00000068edcfd740:   0000000000000000 0000000000000000
0x00000068edcfd750:   0000000000000000 0000000000000000
0x00000068edcfd760:   0000000000000000 0000018b469cc801
0x00000068edcfd770:   0000018b469cc800 0000018b469cc800
0x00000068edcfd780:   0000018b4542dc70 0000018b4542c550
0x00000068edcfd790:   00000068edcfdbcb 00000068edcfda30
0x00000068edcfd7a0:   00000068edcfdbca 0000018b433bf798
0x00000068edcfd7b0:   0000000000000000 00007ffbc09bf9e4
0x00000068edcfd7c0:   0000000000000000 00000068edcfdb00
0x00000068edcfd7d0:   0000018b433bf798 0000018b4542dd00
0x00000068edcfd7e0:   0000018b469cc800 00000068edcfdbcb
0x00000068edcfd7f0:   0000018b469c0008 0000018b469cc800
0x00000068edcfd800:   00000068edcfd9f8 0000018b47b8fe30
0x00000068edcfd810:   000000000000007b 0000018b00200000
0x00000068edcfd820:   0000018b4542dce0 0000018b45434538
0x00000068edcfd830:   0000000000000003 0000000000000020
0x00000068edcfd840:   0000000000000050 00007ffbc0cfb2e2
0x00000068edcfd850:   0000018b47402a01 00000000000007cc
0x00000068edcfd860:   0000018b4542cc00 0000000000000000
0x00000068edcfd870:   0000018b46a424c0 0000018b4542dc70
0x00000068edcfd880:   0000018b450e0c80 00007ffbc0cfb446
0x00000068edcfd890:   0000000000000000 0000018b469cc800
0x00000068edcfd8a0:   0000000000000000 0000000000000000
0x00000068edcfd8b0:   00000068edcfd9a0 00000068edcfd9c8 

Instructions: (pc=0x00007ffbc09b7f78)
0x00007ffbc09b7e78:   47 18 45 8b e5 41 8b c5 66 c1 c9 08 4c 89 b4 24
0x00007ffbc09b7e88:   b8 00 00 00 45 8b c5 48 89 44 24 70 45 8b cd 88
0x00007ffbc09b7e98:   44 24 47 45 8b f5 88 44 24 46 41 8b ed 88 44 24
0x00007ffbc09b7ea8:   45 c6 44 24 44 00 c6 84 24 08 01 00 00 00 c6 84
0x00007ffbc09b7eb8:   24 20 01 00 00 00 c6 44 24 42 00 c6 84 24 00 01
0x00007ffbc09b7ec8:   00 00 00 c6 44 24 41 00 c6 44 24 40 00 c6 44 24
0x00007ffbc09b7ed8:   43 00 44 89 6c 24 50 44 89 6c 24 54 4c 89 6c 24
0x00007ffbc09b7ee8:   78 44 89 6c 24 5c 4c 89 ac 24 80 00 00 00 44 89
0x00007ffbc09b7ef8:   6c 24 58 4c 89 ac 24 88 00 00 00 44 89 6c 24 60
0x00007ffbc09b7f08:   66 44 89 6c 24 4a 66 44 89 6c 24 48 4c 89 ac 24
0x00007ffbc09b7f18:   90 00 00 00 44 89 6c 24 64 4c 89 ac 24 98 00 00
0x00007ffbc09b7f28:   00 44 89 6c 24 68 4c 89 ac 24 a0 00 00 00 44 89
0x00007ffbc09b7f38:   6c 24 6c 66 85 c9 0f 84 9b 08 00 00 b8 ff ff 00
0x00007ffbc09b7f48:   00 66 03 c8 48 8b 47 10 48 2b 47 18 66 89 4c 24
0x00007ffbc09b7f58:   4c 48 83 f8 06 73 0b 48 8b d3 48 8b cf e8 b6 98
0x00007ffbc09b7f68:   00 00 4c 39 6b 08 0f 85 02 0d 00 00 48 8b 47 18
0x00007ffbc09b7f78:   0f b7 28 48 83 c0 02 48 89 47 18 66 c1 cd 08 44
0x00007ffbc09b7f88:   0f b7 c5 8b 30 48 83 c0 04 48 89 47 18 49 8b 47
0x00007ffbc09b7f98:   28 0f ce 44 3b 40 3c 7d 0e 48 8b 40 08 42 0f b6
0x00007ffbc09b7fa8:   44 00 04 3c 01 74 02 32 c0 45 38 af 98 01 00 00
0x00007ffbc09b7fb8:   74 16 84 c0 75 12 4c 8b cb 48 8d 15 a0 be 75 00
0x00007ffbc09b7fc8:   49 8b cf e8 d0 c7 ff ff 4c 39 6b 08 0f 85 9c 0c
0x00007ffbc09b7fd8:   00 00 0f b7 c5 48 8b ac 24 10 01 00 00 48 8b 4c
0x00007ffbc09b7fe8:   c5 48 48 3b 0d a7 b8 9c 00 0f 85 d7 00 00 00 49
0x00007ffbc09b7ff8:   8b cd 41 38 8f 98 01 00 00 74 24 83 fe 02 74 16
0x00007ffbc09b8008:   4c 8b c3 48 8d 15 96 be 75 00 49 8b cf e8 56 c8
0x00007ffbc09b8018:   ff ff 48 8b 4b 08 48 85 c9 0f 85 4f 0c 00 00 44
0x00007ffbc09b8028:   38 6c 24 44 0f 85 fd 07 00 00 48 8b 47 10 48 2b
0x00007ffbc09b8038:   47 18 c6 44 24 44 01 48 83 f8 02 73 0f 48 8b d3
0x00007ffbc09b8048:   48 8b cf e8 d0 97 00 00 48 8b 4b 08 48 85 c9 0f
0x00007ffbc09b8058:   85 19 0c 00 00 48 8b 47 18 0f b7 30 48 83 c0 02
0x00007ffbc09b8068:   48 89 47 18 49 8b 47 28 66 c1 ce 08 44 0f b7 c6 


Stack slot to memory mapping:
stack at sp + 0 slots: 0x0000000000000008 is an unknown value
stack at sp + 1 slots: 0x0000000000000009 is an unknown value
stack at sp + 2 slots: 0x0000018b46a424c0 points into unknown readable memory: 0x01000c0000000002 | 02 00 00 00 00 0c 00 01
stack at sp + 3 slots: 0x0000018b4542c550 points into unknown readable memory: 0x0000000000000000 | 00 00 00 00 00 00 00 00
stack at sp + 4 slots: 0x0000018b4542dd00 points into unknown readable memory: 0x0000000000000002 | 02 00 00 00 00 00 00 00
stack at sp + 5 slots: 0x0000018b45434538 points into unknown readable memory: 0x1044c4ea62377864 | 64 78 37 62 ea c4 44 10
stack at sp + 6 slots: 0x00000000000083b0 is an unknown value
stack at sp + 7 slots: 0x0000018b40408390 points into unknown readable memory: 0x0000000000000000 | 00 00 00 00 00 00 00 00

new  187 new  [0x0000018b3109b420, 0x0000018b3109b640]  544 bytes
[MachCode]
  0x0000018b3109b420: 4883 ec08 | c5fa 1104 | 24eb 1f48 | 83ec 10c5 | fb11 0424 | eb14 4883 | ec10 4889 | 0424 48c7 
  0x0000018b3109b440: 4424 0800 | 0000 00eb | 0150 410f | b755 010f | cac1 ea10 | 488b 4de8 | 488b 4908 | 488b 4908 
  0x0000018b3109b460: 488b 4108 | 807c 1004 | 070f 85d6 | 0000 0066 | 8b54 d148 | 488b 4928 | 488b 4cd1 | 0851 80b9 
  0x0000018b3109b480: 5b01 0000 | 040f 85b9 | 0000 008b | 5108 f7c2 | 0100 0000 | 0f85 aa00 | 0000 498b | 8708 0100 
  0x0000018b3109b4a0: 0048 8d1c | 1049 3b9f | 1801 0000 | 0f87 9200 | 0000 4989 | 9f08 0100 | 00e9 0000 | 0000 4883 
  0x0000018b3109b4c0: ea10 0f84 | 0f00 0000 | 33c9 c1ea | 0348 894c | d008 48ff | ca75 f648 | c700 0100 | 0000 5933 
  0x0000018b3109b4e0: f689 700c | 48c1 e903 | 8948 0849 | ba89 3936 | c1fb 7f00 | 0041 803a | 000f 8440 | 0000 0050 
  0x0000018b3109b500: 488b c848 | 83ec 20f7 | c40f 0000 | 000f 841a | 0000 0048 | 83ec 0849 | bad0 f3eb | c0fb 7f00 
  0x0000018b3109b520: 0041 ffd2 | 4883 c408 | e90d 0000 | 0049 bad0 | f3eb c0fb | 7f00 0041 | ffd2 4883 | c420 58e9 
  0x0000018b3109b540: cd00 0000 | 5948 8b55 | e848 8b52 | 0848 8b52 | 0845 0fb7 | 4501 410f | c841 c1e8 | 10e8 0500 
  0x0000018b3109b560: 0000 e9aa | 0000 0048 | 8d44 2408 | 4c89 6dc0 | 498b cfc5 | f877 4989 | afa8 0200 | 0049 8987 
  0x0000018b3109b580: 9802 0000 | 4883 ec20 | f7c4 0f00 | 0000 0f84 | 1a00 0000 | 4883 ec08 | 49ba 407e | b5c0 fb7f 
  0x0000018b3109b5a0: 0000 41ff | d248 83c4 | 08e9 0d00 | 0000 49ba | 407e b5c0 | fb7f 0000 | 41ff d248 | 83c4 2049 
  0x0000018b3109b5c0: c787 9802 | 0000 0000 | 0000 49c7 | 87a8 0200 | 0000 0000 | 0049 c787 | a002 0000 | 0000 0000 
  0x0000018b3109b5e0: c5f8 7749 | 817f 0800 | 0000 000f | 8405 0000 | 00e9 0a59 | feff 498b | 87f0 0200 | 0049 c787 
  0x0000018b3109b600: f002 0000 | 0000 0000 | 4c8b 6dc0 | 4c8b 75c8 | c341 0fb6 | 5d03 4983 | c503 49ba | 80a6 38c1 
  0x0000018b3109b620: fb7f 0000 | 41ff 24da | 0000 0000 | 0000 0000 | 0000 0000 | 0000 0000 | 0000 0000 | 0000 0000 
[/MachCode]

---------------  P R O C E S S  ---------------

Threads class SMR info:
_java_thread_list=0x0000018b475850d0, length=41, elements={
0x0000018b26680950, 0x0000018b40592610, 0x0000018b405954a0, 0x0000018b405e8290,
0x0000018b405e9dd0, 0x0000018b405ea990, 0x0000018b405ed360, 0x0000018b405f1600,
0x0000018b405fafe0, 0x0000018b4060c0b0, 0x0000018b40580c90, 0x0000018b4085a380,
0x0000018b462df780, 0x0000018b45ef20c0, 0x0000018b469cc800, 0x0000018b46f46480,
0x0000018b4730cb90, 0x0000018b4523a720, 0x0000018b45237480, 0x0000018b45237990,
0x0000018b452383b0, 0x0000018b452392e0, 0x0000018b45239d00, 0x0000018b4523a210,
0x0000018b4523ac30, 0x0000018b452388c0, 0x0000018b45238dd0, 0x0000018b45237ea0,
0x0000018b48fd59c0, 0x0000018b48fd5ed0, 0x0000018b48fd68f0, 0x0000018b48fd3650,
0x0000018b46155230, 0x0000018b46156770, 0x0000018b48fd2720, 0x0000018b48fd3b60,
0x0000018b48fd3140, 0x0000018b48fd54b0, 0x0000018b48fd4070, 0x0000018b48fd8240,
0x0000018b48fd2c30
}

Java Threads: ( => current thread )
  0x0000018b26680950 JavaThread "main" [_thread_blocked, id=19324, stack(0x00000068ec800000,0x00000068ec900000)]
  0x0000018b40592610 JavaThread "Reference Handler" daemon [_thread_blocked, id=3688, stack(0x00000068ecf00000,0x00000068ed000000)]
  0x0000018b405954a0 JavaThread "Finalizer" daemon [_thread_blocked, id=15396, stack(0x00000068ed000000,0x00000068ed100000)]
  0x0000018b405e8290 JavaThread "Signal Dispatcher" daemon [_thread_blocked, id=15688, stack(0x00000068ed100000,0x00000068ed200000)]
  0x0000018b405e9dd0 JavaThread "Attach Listener" daemon [_thread_blocked, id=5776, stack(0x00000068ed200000,0x00000068ed300000)]
  0x0000018b405ea990 JavaThread "Service Thread" daemon [_thread_blocked, id=8040, stack(0x00000068ed300000,0x00000068ed400000)]
  0x0000018b405ed360 JavaThread "Monitor Deflation Thread" daemon [_thread_blocked, id=21256, stack(0x00000068ed400000,0x00000068ed500000)]
  0x0000018b405f1600 JavaThread "C2 CompilerThread0" daemon [_thread_blocked, id=17540, stack(0x00000068ed500000,0x00000068ed600000)]
  0x0000018b405fafe0 JavaThread "C1 CompilerThread0" daemon [_thread_blocked, id=15256, stack(0x00000068ed600000,0x00000068ed700000)]
  0x0000018b4060c0b0 JavaThread "Sweeper thread" daemon [_thread_blocked, id=13960, stack(0x00000068ed700000,0x00000068ed800000)]
  0x0000018b40580c90 JavaThread "Common-Cleaner" daemon [_thread_blocked, id=1624, stack(0x00000068ed800000,0x00000068ed900000)]
  0x0000018b4085a380 JavaThread "Notification Thread" daemon [_thread_blocked, id=21328, stack(0x00000068ed900000,0x00000068eda00000)]
  0x0000018b462df780 JavaThread "Daemon health stats" [_thread_blocked, id=7204, stack(0x00000068ee400000,0x00000068ee500000)]
  0x0000018b45ef20c0 JavaThread "Incoming local TCP Connector on port 53430" [_thread_in_native, id=10288, stack(0x00000068edb00000,0x00000068edc00000)]
=>0x0000018b469cc800 JavaThread "Daemon periodic checks" [_thread_in_vm, id=20688, stack(0x00000068edc00000,0x00000068edd00000)]
  0x0000018b46f46480 JavaThread "Daemon" [_thread_blocked, id=21400, stack(0x00000068ee600000,0x00000068ee700000)]
  0x0000018b4730cb90 JavaThread "Handler for socket connection from /127.0.0.1:53430 to /127.0.0.1:53431" [_thread_in_native, id=7788, stack(0x00000068ee700000,0x00000068ee800000)]
  0x0000018b4523a720 JavaThread "Cancel handler" [_thread_blocked, id=3256, stack(0x00000068ee800000,0x00000068ee900000)]
  0x0000018b45237480 JavaThread "Daemon worker" [_thread_blocked, id=11668, stack(0x00000068ee900000,0x00000068eea00000)]
  0x0000018b45237990 JavaThread "Asynchronous log dispatcher for DefaultDaemonConnection: socket connection from /127.0.0.1:53430 to /127.0.0.1:53431" [_thread_blocked, id=4656, stack(0x00000068eea00000,0x00000068eeb00000)]
  0x0000018b452383b0 JavaThread "Stdin handler" [_thread_blocked, id=17188, stack(0x00000068eeb00000,0x00000068eec00000)]
  0x0000018b452392e0 JavaThread "Daemon client event forwarder" [_thread_blocked, id=5224, stack(0x00000068eec00000,0x00000068eed00000)]
  0x0000018b45239d00 JavaThread "Cache worker for journal cache (C:\Users\limit\.gradle\caches\journal-1)" [_thread_blocked, id=12376, stack(0x00000068eed00000,0x00000068eee00000)]
  0x0000018b4523a210 JavaThread "File lock request listener" [_thread_in_native, id=1504, stack(0x00000068eee00000,0x00000068eef00000)]
  0x0000018b4523ac30 JavaThread "Cache worker for file hash cache (C:\Users\limit\.gradle\caches\8.6\fileHashes)" [_thread_blocked, id=7188, stack(0x00000068ef000000,0x00000068ef100000)]
  0x0000018b452388c0 JavaThread "File watcher server" daemon [_thread_in_native, id=6948, stack(0x00000068ef200000,0x00000068ef300000)]
  0x0000018b45238dd0 JavaThread "File watcher consumer" daemon [_thread_blocked, id=10504, stack(0x00000068ef300000,0x00000068ef400000)]
  0x0000018b45237ea0 JavaThread "Cache worker for checksums cache (C:\Users\limit\AndroidStudioProjects\Register-Mo\.gradle\8.6\checksums)" [_thread_blocked, id=20620, stack(0x00000068ef400000,0x00000068ef500000)]
  0x0000018b48fd59c0 JavaThread "Cache worker for file hash cache (C:\Users\limit\AndroidStudioProjects\Register-Mo\.gradle\8.6\fileHashes)" [_thread_blocked, id=16348, stack(0x00000068ef500000,0x00000068ef600000)]
  0x0000018b48fd5ed0 JavaThread "Cache worker for cache directory md-supplier (C:\Users\limit\.gradle\caches\8.6\md-supplier)" [_thread_blocked, id=20172, stack(0x00000068ef600000,0x00000068ef700000)]
  0x0000018b48fd68f0 JavaThread "Cache worker for cache directory md-rule (C:\Users\limit\.gradle\caches\8.6\md-rule)" [_thread_blocked, id=15924, stack(0x00000068ef700000,0x00000068ef800000)]
  0x0000018b48fd3650 JavaThread "Cache worker for file content cache (C:\Users\limit\.gradle\caches\8.6\fileContent)" [_thread_blocked, id=21108, stack(0x00000068eef00000,0x00000068ef000000)]
  0x0000018b46155230 JavaThread "C2 CompilerThread1" daemon [_thread_blocked, id=9688, stack(0x00000068ef100000,0x00000068ef200000)]
  0x0000018b46156770 JavaThread "C2 CompilerThread2" daemon [_thread_blocked, id=7988, stack(0x00000068ef800000,0x00000068ef900000)]
  0x0000018b48fd2720 JavaThread "jar transforms" [_thread_blocked, id=17668, stack(0x00000068ef900000,0x00000068efa00000)]
  0x0000018b48fd3b60 JavaThread "jar transforms Thread 2" [_thread_blocked, id=5812, stack(0x00000068efa00000,0x00000068efb00000)]
  0x0000018b48fd3140 JavaThread "jar transforms Thread 3" [_thread_blocked, id=18172, stack(0x00000068efb00000,0x00000068efc00000)]
  0x0000018b48fd54b0 JavaThread "jar transforms Thread 4" [_thread_blocked, id=6176, stack(0x00000068efc00000,0x00000068efd00000)]
  0x0000018b48fd4070 JavaThread "Cache worker for Build Output Cleanup Cache (C:\Users\limit\AndroidStudioProjects\Register-Mo\.gradle\buildOutputCleanup)" [_thread_blocked, id=2260, stack(0x00000068efd00000,0x00000068efe00000)]
  0x0000018b48fd8240 JavaThread "jar transforms Thread 5" [_thread_blocked, id=16844, stack(0x00000068efe00000,0x00000068eff00000)]
  0x0000018b48fd2c30 JavaThread "jar transforms Thread 6" [_thread_blocked, id=21484, stack(0x00000068eff00000,0x00000068f0000000)]

Other Threads:
  0x0000018b405ac630 VMThread "VM Thread" [stack: 0x00000068ece00000,0x00000068ecf00000] [id=14080] _threads_hazard_ptr=0x0000018b475850d0
  0x0000018b408f8b60 WatcherThread [stack: 0x00000068eda00000,0x00000068edb00000] [id=4184]
  0x0000018b266dc900 GCTaskThread "GC Thread#0" [stack: 0x00000068ec900000,0x00000068eca00000] [id=14052]
  0x0000018b458ba360 GCTaskThread "GC Thread#1" [stack: 0x00000068edd00000,0x00000068ede00000] [id=20344]
  0x0000018b45be3380 GCTaskThread "GC Thread#2" [stack: 0x00000068ede00000,0x00000068edf00000] [id=16112]
  0x0000018b45c56c20 GCTaskThread "GC Thread#3" [stack: 0x00000068edf00000,0x00000068ee000000] [id=18704]
  0x0000018b464d4c90 GCTaskThread "GC Thread#4" [stack: 0x00000068ee000000,0x00000068ee100000] [id=2996]
  0x0000018b45bbcb60 GCTaskThread "GC Thread#5" [stack: 0x00000068ee100000,0x00000068ee200000] [id=19108]
  0x0000018b45bbce20 GCTaskThread "GC Thread#6" [stack: 0x00000068ee200000,0x00000068ee300000] [id=11012]
  0x0000018b4586b550 GCTaskThread "GC Thread#7" [stack: 0x00000068ee300000,0x00000068ee400000] [id=1752]
  0x0000018b266ed850 ConcurrentGCThread "G1 Main Marker" [stack: 0x00000068eca00000,0x00000068ecb00000] [id=12268]
  0x0000018b266eea10 ConcurrentGCThread "G1 Conc#0" [stack: 0x00000068ecb00000,0x00000068ecc00000] [id=19760]
  0x0000018b47530fb0 ConcurrentGCThread "G1 Conc#1" [stack: 0x00000068ee500000,0x00000068ee600000] [id=17552]
  0x0000018b2672e670 ConcurrentGCThread "G1 Refine#0" [stack: 0x00000068ecc00000,0x00000068ecd00000] [id=13044]
  0x0000018b403f23c0 ConcurrentGCThread "G1 Service" [stack: 0x00000068ecd00000,0x00000068ece00000] [id=20856]

Threads with active compile tasks:
C2 CompilerThread1    15647 4350       4       java.util.regex.Pattern::compile (500 bytes)

VM state: synchronizing (normal execution)

VM Mutex/Monitor currently owned by a thread:  ([mutex/lock_event])
[0x0000018b2667b700] Threads_lock - owner thread: 0x0000018b405ac630
[0x0000018b2667cea0] Heap_lock - owner thread: 0x0000018b45237480

Heap address: 0x0000000080000000, size: 2048 MB, Compressed Oops mode: 32-bit

CDS archive(s) not mapped
Compressed class space mapped at: 0x0000000100000000-0x0000000140000000, reserved size: 1073741824
Narrow klass base: 0x0000000000000000, Narrow klass shift: 3, Narrow klass range: 0x140000000

GC Precious Log:
 CPUs: 8 total, 8 available
 Memory: 24382M
 Large Page Support: Disabled
 NUMA Support: Disabled
 Compressed Oops: Enabled (32-bit)
 Heap Region Size: 1M
 Heap Min Capacity: 8M
 Heap Initial Capacity: 382M
 Heap Max Capacity: 2G
 Pre-touch: Disabled
 Parallel Workers: 8
 Concurrent Workers: 2
 Concurrent Refinement Workers: 8
 Periodic GC: Disabled

Heap:
 garbage-first heap   total 71680K, used 58220K [0x0000000080000000, 0x0000000100000000)
  region size 1024K, 28 young (28672K), 4 survivors (4096K)
 Metaspace       used 52029K, committed 52544K, reserved 1114112K
  class space    used 7115K, committed 7360K, reserved 1048576K

Heap Regions: E=young(eden), S=young(survivor), O=old, HS=humongous(starts), HC=humongous(continues), CS=collection set, F=free, OA=open archive, CA=closed archive, TAMS=top-at-mark-start (previous, next)
|   0|0x0000000080000000, 0x0000000080100000, 0x0000000080100000|100%|HS|  |TAMS 0x0000000080100000, 0x0000000080000000| Complete 
|   1|0x0000000080100000, 0x0000000080200000, 0x0000000080200000|100%|HC|  |TAMS 0x0000000080200000, 0x0000000080100000| Complete 
|   2|0x0000000080200000, 0x0000000080300000, 0x0000000080300000|100%|HC|  |TAMS 0x0000000080300000, 0x0000000080200000| Complete 
|   3|0x0000000080300000, 0x0000000080400000, 0x0000000080400000|100%|HC|  |TAMS 0x0000000080400000, 0x0000000080300000| Complete 
|   4|0x0000000080400000, 0x0000000080500000, 0x0000000080500000|100%| O|  |TAMS 0x0000000080500000, 0x0000000080400000| Untracked 
|   5|0x0000000080500000, 0x0000000080600000, 0x0000000080600000|100%| O|  |TAMS 0x0000000080600000, 0x0000000080500000| Untracked 
|   6|0x0000000080600000, 0x0000000080700000, 0x0000000080700000|100%| O|  |TAMS 0x0000000080700000, 0x0000000080600000| Untracked 
|   7|0x0000000080700000, 0x0000000080800000, 0x0000000080800000|100%| O|  |TAMS 0x0000000080800000, 0x0000000080700000| Untracked 
|   8|0x0000000080800000, 0x0000000080900000, 0x0000000080900000|100%| O|  |TAMS 0x0000000080900000, 0x0000000080800000| Untracked 
|   9|0x0000000080900000, 0x0000000080a00000, 0x0000000080a00000|100%| O|  |TAMS 0x0000000080a00000, 0x0000000080900000| Untracked 
|  10|0x0000000080a00000, 0x0000000080b00000, 0x0000000080b00000|100%| O|  |TAMS 0x0000000080a00000, 0x0000000080a00000| Untracked 
|  11|0x0000000080b00000, 0x0000000080c00000, 0x0000000080c00000|100%| O|  |TAMS 0x0000000080c00000, 0x0000000080b00000| Untracked 
|  12|0x0000000080c00000, 0x0000000080d00000, 0x0000000080d00000|100%| O|  |TAMS 0x0000000080d00000, 0x0000000080c00000| Untracked 
|  13|0x0000000080d00000, 0x0000000080e00000, 0x0000000080e00000|100%| O|  |TAMS 0x0000000080e00000, 0x0000000080d00000| Untracked 
|  14|0x0000000080e00000, 0x0000000080e87400, 0x0000000080f00000| 52%| O|  |TAMS 0x0000000080e00000, 0x0000000080e00000| Untracked 
|  15|0x0000000080f00000, 0x0000000081000000, 0x0000000081000000|100%| O|  |TAMS 0x0000000081000000, 0x0000000080f00000| Untracked 
|  16|0x0000000081000000, 0x0000000081100000, 0x0000000081100000|100%| O|  |TAMS 0x0000000081100000, 0x0000000081000000| Untracked 
|  17|0x0000000081100000, 0x0000000081200000, 0x0000000081200000|100%| O|  |TAMS 0x0000000081200000, 0x0000000081100000| Untracked 
|  18|0x0000000081200000, 0x0000000081300000, 0x0000000081300000|100%| O|  |TAMS 0x0000000081300000, 0x0000000081200000| Untracked 
|  19|0x0000000081300000, 0x0000000081400000, 0x0000000081400000|100%| O|  |TAMS 0x0000000081400000, 0x0000000081300000| Untracked 
|  20|0x0000000081400000, 0x0000000081500000, 0x0000000081500000|100%| O|  |TAMS 0x0000000081500000, 0x0000000081400000| Untracked 
|  21|0x0000000081500000, 0x0000000081600000, 0x0000000081600000|100%| O|  |TAMS 0x0000000081527c00, 0x0000000081500000| Untracked 
|  22|0x0000000081600000, 0x0000000081700000, 0x0000000081700000|100%| O|  |TAMS 0x0000000081600000, 0x0000000081600000| Untracked 
|  23|0x0000000081700000, 0x0000000081800000, 0x0000000081800000|100%| O|  |TAMS 0x0000000081700000, 0x0000000081700000| Untracked 
|  24|0x0000000081800000, 0x0000000081900000, 0x0000000081900000|100%| O|  |TAMS 0x0000000081800000, 0x0000000081800000| Untracked 
|  25|0x0000000081900000, 0x0000000081a00000, 0x0000000081a00000|100%| O|  |TAMS 0x0000000081900000, 0x0000000081900000| Untracked 
|  26|0x0000000081a00000, 0x0000000081b00000, 0x0000000081b00000|100%| O|  |TAMS 0x0000000081a00000, 0x0000000081a00000| Untracked 
|  27|0x0000000081b00000, 0x0000000081c00000, 0x0000000081c00000|100%| O|  |TAMS 0x0000000081b00000, 0x0000000081b00000| Untracked 
|  28|0x0000000081c00000, 0x0000000081d00000, 0x0000000081d00000|100%| O|  |TAMS 0x0000000081c00000, 0x0000000081c00000| Untracked 
|  29|0x0000000081d00000, 0x0000000081e00000, 0x0000000081e00000|100%|HS|  |TAMS 0x0000000081d00000, 0x0000000081d00000| Complete 
|  30|0x0000000081e00000, 0x0000000081f00000, 0x0000000081f00000|100%|HS|  |TAMS 0x0000000081e00000, 0x0000000081e00000| Complete 
|  31|0x0000000081f00000, 0x0000000081f00000, 0x0000000082000000|  0%| F|  |TAMS 0x0000000081f00000, 0x0000000081f00000| Untracked 
|  32|0x0000000082000000, 0x0000000082000000, 0x0000000082100000|  0%| F|  |TAMS 0x0000000082000000, 0x0000000082000000| Untracked 
|  33|0x0000000082100000, 0x0000000082100000, 0x0000000082200000|  0%| F|  |TAMS 0x0000000082100000, 0x0000000082100000| Untracked 
|  34|0x0000000082200000, 0x0000000082200000, 0x0000000082300000|  0%| F|  |TAMS 0x0000000082200000, 0x0000000082200000| Untracked 
|  35|0x0000000082300000, 0x0000000082300000, 0x0000000082400000|  0%| F|  |TAMS 0x0000000082300000, 0x0000000082300000| Untracked 
|  36|0x0000000082400000, 0x0000000082400000, 0x0000000082500000|  0%| F|  |TAMS 0x0000000082400000, 0x0000000082400000| Untracked 
|  37|0x0000000082500000, 0x0000000082500000, 0x0000000082600000|  0%| F|  |TAMS 0x0000000082500000, 0x0000000082500000| Untracked 
|  38|0x0000000082600000, 0x0000000082600000, 0x0000000082700000|  0%| F|  |TAMS 0x0000000082600000, 0x0000000082600000| Untracked 
|  39|0x0000000082700000, 0x0000000082700000, 0x0000000082800000|  0%| F|  |TAMS 0x0000000082700000, 0x0000000082700000| Untracked 
|  40|0x0000000082800000, 0x0000000082800000, 0x0000000082900000|  0%| F|  |TAMS 0x0000000082800000, 0x0000000082800000| Untracked 
|  41|0x0000000082900000, 0x0000000082953c00, 0x0000000082a00000| 32%| S|CS|TAMS 0x0000000082900000, 0x0000000082900000| Complete 
|  42|0x0000000082a00000, 0x0000000082b00000, 0x0000000082b00000|100%| S|CS|TAMS 0x0000000082a00000, 0x0000000082a00000| Complete 
|  43|0x0000000082b00000, 0x0000000082b00000, 0x0000000082c00000|  0%| F|  |TAMS 0x0000000082b00000, 0x0000000082b00000| Untracked 
|  44|0x0000000082c00000, 0x0000000082d00000, 0x0000000082d00000|100%| S|CS|TAMS 0x0000000082c00000, 0x0000000082c00000| Complete 
|  45|0x0000000082d00000, 0x0000000082e00000, 0x0000000082e00000|100%| S|CS|TAMS 0x0000000082d00000, 0x0000000082d00000| Complete 
|  46|0x0000000082e00000, 0x0000000082f00000, 0x0000000082f00000|100%| E|CS|TAMS 0x0000000082e00000, 0x0000000082e00000| Complete 
|  47|0x0000000082f00000, 0x0000000083000000, 0x0000000083000000|100%| E|CS|TAMS 0x0000000082f00000, 0x0000000082f00000| Complete 
|  48|0x0000000083000000, 0x0000000083100000, 0x0000000083100000|100%| E|CS|TAMS 0x0000000083000000, 0x0000000083000000| Complete 
|  49|0x0000000083100000, 0x0000000083200000, 0x0000000083200000|100%| E|CS|TAMS 0x0000000083100000, 0x0000000083100000| Complete 
|  50|0x0000000083200000, 0x0000000083300000, 0x0000000083300000|100%| E|CS|TAMS 0x0000000083200000, 0x0000000083200000| Complete 
|  51|0x0000000083300000, 0x0000000083400000, 0x0000000083400000|100%| E|CS|TAMS 0x0000000083300000, 0x0000000083300000| Complete 
|  52|0x0000000083400000, 0x0000000083500000, 0x0000000083500000|100%| E|CS|TAMS 0x0000000083400000, 0x0000000083400000| Complete 
|  53|0x0000000083500000, 0x0000000083600000, 0x0000000083600000|100%| E|CS|TAMS 0x0000000083500000, 0x0000000083500000| Complete 
|  54|0x0000000083600000, 0x0000000083700000, 0x0000000083700000|100%| E|CS|TAMS 0x0000000083600000, 0x0000000083600000| Complete 
|  55|0x0000000083700000, 0x0000000083800000, 0x0000000083800000|100%| E|CS|TAMS 0x0000000083700000, 0x0000000083700000| Complete 
|  56|0x0000000083800000, 0x0000000083900000, 0x0000000083900000|100%| E|CS|TAMS 0x0000000083800000, 0x0000000083800000| Complete 
|  57|0x0000000083900000, 0x0000000083a00000, 0x0000000083a00000|100%| E|CS|TAMS 0x0000000083900000, 0x0000000083900000| Complete 
|  58|0x0000000083a00000, 0x0000000083b00000, 0x0000000083b00000|100%| E|CS|TAMS 0x0000000083a00000, 0x0000000083a00000| Complete 
|  59|0x0000000083b00000, 0x0000000083c00000, 0x0000000083c00000|100%| E|CS|TAMS 0x0000000083b00000, 0x0000000083b00000| Complete 
| 322|0x0000000094200000, 0x0000000094300000, 0x0000000094300000|100%| E|CS|TAMS 0x0000000094200000, 0x0000000094200000| Complete 
| 323|0x0000000094300000, 0x0000000094400000, 0x0000000094400000|100%| E|CS|TAMS 0x0000000094300000, 0x0000000094300000| Complete 
| 324|0x0000000094400000, 0x0000000094500000, 0x0000000094500000|100%| E|CS|TAMS 0x0000000094400000, 0x0000000094400000| Complete 
| 325|0x0000000094500000, 0x0000000094600000, 0x0000000094600000|100%| E|CS|TAMS 0x0000000094500000, 0x0000000094500000| Complete 
| 326|0x0000000094600000, 0x0000000094700000, 0x0000000094700000|100%| E|CS|TAMS 0x0000000094600000, 0x0000000094600000| Complete 
| 327|0x0000000094700000, 0x0000000094800000, 0x0000000094800000|100%| E|CS|TAMS 0x0000000094700000, 0x0000000094700000| Complete 
| 328|0x0000000094800000, 0x0000000094900000, 0x0000000094900000|100%| E|  |TAMS 0x0000000094800000, 0x0000000094800000| Complete 
| 329|0x0000000094900000, 0x0000000094a00000, 0x0000000094a00000|100%| E|CS|TAMS 0x0000000094900000, 0x0000000094900000| Complete 
| 330|0x0000000094a00000, 0x0000000094b00000, 0x0000000094b00000|100%| E|CS|TAMS 0x0000000094a00000, 0x0000000094a00000| Complete 
| 381|0x0000000097d00000, 0x0000000097e00000, 0x0000000097e00000|100%| E|CS|TAMS 0x0000000097d00000, 0x0000000097d00000| Complete 

Card table byte_map: [0x0000018b39280000,0x0000018b39680000] _byte_map_base: 0x0000018b38e80000

Marking Bits (Prev, Next): (CMBitMap*) 0x0000018b266dcf20, (CMBitMap*) 0x0000018b266dcf60
 Prev Bits: [0x0000018b39a80000, 0x0000018b3ba80000)
 Next Bits: [0x0000018b3ba80000, 0x0000018b3da80000)

Polling page: 0x0000018b245b0000

Metaspace:

Usage:
  Non-class:     43.86 MB used.
      Class:      6.95 MB used.
       Both:     50.81 MB used.

Virtual space:
  Non-class space:       64.00 MB reserved,      44.12 MB ( 69%) committed,  1 nodes.
      Class space:        1.00 GB reserved,       7.19 MB ( <1%) committed,  1 nodes.
             Both:        1.06 GB reserved,      51.31 MB (  5%) committed. 

Chunk freelists:
   Non-Class:  3.70 MB
       Class:  8.86 MB
        Both:  12.56 MB

MaxMetaspaceSize: unlimited
CompressedClassSpaceSize: 1.00 GB
Initial GC threshold: 21.00 MB
Current GC threshold: 58.75 MB
CDS: off
MetaspaceReclaimPolicy: balanced
 - commit_granule_bytes: 65536.
 - commit_granule_words: 8192.
 - virtual_space_node_default_size: 8388608.
 - enlarge_chunks_in_place: 1.
 - new_chunks_are_fully_committed: 0.
 - uncommit_free_chunks: 1.
 - use_allocation_guard: 0.
 - handle_deallocations: 1.


Internal statistics:

num_allocs_failed_limit: 6.
num_arena_births: 558.
num_arena_deaths: 0.
num_vsnodes_births: 2.
num_vsnodes_deaths: 0.
num_space_committed: 821.
num_space_uncommitted: 0.
num_chunks_returned_to_freelist: 6.
num_chunks_taken_from_freelist: 2231.
num_chunk_merges: 3.
num_chunk_splits: 1473.
num_chunks_enlarged: 1014.
num_inconsistent_stats: 0.

CodeHeap 'non-profiled nmethods': size=120000Kb used=2955Kb max_used=2955Kb free=117044Kb
 bounds [0x0000018b31620000, 0x0000018b31910000, 0x0000018b38b50000]
CodeHeap 'profiled nmethods': size=120000Kb used=8840Kb max_used=8840Kb free=111159Kb
 bounds [0x0000018b29b50000, 0x0000018b2a400000, 0x0000018b31080000]
CodeHeap 'non-nmethods': size=5760Kb used=1612Kb max_used=1685Kb free=4147Kb
 bounds [0x0000018b31080000, 0x0000018b312f0000, 0x0000018b31620000]
 total_blobs=5008 nmethods=4328 adapters=592
 compilation: enabled
              stopped_count=0, restarted_count=0
 full_count=0

Compilation events (20 events):
Event: 15.221 Thread 0x0000018b46155230 nmethod 4346 0x0000018b318fa410 code [0x0000018b318fa580, 0x0000018b318fa638]
Event: 15.222 Thread 0x0000018b46155230 4345       4       sun.net.util.IPAddressUtil::checkHostString (53 bytes)
Event: 15.228 Thread 0x0000018b46155230 nmethod 4345 0x0000018b318fa790 code [0x0000018b318fa900, 0x0000018b318fa998]
Event: 15.230 Thread 0x0000018b46155230 4347       4       sun.invoke.util.VerifyAccess::isTypeVisible (118 bytes)
Event: 15.253 Thread 0x0000018b405f1600 nmethod 4344 0x0000018b318fab10 code [0x0000018b318facc0, 0x0000018b318fb848]
Event: 15.257 Thread 0x0000018b46155230 nmethod 4347 0x0000018b318fbc90 code [0x0000018b318fbe60, 0x0000018b318fc1e8]
Event: 15.259 Thread 0x0000018b46155230 4348       4       jdk.internal.org.objectweb.asm.ClassReader::readUtf (161 bytes)
Event: 15.284 Thread 0x0000018b46155230 nmethod 4348 0x0000018b318fc690 code [0x0000018b318fc820, 0x0000018b318fcfd8]
Event: 15.311 Thread 0x0000018b405f1600 4349       4       java.util.regex.Pattern::peek (26 bytes)
Event: 15.311 Thread 0x0000018b46155230 4350       4       java.util.regex.Pattern::compile (500 bytes)
Event: 15.312 Thread 0x0000018b405fafe0 4351       3       java.util.regex.Pattern::range (294 bytes)
Event: 15.314 Thread 0x0000018b405f1600 nmethod 4349 0x0000018b318fd390 code [0x0000018b318fd500, 0x0000018b318fd5d8]
Event: 15.315 Thread 0x0000018b405fafe0 nmethod 4351 0x0000018b2a3ef490 code [0x0000018b2a3ef8c0, 0x0000018b2a3f1118]
Event: 15.332 Thread 0x0000018b405fafe0 4352       3       java.util.regex.Pattern::qtype (39 bytes)
Event: 15.332 Thread 0x0000018b405fafe0 nmethod 4352 0x0000018b2a3f1990 code [0x0000018b2a3f1b60, 0x0000018b2a3f1de8]
Event: 15.339 Thread 0x0000018b405fafe0 4353       3       com.google.common.cache.LocalCache$AbstractReferenceEntry::<init> (5 bytes)
Event: 15.339 Thread 0x0000018b405fafe0 nmethod 4353 0x0000018b2a3f1f10 code [0x0000018b2a3f20a0, 0x0000018b2a3f21f8]
Event: 15.341 Thread 0x0000018b405f1600 4354       4       java.util.Objects::checkFromIndexSize (8 bytes)
Event: 15.342 Thread 0x0000018b405f1600 nmethod 4354 0x0000018b318fd710 code [0x0000018b318fd880, 0x0000018b318fd938]
Event: 15.347 Thread 0x0000018b405f1600 4355       4       jdk.internal.org.objectweb.asm.Type::getArgumentsAndReturnSizes (140 bytes)

GC Heap History (20 events):
Event: 7.717 GC heap before
{Heap before GC invocations=4 (full 0):
 garbage-first heap   total 71680K, used 52443K [0x0000000080000000, 0x0000000100000000)
  region size 1024K, 42 young (43008K), 9 survivors (9216K)
 Metaspace       used 26409K, committed 26688K, reserved 1114112K
  class space    used 3393K, committed 3520K, reserved 1048576K
}
Event: 7.727 GC heap after
{Heap after GC invocations=5 (full 0):
 garbage-first heap   total 71680K, used 20825K [0x0000000080000000, 0x0000000100000000)
  region size 1024K, 2 young (2048K), 2 survivors (2048K)
 Metaspace       used 26409K, committed 26688K, reserved 1114112K
  class space    used 3393K, committed 3520K, reserved 1048576K
}
Event: 7.759 GC heap before
{Heap before GC invocations=5 (full 0):
 garbage-first heap   total 71680K, used 21849K [0x0000000080000000, 0x0000000100000000)
  region size 1024K, 3 young (3072K), 2 survivors (2048K)
 Metaspace       used 26563K, committed 26816K, reserved 1114112K
  class space    used 3421K, committed 3520K, reserved 1048576K
}
Event: 7.763 GC heap after
{Heap after GC invocations=6 (full 0):
 garbage-first heap   total 71680K, used 21022K [0x0000000080000000, 0x0000000100000000)
  region size 1024K, 1 young (1024K), 1 survivors (1024K)
 Metaspace       used 26563K, committed 26816K, reserved 1114112K
  class space    used 3421K, committed 3520K, reserved 1048576K
}
Event: 8.963 GC heap before
{Heap before GC invocations=6 (full 0):
 garbage-first heap   total 71680K, used 49694K [0x0000000080000000, 0x0000000100000000)
  region size 1024K, 29 young (29696K), 1 survivors (1024K)
 Metaspace       used 30504K, committed 30720K, reserved 1114112K
  class space    used 4071K, committed 4160K, reserved 1048576K
}
Event: 8.967 GC heap after
{Heap after GC invocations=7 (full 0):
 garbage-first heap   total 71680K, used 22379K [0x0000000080000000, 0x0000000100000000)
  region size 1024K, 2 young (2048K), 2 survivors (2048K)
 Metaspace       used 30504K, committed 30720K, reserved 1114112K
  class space    used 4071K, committed 4160K, reserved 1048576K
}
Event: 10.066 GC heap before
{Heap before GC invocations=7 (full 0):
 garbage-first heap   total 71680K, used 52075K [0x0000000080000000, 0x0000000100000000)
  region size 1024K, 31 young (31744K), 2 survivors (2048K)
 Metaspace       used 34131K, committed 34496K, reserved 1114112K
  class space    used 4675K, committed 4864K, reserved 1048576K
}
Event: 10.071 GC heap after
{Heap after GC invocations=8 (full 0):
 garbage-first heap   total 71680K, used 23685K [0x0000000080000000, 0x0000000100000000)
  region size 1024K, 3 young (3072K), 3 survivors (3072K)
 Metaspace       used 34131K, committed 34496K, reserved 1114112K
  class space    used 4675K, committed 4864K, reserved 1048576K
}
Event: 10.372 GC heap before
{Heap before GC invocations=8 (full 0):
 garbage-first heap   total 71680K, used 30853K [0x0000000080000000, 0x0000000100000000)
  region size 1024K, 11 young (11264K), 3 survivors (3072K)
 Metaspace       used 35635K, committed 35968K, reserved 1114112K
  class space    used 4879K, committed 5056K, reserved 1048576K
}
Event: 10.377 GC heap after
{Heap after GC invocations=9 (full 0):
 garbage-first heap   total 71680K, used 24121K [0x0000000080000000, 0x0000000100000000)
  region size 1024K, 2 young (2048K), 2 survivors (2048K)
 Metaspace       used 35635K, committed 35968K, reserved 1114112K
  class space    used 4879K, committed 5056K, reserved 1048576K
}
Event: 11.809 GC heap before
{Heap before GC invocations=10 (full 0):
 garbage-first heap   total 71680K, used 54841K [0x0000000080000000, 0x0000000100000000)
  region size 1024K, 33 young (33792K), 2 survivors (2048K)
 Metaspace       used 40802K, committed 41152K, reserved 1114112K
  class space    used 5418K, committed 5568K, reserved 1048576K
}
Event: 11.818 GC heap after
{Heap after GC invocations=11 (full 0):
 garbage-first heap   total 71680K, used 28120K [0x0000000080000000, 0x0000000100000000)
  region size 1024K, 5 young (5120K), 5 survivors (5120K)
 Metaspace       used 40802K, committed 41152K, reserved 1114112K
  class space    used 5418K, committed 5568K, reserved 1048576K
}
Event: 11.827 GC heap before
{Heap before GC invocations=11 (full 0):
 garbage-first heap   total 71680K, used 29144K [0x0000000080000000, 0x0000000100000000)
  region size 1024K, 6 young (6144K), 5 survivors (5120K)
 Metaspace       used 40803K, committed 41152K, reserved 1114112K
  class space    used 5418K, committed 5568K, reserved 1048576K
}
Event: 11.834 GC heap after
{Heap after GC invocations=12 (full 0):
 garbage-first heap   total 71680K, used 28595K [0x0000000080000000, 0x0000000100000000)
  region size 1024K, 1 young (1024K), 1 survivors (1024K)
 Metaspace       used 40803K, committed 41152K, reserved 1114112K
  class space    used 5418K, committed 5568K, reserved 1048576K
}
Event: 12.387 GC heap before
{Heap before GC invocations=12 (full 0):
 garbage-first heap   total 71680K, used 54195K [0x0000000080000000, 0x0000000100000000)
  region size 1024K, 27 young (27648K), 1 survivors (1024K)
 Metaspace       used 42244K, committed 42624K, reserved 1114112K
  class space    used 5630K, committed 5824K, reserved 1048576K
}
Event: 12.392 GC heap after
{Heap after GC invocations=13 (full 0):
 garbage-first heap   total 71680K, used 29293K [0x0000000080000000, 0x0000000100000000)
  region size 1024K, 2 young (2048K), 2 survivors (2048K)
 Metaspace       used 42244K, committed 42624K, reserved 1114112K
  class space    used 5630K, committed 5824K, reserved 1048576K
}
Event: 13.474 GC heap before
{Heap before GC invocations=13 (full 0):
 garbage-first heap   total 71680K, used 54893K [0x0000000080000000, 0x0000000100000000)
  region size 1024K, 28 young (28672K), 2 survivors (2048K)
 Metaspace       used 45576K, committed 46016K, reserved 1114112K
  class space    used 6206K, committed 6400K, reserved 1048576K
}
Event: 13.480 GC heap after
{Heap after GC invocations=14 (full 0):
 garbage-first heap   total 71680K, used 31316K [0x0000000080000000, 0x0000000100000000)
  region size 1024K, 4 young (4096K), 4 survivors (4096K)
 Metaspace       used 45576K, committed 46016K, reserved 1114112K
  class space    used 6206K, committed 6400K, reserved 1048576K
}
Event: 14.415 GC heap before
{Heap before GC invocations=14 (full 0):
 garbage-first heap   total 71680K, used 55892K [0x0000000080000000, 0x0000000100000000)
  region size 1024K, 28 young (28672K), 4 survivors (4096K)
 Metaspace       used 48638K, committed 49024K, reserved 1114112K
  class space    used 6717K, committed 6912K, reserved 1048576K
}
Event: 14.421 GC heap after
{Heap after GC invocations=15 (full 0):
 garbage-first heap   total 71680K, used 32620K [0x0000000080000000, 0x0000000100000000)
  region size 1024K, 4 young (4096K), 4 survivors (4096K)
 Metaspace       used 48638K, committed 49024K, reserved 1114112K
  class space    used 6717K, committed 6912K, reserved 1048576K
}

Dll operation events (3 events):
Event: 0.017 Loaded shared library C:\Program Files\Android\Android Studio\jbr\bin\java.dll
Event: 0.276 Loaded shared library C:\Program Files\Android\Android Studio\jbr\bin\zip.dll
Event: 0.928 Loaded shared library C:\Program Files\Android\Android Studio\jbr\bin\verify.dll

Deoptimization events (20 events):
Event: 14.988 Thread 0x0000018b45237480 DEOPT PACKING pc=0x0000018b31786174 sp=0x00000068ee9f9930
Event: 14.988 Thread 0x0000018b45237480 DEOPT UNPACKING pc=0x0000018b310d69a3 sp=0x00000068ee9f98d8 mode 2
Event: 14.989 Thread 0x0000018b45237480 Uncommon trap: trap_request=0xffffffc6 fr.pc=0x0000018b31786174 relative=0x0000000000000234
Event: 14.989 Thread 0x0000018b45237480 Uncommon trap: reason=bimorphic_or_optimized_type_check action=maybe_recompile pc=0x0000018b31786174 method=com.google.common.base.CharMatcher.indexIn(Ljava/lang/CharSequence;I)I @ 31 c2
Event: 14.989 Thread 0x0000018b45237480 DEOPT PACKING pc=0x0000018b31786174 sp=0x00000068ee9f9930
Event: 14.989 Thread 0x0000018b45237480 DEOPT UNPACKING pc=0x0000018b310d69a3 sp=0x00000068ee9f98d8 mode 2
Event: 14.989 Thread 0x0000018b45237480 Uncommon trap: trap_request=0xffffffc6 fr.pc=0x0000018b31786174 relative=0x0000000000000234
Event: 14.989 Thread 0x0000018b45237480 Uncommon trap: reason=bimorphic_or_optimized_type_check action=maybe_recompile pc=0x0000018b31786174 method=com.google.common.base.CharMatcher.indexIn(Ljava/lang/CharSequence;I)I @ 31 c2
Event: 14.989 Thread 0x0000018b45237480 DEOPT PACKING pc=0x0000018b31786174 sp=0x00000068ee9f9930
Event: 14.989 Thread 0x0000018b45237480 DEOPT UNPACKING pc=0x0000018b310d69a3 sp=0x00000068ee9f98d8 mode 2
Event: 14.989 Thread 0x0000018b45237480 Uncommon trap: trap_request=0xffffffc6 fr.pc=0x0000018b31786174 relative=0x0000000000000234
Event: 14.989 Thread 0x0000018b45237480 Uncommon trap: reason=bimorphic_or_optimized_type_check action=maybe_recompile pc=0x0000018b31786174 method=com.google.common.base.CharMatcher.indexIn(Ljava/lang/CharSequence;I)I @ 31 c2
Event: 14.989 Thread 0x0000018b45237480 DEOPT PACKING pc=0x0000018b31786174 sp=0x00000068ee9f9930
Event: 14.989 Thread 0x0000018b45237480 DEOPT UNPACKING pc=0x0000018b310d69a3 sp=0x00000068ee9f98d8 mode 2
Event: 15.076 Thread 0x0000018b45237480 Uncommon trap: trap_request=0xffffffcc fr.pc=0x0000018b318e40e4 relative=0x0000000000000344
Event: 15.076 Thread 0x0000018b45237480 Uncommon trap: reason=intrinsic_or_type_checked_inlining action=make_not_entrant pc=0x0000018b318e40e4 method=java.util.Arrays.copyOf([Ljava/lang/Object;ILjava/lang/Class;)[Ljava/lang/Object; @ 35 c2
Event: 15.077 Thread 0x0000018b45237480 DEOPT PACKING pc=0x0000018b318e40e4 sp=0x00000068ee9f83d0
Event: 15.077 Thread 0x0000018b45237480 DEOPT UNPACKING pc=0x0000018b310d69a3 sp=0x00000068ee9f8360 mode 2
Event: 15.259 Thread 0x0000018b45237480 DEOPT PACKING pc=0x0000018b29ef621b sp=0x00000068ee9f6a70
Event: 15.259 Thread 0x0000018b45237480 DEOPT UNPACKING pc=0x0000018b310d7143 sp=0x00000068ee9f5ee0 mode 0

Classes unloaded (0 events):
No events

Classes redefined (0 events):
No events

Internal exceptions (20 events):
Event: 12.924 Thread 0x0000018b45237480 Exception <a 'java/lang/NoSuchMethodError'{0x00000000942a2428}: 'java.lang.Object java.lang.invoke.DirectMethodHandle$Holder.newInvokeSpecial(java.lang.Object, java.lang.Object, java.lang.Object, java.lang.Object, int)'> (0x00000000942a2428) 
thrown [s\src\hotspot\share\interpreter\linkResolver.cpp, line 771]
Event: 12.925 Thread 0x0000018b45237480 Exception <a 'java/lang/NoSuchMethodError'{0x00000000942a74a8}: 'java.lang.Object java.lang.invoke.DirectMethodHandle$Holder.invokeSpecial(java.lang.Object, java.lang.Object, java.lang.Object, java.lang.Object, java.lang.Object, int)'> (0x00000000942a74a8) 
thrown [s\src\hotspot\share\interpreter\linkResolver.cpp, line 771]
Event: 12.926 Thread 0x0000018b45237480 Exception <a 'java/lang/NoSuchMethodError'{0x00000000942abed8}: 'java.lang.Object java.lang.invoke.Invokers$Holder.linkToTargetMethod(java.lang.Object, java.lang.Object, java.lang.Object, int, java.lang.Object)'> (0x00000000942abed8) 
thrown [s\src\hotspot\share\interpreter\linkResolver.cpp, line 771]
Event: 12.980 Thread 0x0000018b45237480 Exception <a 'java/lang/NoSuchMethodError'{0x0000000083a7f918}: 'int java.lang.invoke.DirectMethodHandle$Holder.invokeInterface(java.lang.Object, java.lang.Object, java.lang.Object, java.lang.Object)'> (0x0000000083a7f918) 
thrown [s\src\hotspot\share\interpreter\linkResolver.cpp, line 771]
Event: 13.189 Thread 0x0000018b45237480 Implicit null exception at 0x0000018b317b0eec to 0x0000018b317b0fa0
Event: 13.385 Thread 0x0000018b45237480 Exception <a 'java/lang/NoSuchMethodError'{0x0000000082d25630}: 'void java.lang.invoke.DirectMethodHandle$Holder.invokeInterface(java.lang.Object, java.lang.Object)'> (0x0000000082d25630) 
thrown [s\src\hotspot\share\interpreter\linkResolver.cpp, line 771]
Event: 13.388 Thread 0x0000018b45237480 Exception <a 'java/lang/IncompatibleClassChangeError'{0x0000000082d30a60}: Found class java.lang.Object, but interface was expected> (0x0000000082d30a60) 
thrown [s\src\hotspot\share\interpreter\linkResolver.cpp, line 838]
Event: 13.515 Thread 0x0000018b45237480 Exception <a 'java/lang/NoSuchMethodError'{0x0000000097dc0588}: 'java.lang.Object java.lang.invoke.DirectMethodHandle$Holder.newInvokeSpecial(java.lang.Object, int, java.lang.Object)'> (0x0000000097dc0588) 
thrown [s\src\hotspot\share\interpreter\linkResolver.cpp, line 771]
Event: 14.013 Thread 0x0000018b452392e0 Exception <a 'java/lang/NoSuchMethodError'{0x0000000083600ac8}: static Lorg/gradle/internal/build/event/types/DefaultOperationStartedProgressEvent;.<clinit>()V> (0x0000000083600ac8) 
thrown [s\src\hotspot\share\prims\jni.cpp, line 1108]
Event: 14.014 Thread 0x0000018b452392e0 Exception <a 'java/lang/NoSuchMethodError'{0x0000000083603e10}: static Lorg/gradle/internal/build/event/types/AbstractProgressEvent;.<clinit>()V> (0x0000000083603e10) 
thrown [s\src\hotspot\share\prims\jni.cpp, line 1108]
Event: 14.017 Thread 0x0000018b452392e0 Exception <a 'java/lang/NoSuchMethodError'{0x0000000083618df8}: static Lorg/gradle/internal/build/event/types/DefaultProjectConfigurationDescriptor;.<clinit>()V> (0x0000000083618df8) 
thrown [s\src\hotspot\share\prims\jni.cpp, line 1108]
Event: 14.017 Thread 0x0000018b452392e0 Exception <a 'java/lang/NoSuchMethodError'{0x000000008361bb00}: static Lorg/gradle/internal/build/event/types/DefaultOperationDescriptor;.<clinit>()V> (0x000000008361bb00) 
thrown [s\src\hotspot\share\prims\jni.cpp, line 1108]
Event: 14.022 Thread 0x0000018b452392e0 Exception <a 'java/lang/NoSuchMethodError'{0x0000000083636fe0}: static Lorg/gradle/internal/operations/OperationIdentifier;.<clinit>()V> (0x0000000083636fe0) 
thrown [s\src\hotspot\share\prims\jni.cpp, line 1108]
Event: 14.286 Thread 0x0000018b45237480 Exception <a 'java/lang/NoSuchMethodError'{0x00000000831fc4c0}: 'long java.lang.invoke.DirectMethodHandle$Holder.invokeStatic(java.lang.Object, long)'> (0x00000000831fc4c0) 
thrown [s\src\hotspot\share\interpreter\linkResolver.cpp, line 771]
Event: 14.801 Thread 0x0000018b45237480 Exception <a 'java/lang/NoSuchMethodError'{0x0000000094306878}: 'java.lang.Object java.lang.invoke.DirectMethodHandle$Holder.invokeSpecial(java.lang.Object, java.lang.Object, java.lang.Object, java.lang.Object, java.lang.Object, java.lang.Object, java.lang.Object, java.lang.Object, java.lang.Object, java.lang.Object, java.lang.Object, java.lang.Object, java.lang.Object, java.lang.Object, java.lang.Object, java.lang.Object, java.lang.Object, java.lang.Object, java.lang.Object, java.lang.Object, java.lang.Ob
Event: 14.802 Thread 0x0000018b45237480 Exception <a 'java/lang/NoSuchMethodError'{0x000000009430c988}: 'java.lang.Object java.lang.invoke.DelegatingMethodHandle$Holder.reinvoke_L(java.lang.Object, java.lang.Object, java.lang.Object, java.lang.Object, java.lang.Object, java.lang.Object, java.lang.Object, java.lang.Object, java.lang.Object, java.lang.Object, java.lang.Object, java.lang.Object, java.lang.Object, java.lang.Object, java.lang.Object, java.lang.Object, java.lang.Object, java.lang.Object, java.lang.Object, java.lang.Object, java.lang.O
Event: 14.803 Thread 0x0000018b45237480 Exception <a 'java/lang/NoSuchMethodError'{0x00000000943180a0}: 'java.lang.Object java.lang.invoke.Invokers$Holder.invoker(java.lang.Object, java.lang.Object, java.lang.Object, java.lang.Object, java.lang.Object, java.lang.Object, java.lang.Object, java.lang.Object, java.lang.Object, java.lang.Object, java.lang.Object, java.lang.Object, java.lang.Object, java.lang.Object, java.lang.Object, java.lang.Object, java.lang.Object, java.lang.Object, java.lang.Object, java.lang.Object, java.lang.Object, java.lang.
Event: 14.804 Thread 0x0000018b45237480 Exception <a 'java/lang/NoSuchMethodError'{0x000000009431eb00}: 'java.lang.Object java.lang.invoke.DelegatingMethodHandle$Holder.delegate(java.lang.Object, java.lang.Object, java.lang.Object, java.lang.Object, java.lang.Object, java.lang.Object, java.lang.Object, java.lang.Object, java.lang.Object, java.lang.Object, java.lang.Object, java.lang.Object, java.lang.Object, java.lang.Object, java.lang.Object, java.lang.Object, java.lang.Object, java.lang.Object, java.lang.Object, java.lang.Object, java.lang.Obj
Event: 14.824 Thread 0x0000018b45237480 Exception <a 'java/lang/NoSuchMethodError'{0x00000000943e0428}: 'java.lang.Object java.lang.invoke.DirectMethodHandle$Holder.invokeStatic(java.lang.Object, java.lang.Object, java.lang.Object, java.lang.Object, java.lang.Object, java.lang.Object, java.lang.Object, java.lang.Object, java.lang.Object, java.lang.Object, java.lang.Object, java.lang.Object, java.lang.Object, java.lang.Object, java.lang.Object, java.lang.Object, java.lang.Object, java.lang.Object, java.lang.Object, java.lang.Object, java.lang.Obj
Event: 15.343 Thread 0x0000018b45237480 Exception <a 'java/lang/NoSuchMethodError'{0x0000000082f78978}: 'int java.lang.invoke.DirectMethodHandle$Holder.invokeSpecialIFC(java.lang.Object, java.lang.Object, java.lang.Object)'> (0x0000000082f78978) 
thrown [s\src\hotspot\share\interpreter\linkResolver.cpp, line 771]

VM Operations (20 events):
Event: 12.376 Executing VM operation: HandshakeAllThreads
Event: 12.377 Executing VM operation: HandshakeAllThreads done
Event: 12.387 Executing VM operation: G1CollectForAllocation
Event: 12.392 Executing VM operation: G1CollectForAllocation done
Event: 12.490 Executing VM operation: HandshakeAllThreads
Event: 12.490 Executing VM operation: HandshakeAllThreads done
Event: 12.966 Executing VM operation: HandshakeAllThreads
Event: 12.966 Executing VM operation: HandshakeAllThreads done
Event: 12.972 Executing VM operation: HandshakeAllThreads
Event: 12.972 Executing VM operation: HandshakeAllThreads done
Event: 12.977 Executing VM operation: HandshakeAllThreads
Event: 12.977 Executing VM operation: HandshakeAllThreads done
Event: 13.118 Executing VM operation: HandshakeAllThreads
Event: 13.118 Executing VM operation: HandshakeAllThreads done
Event: 13.474 Executing VM operation: G1CollectForAllocation
Event: 13.480 Executing VM operation: G1CollectForAllocation done
Event: 13.907 Executing VM operation: HandshakeAllThreads
Event: 13.907 Executing VM operation: HandshakeAllThreads done
Event: 14.415 Executing VM operation: G1CollectForAllocation
Event: 14.422 Executing VM operation: G1CollectForAllocation done

Events (20 events):
Event: 14.682 loading class javax/naming/NamingException done
Event: 14.682 loading class javax/naming/InvalidNameException
Event: 14.682 loading class javax/naming/InvalidNameException done
Event: 14.682 loading class java/security/cert/CertificateParsingException
Event: 14.682 loading class java/security/cert/CertificateException
Event: 14.682 loading class java/security/cert/CertificateException done
Event: 14.682 loading class java/security/cert/CertificateParsingException done
Event: 14.781 loading class java/util/Collections$SingletonMap
Event: 14.782 loading class java/util/Collections$SingletonMap done
Event: 14.793 Thread 0x0000018b48fd4070 Thread added: 0x0000018b48fd4070
Event: 14.821 loading class java/lang/invoke/BoundMethodHandle$Species_LLLLLLLLLLLLLLLLLLLLLLL
Event: 14.821 loading class java/lang/invoke/BoundMethodHandle$Species_LLLLLLLLLLLLLLLLLLLLLLL done
Event: 14.958 Thread 0x0000018b48fd8240 Thread added: 0x0000018b48fd8240
Event: 14.960 Thread 0x0000018b48fd2c30 Thread added: 0x0000018b48fd2c30
Event: 15.086 loading class java/io/DeleteOnExitHook
Event: 15.087 loading class java/io/DeleteOnExitHook done
Event: 15.087 loading class java/io/DeleteOnExitHook$1
Event: 15.087 loading class java/io/DeleteOnExitHook$1 done
Event: 15.360 loading class java/util/concurrent/LinkedBlockingDeque$Itr
Event: 15.360 loading class java/util/concurrent/LinkedBlockingDeque$AbstractItr


Dynamic libraries:
0x00007ff62d920000 - 0x00007ff62d92a000 	C:\Program Files\Android\Android Studio\jbr\bin\java.exe
0x00007ffc59450000 - 0x00007ffc59666000 	C:\Windows\SYSTEM32\ntdll.dll
0x00007ffc19230000 - 0x00007ffc19249000 	C:\Program Files\Avast Software\Avast\aswhook.dll
0x00007ffc57280000 - 0x00007ffc57344000 	C:\Windows\System32\KERNEL32.DLL
0x00007ffc56ab0000 - 0x00007ffc56e56000 	C:\Windows\System32\KERNELBASE.dll
0x00007ffc568a0000 - 0x00007ffc569b1000 	C:\Windows\System32\ucrtbase.dll
0x00007ffc32f90000 - 0x00007ffc32fa7000 	C:\Program Files\Android\Android Studio\jbr\bin\jli.dll
0x00007ffc400d0000 - 0x00007ffc400eb000 	C:\Program Files\Android\Android Studio\jbr\bin\VCRUNTIME140.dll
0x00007ffc573d0000 - 0x00007ffc5757d000 	C:\Windows\System32\USER32.dll
0x00007ffc569c0000 - 0x00007ffc569e6000 	C:\Windows\System32\win32u.dll
0x00007ffc3ecb0000 - 0x00007ffc3ef43000 	C:\Windows\WinSxS\amd64_microsoft.windows.common-controls_6595b64144ccf1df_6.0.22621.3235_none_270f74e173860f98\COMCTL32.dll
0x00007ffc575e0000 - 0x00007ffc57609000 	C:\Windows\System32\GDI32.dll
0x00007ffc58210000 - 0x00007ffc582b7000 	C:\Windows\System32\msvcrt.dll
0x00007ffc56e90000 - 0x00007ffc56fa8000 	C:\Windows\System32\gdi32full.dll
0x00007ffc56790000 - 0x00007ffc5682a000 	C:\Windows\System32\msvcp_win.dll
0x00007ffc59230000 - 0x00007ffc59261000 	C:\Windows\System32\IMM32.DLL
0x00007ffc40110000 - 0x00007ffc4011c000 	C:\Program Files\Android\Android Studio\jbr\bin\vcruntime140_1.dll
0x00007ffc03410000 - 0x00007ffc0349d000 	C:\Program Files\Android\Android Studio\jbr\bin\msvcp140.dll
0x00007ffbc07d0000 - 0x00007ffbc1453000 	C:\Program Files\Android\Android Studio\jbr\bin\server\jvm.dll
0x00007ffc584c0000 - 0x00007ffc58572000 	C:\Windows\System32\ADVAPI32.dll
0x00007ffc58ba0000 - 0x00007ffc58c48000 	C:\Windows\System32\sechost.dll
0x00007ffc56e60000 - 0x00007ffc56e88000 	C:\Windows\System32\bcrypt.dll
0x00007ffc58030000 - 0x00007ffc58145000 	C:\Windows\System32\RPCRT4.dll
0x00007ffc4e160000 - 0x00007ffc4e194000 	C:\Windows\SYSTEM32\WINMM.dll
0x00007ffc45ff0000 - 0x00007ffc45ffa000 	C:\Windows\SYSTEM32\VERSION.dll
0x00007ffc38610000 - 0x00007ffc38619000 	C:\Windows\SYSTEM32\WSOCK32.dll
0x00007ffc56660000 - 0x00007ffc566ad000 	C:\Windows\SYSTEM32\POWRPROF.dll
0x00007ffc57350000 - 0x00007ffc573c1000 	C:\Windows\System32\WS2_32.dll
0x00007ffc56640000 - 0x00007ffc56653000 	C:\Windows\SYSTEM32\UMPDC.dll
0x00007ffc55790000 - 0x00007ffc557a8000 	C:\Windows\SYSTEM32\kernel.appcore.dll
0x00007ffc53440000 - 0x00007ffc5344a000 	C:\Program Files\Android\Android Studio\jbr\bin\jimage.dll
0x00007ffc53830000 - 0x00007ffc53a63000 	C:\Windows\SYSTEM32\DBGHELP.DLL
0x00007ffc58650000 - 0x00007ffc589d8000 	C:\Windows\System32\combase.dll
0x00007ffc571a0000 - 0x00007ffc57277000 	C:\Windows\System32\OLEAUT32.dll
0x00007ffc462e0000 - 0x00007ffc46312000 	C:\Windows\SYSTEM32\dbgcore.DLL
0x00007ffc57120000 - 0x00007ffc5719a000 	C:\Windows\System32\bcryptPrimitives.dll
0x00007ffc3cbb0000 - 0x00007ffc3cbbe000 	C:\Program Files\Android\Android Studio\jbr\bin\instrument.dll
0x00007ffc3dc20000 - 0x00007ffc3dc45000 	C:\Program Files\Android\Android Studio\jbr\bin\java.dll
0x00007ffc500e0000 - 0x00007ffc500f8000 	C:\Program Files\Android\Android Studio\jbr\bin\zip.dll
0x00007ffc57710000 - 0x00007ffc57f6d000 	C:\Windows\System32\SHELL32.dll
0x00007ffc54670000 - 0x00007ffc54f68000 	C:\Windows\SYSTEM32\windows.storage.dll
0x00007ffc54530000 - 0x00007ffc5466e000 	C:\Windows\SYSTEM32\wintypes.dll
0x00007ffc57610000 - 0x00007ffc57703000 	C:\Windows\System32\SHCORE.dll
0x00007ffc57fd0000 - 0x00007ffc5802e000 	C:\Windows\System32\shlwapi.dll
0x00007ffc566c0000 - 0x00007ffc566e6000 	C:\Windows\SYSTEM32\profapi.dll
0x00007ffc400b0000 - 0x00007ffc400c9000 	C:\Program Files\Android\Android Studio\jbr\bin\net.dll
0x00007ffc4e390000 - 0x00007ffc4e4c7000 	C:\Windows\SYSTEM32\WINHTTP.dll
0x00007ffc55c00000 - 0x00007ffc55c69000 	C:\Windows\system32\mswsock.dll
0x00007ffc3dc00000 - 0x00007ffc3dc16000 	C:\Program Files\Android\Android Studio\jbr\bin\nio.dll
0x00007ffc51940000 - 0x00007ffc51950000 	C:\Program Files\Android\Android Studio\jbr\bin\verify.dll
0x00007ffc40120000 - 0x00007ffc40147000 	C:\Users\limit\.gradle\native\c067742578af261105cb4f569cf0c3c89f3d7b1fecec35dd04571415982c5e48\windows-amd64\native-platform.dll
0x00007ffc03000000 - 0x00007ffc03144000 	C:\Users\limit\.gradle\native\38dada09dfb8b06ba9b0570ebf7e218e3eb74d4ef43ca46872605cf95ebc2f47\windows-amd64\native-platform-file-events.dll
0x00007ffc3dbe0000 - 0x00007ffc3dbe9000 	C:\Program Files\Android\Android Studio\jbr\bin\management.dll
0x00007ffc3cbc0000 - 0x00007ffc3cbcb000 	C:\Program Files\Android\Android Studio\jbr\bin\management_ext.dll
0x00007ffc58170000 - 0x00007ffc58178000 	C:\Windows\System32\PSAPI.DLL
0x00007ffc55f50000 - 0x00007ffc55f6b000 	C:\Windows\SYSTEM32\CRYPTSP.dll
0x00007ffc556f0000 - 0x00007ffc55725000 	C:\Windows\system32\rsaenh.dll
0x00007ffc55ca0000 - 0x00007ffc55ccc000 	C:\Windows\SYSTEM32\USERENV.dll
0x00007ffc55f30000 - 0x00007ffc55f3c000 	C:\Windows\SYSTEM32\CRYPTBASE.dll
0x00007ffc551d0000 - 0x00007ffc551fd000 	C:\Windows\SYSTEM32\IPHLPAPI.DLL
0x00007ffc58200000 - 0x00007ffc58209000 	C:\Windows\System32\NSI.dll
0x00007ffc4e140000 - 0x00007ffc4e159000 	C:\Windows\SYSTEM32\dhcpcsvc6.DLL
0x00007ffc4de40000 - 0x00007ffc4de5f000 	C:\Windows\SYSTEM32\dhcpcsvc.DLL
0x00007ffc55240000 - 0x00007ffc55339000 	C:\Windows\SYSTEM32\DNSAPI.dll
0x00007ffc3dbf0000 - 0x00007ffc3dbf9000 	C:\Program Files\Android\Android Studio\jbr\bin\extnet.dll
0x00007ffc517a0000 - 0x00007ffc517a8000 	C:\Windows\system32\wshunix.dll

dbghelp: loaded successfully - version: 4.0.5 - missing functions: none
symbol engine: initialized successfully - sym options: 0x614 - pdb path: .;C:\Program Files\Android\Android Studio\jbr\bin;C:\Windows\SYSTEM32;C:\Program Files\Avast Software\Avast;C:\Windows\WinSxS\amd64_microsoft.windows.common-controls_6595b64144ccf1df_6.0.22621.3235_none_270f74e173860f98;C:\Program Files\Android\Android Studio\jbr\bin\server;C:\Users\limit\.gradle\native\c067742578af261105cb4f569cf0c3c89f3d7b1fecec35dd04571415982c5e48\windows-amd64;C:\Users\limit\.gradle\native\38dada09dfb8b06ba9b0570ebf7e218e3eb74d4ef43ca46872605cf95ebc2f47\windows-amd64

VM Arguments:
jvm_args: --add-opens=java.base/java.util=ALL-UNNAMED --add-opens=java.base/java.lang=ALL-UNNAMED --add-opens=java.base/java.lang.invoke=ALL-UNNAMED --add-opens=java.prefs/java.util.prefs=ALL-UNNAMED --add-opens=java.base/java.nio.charset=ALL-UNNAMED --add-opens=java.base/java.net=ALL-UNNAMED --add-opens=java.base/java.util.concurrent.atomic=ALL-UNNAMED -Xmx2048m -Dfile.encoding=UTF-8 -Duser.country=US -Duser.language=en -Duser.variant -javaagent:C:\Users\limit\.gradle\wrapper\dists\gradle-8.6-bin\afr5mpiioh2wthjmwnkmdsd5w\gradle-8.6\lib\agents\gradle-instrumentation-agent-8.6.jar 
java_command: org.gradle.launcher.daemon.bootstrap.GradleDaemon 8.6
java_class_path (initial): C:\Users\limit\.gradle\wrapper\dists\gradle-8.6-bin\afr5mpiioh2wthjmwnkmdsd5w\gradle-8.6\lib\gradle-launcher-8.6.jar
Launcher Type: SUN_STANDARD

[Global flags]
     intx CICompilerCount                          = 4                                         {product} {ergonomic}
     uint ConcGCThreads                            = 2                                         {product} {ergonomic}
     uint G1ConcRefinementThreads                  = 8                                         {product} {ergonomic}
   size_t G1HeapRegionSize                         = 1048576                                   {product} {ergonomic}
    uintx GCDrainStackTargetSize                   = 64                                        {product} {ergonomic}
   size_t InitialHeapSize                          = 400556032                                 {product} {ergonomic}
   size_t MarkStackSize                            = 4194304                                   {product} {ergonomic}
   size_t MaxHeapSize                              = 2147483648                                {product} {command line}
   size_t MaxNewSize                               = 1287651328                                {product} {ergonomic}
   size_t MinHeapDeltaBytes                        = 1048576                                   {product} {ergonomic}
   size_t MinHeapSize                              = 8388608                                   {product} {ergonomic}
    uintx NonNMethodCodeHeapSize                   = 5839372                                {pd product} {ergonomic}
    uintx NonProfiledCodeHeapSize                  = 122909434                              {pd product} {ergonomic}
    uintx ProfiledCodeHeapSize                     = 122909434                              {pd product} {ergonomic}
    uintx ReservedCodeCacheSize                    = 251658240                              {pd product} {ergonomic}
     bool SegmentedCodeCache                       = true                                      {product} {ergonomic}
   size_t SoftMaxHeapSize                          = 2147483648                             {manageable} {ergonomic}
     bool UseCompressedClassPointers               = true                           {product lp64_product} {ergonomic}
     bool UseCompressedOops                        = true                           {product lp64_product} {ergonomic}
     bool UseG1GC                                  = true                                      {product} {ergonomic}
     bool UseLargePagesIndividualAllocation        = false                                  {pd product} {ergonomic}

Logging:
Log output configuration:
 #0: stdout all=warning uptime,level,tags
 #1: stderr all=off uptime,level,tags

Environment Variables:
JAVA_HOME=C:\Program Files\Java\jdk-21
PATH=C:\Program Files\Common Files\Oracle\Java\javapath;C:\Windows\system32;C:\Windows;C:\Windows\System32\Wbem;C:\Windows\System32\WindowsPowerShell\v1.0\;C:\Windows\System32\OpenSSH\;C:\Program Files\Java\jdk-21\bin;C:\Program Files\Git\cmd;C:\Program Files\Git\cmd;;C:\Program Files\Git LFS;C:\Users\limit\AppData\Local\Microsoft\WindowsApps;;C:\Program Files\JetBrains\IntelliJ IDEA 2023.2.5\bin;;C:\Users\limit\AppData\Local\Programs\Microsoft VS Code\bin
USERNAME=limit
OS=Windows_NT
PROCESSOR_IDENTIFIER=Intel64 Family 6 Model 142 Stepping 12, GenuineIntel
TMP=C:\Users\limit\AppData\Local\Temp
TEMP=C:\Users\limit\AppData\Local\Temp



Periodic native trim disabled

JNI global refs:
JNI global refs: 26, weak refs: 0

JNI global refs memory usage: 843, weak refs: 841

OOME stack traces (most recent first):
Classloader memory used:
Loader org.gradle.internal.classloader.VisitableURLClassLoader                         : 3138K
Loader bootstrap                                                                       : 2375K
Loader org.gradle.initialization.MixInLegacyTypesClassLoader                           : 885K
Loader jdk.internal.loader.ClassLoaders$PlatformClassLoader                            : 65917B
Loader jdk.internal.loader.ClassLoaders$AppClassLoader                                 : 28729B
Loader jdk.internal.reflect.DelegatingClassLoader                                      : 9050B
Loader org.gradle.internal.classloader.VisitableURLClassLoader$InstrumentingVisitableURLClassLoader: 3227B

Classes loaded by more than one classloader:
Class Program                                                                         : loaded 3 times (x 70B)
Class org.gradle.internal.classpath.ClassPath                                         : loaded 2 times (x 68B)
Class org.gradle.api.internal.classpath.DefaultModuleRegistry                         : loaded 2 times (x 84B)
Class Settings_gradle$1$1                                                             : loaded 2 times (x 72B)
Class org.gradle.api.Action                                                           : loaded 2 times (x 68B)
Class org.gradle.api.internal.DefaultClassPathProvider                                : loaded 2 times (x 74B)
Class org.gradle.internal.installation.GradleInstallation$1                           : loaded 2 times (x 73B)
Class org.gradle.internal.classloader.FilteringClassLoader                            : loaded 2 times (x 103B)
Class org.gradle.internal.classpath.DefaultClassPath$ImmutableUniqueList$Builder      : loaded 2 times (x 73B)
Class org.gradle.internal.classloader.ClassLoaderVisitor                              : loaded 2 times (x 74B)
Class org.gradle.internal.service.DefaultServiceLocator                               : loaded 2 times (x 81B)
Class org.gradle.internal.service.UnknownServiceException                             : loaded 2 times (x 81B)
Class org.gradle.internal.classloader.DefaultClassLoaderFactory                       : loaded 2 times (x 80B)
Class org.gradle.internal.classloader.VisitableURLClassLoader$Spec                    : loaded 2 times (x 72B)
Class org.gradle.api.GradleException                                                  : loaded 2 times (x 80B)
Class org.gradle.api.internal.classpath.ModuleRegistry                                : loaded 2 times (x 68B)
Class org.gradle.api.internal.ClassPathProvider                                       : loaded 2 times (x 68B)
Class org.gradle.internal.classloader.ClasspathUtil$1                                 : loaded 2 times (x 74B)
Class org.gradle.internal.classloader.ClassLoaderFactory                              : loaded 2 times (x 68B)
Class org.gradle.api.internal.classpath.ManifestUtil                                  : loaded 2 times (x 69B)
Class org.gradle.api.specs.Spec                                                       : loaded 2 times (x 68B)
Class org.gradle.internal.IoActions                                                   : loaded 2 times (x 69B)
Class org.gradle.api.internal.classpath.EffectiveClassPath                            : loaded 2 times (x 88B)
Class org.gradle.internal.installation.CurrentGradleInstallation                      : loaded 2 times (x 71B)
Class org.gradle.internal.agents.InstrumentingClassLoader                             : loaded 2 times (x 68B)
Class org.gradle.internal.installation.CurrentGradleInstallationLocator               : loaded 2 times (x 69B)
Class org.gradle.api.internal.classpath.Module                                        : loaded 2 times (x 68B)
Class org.gradle.internal.service.CachingServiceLocator                               : loaded 2 times (x 80B)
Class org.gradle.internal.classpath.DefaultClassPath                                  : loaded 2 times (x 88B)
Class org.gradle.internal.classloader.SystemClassLoaderSpec                           : loaded 2 times (x 69B)
Class org.gradle.api.UncheckedIOException                                             : loaded 2 times (x 80B)
Class org.gradle.internal.installation.GradleInstallation                             : loaded 2 times (x 73B)
Class org.gradle.internal.classloader.ClasspathUtil                                   : loaded 2 times (x 69B)
Class org.gradle.api.internal.DefaultClassPathRegistry                                : loaded 2 times (x 74B)
Class org.gradle.api.internal.classpath.DefaultModuleRegistry$DefaultModule           : loaded 2 times (x 84B)
Class org.gradle.api.internal.classpath.UnknownModuleException                        : loaded 2 times (x 80B)
Class org.gradle.internal.service.ServiceLookupException                              : loaded 2 times (x 80B)
Class org.gradle.cache.GlobalCache                                                    : loaded 2 times (x 68B)
Class [Lorg.gradle.api.internal.ClassPathProvider;                                    : loaded 2 times (x 67B)
Class org.gradle.util.internal.GUtil                                                  : loaded 2 times (x 69B)
Class org.gradle.internal.classloader.ClassLoaderSpec                                 : loaded 2 times (x 69B)
Class org.gradle.internal.classloader.VisitableURLClassLoader                         : loaded 2 times (x 115B)
Class org.gradle.internal.Cast                                                        : loaded 2 times (x 69B)
Class org.gradle.api.internal.ClassPathRegistry                                       : loaded 2 times (x 68B)
Class org.gradle.internal.classloader.VisitableURLClassLoader$InstrumentingVisitableURLClassLoader: loaded 2 times (x 121B)
Class org.gradle.internal.classloader.ClassLoaderHierarchy                            : loaded 2 times (x 68B)
Class org.gradle.internal.InternalTransformer                                         : loaded 2 times (x 68B)
Class org.gradle.internal.service.ServiceLocator                                      : loaded 2 times (x 68B)
Class Settings_gradle$1                                                               : loaded 2 times (x 72B)
Class org.gradle.internal.classpath.DefaultClassPath$ImmutableUniqueList              : loaded 2 times (x 159B)
Class org.gradle.internal.classpath.TransformedClassPath                              : loaded 2 times (x 94B)
Class Settings_gradle                                                                 : loaded 2 times (x 126B)


---------------  S Y S T E M  ---------------

OS:
 Windows 11 , 64 bit Build 22621 (10.0.22621.3235)
OS uptime: 1 days 23:42 hours
Hyper-V role detected

CPU: total 8 (initial active 8) (4 cores per cpu, 2 threads per core) family 6 model 142 stepping 12 microcode 0xfa, cx8, cmov, fxsr, ht, mmx, 3dnowpref, sse, sse2, sse3, ssse3, sse4.1, sse4.2, popcnt, lzcnt, tsc, tscinvbit, avx, avx2, aes, erms, clmul, bmi1, bmi2, adx, fma, vzeroupper, clflush, clflushopt, hv
Processor Information for processor 0
  Max Mhz: 1800, Current Mhz: 1500, Mhz Limit: 1584
Processor Information for processor 1
  Max Mhz: 1800, Current Mhz: 1500, Mhz Limit: 1584
Processor Information for processor 2
  Max Mhz: 1800, Current Mhz: 1500, Mhz Limit: 1584
Processor Information for processor 3
  Max Mhz: 1800, Current Mhz: 1600, Mhz Limit: 1584
Processor Information for processor 4
  Max Mhz: 1800, Current Mhz: 1600, Mhz Limit: 1584
Processor Information for processor 5
  Max Mhz: 1800, Current Mhz: 1500, Mhz Limit: 1584
Processor Information for processor 6
  Max Mhz: 1800, Current Mhz: 1500, Mhz Limit: 1584
Processor Information for processor 7
  Max Mhz: 1800, Current Mhz: 1500, Mhz Limit: 1584

Memory: 4k page, system-wide physical 24382M (10379M free)
TotalPageFile size 31294M (AvailPageFile size 15949M)
current process WorkingSet (physical memory assigned to process): 253M, peak: 261M
current process commit charge ("private bytes"): 286M, peak: 525M

vm_info: OpenJDK 64-Bit Server VM (17.0.10+0--11572160) for windows-amd64 JRE (17.0.10+0--11572160), built on Mar 13 2024 23:56:38 by "androidbuild" with MS VC++ 16.10 / 16.11 (VS2019)

END.
