#
# A fatal error has been detected by the Java Runtime Environment:
#
#  EXCEPTION_ACCESS_VIOLATION (0xc0000005) at pc=0x00007ffbc09b7fe5, pid=2660, tid=14760
#
# JRE version: OpenJDK Runtime Environment (17.0.10) (build 17.0.10+0--11572160)
# Java VM: OpenJDK 64-Bit Server VM (17.0.10+0--11572160, mixed mode, tiered, compressed oops, compressed class ptrs, g1 gc, windows-amd64)
# Problematic frame:
# V  [jvm.dll+0x1e7fe5]
#
# No core dump will be written. Minidumps are not enabled by default on client versions of Windows
#
# If you would like to submit a bug report, please visit:
#   https://bugreport.java.com/bugreport/crash.jsp
#

---------------  S U M M A R Y ------------

Command Line: --add-opens=java.base/java.util=ALL-UNNAMED --add-opens=java.base/java.lang=ALL-UNNAMED --add-opens=java.base/java.lang.invoke=ALL-UNNAMED --add-opens=java.prefs/java.util.prefs=ALL-UNNAMED --add-opens=java.base/java.nio.charset=ALL-UNNAMED --add-opens=java.base/java.net=ALL-UNNAMED --add-opens=java.base/java.util.concurrent.atomic=ALL-UNNAMED -Xmx2048m -Dfile.encoding=UTF-8 -Duser.country=US -Duser.language=en -Duser.variant -javaagent:C:\Users\limit\.gradle\wrapper\dists\gradle-8.6-bin\afr5mpiioh2wthjmwnkmdsd5w\gradle-8.6\lib\agents\gradle-instrumentation-agent-8.6.jar org.gradle.launcher.daemon.bootstrap.GradleDaemon 8.6

Host: Intel(R) Core(TM) i5-8265U CPU @ 1.60GHz, 8 cores, 23G,  Windows 11 , 64 bit Build 22621 (10.0.22621.3235)
Time: Fri May 17 21:24:57 2024 W. Central Africa Standard Time elapsed time: 15.185947 seconds (0d 0h 0m 15s)

---------------  T H R E A D  ---------------

Current thread (0x000001e11fbdd2d0):  JavaThread "Daemon periodic checks" [_thread_in_vm, id=14760, stack(0x000000759bd00000,0x000000759be00000)]

Stack: [0x000000759bd00000,0x000000759be00000],  sp=0x000000759bdfd870,  free space=1014k
Native frames: (J=compiled Java code, j=interpreted, Vv=VM code, C=native code)
V  [jvm.dll+0x1e7fe5]
V  [jvm.dll+0x1ef9e4]
V  [jvm.dll+0x1e4e1c]
V  [jvm.dll+0x54dd1c]
V  [jvm.dll+0x1f59bb]
V  [jvm.dll+0x7bac1b]
V  [jvm.dll+0x7bc08c]
V  [jvm.dll+0x7bc903]
V  [jvm.dll+0x1efdf4]
V  [jvm.dll+0x1e4e35]
V  [jvm.dll+0x54dd1c]
V  [jvm.dll+0x1f59bb]
V  [jvm.dll+0x7bac1b]
V  [jvm.dll+0x7bc08c]
V  [jvm.dll+0x7bc3d8]
V  [jvm.dll+0x24386e]
V  [jvm.dll+0x387e8e]
C  0x000001e10a96b5bb

The last pc belongs to new (printed below).
Java frames: (J=compiled Java code, j=interpreted, Vv=VM code)
j  java.util.concurrent.LinkedBlockingDeque.iterator()Ljava/util/Iterator;+0 java.base@17.0.10
j  java.util.AbstractCollection.addAll(Ljava/util/Collection;)Z+3 java.base@17.0.10
j  java.util.LinkedHashSet.<init>(Ljava/util/Collection;)V+22 java.base@17.0.10
j  com.google.common.collect.Sets.newLinkedHashSet(Ljava/lang/Iterable;)Ljava/util/LinkedHashSet;+15
j  org.gradle.launcher.daemon.server.health.gc.DefaultSlidingWindow.snapshot()Ljava/util/Collection;+11
j  org.gradle.launcher.daemon.server.health.gc.DefaultGarbageCollectionMonitor.getHeapStats()Lorg/gradle/launcher/daemon/server/health/gc/GarbageCollectionStats;+4
j  org.gradle.launcher.daemon.server.health.DaemonHealthStats.getHeapStats()Lorg/gradle/launcher/daemon/server/health/gc/GarbageCollectionStats;+4
j  org.gradle.launcher.daemon.server.health.HealthExpirationStrategy.checkExpiration()Lorg/gradle/launcher/daemon/server/expiry/DaemonExpirationResult;+33
j  org.gradle.launcher.daemon.server.expiry.AnyDaemonExpirationStrategy.checkExpiration()Lorg/gradle/launcher/daemon/server/expiry/DaemonExpirationResult;+47
j  org.gradle.launcher.daemon.server.MasterExpirationStrategy.checkExpiration()Lorg/gradle/launcher/daemon/server/expiry/DaemonExpirationResult;+4
j  org.gradle.launcher.daemon.server.Daemon$DaemonExpirationPeriodicCheck.run()V+4
j  org.gradle.internal.concurrent.ExecutorPolicy$CatchAndRecordFailures.onExecute(Ljava/lang/Runnable;)V+1
j  org.gradle.internal.concurrent.AbstractManagedExecutor$1.run()V+25
j  java.util.concurrent.Executors$RunnableAdapter.call()Ljava/lang/Object;+4 java.base@17.0.10
j  java.util.concurrent.FutureTask.runAndReset()Z+44 java.base@17.0.10
j  java.util.concurrent.ScheduledThreadPoolExecutor$ScheduledFutureTask.run()V+35 java.base@17.0.10
j  java.util.concurrent.ThreadPoolExecutor.runWorker(Ljava/util/concurrent/ThreadPoolExecutor$Worker;)V+92 java.base@17.0.10
j  java.util.concurrent.ThreadPoolExecutor$Worker.run()V+5 java.base@17.0.10
j  java.lang.Thread.run()V+11 java.base@17.0.10
v  ~StubRoutines::call_stub

siginfo: EXCEPTION_ACCESS_VIOLATION (0xc0000005), reading address 0x000001e11cb161a0


Registers:
RAX=0x0000000000001842, RBX=0x000001e11fbdd2d0, RCX=0x0000000000002405, RDX=0x000001e120410880
RSP=0x000000759bdfd870, RBP=0x000001e11cb09f48, RSI=0x0000000020e10100, RDI=0x000001e120410880
R8 =0x0000000000001842, R9 =0x0000000000000000, R10=0x000000000000003b, R11=0x0000000000000001
R12=0x0000000000000000, R13=0x0000000000000000, R14=0x0000000000000000, R15=0x000000759bdfdbe0
RIP=0x00007ffbc09b7fe5, EFLAGS=0x0000000000010246


Register to memory mapping:

RIP=0x00007ffbc09b7fe5 jvm.dll
RAX=0x0000000000001842 is an unknown value
RBX=0x000001e11fbdd2d0 is a thread
RCX=0x0000000000002405 is an unknown value
RDX=0x000001e120410880 points into unknown readable memory: 0x00007ffbc1112218 | 18 22 11 c1 fb 7f 00 00
RSP=0x000000759bdfd870 is pointing into the stack for thread: 0x000001e11fbdd2d0
RBP=0x000001e11cb09f48 is pointing into metadata
RSI=0x0000000020e10100 is an unknown value
RDI=0x000001e120410880 points into unknown readable memory: 0x00007ffbc1112218 | 18 22 11 c1 fb 7f 00 00
R8 =0x0000000000001842 is an unknown value
R9 =0x0 is NULL
R10=0x000000000000003b is an unknown value
R11=0x0000000000000001 is an unknown value
R12=0x0 is NULL
R13=0x0 is NULL
R14=0x0 is NULL
R15=0x000000759bdfdbe0 is pointing into the stack for thread: 0x000001e11fbdd2d0


Top of Stack: (sp=0x000000759bdfd870)
0x000000759bdfd870:   0000000000000008 0000000000000009
0x000000759bdfd880:   000001e119455020 000001e12040f160
0x000000759bdfd890:   000001e120410910 000001e120417148
0x000000759bdfd8a0:   00000000000083b0 000001e118f869a0
0x000000759bdfd8b0:   0000000000000000 0000240500000000
0x000000759bdfd8c0:   0000000000000000 0000000000000000
0x000000759bdfd8d0:   0000000000000000 0000000000000000
0x000000759bdfd8e0:   0000000000000000 0000000000000000
0x000000759bdfd8f0:   0000000000000000 0000000000000000
0x000000759bdfd900:   0000000000000000 0000000000000000
0x000000759bdfd910:   0000000000000000 000001e11fbdd201
0x000000759bdfd920:   000001e11fbdd2d0 000001e11fbdd2d0
0x000000759bdfd930:   000001e120410880 000001e12040f160
0x000000759bdfd940:   000000759bdfdd7b 000000759bdfdbe0
0x000000759bdfd950:   000000759bdfdd7a 000001e11cb09f48
0x000000759bdfd960:   0000000000000000 00007ffbc09bf9e4
0x000000759bdfd970:   0000000000000000 000000759bdfdd00
0x000000759bdfd980:   000001e11cb09f48 000001e120410910
0x000000759bdfd990:   000001e11fbdd200 000000759bdfdd7b
0x000000759bdfd9a0:   000001e11fbd0008 000001e11fbdd2d0
0x000000759bdfd9b0:   000000759bdfdba8 000001e11e3e9070
0x000000759bdfd9c0:   000000000000007b 000001e100200000
0x000000759bdfd9d0:   000001e1204108f0 000001e120417148
0x000000759bdfd9e0:   0000000000000003 0000000000000020
0x000000759bdfd9f0:   0000000000000050 00007ffbc0cfb2e2
0x000000759bdfda00:   000001e11edc7501 00000000000007cc
0x000000759bdfda10:   000001e12040f800 0000000000000000
0x000000759bdfda20:   000001e119455020 000001e120410880
0x000000759bdfda30:   000001e11fc1b9d0 00007ffbc0cfb446
0x000000759bdfda40:   0000000000000000 000001e11fbdd2d0
0x000000759bdfda50:   0000000000000000 0000000000000000
0x000000759bdfda60:   000000759bdfdb50 000000759bdfdb78 

Instructions: (pc=0x00007ffbc09b7fe5)
0x00007ffbc09b7ee5:   89 6c 24 78 44 89 6c 24 5c 4c 89 ac 24 80 00 00
0x00007ffbc09b7ef5:   00 44 89 6c 24 58 4c 89 ac 24 88 00 00 00 44 89
0x00007ffbc09b7f05:   6c 24 60 66 44 89 6c 24 4a 66 44 89 6c 24 48 4c
0x00007ffbc09b7f15:   89 ac 24 90 00 00 00 44 89 6c 24 64 4c 89 ac 24
0x00007ffbc09b7f25:   98 00 00 00 44 89 6c 24 68 4c 89 ac 24 a0 00 00
0x00007ffbc09b7f35:   00 44 89 6c 24 6c 66 85 c9 0f 84 9b 08 00 00 b8
0x00007ffbc09b7f45:   ff ff 00 00 66 03 c8 48 8b 47 10 48 2b 47 18 66
0x00007ffbc09b7f55:   89 4c 24 4c 48 83 f8 06 73 0b 48 8b d3 48 8b cf
0x00007ffbc09b7f65:   e8 b6 98 00 00 4c 39 6b 08 0f 85 02 0d 00 00 48
0x00007ffbc09b7f75:   8b 47 18 0f b7 28 48 83 c0 02 48 89 47 18 66 c1
0x00007ffbc09b7f85:   cd 08 44 0f b7 c5 8b 30 48 83 c0 04 48 89 47 18
0x00007ffbc09b7f95:   49 8b 47 28 0f ce 44 3b 40 3c 7d 0e 48 8b 40 08
0x00007ffbc09b7fa5:   42 0f b6 44 00 04 3c 01 74 02 32 c0 45 38 af 98
0x00007ffbc09b7fb5:   01 00 00 74 16 84 c0 75 12 4c 8b cb 48 8d 15 a0
0x00007ffbc09b7fc5:   be 75 00 49 8b cf e8 d0 c7 ff ff 4c 39 6b 08 0f
0x00007ffbc09b7fd5:   85 9c 0c 00 00 0f b7 c5 48 8b ac 24 10 01 00 00
0x00007ffbc09b7fe5:   48 8b 4c c5 48 48 3b 0d a7 b8 9c 00 0f 85 d7 00
0x00007ffbc09b7ff5:   00 00 49 8b cd 41 38 8f 98 01 00 00 74 24 83 fe
0x00007ffbc09b8005:   02 74 16 4c 8b c3 48 8d 15 96 be 75 00 49 8b cf
0x00007ffbc09b8015:   e8 56 c8 ff ff 48 8b 4b 08 48 85 c9 0f 85 4f 0c
0x00007ffbc09b8025:   00 00 44 38 6c 24 44 0f 85 fd 07 00 00 48 8b 47
0x00007ffbc09b8035:   10 48 2b 47 18 c6 44 24 44 01 48 83 f8 02 73 0f
0x00007ffbc09b8045:   48 8b d3 48 8b cf e8 d0 97 00 00 48 8b 4b 08 48
0x00007ffbc09b8055:   85 c9 0f 85 19 0c 00 00 48 8b 47 18 0f b7 30 48
0x00007ffbc09b8065:   83 c0 02 48 89 47 18 49 8b 47 28 66 c1 ce 08 44
0x00007ffbc09b8075:   0f b7 c6 44 3b 40 3c 7d 0e 48 8b 40 08 42 0f b6
0x00007ffbc09b8085:   44 00 04 3c 01 74 02 32 c0 45 38 af 98 01 00 00
0x00007ffbc09b8095:   74 16 84 c0 75 12 4c 8b cb 48 8d 15 6b b6 75 00
0x00007ffbc09b80a5:   49 8b cf e8 f3 c6 ff ff 48 8b 43 08 48 85 c0 0f
0x00007ffbc09b80b5:   85 bc 0b 00 00 66 41 89 b7 88 01 00 00 48 8b 43
0x00007ffbc09b80c5:   08 48 85 c0 e9 e6 06 00 00 48 3b 0d 33 b8 9c 00
0x00007ffbc09b80d5:   0f 85 b0 00 00 00 44 38 6c 24 45 0f 85 55 07 00 


Stack slot to memory mapping:
stack at sp + 0 slots: 0x0000000000000008 is an unknown value
stack at sp + 1 slots: 0x0000000000000009 is an unknown value
stack at sp + 2 slots: 0x000001e119455020 points into unknown readable memory: 0x616a002300000002 | 02 00 00 00 23 00 6a 61
stack at sp + 3 slots: 0x000001e12040f160 points into unknown readable memory: 0x0000000000000000 | 00 00 00 00 00 00 00 00
stack at sp + 4 slots: 0x000001e120410910 points into unknown readable memory: 0x0000000000000002 | 02 00 00 00 00 00 00 00
stack at sp + 5 slots: 0x000001e120417148 points into unknown readable memory: 0x1011506a05d8637c | 7c 63 d8 05 6a 50 11 10
stack at sp + 6 slots: 0x00000000000083b0 is an unknown value
stack at sp + 7 slots: 0x000001e118f869a0 points into unknown readable memory: 0x0000000000000000 | 00 00 00 00 00 00 00 00

new  187 new  [0x000001e10a96b420, 0x000001e10a96b640]  544 bytes
[MachCode]
  0x000001e10a96b420: 4883 ec08 | c5fa 1104 | 24eb 1f48 | 83ec 10c5 | fb11 0424 | eb14 4883 | ec10 4889 | 0424 48c7 
  0x000001e10a96b440: 4424 0800 | 0000 00eb | 0150 410f | b755 010f | cac1 ea10 | 488b 4de8 | 488b 4908 | 488b 4908 
  0x000001e10a96b460: 488b 4108 | 807c 1004 | 070f 85d6 | 0000 0066 | 8b54 d148 | 488b 4928 | 488b 4cd1 | 0851 80b9 
  0x000001e10a96b480: 5b01 0000 | 040f 85b9 | 0000 008b | 5108 f7c2 | 0100 0000 | 0f85 aa00 | 0000 498b | 8708 0100 
  0x000001e10a96b4a0: 0048 8d1c | 1049 3b9f | 1801 0000 | 0f87 9200 | 0000 4989 | 9f08 0100 | 00e9 0000 | 0000 4883 
  0x000001e10a96b4c0: ea10 0f84 | 0f00 0000 | 33c9 c1ea | 0348 894c | d008 48ff | ca75 f648 | c700 0100 | 0000 5933 
  0x000001e10a96b4e0: f689 700c | 48c1 e903 | 8948 0849 | ba89 3936 | c1fb 7f00 | 0041 803a | 000f 8440 | 0000 0050 
  0x000001e10a96b500: 488b c848 | 83ec 20f7 | c40f 0000 | 000f 841a | 0000 0048 | 83ec 0849 | bad0 f3eb | c0fb 7f00 
  0x000001e10a96b520: 0041 ffd2 | 4883 c408 | e90d 0000 | 0049 bad0 | f3eb c0fb | 7f00 0041 | ffd2 4883 | c420 58e9 
  0x000001e10a96b540: cd00 0000 | 5948 8b55 | e848 8b52 | 0848 8b52 | 0845 0fb7 | 4501 410f | c841 c1e8 | 10e8 0500 
  0x000001e10a96b560: 0000 e9aa | 0000 0048 | 8d44 2408 | 4c89 6dc0 | 498b cfc5 | f877 4989 | afa8 0200 | 0049 8987 
  0x000001e10a96b580: 9802 0000 | 4883 ec20 | f7c4 0f00 | 0000 0f84 | 1a00 0000 | 4883 ec08 | 49ba 407e | b5c0 fb7f 
  0x000001e10a96b5a0: 0000 41ff | d248 83c4 | 08e9 0d00 | 0000 49ba | 407e b5c0 | fb7f 0000 | 41ff d248 | 83c4 2049 
  0x000001e10a96b5c0: c787 9802 | 0000 0000 | 0000 49c7 | 87a8 0200 | 0000 0000 | 0049 c787 | a002 0000 | 0000 0000 
  0x000001e10a96b5e0: c5f8 7749 | 817f 0800 | 0000 000f | 8405 0000 | 00e9 0a59 | feff 498b | 87f0 0200 | 0049 c787 
  0x000001e10a96b600: f002 0000 | 0000 0000 | 4c8b 6dc0 | 4c8b 75c8 | c341 0fb6 | 5d03 4983 | c503 49ba | 80a6 38c1 
  0x000001e10a96b620: fb7f 0000 | 41ff 24da | 0000 0000 | 0000 0000 | 0000 0000 | 0000 0000 | 0000 0000 | 0000 0000 
[/MachCode]

---------------  P R O C E S S  ---------------

Threads class SMR info:
_java_thread_list=0x000001e11f66ada0, length=41, elements={
0x000001e17d192560, 0x000001e119079a10, 0x000001e11912a170, 0x000001e11915df10,
0x000001e11916d530, 0x000001e1191717b0, 0x000001e119172910, 0x000001e119177350,
0x000001e1191785a0, 0x000001e119179740, 0x000001e11925ac20, 0x000001e1193bc820,
0x000001e11f2dc090, 0x000001e11e7d1d10, 0x000001e11fbdd2d0, 0x000001e11f5f50a0,
0x000001e11f61b0e0, 0x000001e120434070, 0x000001e1204368f0, 0x000001e1204359c0,
0x000001e120434580, 0x000001e120434a90, 0x000001e120436e00, 0x000001e1204354b0,
0x000001e120437310, 0x000001e11fbcea00, 0x000001e1204363e0, 0x000001e120437820,
0x000001e120435ed0, 0x000001e1218abf40, 0x000001e1218b0110, 0x000001e1218ab520,
0x000001e1218aba30, 0x000001e11fbce4b0, 0x000001e1218ad890, 0x000001e1218aa5f0,
0x000001e1218b0b30, 0x000001e1218ad380, 0x000001e1218af6f0, 0x000001e1218adda0,
0x000001e1218ab010
}

Java Threads: ( => current thread )
  0x000001e17d192560 JavaThread "main" [_thread_blocked, id=4004, stack(0x000000759a900000,0x000000759aa00000)]
  0x000001e119079a10 JavaThread "Reference Handler" daemon [_thread_blocked, id=19116, stack(0x000000759b000000,0x000000759b100000)]
  0x000001e11912a170 JavaThread "Finalizer" daemon [_thread_blocked, id=5368, stack(0x000000759b100000,0x000000759b200000)]
  0x000001e11915df10 JavaThread "Signal Dispatcher" daemon [_thread_blocked, id=3476, stack(0x000000759b200000,0x000000759b300000)]
  0x000001e11916d530 JavaThread "Attach Listener" daemon [_thread_blocked, id=11384, stack(0x000000759b300000,0x000000759b400000)]
  0x000001e1191717b0 JavaThread "Service Thread" daemon [_thread_blocked, id=16480, stack(0x000000759b400000,0x000000759b500000)]
  0x000001e119172910 JavaThread "Monitor Deflation Thread" daemon [_thread_blocked, id=18060, stack(0x000000759b500000,0x000000759b600000)]
  0x000001e119177350 JavaThread "C2 CompilerThread0" daemon [_thread_blocked, id=3692, stack(0x000000759b600000,0x000000759b700000)]
  0x000001e1191785a0 JavaThread "C1 CompilerThread0" daemon [_thread_blocked, id=4488, stack(0x000000759b700000,0x000000759b800000)]
  0x000001e119179740 JavaThread "Sweeper thread" daemon [_thread_blocked, id=4516, stack(0x000000759b800000,0x000000759b900000)]
  0x000001e11925ac20 JavaThread "Common-Cleaner" daemon [_thread_blocked, id=10460, stack(0x000000759b900000,0x000000759ba00000)]
  0x000001e1193bc820 JavaThread "Notification Thread" daemon [_thread_blocked, id=8308, stack(0x000000759ba00000,0x000000759bb00000)]
  0x000001e11f2dc090 JavaThread "Daemon health stats" [_thread_blocked, id=21300, stack(0x000000759c500000,0x000000759c600000)]
  0x000001e11e7d1d10 JavaThread "Incoming local TCP Connector on port 53434" [_thread_in_native, id=13336, stack(0x000000759bc00000,0x000000759bd00000)]
=>0x000001e11fbdd2d0 JavaThread "Daemon periodic checks" [_thread_in_vm, id=14760, stack(0x000000759bd00000,0x000000759be00000)]
  0x000001e11f5f50a0 JavaThread "Daemon" [_thread_blocked, id=17328, stack(0x000000759c700000,0x000000759c800000)]
  0x000001e11f61b0e0 JavaThread "Handler for socket connection from /127.0.0.1:53434 to /127.0.0.1:53435" [_thread_in_native, id=20780, stack(0x000000759c800000,0x000000759c900000)]
  0x000001e120434070 JavaThread "Cancel handler" [_thread_blocked, id=4188, stack(0x000000759c900000,0x000000759ca00000)]
  0x000001e1204368f0 JavaThread "Daemon worker" [_thread_blocked, id=20692, stack(0x000000759ca00000,0x000000759cb00000)]
  0x000001e1204359c0 JavaThread "Asynchronous log dispatcher for DefaultDaemonConnection: socket connection from /127.0.0.1:53434 to /127.0.0.1:53435" [_thread_blocked, id=12948, stack(0x000000759cb00000,0x000000759cc00000)]
  0x000001e120434580 JavaThread "Stdin handler" [_thread_blocked, id=21476, stack(0x000000759cc00000,0x000000759cd00000)]
  0x000001e120434a90 JavaThread "Daemon client event forwarder" [_thread_blocked, id=1176, stack(0x000000759cd00000,0x000000759ce00000)]
  0x000001e120436e00 JavaThread "Cache worker for journal cache (C:\Users\limit\.gradle\caches\journal-1)" [_thread_blocked, id=15820, stack(0x000000759cf00000,0x000000759d000000)]
  0x000001e1204354b0 JavaThread "File lock request listener" [_thread_in_native, id=6672, stack(0x000000759d000000,0x000000759d100000)]
  0x000001e120437310 JavaThread "Cache worker for file hash cache (C:\Users\limit\.gradle\caches\8.6\fileHashes)" [_thread_blocked, id=4900, stack(0x000000759d100000,0x000000759d200000)]
  0x000001e11fbcea00 JavaThread "C2 CompilerThread1" daemon [_thread_blocked, id=20556, stack(0x000000759c600000,0x000000759c700000)]
  0x000001e1204363e0 JavaThread "File watcher server" daemon [_thread_in_native, id=13532, stack(0x000000759d300000,0x000000759d400000)]
  0x000001e120437820 JavaThread "File watcher consumer" daemon [_thread_blocked, id=17420, stack(0x000000759d400000,0x000000759d500000)]
  0x000001e120435ed0 JavaThread "Cache worker for checksums cache (C:\Users\limit\AndroidStudioProjects\Register-Mo\.gradle\8.6\checksums)" [_thread_blocked, id=5556, stack(0x000000759d200000,0x000000759d300000)]
  0x000001e1218abf40 JavaThread "Cache worker for file hash cache (C:\Users\limit\AndroidStudioProjects\Register-Mo\.gradle\8.6\fileHashes)" [_thread_blocked, id=4600, stack(0x000000759d500000,0x000000759d600000)]
  0x000001e1218b0110 JavaThread "Cache worker for cache directory md-supplier (C:\Users\limit\.gradle\caches\8.6\md-supplier)" [_thread_blocked, id=21128, stack(0x000000759d600000,0x000000759d700000)]
  0x000001e1218ab520 JavaThread "Cache worker for cache directory md-rule (C:\Users\limit\.gradle\caches\8.6\md-rule)" [_thread_blocked, id=20700, stack(0x000000759d700000,0x000000759d800000)]
  0x000001e1218aba30 JavaThread "Cache worker for file content cache (C:\Users\limit\.gradle\caches\8.6\fileContent)" [_thread_blocked, id=20816, stack(0x000000759d800000,0x000000759d900000)]
  0x000001e11fbce4b0 JavaThread "C2 CompilerThread2" daemon [_thread_blocked, id=4984, stack(0x000000759d900000,0x000000759da00000)]
  0x000001e1218ad890 JavaThread "jar transforms" [_thread_blocked, id=8788, stack(0x000000759da00000,0x000000759db00000)]
  0x000001e1218aa5f0 JavaThread "jar transforms Thread 2" [_thread_blocked, id=5328, stack(0x000000759db00000,0x000000759dc00000)]
  0x000001e1218b0b30 JavaThread "jar transforms Thread 3" [_thread_blocked, id=21020, stack(0x000000759dc00000,0x000000759dd00000)]
  0x000001e1218ad380 JavaThread "jar transforms Thread 4" [_thread_blocked, id=16900, stack(0x000000759dd00000,0x000000759de00000)]
  0x000001e1218af6f0 JavaThread "Cache worker for Build Output Cleanup Cache (C:\Users\limit\AndroidStudioProjects\Register-Mo\.gradle\buildOutputCleanup)" [_thread_blocked, id=9524, stack(0x000000759de00000,0x000000759df00000)]
  0x000001e1218adda0 JavaThread "jar transforms Thread 5" [_thread_blocked, id=5580, stack(0x000000759df00000,0x000000759e000000)]
  0x000001e1218ab010 JavaThread "jar transforms Thread 6" [_thread_blocked, id=20336, stack(0x000000759e000000,0x000000759e100000)]

Other Threads:
  0x000001e119048470 VMThread "VM Thread" [stack: 0x000000759af00000,0x000000759b000000] [id=5584] _threads_hazard_ptr=0x000001e11f66ada0
  0x000001e1193aa660 WatcherThread [stack: 0x000000759bb00000,0x000000759bc00000] [id=21060]
  0x000001e17d1ee510 GCTaskThread "GC Thread#0" [stack: 0x000000759aa00000,0x000000759ab00000] [id=14048]
  0x000001e11ed7c820 GCTaskThread "GC Thread#1" [stack: 0x000000759be00000,0x000000759bf00000] [id=6724]
  0x000001e11ed7cae0 GCTaskThread "GC Thread#2" [stack: 0x000000759bf00000,0x000000759c000000] [id=7324]
  0x000001e11eda5ff0 GCTaskThread "GC Thread#3" [stack: 0x000000759c000000,0x000000759c100000] [id=18664]
  0x000001e11eda62b0 GCTaskThread "GC Thread#4" [stack: 0x000000759c100000,0x000000759c200000] [id=13540]
  0x000001e11eda6570 GCTaskThread "GC Thread#5" [stack: 0x000000759c200000,0x000000759c300000] [id=20008]
  0x000001e11e8328d0 GCTaskThread "GC Thread#6" [stack: 0x000000759c300000,0x000000759c400000] [id=20520]
  0x000001e11e832f60 GCTaskThread "GC Thread#7" [stack: 0x000000759c400000,0x000000759c500000] [id=12156]
  0x000001e17d1ff460 ConcurrentGCThread "G1 Main Marker" [stack: 0x000000759ab00000,0x000000759ac00000] [id=15440]
  0x000001e17d200620 ConcurrentGCThread "G1 Conc#0" [stack: 0x000000759ac00000,0x000000759ad00000] [id=13432]
  0x000001e11e90f360 ConcurrentGCThread "G1 Conc#1" [stack: 0x000000759ce00000,0x000000759cf00000] [id=19008]
  0x000001e17d23ea20 ConcurrentGCThread "G1 Refine#0" [stack: 0x000000759ad00000,0x000000759ae00000] [id=13016]
  0x000001e118f727b0 ConcurrentGCThread "G1 Service" [stack: 0x000000759ae00000,0x000000759af00000] [id=11312]

Threads with active compile tasks:
C2 CompilerThread0    15507 4333       4       java.io.WinNTFileSystem::normalize (143 bytes)

VM state: synchronizing (normal execution)

VM Mutex/Monitor currently owned by a thread:  ([mutex/lock_event])
[0x000001e17d18e950] Threads_lock - owner thread: 0x000001e119048470
[0x000001e17d18e290] Heap_lock - owner thread: 0x000001e1204368f0

Heap address: 0x0000000080000000, size: 2048 MB, Compressed Oops mode: 32-bit

CDS archive(s) not mapped
Compressed class space mapped at: 0x0000000100000000-0x0000000140000000, reserved size: 1073741824
Narrow klass base: 0x0000000000000000, Narrow klass shift: 3, Narrow klass range: 0x140000000

GC Precious Log:
 CPUs: 8 total, 8 available
 Memory: 24382M
 Large Page Support: Disabled
 NUMA Support: Disabled
 Compressed Oops: Enabled (32-bit)
 Heap Region Size: 1M
 Heap Min Capacity: 8M
 Heap Initial Capacity: 382M
 Heap Max Capacity: 2G
 Pre-touch: Disabled
 Parallel Workers: 8
 Concurrent Workers: 2
 Concurrent Refinement Workers: 8
 Periodic GC: Disabled

Heap:
 garbage-first heap   total 71680K, used 58561K [0x0000000080000000, 0x0000000100000000)
  region size 1024K, 28 young (28672K), 4 survivors (4096K)
 Metaspace       used 52027K, committed 52544K, reserved 1114112K
  class space    used 7117K, committed 7360K, reserved 1048576K

Heap Regions: E=young(eden), S=young(survivor), O=old, HS=humongous(starts), HC=humongous(continues), CS=collection set, F=free, OA=open archive, CA=closed archive, TAMS=top-at-mark-start (previous, next)
|   0|0x0000000080000000, 0x0000000080100000, 0x0000000080100000|100%|HS|  |TAMS 0x0000000080100000, 0x0000000080000000| Complete 
|   1|0x0000000080100000, 0x0000000080200000, 0x0000000080200000|100%|HC|  |TAMS 0x0000000080200000, 0x0000000080100000| Complete 
|   2|0x0000000080200000, 0x0000000080300000, 0x0000000080300000|100%|HC|  |TAMS 0x0000000080300000, 0x0000000080200000| Complete 
|   3|0x0000000080300000, 0x0000000080400000, 0x0000000080400000|100%|HC|  |TAMS 0x0000000080400000, 0x0000000080300000| Complete 
|   4|0x0000000080400000, 0x0000000080500000, 0x0000000080500000|100%| O|  |TAMS 0x0000000080500000, 0x0000000080400000| Untracked 
|   5|0x0000000080500000, 0x0000000080600000, 0x0000000080600000|100%| O|  |TAMS 0x0000000080600000, 0x0000000080500000| Untracked 
|   6|0x0000000080600000, 0x0000000080700000, 0x0000000080700000|100%| O|  |TAMS 0x0000000080700000, 0x0000000080600000| Untracked 
|   7|0x0000000080700000, 0x0000000080800000, 0x0000000080800000|100%| O|  |TAMS 0x0000000080800000, 0x0000000080700000| Untracked 
|   8|0x0000000080800000, 0x0000000080900000, 0x0000000080900000|100%| O|  |TAMS 0x0000000080900000, 0x0000000080800000| Untracked 
|   9|0x0000000080900000, 0x0000000080a00000, 0x0000000080a00000|100%| O|  |TAMS 0x0000000080a00000, 0x0000000080900000| Untracked 
|  10|0x0000000080a00000, 0x0000000080b00000, 0x0000000080b00000|100%| O|  |TAMS 0x0000000080a00000, 0x0000000080a00000| Untracked 
|  11|0x0000000080b00000, 0x0000000080c00000, 0x0000000080c00000|100%| O|  |TAMS 0x0000000080c00000, 0x0000000080b00000| Untracked 
|  12|0x0000000080c00000, 0x0000000080d00000, 0x0000000080d00000|100%| O|  |TAMS 0x0000000080d00000, 0x0000000080c00000| Untracked 
|  13|0x0000000080d00000, 0x0000000080e00000, 0x0000000080e00000|100%| O|  |TAMS 0x0000000080e00000, 0x0000000080d00000| Untracked 
|  14|0x0000000080e00000, 0x0000000080f00000, 0x0000000080f00000|100%| O|  |TAMS 0x0000000080f00000, 0x0000000080e00000| Untracked 
|  15|0x0000000080f00000, 0x0000000081000000, 0x0000000081000000|100%| O|  |TAMS 0x0000000081000000, 0x0000000080f00000| Untracked 
|  16|0x0000000081000000, 0x0000000081100000, 0x0000000081100000|100%| O|  |TAMS 0x0000000081100000, 0x0000000081000000| Untracked 
|  17|0x0000000081100000, 0x0000000081200000, 0x0000000081200000|100%| O|  |TAMS 0x0000000081200000, 0x0000000081100000| Untracked 
|  18|0x0000000081200000, 0x0000000081300000, 0x0000000081300000|100%| O|  |TAMS 0x0000000081300000, 0x0000000081200000| Untracked 
|  19|0x0000000081300000, 0x0000000081400000, 0x0000000081400000|100%| O|  |TAMS 0x0000000081400000, 0x0000000081300000| Untracked 
|  20|0x0000000081400000, 0x0000000081500000, 0x0000000081500000|100%| O|  |TAMS 0x0000000081500000, 0x0000000081400000| Untracked 
|  21|0x0000000081500000, 0x0000000081600000, 0x0000000081600000|100%| O|  |TAMS 0x0000000081515600, 0x0000000081500000| Untracked 
|  22|0x0000000081600000, 0x0000000081700000, 0x0000000081700000|100%| O|  |TAMS 0x0000000081600000, 0x0000000081600000| Untracked 
|  23|0x0000000081700000, 0x0000000081800000, 0x0000000081800000|100%| O|  |TAMS 0x0000000081700000, 0x0000000081700000| Untracked 
|  24|0x0000000081800000, 0x0000000081900000, 0x0000000081900000|100%| O|  |TAMS 0x0000000081800000, 0x0000000081800000| Untracked 
|  25|0x0000000081900000, 0x0000000081a00000, 0x0000000081a00000|100%| O|  |TAMS 0x0000000081900000, 0x0000000081900000| Untracked 
|  26|0x0000000081a00000, 0x0000000081b00000, 0x0000000081b00000|100%| O|  |TAMS 0x0000000081a00000, 0x0000000081a00000| Untracked 
|  27|0x0000000081b00000, 0x0000000081c00000, 0x0000000081c00000|100%| O|  |TAMS 0x0000000081b00000, 0x0000000081b00000| Untracked 
|  28|0x0000000081c00000, 0x0000000081cd6200, 0x0000000081d00000| 83%| O|  |TAMS 0x0000000081c00000, 0x0000000081c00000| Untracked 
|  29|0x0000000081d00000, 0x0000000081e00000, 0x0000000081e00000|100%|HS|  |TAMS 0x0000000081d00000, 0x0000000081d00000| Complete 
|  30|0x0000000081e00000, 0x0000000081f00000, 0x0000000081f00000|100%|HS|  |TAMS 0x0000000081e00000, 0x0000000081e00000| Complete 
|  31|0x0000000081f00000, 0x0000000081f00000, 0x0000000082000000|  0%| F|  |TAMS 0x0000000081f00000, 0x0000000081f00000| Untracked 
|  32|0x0000000082000000, 0x0000000082000000, 0x0000000082100000|  0%| F|  |TAMS 0x0000000082000000, 0x0000000082000000| Untracked 
|  33|0x0000000082100000, 0x0000000082100000, 0x0000000082200000|  0%| F|  |TAMS 0x0000000082100000, 0x0000000082100000| Untracked 
|  34|0x0000000082200000, 0x0000000082200000, 0x0000000082300000|  0%| F|  |TAMS 0x0000000082200000, 0x0000000082200000| Untracked 
|  35|0x0000000082300000, 0x0000000082300000, 0x0000000082400000|  0%| F|  |TAMS 0x0000000082300000, 0x0000000082300000| Untracked 
|  36|0x0000000082400000, 0x0000000082400000, 0x0000000082500000|  0%| F|  |TAMS 0x0000000082400000, 0x0000000082400000| Untracked 
|  37|0x0000000082500000, 0x0000000082500000, 0x0000000082600000|  0%| F|  |TAMS 0x0000000082500000, 0x0000000082500000| Untracked 
|  38|0x0000000082600000, 0x0000000082600000, 0x0000000082700000|  0%| F|  |TAMS 0x0000000082600000, 0x0000000082600000| Untracked 
|  39|0x0000000082700000, 0x0000000082700000, 0x0000000082800000|  0%| F|  |TAMS 0x0000000082700000, 0x0000000082700000| Untracked 
|  40|0x0000000082800000, 0x0000000082800000, 0x0000000082900000|  0%| F|  |TAMS 0x0000000082800000, 0x0000000082800000| Untracked 
|  41|0x0000000082900000, 0x000000008295a528, 0x0000000082a00000| 35%| S|CS|TAMS 0x0000000082900000, 0x0000000082900000| Complete 
|  42|0x0000000082a00000, 0x0000000082b00000, 0x0000000082b00000|100%| S|CS|TAMS 0x0000000082a00000, 0x0000000082a00000| Complete 
|  43|0x0000000082b00000, 0x0000000082b00000, 0x0000000082c00000|  0%| F|  |TAMS 0x0000000082b00000, 0x0000000082b00000| Untracked 
|  44|0x0000000082c00000, 0x0000000082d00000, 0x0000000082d00000|100%| S|CS|TAMS 0x0000000082c00000, 0x0000000082c00000| Complete 
|  45|0x0000000082d00000, 0x0000000082e00000, 0x0000000082e00000|100%| S|CS|TAMS 0x0000000082d00000, 0x0000000082d00000| Complete 
|  46|0x0000000082e00000, 0x0000000082f00000, 0x0000000082f00000|100%| E|CS|TAMS 0x0000000082e00000, 0x0000000082e00000| Complete 
|  47|0x0000000082f00000, 0x0000000083000000, 0x0000000083000000|100%| E|CS|TAMS 0x0000000082f00000, 0x0000000082f00000| Complete 
|  48|0x0000000083000000, 0x0000000083100000, 0x0000000083100000|100%| E|CS|TAMS 0x0000000083000000, 0x0000000083000000| Complete 
|  49|0x0000000083100000, 0x0000000083200000, 0x0000000083200000|100%| E|CS|TAMS 0x0000000083100000, 0x0000000083100000| Complete 
|  50|0x0000000083200000, 0x0000000083300000, 0x0000000083300000|100%| E|CS|TAMS 0x0000000083200000, 0x0000000083200000| Complete 
|  51|0x0000000083300000, 0x0000000083400000, 0x0000000083400000|100%| E|CS|TAMS 0x0000000083300000, 0x0000000083300000| Complete 
|  52|0x0000000083400000, 0x0000000083500000, 0x0000000083500000|100%| E|CS|TAMS 0x0000000083400000, 0x0000000083400000| Complete 
|  53|0x0000000083500000, 0x0000000083600000, 0x0000000083600000|100%| E|CS|TAMS 0x0000000083500000, 0x0000000083500000| Complete 
|  54|0x0000000083600000, 0x0000000083700000, 0x0000000083700000|100%| E|CS|TAMS 0x0000000083600000, 0x0000000083600000| Complete 
|  55|0x0000000083700000, 0x0000000083800000, 0x0000000083800000|100%| E|CS|TAMS 0x0000000083700000, 0x0000000083700000| Complete 
|  56|0x0000000083800000, 0x0000000083900000, 0x0000000083900000|100%| E|CS|TAMS 0x0000000083800000, 0x0000000083800000| Complete 
|  57|0x0000000083900000, 0x0000000083a00000, 0x0000000083a00000|100%| E|CS|TAMS 0x0000000083900000, 0x0000000083900000| Complete 
|  58|0x0000000083a00000, 0x0000000083b00000, 0x0000000083b00000|100%| E|CS|TAMS 0x0000000083a00000, 0x0000000083a00000| Complete 
|  59|0x0000000083b00000, 0x0000000083c00000, 0x0000000083c00000|100%| E|CS|TAMS 0x0000000083b00000, 0x0000000083b00000| Complete 
| 319|0x0000000093f00000, 0x0000000094000000, 0x0000000094000000|100%| E|CS|TAMS 0x0000000093f00000, 0x0000000093f00000| Complete 
| 320|0x0000000094000000, 0x0000000094100000, 0x0000000094100000|100%| E|CS|TAMS 0x0000000094000000, 0x0000000094000000| Complete 
| 321|0x0000000094100000, 0x0000000094200000, 0x0000000094200000|100%| E|CS|TAMS 0x0000000094100000, 0x0000000094100000| Complete 
| 322|0x0000000094200000, 0x0000000094300000, 0x0000000094300000|100%| E|CS|TAMS 0x0000000094200000, 0x0000000094200000| Complete 
| 323|0x0000000094300000, 0x0000000094400000, 0x0000000094400000|100%| E|CS|TAMS 0x0000000094300000, 0x0000000094300000| Complete 
| 324|0x0000000094400000, 0x0000000094500000, 0x0000000094500000|100%| E|CS|TAMS 0x0000000094400000, 0x0000000094400000| Complete 
| 325|0x0000000094500000, 0x0000000094600000, 0x0000000094600000|100%| E|CS|TAMS 0x0000000094500000, 0x0000000094500000| Complete 
| 326|0x0000000094600000, 0x0000000094700000, 0x0000000094700000|100%| E|  |TAMS 0x0000000094600000, 0x0000000094600000| Complete 
| 327|0x0000000094700000, 0x0000000094800000, 0x0000000094800000|100%| E|CS|TAMS 0x0000000094700000, 0x0000000094700000| Complete 
| 381|0x0000000097d00000, 0x0000000097e00000, 0x0000000097e00000|100%| E|CS|TAMS 0x0000000097d00000, 0x0000000097d00000| Complete 

Card table byte_map: [0x000001e17f870000,0x000001e17fc70000] _byte_map_base: 0x000001e17f470000

Marking Bits (Prev, Next): (CMBitMap*) 0x000001e17d1eeb30, (CMBitMap*) 0x000001e17d1eeb70
 Prev Bits: [0x000001e112820000, 0x000001e114820000)
 Next Bits: [0x000001e114820000, 0x000001e116820000)

Polling page: 0x000001e17d020000

Metaspace:

Usage:
  Non-class:     43.86 MB used.
      Class:      6.95 MB used.
       Both:     50.81 MB used.

Virtual space:
  Non-class space:       64.00 MB reserved,      44.12 MB ( 69%) committed,  1 nodes.
      Class space:        1.00 GB reserved,       7.19 MB ( <1%) committed,  1 nodes.
             Both:        1.06 GB reserved,      51.31 MB (  5%) committed. 

Chunk freelists:
   Non-Class:  2.98 MB
       Class:  8.67 MB
        Both:  11.66 MB

MaxMetaspaceSize: unlimited
CompressedClassSpaceSize: 1.00 GB
Initial GC threshold: 21.00 MB
Current GC threshold: 58.75 MB
CDS: off
MetaspaceReclaimPolicy: balanced
 - commit_granule_bytes: 65536.
 - commit_granule_words: 8192.
 - virtual_space_node_default_size: 8388608.
 - enlarge_chunks_in_place: 1.
 - new_chunks_are_fully_committed: 0.
 - uncommit_free_chunks: 1.
 - use_allocation_guard: 0.
 - handle_deallocations: 1.


Internal statistics:

num_allocs_failed_limit: 6.
num_arena_births: 558.
num_arena_deaths: 0.
num_vsnodes_births: 2.
num_vsnodes_deaths: 0.
num_space_committed: 821.
num_space_uncommitted: 0.
num_chunks_returned_to_freelist: 6.
num_chunks_taken_from_freelist: 2244.
num_chunk_merges: 3.
num_chunk_splits: 1474.
num_chunks_enlarged: 996.
num_inconsistent_stats: 0.

CodeHeap 'non-profiled nmethods': size=120000Kb used=3015Kb max_used=3015Kb free=116984Kb
 bounds [0x000001e10aef0000, 0x000001e10b1f0000, 0x000001e112420000]
CodeHeap 'profiled nmethods': size=120000Kb used=8818Kb max_used=8818Kb free=111181Kb
 bounds [0x000001e103420000, 0x000001e103cc0000, 0x000001e10a950000]
CodeHeap 'non-nmethods': size=5760Kb used=1612Kb max_used=1742Kb free=4147Kb
 bounds [0x000001e10a950000, 0x000001e10abc0000, 0x000001e10aef0000]
 total_blobs=4991 nmethods=4311 adapters=592
 compilation: enabled
              stopped_count=0, restarted_count=0
 full_count=0

Compilation events (20 events):
Event: 14.945 Thread 0x000001e11fbcea00 nmethod 4322 0x000001e10b1de090 code [0x000001e10b1de260, 0x000001e10b1de5e8]
Event: 14.947 Thread 0x000001e119177350 nmethod 4324 0x000001e10b1dea90 code [0x000001e10b1dec20, 0x000001e10b1def98]
Event: 14.984 Thread 0x000001e11fbce4b0 nmethod 4325 0x000001e10b1df190 code [0x000001e10b1df320, 0x000001e10b1dfad8]
Event: 14.990 Thread 0x000001e11fbce4b0 4326       4       jdk.internal.org.objectweb.asm.AnnotationWriter::putAnnotations (67 bytes)
Event: 15.004 Thread 0x000001e11fbce4b0 nmethod 4326 0x000001e10b1dfe90 code [0x000001e10b1e0060, 0x000001e10b1e0330]
Event: 15.016 Thread 0x000001e11fbce4b0 4327       4       java.util.regex.Pattern$Node::<init> (12 bytes)
Event: 15.017 Thread 0x000001e11fbcea00 4328       4       java.lang.Character::charCount (12 bytes)
Event: 15.017 Thread 0x000001e1191785a0 4329       3       java.util.regex.Pattern::range (294 bytes)
Event: 15.018 Thread 0x000001e11fbcea00 nmethod 4328 0x000001e10b1e0710 code [0x000001e10b1e0880, 0x000001e10b1e08f8]
Event: 15.024 Thread 0x000001e11fbce4b0 nmethod 4327 0x000001e10b1e0a10 code [0x000001e10b1e0b80, 0x000001e10b1e0cd8]
Event: 15.025 Thread 0x000001e1191785a0 nmethod 4329 0x000001e103cb9890 code [0x000001e103cb9cc0, 0x000001e103cbb518]
Event: 15.045 Thread 0x000001e1191785a0 4330       3       java.util.regex.Pattern::qtype (39 bytes)
Event: 15.047 Thread 0x000001e1191785a0 nmethod 4330 0x000001e103cbbd90 code [0x000001e103cbbf60, 0x000001e103cbc1e8]
Event: 15.058 Thread 0x000001e1191785a0 4331       3       com.google.common.cache.LocalCache$AbstractReferenceEntry::<init> (5 bytes)
Event: 15.058 Thread 0x000001e1191785a0 nmethod 4331 0x000001e103cbc310 code [0x000001e103cbc4a0, 0x000001e103cbc5f8]
Event: 15.065 Thread 0x000001e1191785a0 4332       3       java.util.Spliterators$ArraySpliterator::estimateSize (11 bytes)
Event: 15.066 Thread 0x000001e1191785a0 nmethod 4332 0x000001e103cbc690 code [0x000001e103cbc820, 0x000001e103cbc938]
Event: 15.067 Thread 0x000001e119177350 4333       4       java.io.WinNTFileSystem::normalize (143 bytes)
Event: 15.071 Thread 0x000001e11fbcea00 4334       4       jdk.internal.org.objectweb.asm.Type::getArgumentsAndReturnSizes (140 bytes)
Event: 15.106 Thread 0x000001e11fbcea00 nmethod 4334 0x000001e10b1e0d90 code [0x000001e10b1e0f80, 0x000001e10b1e1690]

GC Heap History (20 events):
Event: 5.626 GC heap before
{Heap before GC invocations=2 (full 0):
 garbage-first heap   total 391168K, used 65538K [0x0000000080000000, 0x0000000100000000)
  region size 1024K, 54 young (55296K), 1 survivors (1024K)
 Metaspace       used 21273K, committed 21504K, reserved 1114112K
  class space    used 2502K, committed 2624K, reserved 1048576K
}
Event: 5.636 GC heap after
{Heap after GC invocations=3 (full 0):
 garbage-first heap   total 391168K, used 19004K [0x0000000080000000, 0x0000000100000000)
  region size 1024K, 9 young (9216K), 9 survivors (9216K)
 Metaspace       used 21273K, committed 21504K, reserved 1114112K
  class space    used 2502K, committed 2624K, reserved 1048576K
}
Event: 6.801 GC heap before
{Heap before GC invocations=4 (full 0):
 garbage-first heap   total 71680K, used 52796K [0x0000000080000000, 0x0000000100000000)
  region size 1024K, 42 young (43008K), 9 survivors (9216K)
 Metaspace       used 26453K, committed 26752K, reserved 1114112K
  class space    used 3401K, committed 3520K, reserved 1048576K
}
Event: 6.812 GC heap after
{Heap after GC invocations=5 (full 0):
 garbage-first heap   total 71680K, used 20633K [0x0000000080000000, 0x0000000100000000)
  region size 1024K, 2 young (2048K), 2 survivors (2048K)
 Metaspace       used 26453K, committed 26752K, reserved 1114112K
  class space    used 3401K, committed 3520K, reserved 1048576K
}
Event: 6.840 GC heap before
{Heap before GC invocations=5 (full 0):
 garbage-first heap   total 71680K, used 21657K [0x0000000080000000, 0x0000000100000000)
  region size 1024K, 3 young (3072K), 2 survivors (2048K)
 Metaspace       used 26600K, committed 26880K, reserved 1114112K
  class space    used 3428K, committed 3520K, reserved 1048576K
}
Event: 6.844 GC heap after
{Heap after GC invocations=6 (full 0):
 garbage-first heap   total 71680K, used 20896K [0x0000000080000000, 0x0000000100000000)
  region size 1024K, 1 young (1024K), 1 survivors (1024K)
 Metaspace       used 26600K, committed 26880K, reserved 1114112K
  class space    used 3428K, committed 3520K, reserved 1048576K
}
Event: 7.919 GC heap before
{Heap before GC invocations=6 (full 0):
 garbage-first heap   total 71680K, used 49568K [0x0000000080000000, 0x0000000100000000)
  region size 1024K, 29 young (29696K), 1 survivors (1024K)
 Metaspace       used 30517K, committed 30784K, reserved 1114112K
  class space    used 4078K, committed 4160K, reserved 1048576K
}
Event: 7.926 GC heap after
{Heap after GC invocations=7 (full 0):
 garbage-first heap   total 71680K, used 22303K [0x0000000080000000, 0x0000000100000000)
  region size 1024K, 2 young (2048K), 2 survivors (2048K)
 Metaspace       used 30517K, committed 30784K, reserved 1114112K
  class space    used 4078K, committed 4160K, reserved 1048576K
}
Event: 9.069 GC heap before
{Heap before GC invocations=7 (full 0):
 garbage-first heap   total 71680K, used 51999K [0x0000000080000000, 0x0000000100000000)
  region size 1024K, 31 young (31744K), 2 survivors (2048K)
 Metaspace       used 34119K, committed 34496K, reserved 1114112K
  class space    used 4675K, committed 4864K, reserved 1048576K
}
Event: 9.076 GC heap after
{Heap after GC invocations=8 (full 0):
 garbage-first heap   total 71680K, used 23516K [0x0000000080000000, 0x0000000100000000)
  region size 1024K, 3 young (3072K), 3 survivors (3072K)
 Metaspace       used 34119K, committed 34496K, reserved 1114112K
  class space    used 4675K, committed 4864K, reserved 1048576K
}
Event: 9.487 GC heap before
{Heap before GC invocations=8 (full 0):
 garbage-first heap   total 71680K, used 30684K [0x0000000080000000, 0x0000000100000000)
  region size 1024K, 11 young (11264K), 3 survivors (3072K)
 Metaspace       used 35658K, committed 35968K, reserved 1114112K
  class space    used 4880K, committed 5056K, reserved 1048576K
}
Event: 9.492 GC heap after
{Heap after GC invocations=9 (full 0):
 garbage-first heap   total 71680K, used 24053K [0x0000000080000000, 0x0000000100000000)
  region size 1024K, 2 young (2048K), 2 survivors (2048K)
 Metaspace       used 35658K, committed 35968K, reserved 1114112K
  class space    used 4880K, committed 5056K, reserved 1048576K
}
Event: 10.450 GC heap before
{Heap before GC invocations=10 (full 0):
 garbage-first heap   total 71680K, used 54773K [0x0000000080000000, 0x0000000100000000)
  region size 1024K, 33 young (33792K), 2 survivors (2048K)
 Metaspace       used 40782K, committed 41152K, reserved 1114112K
  class space    used 5418K, committed 5568K, reserved 1048576K
}
Event: 10.459 GC heap after
{Heap after GC invocations=11 (full 0):
 garbage-first heap   total 71680K, used 28120K [0x0000000080000000, 0x0000000100000000)
  region size 1024K, 5 young (5120K), 5 survivors (5120K)
 Metaspace       used 40782K, committed 41152K, reserved 1114112K
  class space    used 5418K, committed 5568K, reserved 1048576K
}
Event: 11.055 GC heap before
{Heap before GC invocations=11 (full 0):
 garbage-first heap   total 71680K, used 54744K [0x0000000080000000, 0x0000000100000000)
  region size 1024K, 32 young (32768K), 5 survivors (5120K)
 Metaspace       used 42247K, committed 42624K, reserved 1114112K
  class space    used 5632K, committed 5824K, reserved 1048576K
}
Event: 11.064 GC heap after
{Heap after GC invocations=12 (full 0):
 garbage-first heap   total 71680K, used 29824K [0x0000000080000000, 0x0000000100000000)
  region size 1024K, 2 young (2048K), 2 survivors (2048K)
 Metaspace       used 42247K, committed 42624K, reserved 1114112K
  class space    used 5632K, committed 5824K, reserved 1048576K
}
Event: 12.439 GC heap before
{Heap before GC invocations=12 (full 0):
 garbage-first heap   total 71680K, used 56448K [0x0000000080000000, 0x0000000100000000)
  region size 1024K, 28 young (28672K), 2 survivors (2048K)
 Metaspace       used 45568K, committed 45952K, reserved 1114112K
  class space    used 6206K, committed 6400K, reserved 1048576K
}
Event: 12.443 GC heap after
{Heap after GC invocations=13 (full 0):
 garbage-first heap   total 71680K, used 31633K [0x0000000080000000, 0x0000000100000000)
  region size 1024K, 4 young (4096K), 4 survivors (4096K)
 Metaspace       used 45568K, committed 45952K, reserved 1114112K
  class space    used 6206K, committed 6400K, reserved 1048576K
}
Event: 13.546 GC heap before
{Heap before GC invocations=13 (full 0):
 garbage-first heap   total 71680K, used 56209K [0x0000000080000000, 0x0000000100000000)
  region size 1024K, 28 young (28672K), 4 survivors (4096K)
 Metaspace       used 48640K, committed 49088K, reserved 1114112K
  class space    used 6720K, committed 6912K, reserved 1048576K
}
Event: 13.554 GC heap after
{Heap after GC invocations=14 (full 0):
 garbage-first heap   total 71680K, used 32961K [0x0000000080000000, 0x0000000100000000)
  region size 1024K, 4 young (4096K), 4 survivors (4096K)
 Metaspace       used 48640K, committed 49088K, reserved 1114112K
  class space    used 6720K, committed 6912K, reserved 1048576K
}

Dll operation events (3 events):
Event: 0.017 Loaded shared library C:\Program Files\Android\Android Studio\jbr\bin\java.dll
Event: 0.402 Loaded shared library C:\Program Files\Android\Android Studio\jbr\bin\zip.dll
Event: 0.993 Loaded shared library C:\Program Files\Android\Android Studio\jbr\bin\verify.dll

Deoptimization events (20 events):
Event: 14.066 Thread 0x000001e1204368f0 DEOPT PACKING pc=0x000001e10af5bdd0 sp=0x000000759caf9070
Event: 14.066 Thread 0x000001e1204368f0 DEOPT UNPACKING pc=0x000001e10a9a69a3 sp=0x000000759caf8fa8 mode 2
Event: 14.066 Thread 0x000001e1204368f0 Uncommon trap: trap_request=0xffffff45 fr.pc=0x000001e10af1614c relative=0x000000000000004c
Event: 14.066 Thread 0x000001e1204368f0 Uncommon trap: reason=unstable_if action=reinterpret pc=0x000001e10af1614c method=java.net.URI.match(CJJ)Z @ 19 c2
Event: 14.066 Thread 0x000001e1204368f0 DEOPT PACKING pc=0x000001e10af1614c sp=0x000000759caf9080
Event: 14.066 Thread 0x000001e1204368f0 DEOPT UNPACKING pc=0x000001e10a9a69a3 sp=0x000000759caf9030 mode 2
Event: 14.368 Thread 0x000001e1204368f0 Uncommon trap: trap_request=0xffffff45 fr.pc=0x000001e10b11eda0 relative=0x00000000000003e0
Event: 14.368 Thread 0x000001e1204368f0 Uncommon trap: reason=unstable_if action=reinterpret pc=0x000001e10b11eda0 method=org.gradle.internal.snapshot.PathUtil.equalChars(CCLorg/gradle/internal/snapshot/CaseSensitivity;)Z @ 40 c2
Event: 14.368 Thread 0x000001e1204368f0 DEOPT PACKING pc=0x000001e10b11eda0 sp=0x000000759caf7d90
Event: 14.368 Thread 0x000001e1204368f0 DEOPT UNPACKING pc=0x000001e10a9a69a3 sp=0x000000759caf7d20 mode 2
Event: 14.374 Thread 0x000001e120436e00 Uncommon trap: trap_request=0xffffffc6 fr.pc=0x000001e10b110fa8 relative=0x0000000000000a08
Event: 14.374 Thread 0x000001e120436e00 Uncommon trap: reason=bimorphic_or_optimized_type_check action=maybe_recompile pc=0x000001e10b110fa8 method=java.io.BufferedInputStream.read([BII)I @ 101 c2
Event: 14.375 Thread 0x000001e120436e00 DEOPT PACKING pc=0x000001e10b110fa8 sp=0x000000759cffe0a0
Event: 14.375 Thread 0x000001e120436e00 DEOPT UNPACKING pc=0x000001e10a9a69a3 sp=0x000000759cffe058 mode 2
Event: 14.390 Thread 0x000001e1204368f0 Uncommon trap: trap_request=0xffffff76 fr.pc=0x000001e10b05ceb0 relative=0x0000000000000270
Event: 14.390 Thread 0x000001e1204368f0 Uncommon trap: reason=predicate action=maybe_recompile pc=0x000001e10b05ceb0 method=com.google.common.base.CharMatcher.indexIn(Ljava/lang/CharSequence;I)I @ 19 c2
Event: 14.390 Thread 0x000001e1204368f0 DEOPT PACKING pc=0x000001e10b05ceb0 sp=0x000000759caf9540
Event: 14.390 Thread 0x000001e1204368f0 DEOPT UNPACKING pc=0x000001e10a9a69a3 sp=0x000000759caf94d8 mode 2
Event: 14.942 Thread 0x000001e1204368f0 DEOPT PACKING pc=0x000001e1037d871b sp=0x000000759caf6670
Event: 14.942 Thread 0x000001e1204368f0 DEOPT UNPACKING pc=0x000001e10a9a7143 sp=0x000000759caf5ae0 mode 0

Classes unloaded (0 events):
No events

Classes redefined (0 events):
No events

Internal exceptions (20 events):
Event: 11.564 Thread 0x000001e1204368f0 Exception <a 'java/lang/NoSuchMethodError'{0x0000000093fa1ad0}: 'java.lang.Object java.lang.invoke.DirectMethodHandle$Holder.newInvokeSpecial(java.lang.Object, java.lang.Object, java.lang.Object, java.lang.Object, int)'> (0x0000000093fa1ad0) 
thrown [s\src\hotspot\share\interpreter\linkResolver.cpp, line 771]
Event: 11.565 Thread 0x000001e1204368f0 Exception <a 'java/lang/NoSuchMethodError'{0x0000000093fa6b50}: 'java.lang.Object java.lang.invoke.DirectMethodHandle$Holder.invokeSpecial(java.lang.Object, java.lang.Object, java.lang.Object, java.lang.Object, java.lang.Object, int)'> (0x0000000093fa6b50) 
thrown [s\src\hotspot\share\interpreter\linkResolver.cpp, line 771]
Event: 11.566 Thread 0x000001e1204368f0 Exception <a 'java/lang/NoSuchMethodError'{0x0000000093fab580}: 'java.lang.Object java.lang.invoke.Invokers$Holder.linkToTargetMethod(java.lang.Object, java.lang.Object, java.lang.Object, int, java.lang.Object)'> (0x0000000093fab580) 
thrown [s\src\hotspot\share\interpreter\linkResolver.cpp, line 771]
Event: 11.683 Thread 0x000001e1204368f0 Exception <a 'java/lang/NoSuchMethodError'{0x0000000083a7e388}: 'int java.lang.invoke.DirectMethodHandle$Holder.invokeInterface(java.lang.Object, java.lang.Object, java.lang.Object, java.lang.Object)'> (0x0000000083a7e388) 
thrown [s\src\hotspot\share\interpreter\linkResolver.cpp, line 771]
Event: 12.154 Thread 0x000001e1204368f0 Implicit null exception at 0x000001e10b0d216c to 0x000001e10b0d2210
Event: 12.365 Thread 0x000001e1204368f0 Exception <a 'java/lang/NoSuchMethodError'{0x0000000082d237b0}: 'void java.lang.invoke.DirectMethodHandle$Holder.invokeInterface(java.lang.Object, java.lang.Object)'> (0x0000000082d237b0) 
thrown [s\src\hotspot\share\interpreter\linkResolver.cpp, line 771]
Event: 12.367 Thread 0x000001e1204368f0 Exception <a 'java/lang/IncompatibleClassChangeError'{0x0000000082d2ebe0}: Found class java.lang.Object, but interface was expected> (0x0000000082d2ebe0) 
thrown [s\src\hotspot\share\interpreter\linkResolver.cpp, line 838]
Event: 12.467 Thread 0x000001e1204368f0 Exception <a 'java/lang/NoSuchMethodError'{0x0000000097dbc828}: 'java.lang.Object java.lang.invoke.DirectMethodHandle$Holder.newInvokeSpecial(java.lang.Object, int, java.lang.Object)'> (0x0000000097dbc828) 
thrown [s\src\hotspot\share\interpreter\linkResolver.cpp, line 771]
Event: 13.241 Thread 0x000001e120434a90 Exception <a 'java/lang/NoSuchMethodError'{0x00000000837997d0}: static Lorg/gradle/internal/build/event/types/DefaultOperationStartedProgressEvent;.<clinit>()V> (0x00000000837997d0) 
thrown [s\src\hotspot\share\prims\jni.cpp, line 1108]
Event: 13.243 Thread 0x000001e120434a90 Exception <a 'java/lang/NoSuchMethodError'{0x000000008379cb18}: static Lorg/gradle/internal/build/event/types/AbstractProgressEvent;.<clinit>()V> (0x000000008379cb18) 
thrown [s\src\hotspot\share\prims\jni.cpp, line 1108]
Event: 13.248 Thread 0x000001e120434a90 Exception <a 'java/lang/NoSuchMethodError'{0x0000000083613870}: static Lorg/gradle/internal/build/event/types/DefaultProjectConfigurationDescriptor;.<clinit>()V> (0x0000000083613870) 
thrown [s\src\hotspot\share\prims\jni.cpp, line 1108]
Event: 13.249 Thread 0x000001e120434a90 Exception <a 'java/lang/NoSuchMethodError'{0x0000000083616578}: static Lorg/gradle/internal/build/event/types/DefaultOperationDescriptor;.<clinit>()V> (0x0000000083616578) 
thrown [s\src\hotspot\share\prims\jni.cpp, line 1108]
Event: 13.255 Thread 0x000001e120434a90 Exception <a 'java/lang/NoSuchMethodError'{0x0000000083631a58}: static Lorg/gradle/internal/operations/OperationIdentifier;.<clinit>()V> (0x0000000083631a58) 
thrown [s\src\hotspot\share\prims\jni.cpp, line 1108]
Event: 13.450 Thread 0x000001e1204368f0 Exception <a 'java/lang/NoSuchMethodError'{0x00000000830018b8}: 'long java.lang.invoke.DirectMethodHandle$Holder.invokeStatic(java.lang.Object, long)'> (0x00000000830018b8) 
thrown [s\src\hotspot\share\interpreter\linkResolver.cpp, line 771]
Event: 14.227 Thread 0x000001e1204368f0 Exception <a 'java/lang/NoSuchMethodError'{0x00000000940093c8}: 'java.lang.Object java.lang.invoke.DirectMethodHandle$Holder.invokeSpecial(java.lang.Object, java.lang.Object, java.lang.Object, java.lang.Object, java.lang.Object, java.lang.Object, java.lang.Object, java.lang.Object, java.lang.Object, java.lang.Object, java.lang.Object, java.lang.Object, java.lang.Object, java.lang.Object, java.lang.Object, java.lang.Object, java.lang.Object, java.lang.Object, java.lang.Object, java.lang.Object, java.lang.Ob
Event: 14.228 Thread 0x000001e1204368f0 Exception <a 'java/lang/NoSuchMethodError'{0x000000009400f4d8}: 'java.lang.Object java.lang.invoke.DelegatingMethodHandle$Holder.reinvoke_L(java.lang.Object, java.lang.Object, java.lang.Object, java.lang.Object, java.lang.Object, java.lang.Object, java.lang.Object, java.lang.Object, java.lang.Object, java.lang.Object, java.lang.Object, java.lang.Object, java.lang.Object, java.lang.Object, java.lang.Object, java.lang.Object, java.lang.Object, java.lang.Object, java.lang.Object, java.lang.Object, java.lang.O
Event: 14.230 Thread 0x000001e1204368f0 Exception <a 'java/lang/NoSuchMethodError'{0x000000009401abf0}: 'java.lang.Object java.lang.invoke.Invokers$Holder.invoker(java.lang.Object, java.lang.Object, java.lang.Object, java.lang.Object, java.lang.Object, java.lang.Object, java.lang.Object, java.lang.Object, java.lang.Object, java.lang.Object, java.lang.Object, java.lang.Object, java.lang.Object, java.lang.Object, java.lang.Object, java.lang.Object, java.lang.Object, java.lang.Object, java.lang.Object, java.lang.Object, java.lang.Object, java.lang.
Event: 14.231 Thread 0x000001e1204368f0 Exception <a 'java/lang/NoSuchMethodError'{0x0000000094021650}: 'java.lang.Object java.lang.invoke.DelegatingMethodHandle$Holder.delegate(java.lang.Object, java.lang.Object, java.lang.Object, java.lang.Object, java.lang.Object, java.lang.Object, java.lang.Object, java.lang.Object, java.lang.Object, java.lang.Object, java.lang.Object, java.lang.Object, java.lang.Object, java.lang.Object, java.lang.Object, java.lang.Object, java.lang.Object, java.lang.Object, java.lang.Object, java.lang.Object, java.lang.Obj
Event: 14.256 Thread 0x000001e1204368f0 Exception <a 'java/lang/NoSuchMethodError'{0x00000000940e2f78}: 'java.lang.Object java.lang.invoke.DirectMethodHandle$Holder.invokeStatic(java.lang.Object, java.lang.Object, java.lang.Object, java.lang.Object, java.lang.Object, java.lang.Object, java.lang.Object, java.lang.Object, java.lang.Object, java.lang.Object, java.lang.Object, java.lang.Object, java.lang.Object, java.lang.Object, java.lang.Object, java.lang.Object, java.lang.Object, java.lang.Object, java.lang.Object, java.lang.Object, java.lang.Obj
Event: 15.064 Thread 0x000001e1204368f0 Exception <a 'java/lang/NoSuchMethodError'{0x0000000082f708e0}: 'int java.lang.invoke.DirectMethodHandle$Holder.invokeSpecialIFC(java.lang.Object, java.lang.Object, java.lang.Object)'> (0x0000000082f708e0) 
thrown [s\src\hotspot\share\interpreter\linkResolver.cpp, line 771]

VM Operations (20 events):
Event: 11.114 Executing VM operation: HandshakeAllThreads
Event: 11.114 Executing VM operation: HandshakeAllThreads done
Event: 11.639 Executing VM operation: HandshakeAllThreads
Event: 11.640 Executing VM operation: HandshakeAllThreads done
Event: 11.662 Executing VM operation: HandshakeAllThreads
Event: 11.662 Executing VM operation: HandshakeAllThreads done
Event: 11.679 Executing VM operation: HandshakeAllThreads
Event: 11.679 Executing VM operation: HandshakeAllThreads done
Event: 12.073 Executing VM operation: HandshakeAllThreads
Event: 12.073 Executing VM operation: HandshakeAllThreads done
Event: 12.073 Executing VM operation: Cleanup
Event: 12.074 Executing VM operation: Cleanup done
Event: 12.439 Executing VM operation: G1CollectForAllocation
Event: 12.443 Executing VM operation: G1CollectForAllocation done
Event: 13.106 Executing VM operation: HandshakeAllThreads
Event: 13.107 Executing VM operation: HandshakeAllThreads done
Event: 13.546 Executing VM operation: G1CollectForAllocation
Event: 13.554 Executing VM operation: G1CollectForAllocation done
Event: 14.567 Executing VM operation: Cleanup
Event: 14.598 Executing VM operation: Cleanup done

Events (20 events):
Event: 14.088 loading class java/security/cert/CertificateException
Event: 14.089 loading class java/security/cert/CertificateException done
Event: 14.089 loading class java/security/cert/CertificateParsingException done
Event: 14.089 loading class javax/naming/NamingException
Event: 14.090 loading class javax/naming/NamingException done
Event: 14.090 loading class javax/naming/InvalidNameException
Event: 14.090 loading class javax/naming/InvalidNameException done
Event: 14.208 loading class java/util/Collections$SingletonMap
Event: 14.209 loading class java/util/Collections$SingletonMap done
Event: 14.219 Thread 0x000001e1218af6f0 Thread added: 0x000001e1218af6f0
Event: 14.254 loading class java/lang/invoke/BoundMethodHandle$Species_LLLLLLLLLLLLLLLLLLLLLLL
Event: 14.254 loading class java/lang/invoke/BoundMethodHandle$Species_LLLLLLLLLLLLLLLLLLLLLLL done
Event: 14.371 Thread 0x000001e1218adda0 Thread added: 0x000001e1218adda0
Event: 14.372 Thread 0x000001e1218ab010 Thread added: 0x000001e1218ab010
Event: 14.471 loading class java/io/DeleteOnExitHook
Event: 14.471 loading class java/io/DeleteOnExitHook done
Event: 14.471 loading class java/io/DeleteOnExitHook$1
Event: 14.471 loading class java/io/DeleteOnExitHook$1 done
Event: 15.127 loading class java/util/concurrent/LinkedBlockingDeque$Itr
Event: 15.128 loading class java/util/concurrent/LinkedBlockingDeque$AbstractItr


Dynamic libraries:
0x00007ff62d920000 - 0x00007ff62d92a000 	C:\Program Files\Android\Android Studio\jbr\bin\java.exe
0x00007ffc59450000 - 0x00007ffc59666000 	C:\Windows\SYSTEM32\ntdll.dll
0x00007ffc19230000 - 0x00007ffc19249000 	C:\Program Files\Avast Software\Avast\aswhook.dll
0x00007ffc57280000 - 0x00007ffc57344000 	C:\Windows\System32\KERNEL32.DLL
0x00007ffc56ab0000 - 0x00007ffc56e56000 	C:\Windows\System32\KERNELBASE.dll
0x00007ffc568a0000 - 0x00007ffc569b1000 	C:\Windows\System32\ucrtbase.dll
0x00007ffc32f90000 - 0x00007ffc32fa7000 	C:\Program Files\Android\Android Studio\jbr\bin\jli.dll
0x00007ffc400d0000 - 0x00007ffc400eb000 	C:\Program Files\Android\Android Studio\jbr\bin\VCRUNTIME140.dll
0x00007ffc573d0000 - 0x00007ffc5757d000 	C:\Windows\System32\USER32.dll
0x00007ffc569c0000 - 0x00007ffc569e6000 	C:\Windows\System32\win32u.dll
0x00007ffc3ecb0000 - 0x00007ffc3ef43000 	C:\Windows\WinSxS\amd64_microsoft.windows.common-controls_6595b64144ccf1df_6.0.22621.3235_none_270f74e173860f98\COMCTL32.dll
0x00007ffc575e0000 - 0x00007ffc57609000 	C:\Windows\System32\GDI32.dll
0x00007ffc56e90000 - 0x00007ffc56fa8000 	C:\Windows\System32\gdi32full.dll
0x00007ffc58210000 - 0x00007ffc582b7000 	C:\Windows\System32\msvcrt.dll
0x00007ffc56790000 - 0x00007ffc5682a000 	C:\Windows\System32\msvcp_win.dll
0x00007ffc59230000 - 0x00007ffc59261000 	C:\Windows\System32\IMM32.DLL
0x00007ffc40110000 - 0x00007ffc4011c000 	C:\Program Files\Android\Android Studio\jbr\bin\vcruntime140_1.dll
0x00007ffc03410000 - 0x00007ffc0349d000 	C:\Program Files\Android\Android Studio\jbr\bin\msvcp140.dll
0x00007ffbc07d0000 - 0x00007ffbc1453000 	C:\Program Files\Android\Android Studio\jbr\bin\server\jvm.dll
0x00007ffc584c0000 - 0x00007ffc58572000 	C:\Windows\System32\ADVAPI32.dll
0x00007ffc58ba0000 - 0x00007ffc58c48000 	C:\Windows\System32\sechost.dll
0x00007ffc56e60000 - 0x00007ffc56e88000 	C:\Windows\System32\bcrypt.dll
0x00007ffc58030000 - 0x00007ffc58145000 	C:\Windows\System32\RPCRT4.dll
0x00007ffc38610000 - 0x00007ffc38619000 	C:\Windows\SYSTEM32\WSOCK32.dll
0x00007ffc4e160000 - 0x00007ffc4e194000 	C:\Windows\SYSTEM32\WINMM.dll
0x00007ffc56660000 - 0x00007ffc566ad000 	C:\Windows\SYSTEM32\POWRPROF.dll
0x00007ffc57350000 - 0x00007ffc573c1000 	C:\Windows\System32\WS2_32.dll
0x00007ffc45ff0000 - 0x00007ffc45ffa000 	C:\Windows\SYSTEM32\VERSION.dll
0x00007ffc56640000 - 0x00007ffc56653000 	C:\Windows\SYSTEM32\UMPDC.dll
0x00007ffc55790000 - 0x00007ffc557a8000 	C:\Windows\SYSTEM32\kernel.appcore.dll
0x00007ffc53440000 - 0x00007ffc5344a000 	C:\Program Files\Android\Android Studio\jbr\bin\jimage.dll
0x00007ffc53830000 - 0x00007ffc53a63000 	C:\Windows\SYSTEM32\DBGHELP.DLL
0x00007ffc58650000 - 0x00007ffc589d8000 	C:\Windows\System32\combase.dll
0x00007ffc571a0000 - 0x00007ffc57277000 	C:\Windows\System32\OLEAUT32.dll
0x00007ffc462e0000 - 0x00007ffc46312000 	C:\Windows\SYSTEM32\dbgcore.DLL
0x00007ffc57120000 - 0x00007ffc5719a000 	C:\Windows\System32\bcryptPrimitives.dll
0x00007ffc3cbb0000 - 0x00007ffc3cbbe000 	C:\Program Files\Android\Android Studio\jbr\bin\instrument.dll
0x00007ffc3dc20000 - 0x00007ffc3dc45000 	C:\Program Files\Android\Android Studio\jbr\bin\java.dll
0x00007ffc500e0000 - 0x00007ffc500f8000 	C:\Program Files\Android\Android Studio\jbr\bin\zip.dll
0x00007ffc57710000 - 0x00007ffc57f6d000 	C:\Windows\System32\SHELL32.dll
0x00007ffc54670000 - 0x00007ffc54f68000 	C:\Windows\SYSTEM32\windows.storage.dll
0x00007ffc54530000 - 0x00007ffc5466e000 	C:\Windows\SYSTEM32\wintypes.dll
0x00007ffc57610000 - 0x00007ffc57703000 	C:\Windows\System32\SHCORE.dll
0x00007ffc57fd0000 - 0x00007ffc5802e000 	C:\Windows\System32\shlwapi.dll
0x00007ffc566c0000 - 0x00007ffc566e6000 	C:\Windows\SYSTEM32\profapi.dll
0x00007ffc400b0000 - 0x00007ffc400c9000 	C:\Program Files\Android\Android Studio\jbr\bin\net.dll
0x00007ffc4e390000 - 0x00007ffc4e4c7000 	C:\Windows\SYSTEM32\WINHTTP.dll
0x00007ffc55c00000 - 0x00007ffc55c69000 	C:\Windows\system32\mswsock.dll
0x00007ffc3dc00000 - 0x00007ffc3dc16000 	C:\Program Files\Android\Android Studio\jbr\bin\nio.dll
0x00007ffc51940000 - 0x00007ffc51950000 	C:\Program Files\Android\Android Studio\jbr\bin\verify.dll
0x00007ffc40120000 - 0x00007ffc40147000 	C:\Users\limit\.gradle\native\c067742578af261105cb4f569cf0c3c89f3d7b1fecec35dd04571415982c5e48\windows-amd64\native-platform.dll
0x00007ffc03000000 - 0x00007ffc03144000 	C:\Users\limit\.gradle\native\38dada09dfb8b06ba9b0570ebf7e218e3eb74d4ef43ca46872605cf95ebc2f47\windows-amd64\native-platform-file-events.dll
0x00007ffc3dbe0000 - 0x00007ffc3dbe9000 	C:\Program Files\Android\Android Studio\jbr\bin\management.dll
0x00007ffc3cbc0000 - 0x00007ffc3cbcb000 	C:\Program Files\Android\Android Studio\jbr\bin\management_ext.dll
0x00007ffc58170000 - 0x00007ffc58178000 	C:\Windows\System32\PSAPI.DLL
0x00007ffc55f50000 - 0x00007ffc55f6b000 	C:\Windows\SYSTEM32\CRYPTSP.dll
0x00007ffc556f0000 - 0x00007ffc55725000 	C:\Windows\system32\rsaenh.dll
0x00007ffc55ca0000 - 0x00007ffc55ccc000 	C:\Windows\SYSTEM32\USERENV.dll
0x00007ffc55f30000 - 0x00007ffc55f3c000 	C:\Windows\SYSTEM32\CRYPTBASE.dll
0x00007ffc551d0000 - 0x00007ffc551fd000 	C:\Windows\SYSTEM32\IPHLPAPI.DLL
0x00007ffc58200000 - 0x00007ffc58209000 	C:\Windows\System32\NSI.dll
0x00007ffc4e140000 - 0x00007ffc4e159000 	C:\Windows\SYSTEM32\dhcpcsvc6.DLL
0x00007ffc4de40000 - 0x00007ffc4de5f000 	C:\Windows\SYSTEM32\dhcpcsvc.DLL
0x00007ffc55240000 - 0x00007ffc55339000 	C:\Windows\SYSTEM32\DNSAPI.dll
0x00007ffc3dbf0000 - 0x00007ffc3dbf9000 	C:\Program Files\Android\Android Studio\jbr\bin\extnet.dll
0x00007ffc517a0000 - 0x00007ffc517a8000 	C:\Windows\system32\wshunix.dll

dbghelp: loaded successfully - version: 4.0.5 - missing functions: none
symbol engine: initialized successfully - sym options: 0x614 - pdb path: .;C:\Program Files\Android\Android Studio\jbr\bin;C:\Windows\SYSTEM32;C:\Program Files\Avast Software\Avast;C:\Windows\WinSxS\amd64_microsoft.windows.common-controls_6595b64144ccf1df_6.0.22621.3235_none_270f74e173860f98;C:\Program Files\Android\Android Studio\jbr\bin\server;C:\Users\limit\.gradle\native\c067742578af261105cb4f569cf0c3c89f3d7b1fecec35dd04571415982c5e48\windows-amd64;C:\Users\limit\.gradle\native\38dada09dfb8b06ba9b0570ebf7e218e3eb74d4ef43ca46872605cf95ebc2f47\windows-amd64

VM Arguments:
jvm_args: --add-opens=java.base/java.util=ALL-UNNAMED --add-opens=java.base/java.lang=ALL-UNNAMED --add-opens=java.base/java.lang.invoke=ALL-UNNAMED --add-opens=java.prefs/java.util.prefs=ALL-UNNAMED --add-opens=java.base/java.nio.charset=ALL-UNNAMED --add-opens=java.base/java.net=ALL-UNNAMED --add-opens=java.base/java.util.concurrent.atomic=ALL-UNNAMED -Xmx2048m -Dfile.encoding=UTF-8 -Duser.country=US -Duser.language=en -Duser.variant -javaagent:C:\Users\limit\.gradle\wrapper\dists\gradle-8.6-bin\afr5mpiioh2wthjmwnkmdsd5w\gradle-8.6\lib\agents\gradle-instrumentation-agent-8.6.jar 
java_command: org.gradle.launcher.daemon.bootstrap.GradleDaemon 8.6
java_class_path (initial): C:\Users\limit\.gradle\wrapper\dists\gradle-8.6-bin\afr5mpiioh2wthjmwnkmdsd5w\gradle-8.6\lib\gradle-launcher-8.6.jar
Launcher Type: SUN_STANDARD

[Global flags]
     intx CICompilerCount                          = 4                                         {product} {ergonomic}
     uint ConcGCThreads                            = 2                                         {product} {ergonomic}
     uint G1ConcRefinementThreads                  = 8                                         {product} {ergonomic}
   size_t G1HeapRegionSize                         = 1048576                                   {product} {ergonomic}
    uintx GCDrainStackTargetSize                   = 64                                        {product} {ergonomic}
   size_t InitialHeapSize                          = 400556032                                 {product} {ergonomic}
   size_t MarkStackSize                            = 4194304                                   {product} {ergonomic}
   size_t MaxHeapSize                              = 2147483648                                {product} {command line}
   size_t MaxNewSize                               = 1287651328                                {product} {ergonomic}
   size_t MinHeapDeltaBytes                        = 1048576                                   {product} {ergonomic}
   size_t MinHeapSize                              = 8388608                                   {product} {ergonomic}
    uintx NonNMethodCodeHeapSize                   = 5839372                                {pd product} {ergonomic}
    uintx NonProfiledCodeHeapSize                  = 122909434                              {pd product} {ergonomic}
    uintx ProfiledCodeHeapSize                     = 122909434                              {pd product} {ergonomic}
    uintx ReservedCodeCacheSize                    = 251658240                              {pd product} {ergonomic}
     bool SegmentedCodeCache                       = true                                      {product} {ergonomic}
   size_t SoftMaxHeapSize                          = 2147483648                             {manageable} {ergonomic}
     bool UseCompressedClassPointers               = true                           {product lp64_product} {ergonomic}
     bool UseCompressedOops                        = true                           {product lp64_product} {ergonomic}
     bool UseG1GC                                  = true                                      {product} {ergonomic}
     bool UseLargePagesIndividualAllocation        = false                                  {pd product} {ergonomic}

Logging:
Log output configuration:
 #0: stdout all=warning uptime,level,tags
 #1: stderr all=off uptime,level,tags

Environment Variables:
JAVA_HOME=C:\Program Files\Java\jdk-21
PATH=C:\Program Files\Common Files\Oracle\Java\javapath;C:\Windows\system32;C:\Windows;C:\Windows\System32\Wbem;C:\Windows\System32\WindowsPowerShell\v1.0\;C:\Windows\System32\OpenSSH\;C:\Program Files\Java\jdk-21\bin;C:\Program Files\Git\cmd;C:\Program Files\Git\cmd;;C:\Program Files\Git LFS;C:\Users\limit\AppData\Local\Microsoft\WindowsApps;;C:\Program Files\JetBrains\IntelliJ IDEA 2023.2.5\bin;;C:\Users\limit\AppData\Local\Programs\Microsoft VS Code\bin
USERNAME=limit
OS=Windows_NT
PROCESSOR_IDENTIFIER=Intel64 Family 6 Model 142 Stepping 12, GenuineIntel
TMP=C:\Users\limit\AppData\Local\Temp
TEMP=C:\Users\limit\AppData\Local\Temp



Periodic native trim disabled

JNI global refs:
JNI global refs: 26, weak refs: 0

JNI global refs memory usage: 843, weak refs: 841

OOME stack traces (most recent first):
Classloader memory used:
Loader org.gradle.internal.classloader.VisitableURLClassLoader                         : 3138K
Loader bootstrap                                                                       : 2375K
Loader org.gradle.initialization.MixInLegacyTypesClassLoader                           : 885K
Loader jdk.internal.loader.ClassLoaders$PlatformClassLoader                            : 65639B
Loader jdk.internal.loader.ClassLoaders$AppClassLoader                                 : 28726B
Loader jdk.internal.reflect.DelegatingClassLoader                                      : 9050B
Loader org.gradle.internal.classloader.VisitableURLClassLoader$InstrumentingVisitableURLClassLoader: 3227B

Classes loaded by more than one classloader:
Class Program                                                                         : loaded 3 times (x 70B)
Class org.gradle.internal.classpath.ClassPath                                         : loaded 2 times (x 68B)
Class org.gradle.api.internal.classpath.DefaultModuleRegistry                         : loaded 2 times (x 84B)
Class Settings_gradle$1$1                                                             : loaded 2 times (x 72B)
Class org.gradle.api.Action                                                           : loaded 2 times (x 68B)
Class org.gradle.api.internal.DefaultClassPathProvider                                : loaded 2 times (x 74B)
Class org.gradle.internal.installation.GradleInstallation$1                           : loaded 2 times (x 73B)
Class org.gradle.internal.classloader.FilteringClassLoader                            : loaded 2 times (x 103B)
Class org.gradle.internal.classpath.DefaultClassPath$ImmutableUniqueList$Builder      : loaded 2 times (x 73B)
Class org.gradle.internal.classloader.ClassLoaderVisitor                              : loaded 2 times (x 74B)
Class org.gradle.internal.service.DefaultServiceLocator                               : loaded 2 times (x 81B)
Class org.gradle.internal.service.UnknownServiceException                             : loaded 2 times (x 81B)
Class org.gradle.internal.classloader.DefaultClassLoaderFactory                       : loaded 2 times (x 80B)
Class org.gradle.internal.classloader.VisitableURLClassLoader$Spec                    : loaded 2 times (x 72B)
Class org.gradle.api.GradleException                                                  : loaded 2 times (x 80B)
Class org.gradle.api.internal.classpath.ModuleRegistry                                : loaded 2 times (x 68B)
Class org.gradle.api.internal.ClassPathProvider                                       : loaded 2 times (x 68B)
Class org.gradle.internal.classloader.ClasspathUtil$1                                 : loaded 2 times (x 74B)
Class org.gradle.internal.classloader.ClassLoaderFactory                              : loaded 2 times (x 68B)
Class org.gradle.api.internal.classpath.ManifestUtil                                  : loaded 2 times (x 69B)
Class org.gradle.api.specs.Spec                                                       : loaded 2 times (x 68B)
Class org.gradle.internal.IoActions                                                   : loaded 2 times (x 69B)
Class org.gradle.api.internal.classpath.EffectiveClassPath                            : loaded 2 times (x 88B)
Class org.gradle.internal.installation.CurrentGradleInstallation                      : loaded 2 times (x 71B)
Class org.gradle.internal.agents.InstrumentingClassLoader                             : loaded 2 times (x 68B)
Class org.gradle.internal.installation.CurrentGradleInstallationLocator               : loaded 2 times (x 69B)
Class org.gradle.api.internal.classpath.Module                                        : loaded 2 times (x 68B)
Class org.gradle.internal.service.CachingServiceLocator                               : loaded 2 times (x 80B)
Class org.gradle.internal.classpath.DefaultClassPath                                  : loaded 2 times (x 88B)
Class org.gradle.internal.classloader.SystemClassLoaderSpec                           : loaded 2 times (x 69B)
Class org.gradle.api.UncheckedIOException                                             : loaded 2 times (x 80B)
Class org.gradle.internal.installation.GradleInstallation                             : loaded 2 times (x 73B)
Class org.gradle.internal.classloader.ClasspathUtil                                   : loaded 2 times (x 69B)
Class org.gradle.api.internal.DefaultClassPathRegistry                                : loaded 2 times (x 74B)
Class org.gradle.api.internal.classpath.DefaultModuleRegistry$DefaultModule           : loaded 2 times (x 84B)
Class org.gradle.api.internal.classpath.UnknownModuleException                        : loaded 2 times (x 80B)
Class org.gradle.internal.service.ServiceLookupException                              : loaded 2 times (x 80B)
Class org.gradle.cache.GlobalCache                                                    : loaded 2 times (x 68B)
Class [Lorg.gradle.api.internal.ClassPathProvider;                                    : loaded 2 times (x 67B)
Class org.gradle.util.internal.GUtil                                                  : loaded 2 times (x 69B)
Class org.gradle.internal.classloader.ClassLoaderSpec                                 : loaded 2 times (x 69B)
Class org.gradle.internal.classloader.VisitableURLClassLoader                         : loaded 2 times (x 115B)
Class org.gradle.internal.Cast                                                        : loaded 2 times (x 69B)
Class org.gradle.api.internal.ClassPathRegistry                                       : loaded 2 times (x 68B)
Class org.gradle.internal.classloader.VisitableURLClassLoader$InstrumentingVisitableURLClassLoader: loaded 2 times (x 121B)
Class org.gradle.internal.classloader.ClassLoaderHierarchy                            : loaded 2 times (x 68B)
Class org.gradle.internal.InternalTransformer                                         : loaded 2 times (x 68B)
Class org.gradle.internal.service.ServiceLocator                                      : loaded 2 times (x 68B)
Class Settings_gradle$1                                                               : loaded 2 times (x 72B)
Class org.gradle.internal.classpath.DefaultClassPath$ImmutableUniqueList              : loaded 2 times (x 159B)
Class org.gradle.internal.classpath.TransformedClassPath                              : loaded 2 times (x 94B)
Class Settings_gradle                                                                 : loaded 2 times (x 126B)


---------------  S Y S T E M  ---------------

OS:
 Windows 11 , 64 bit Build 22621 (10.0.22621.3235)
OS uptime: 1 days 23:42 hours
Hyper-V role detected

CPU: total 8 (initial active 8) (4 cores per cpu, 2 threads per core) family 6 model 142 stepping 12 microcode 0xfa, cx8, cmov, fxsr, ht, mmx, 3dnowpref, sse, sse2, sse3, ssse3, sse4.1, sse4.2, popcnt, lzcnt, tsc, tscinvbit, avx, avx2, aes, erms, clmul, bmi1, bmi2, adx, fma, vzeroupper, clflush, clflushopt, hv
Processor Information for processor 0
  Max Mhz: 1800, Current Mhz: 1500, Mhz Limit: 1584
Processor Information for processor 1
  Max Mhz: 1800, Current Mhz: 1500, Mhz Limit: 1584
Processor Information for processor 2
  Max Mhz: 1800, Current Mhz: 1600, Mhz Limit: 1584
Processor Information for processor 3
  Max Mhz: 1800, Current Mhz: 1500, Mhz Limit: 1584
Processor Information for processor 4
  Max Mhz: 1800, Current Mhz: 1500, Mhz Limit: 1584
Processor Information for processor 5
  Max Mhz: 1800, Current Mhz: 1500, Mhz Limit: 1584
Processor Information for processor 6
  Max Mhz: 1800, Current Mhz: 1600, Mhz Limit: 1584
Processor Information for processor 7
  Max Mhz: 1800, Current Mhz: 1500, Mhz Limit: 1584

Memory: 4k page, system-wide physical 24382M (10392M free)
TotalPageFile size 31294M (AvailPageFile size 15969M)
current process WorkingSet (physical memory assigned to process): 252M, peak: 263M
current process commit charge ("private bytes"): 285M, peak: 529M

vm_info: OpenJDK 64-Bit Server VM (17.0.10+0--11572160) for windows-amd64 JRE (17.0.10+0--11572160), built on Mar 13 2024 23:56:38 by "androidbuild" with MS VC++ 16.10 / 16.11 (VS2019)

END.
