#
# A fatal error has been detected by the Java Runtime Environment:
#
#  EXCEPTION_ACCESS_VIOLATION (0xc0000005) at pc=0x00007ffbc09b7fe5, pid=13560, tid=16216
#
# JRE version: OpenJDK Runtime Environment (17.0.10) (build 17.0.10+0--11572160)
# Java VM: OpenJDK 64-Bit Server VM (17.0.10+0--11572160, mixed mode, tiered, compressed oops, compressed class ptrs, g1 gc, windows-amd64)
# Problematic frame:
# V  [jvm.dll+0x1e7fe5]
#
# No core dump will be written. Minidumps are not enabled by default on client versions of Windows
#
# If you would like to submit a bug report, please visit:
#   https://bugreport.java.com/bugreport/crash.jsp
#

---------------  S U M M A R Y ------------

Command Line: --add-opens=java.base/java.util=ALL-UNNAMED --add-opens=java.base/java.lang=ALL-UNNAMED --add-opens=java.base/java.lang.invoke=ALL-UNNAMED --add-opens=java.prefs/java.util.prefs=ALL-UNNAMED --add-opens=java.base/java.nio.charset=ALL-UNNAMED --add-opens=java.base/java.net=ALL-UNNAMED --add-opens=java.base/java.util.concurrent.atomic=ALL-UNNAMED -Xmx2048m -Dfile.encoding=UTF-8 -Duser.country=US -Duser.language=en -Duser.variant -javaagent:C:\Users\limit\.gradle\wrapper\dists\gradle-8.6-bin\afr5mpiioh2wthjmwnkmdsd5w\gradle-8.6\lib\agents\gradle-instrumentation-agent-8.6.jar org.gradle.launcher.daemon.bootstrap.GradleDaemon 8.6

Host: Intel(R) Core(TM) i5-8265U CPU @ 1.60GHz, 8 cores, 23G,  Windows 11 , 64 bit Build 22621 (10.0.22621.3235)
Time: Fri May 17 21:43:08 2024 W. Central Africa Standard Time elapsed time: 14.286836 seconds (0d 0h 0m 14s)

---------------  T H R E A D  ---------------

Current thread (0x00000142aec0ac20):  JavaThread "Daemon periodic checks" [_thread_in_vm, id=16216, stack(0x00000012e0400000,0x00000012e0500000)]

Stack: [0x00000012e0400000,0x00000012e0500000],  sp=0x00000012e04fd4c0,  free space=1013k
Native frames: (J=compiled Java code, j=interpreted, Vv=VM code, C=native code)
V  [jvm.dll+0x1e7fe5]
V  [jvm.dll+0x1ef9e4]
V  [jvm.dll+0x1e4e1c]
V  [jvm.dll+0x54dd1c]
V  [jvm.dll+0x1f59bb]
V  [jvm.dll+0x7bac1b]
V  [jvm.dll+0x7bc08c]
V  [jvm.dll+0x7bc903]
V  [jvm.dll+0x1efdf4]
V  [jvm.dll+0x1e4e35]
V  [jvm.dll+0x54dd1c]
V  [jvm.dll+0x1f59bb]
V  [jvm.dll+0x7bac1b]
V  [jvm.dll+0x7bc08c]
V  [jvm.dll+0x7bc3d8]
V  [jvm.dll+0x24386e]
V  [jvm.dll+0x387e8e]
C  0x000001429968b5bb

The last pc belongs to new (printed below).
Java frames: (J=compiled Java code, j=interpreted, Vv=VM code)
j  java.util.concurrent.LinkedBlockingDeque.iterator()Ljava/util/Iterator;+0 java.base@17.0.10
j  java.util.AbstractCollection.addAll(Ljava/util/Collection;)Z+3 java.base@17.0.10
j  java.util.LinkedHashSet.<init>(Ljava/util/Collection;)V+22 java.base@17.0.10
j  com.google.common.collect.Sets.newLinkedHashSet(Ljava/lang/Iterable;)Ljava/util/LinkedHashSet;+15
j  org.gradle.launcher.daemon.server.health.gc.DefaultSlidingWindow.snapshot()Ljava/util/Collection;+11
j  org.gradle.launcher.daemon.server.health.gc.DefaultGarbageCollectionMonitor.getHeapStats()Lorg/gradle/launcher/daemon/server/health/gc/GarbageCollectionStats;+4
j  org.gradle.launcher.daemon.server.health.DaemonHealthStats.getHeapStats()Lorg/gradle/launcher/daemon/server/health/gc/GarbageCollectionStats;+4
j  org.gradle.launcher.daemon.server.health.HealthExpirationStrategy.checkExpiration()Lorg/gradle/launcher/daemon/server/expiry/DaemonExpirationResult;+33
j  org.gradle.launcher.daemon.server.expiry.AnyDaemonExpirationStrategy.checkExpiration()Lorg/gradle/launcher/daemon/server/expiry/DaemonExpirationResult;+47
j  org.gradle.launcher.daemon.server.MasterExpirationStrategy.checkExpiration()Lorg/gradle/launcher/daemon/server/expiry/DaemonExpirationResult;+4
j  org.gradle.launcher.daemon.server.Daemon$DaemonExpirationPeriodicCheck.run()V+4
j  org.gradle.internal.concurrent.ExecutorPolicy$CatchAndRecordFailures.onExecute(Ljava/lang/Runnable;)V+1
j  org.gradle.internal.concurrent.AbstractManagedExecutor$1.run()V+25
j  java.util.concurrent.Executors$RunnableAdapter.call()Ljava/lang/Object;+4 java.base@17.0.10
j  java.util.concurrent.FutureTask.runAndReset()Z+44 java.base@17.0.10
j  java.util.concurrent.ScheduledThreadPoolExecutor$ScheduledFutureTask.run()V+35 java.base@17.0.10
j  java.util.concurrent.ThreadPoolExecutor.runWorker(Ljava/util/concurrent/ThreadPoolExecutor$Worker;)V+92 java.base@17.0.10
j  java.util.concurrent.ThreadPoolExecutor$Worker.run()V+5 java.base@17.0.10
j  java.lang.Thread.run()V+11 java.base@17.0.10
v  ~StubRoutines::call_stub

siginfo: EXCEPTION_ACCESS_VIOLATION (0xc0000005), reading address 0x00000142acd24368


Registers:
RAX=0x0000000000001100, RBX=0x00000142aec0ac20, RCX=0x0000000000002405, RDX=0x00000142b0bb80c0
RSP=0x00000012e04fd4c0, RBP=0x00000142acd1bb20, RSI=0x00000000000c0000, RDI=0x00000142b0bb80c0
R8 =0x0000000000001100, R9 =0x0000000000000000, R10=0x000000000000003b, R11=0x0000000000000001
R12=0x0000000000000000, R13=0x0000000000000000, R14=0x0000000000000000, R15=0x00000012e04fd830
RIP=0x00007ffbc09b7fe5, EFLAGS=0x0000000000010246


Register to memory mapping:

RIP=0x00007ffbc09b7fe5 jvm.dll
RAX=0x0000000000001100 is an unknown value
RBX=0x00000142aec0ac20 is a thread
RCX=0x0000000000002405 is an unknown value
RDX=0x00000142b0bb80c0 points into unknown readable memory: 0x00007ffbc1112218 | 18 22 11 c1 fb 7f 00 00
RSP=0x00000012e04fd4c0 is pointing into the stack for thread: 0x00000142aec0ac20
RBP=0x00000142acd1bb20 is pointing into metadata
RSI=0x00000000000c0000 is an unknown value
RDI=0x00000142b0bb80c0 points into unknown readable memory: 0x00007ffbc1112218 | 18 22 11 c1 fb 7f 00 00
R8 =0x0000000000001100 is an unknown value
R9 =0x0 is NULL
R10=0x000000000000003b is an unknown value
R11=0x0000000000000001 is an unknown value
R12=0x0 is NULL
R13=0x0 is NULL
R14=0x0 is NULL
R15=0x00000012e04fd830 is pointing into the stack for thread: 0x00000142aec0ac20


Top of Stack: (sp=0x00000012e04fd4c0)
0x00000012e04fd4c0:   0000000000000008 0000000000000009
0x00000012e04fd4d0:   00000142ae844ef0 00000142b0bb69a0
0x00000012e04fd4e0:   00000142b0bb8150 00000142b0bbe988
0x00000012e04fd4f0:   00000000000083b0 00000142a89fcfd0
0x00000012e04fd500:   0000000000000000 0000240500000000
0x00000012e04fd510:   0000000000000000 0000000000000000
0x00000012e04fd520:   0000000000000000 0000000000000000
0x00000012e04fd530:   0000000000000000 0000000000000000
0x00000012e04fd540:   0000000000000000 0000000000000000
0x00000012e04fd550:   0000000000000000 0000000000000000
0x00000012e04fd560:   0000000000000000 00000142aec0ac01
0x00000012e04fd570:   00000142aec0ac20 00000142aec0ac20
0x00000012e04fd580:   00000142b0bb80c0 00000142b0bb69a0
0x00000012e04fd590:   00000012e04fd9cb 00000012e04fd830
0x00000012e04fd5a0:   00000012e04fd9ca 00000142acd1bb20
0x00000012e04fd5b0:   0000000000000000 00007ffbc09bf9e4
0x00000012e04fd5c0:   0000000000000000 00000012e04fd900
0x00000012e04fd5d0:   00000142acd1bb20 00000142b0bb8150
0x00000012e04fd5e0:   00000142aec0ac00 00000012e04fd9cb
0x00000012e04fd5f0:   00000142aec00008 00000142aec0ac20
0x00000012e04fd600:   00000012e04fd7f8 00000142af3892f0
0x00000012e04fd610:   000000000000007b 0000014200200000
0x00000012e04fd620:   00000142b0bb8130 00000142b0bbe988
0x00000012e04fd630:   0000000000000003 0000000000000020
0x00000012e04fd640:   0000000000000050 00007ffbc0cfb2e2
0x00000012e04fd650:   00000142aeee1101 00000000000007cc
0x00000012e04fd660:   00000142b0bb7000 0000000000000000
0x00000012e04fd670:   00000142ae844ef0 00000142b0bb80c0
0x00000012e04fd680:   00000142a8dd99c0 00007ffbc0cfb446
0x00000012e04fd690:   0000000000000000 00000142aec0ac20
0x00000012e04fd6a0:   0000000000000000 0000000000000000
0x00000012e04fd6b0:   00000012e04fd7a0 00000012e04fd7c8 

Instructions: (pc=0x00007ffbc09b7fe5)
0x00007ffbc09b7ee5:   89 6c 24 78 44 89 6c 24 5c 4c 89 ac 24 80 00 00
0x00007ffbc09b7ef5:   00 44 89 6c 24 58 4c 89 ac 24 88 00 00 00 44 89
0x00007ffbc09b7f05:   6c 24 60 66 44 89 6c 24 4a 66 44 89 6c 24 48 4c
0x00007ffbc09b7f15:   89 ac 24 90 00 00 00 44 89 6c 24 64 4c 89 ac 24
0x00007ffbc09b7f25:   98 00 00 00 44 89 6c 24 68 4c 89 ac 24 a0 00 00
0x00007ffbc09b7f35:   00 44 89 6c 24 6c 66 85 c9 0f 84 9b 08 00 00 b8
0x00007ffbc09b7f45:   ff ff 00 00 66 03 c8 48 8b 47 10 48 2b 47 18 66
0x00007ffbc09b7f55:   89 4c 24 4c 48 83 f8 06 73 0b 48 8b d3 48 8b cf
0x00007ffbc09b7f65:   e8 b6 98 00 00 4c 39 6b 08 0f 85 02 0d 00 00 48
0x00007ffbc09b7f75:   8b 47 18 0f b7 28 48 83 c0 02 48 89 47 18 66 c1
0x00007ffbc09b7f85:   cd 08 44 0f b7 c5 8b 30 48 83 c0 04 48 89 47 18
0x00007ffbc09b7f95:   49 8b 47 28 0f ce 44 3b 40 3c 7d 0e 48 8b 40 08
0x00007ffbc09b7fa5:   42 0f b6 44 00 04 3c 01 74 02 32 c0 45 38 af 98
0x00007ffbc09b7fb5:   01 00 00 74 16 84 c0 75 12 4c 8b cb 48 8d 15 a0
0x00007ffbc09b7fc5:   be 75 00 49 8b cf e8 d0 c7 ff ff 4c 39 6b 08 0f
0x00007ffbc09b7fd5:   85 9c 0c 00 00 0f b7 c5 48 8b ac 24 10 01 00 00
0x00007ffbc09b7fe5:   48 8b 4c c5 48 48 3b 0d a7 b8 9c 00 0f 85 d7 00
0x00007ffbc09b7ff5:   00 00 49 8b cd 41 38 8f 98 01 00 00 74 24 83 fe
0x00007ffbc09b8005:   02 74 16 4c 8b c3 48 8d 15 96 be 75 00 49 8b cf
0x00007ffbc09b8015:   e8 56 c8 ff ff 48 8b 4b 08 48 85 c9 0f 85 4f 0c
0x00007ffbc09b8025:   00 00 44 38 6c 24 44 0f 85 fd 07 00 00 48 8b 47
0x00007ffbc09b8035:   10 48 2b 47 18 c6 44 24 44 01 48 83 f8 02 73 0f
0x00007ffbc09b8045:   48 8b d3 48 8b cf e8 d0 97 00 00 48 8b 4b 08 48
0x00007ffbc09b8055:   85 c9 0f 85 19 0c 00 00 48 8b 47 18 0f b7 30 48
0x00007ffbc09b8065:   83 c0 02 48 89 47 18 49 8b 47 28 66 c1 ce 08 44
0x00007ffbc09b8075:   0f b7 c6 44 3b 40 3c 7d 0e 48 8b 40 08 42 0f b6
0x00007ffbc09b8085:   44 00 04 3c 01 74 02 32 c0 45 38 af 98 01 00 00
0x00007ffbc09b8095:   74 16 84 c0 75 12 4c 8b cb 48 8d 15 6b b6 75 00
0x00007ffbc09b80a5:   49 8b cf e8 f3 c6 ff ff 48 8b 43 08 48 85 c0 0f
0x00007ffbc09b80b5:   85 bc 0b 00 00 66 41 89 b7 88 01 00 00 48 8b 43
0x00007ffbc09b80c5:   08 48 85 c0 e9 e6 06 00 00 48 3b 0d 33 b8 9c 00
0x00007ffbc09b80d5:   0f 85 b0 00 00 00 44 38 6c 24 45 0f 85 55 07 00 


Stack slot to memory mapping:
stack at sp + 0 slots: 0x0000000000000008 is an unknown value
stack at sp + 1 slots: 0x0000000000000009 is an unknown value
stack at sp + 2 slots: 0x00000142ae844ef0 points into unknown readable memory: 0x616a002300000002 | 02 00 00 00 23 00 6a 61
stack at sp + 3 slots: 0x00000142b0bb69a0 points into unknown readable memory: 0x0000000000000000 | 00 00 00 00 00 00 00 00
stack at sp + 4 slots: 0x00000142b0bb8150 points into unknown readable memory: 0x0000000000000002 | 02 00 00 00 00 00 00 00
stack at sp + 5 slots: 0x00000142b0bbe988 points into unknown readable memory: 0x10c26d87e8d5c179 | 79 c1 d5 e8 87 6d c2 10
stack at sp + 6 slots: 0x00000000000083b0 is an unknown value
stack at sp + 7 slots: 0x00000142a89fcfd0 points into unknown readable memory: 0x0000000000000000 | 00 00 00 00 00 00 00 00

new  187 new  [0x000001429968b420, 0x000001429968b640]  544 bytes
[MachCode]
  0x000001429968b420: 4883 ec08 | c5fa 1104 | 24eb 1f48 | 83ec 10c5 | fb11 0424 | eb14 4883 | ec10 4889 | 0424 48c7 
  0x000001429968b440: 4424 0800 | 0000 00eb | 0150 410f | b755 010f | cac1 ea10 | 488b 4de8 | 488b 4908 | 488b 4908 
  0x000001429968b460: 488b 4108 | 807c 1004 | 070f 85d6 | 0000 0066 | 8b54 d148 | 488b 4928 | 488b 4cd1 | 0851 80b9 
  0x000001429968b480: 5b01 0000 | 040f 85b9 | 0000 008b | 5108 f7c2 | 0100 0000 | 0f85 aa00 | 0000 498b | 8708 0100 
  0x000001429968b4a0: 0048 8d1c | 1049 3b9f | 1801 0000 | 0f87 9200 | 0000 4989 | 9f08 0100 | 00e9 0000 | 0000 4883 
  0x000001429968b4c0: ea10 0f84 | 0f00 0000 | 33c9 c1ea | 0348 894c | d008 48ff | ca75 f648 | c700 0100 | 0000 5933 
  0x000001429968b4e0: f689 700c | 48c1 e903 | 8948 0849 | ba89 3936 | c1fb 7f00 | 0041 803a | 000f 8440 | 0000 0050 
  0x000001429968b500: 488b c848 | 83ec 20f7 | c40f 0000 | 000f 841a | 0000 0048 | 83ec 0849 | bad0 f3eb | c0fb 7f00 
  0x000001429968b520: 0041 ffd2 | 4883 c408 | e90d 0000 | 0049 bad0 | f3eb c0fb | 7f00 0041 | ffd2 4883 | c420 58e9 
  0x000001429968b540: cd00 0000 | 5948 8b55 | e848 8b52 | 0848 8b52 | 0845 0fb7 | 4501 410f | c841 c1e8 | 10e8 0500 
  0x000001429968b560: 0000 e9aa | 0000 0048 | 8d44 2408 | 4c89 6dc0 | 498b cfc5 | f877 4989 | afa8 0200 | 0049 8987 
  0x000001429968b580: 9802 0000 | 4883 ec20 | f7c4 0f00 | 0000 0f84 | 1a00 0000 | 4883 ec08 | 49ba 407e | b5c0 fb7f 
  0x000001429968b5a0: 0000 41ff | d248 83c4 | 08e9 0d00 | 0000 49ba | 407e b5c0 | fb7f 0000 | 41ff d248 | 83c4 2049 
  0x000001429968b5c0: c787 9802 | 0000 0000 | 0000 49c7 | 87a8 0200 | 0000 0000 | 0049 c787 | a002 0000 | 0000 0000 
  0x000001429968b5e0: c5f8 7749 | 817f 0800 | 0000 000f | 8405 0000 | 00e9 0a59 | feff 498b | 87f0 0200 | 0049 c787 
  0x000001429968b600: f002 0000 | 0000 0000 | 4c8b 6dc0 | 4c8b 75c8 | c341 0fb6 | 5d03 4983 | c503 49ba | 80a6 38c1 
  0x000001429968b620: fb7f 0000 | 41ff 24da | 0000 0000 | 0000 0000 | 0000 0000 | 0000 0000 | 0000 0000 | 0000 0000 
[/MachCode]

---------------  P R O C E S S  ---------------

Threads class SMR info:
_java_thread_list=0x00000142a9679d80, length=40, elements={
0x000001428ec70870, 0x00000142a8b93640, 0x00000142a8b943d0, 0x00000142a8be6290,
0x00000142a8be7d70, 0x00000142a8bea840, 0x00000142a8beb200, 0x00000142a8befab0,
0x00000142a8bf8570, 0x00000142a8bfaf80, 0x00000142a8ce2670, 0x00000142a8e47270,
0x00000142aeb325e0, 0x00000142af2bdac0, 0x00000142aec0ac20, 0x00000142af685130,
0x00000142af114030, 0x00000142aec1ae00, 0x00000142aec1b310, 0x00000142aec194b0,
0x00000142aec199c0, 0x00000142aec17b60, 0x00000142aec18070, 0x00000142aec1a3e0,
0x00000142aec1a8f0, 0x00000142aec18580, 0x00000142aec18a90, 0x00000142b04b1c80,
0x00000142b04b2190, 0x00000142b04b1260, 0x00000142b04b26a0, 0x00000142b04b2bb0,
0x00000142b0bd2020, 0x00000142b04b5e50, 0x00000142b04b30c0, 0x00000142b04b3ae0,
0x00000142b04b7290, 0x00000142b04b4500, 0x00000142b04b35d0, 0x00000142b04b4a10
}

Java Threads: ( => current thread )
  0x000001428ec70870 JavaThread "main" [_thread_blocked, id=19624, stack(0x00000012df000000,0x00000012df100000)]
  0x00000142a8b93640 JavaThread "Reference Handler" daemon [_thread_blocked, id=1780, stack(0x00000012df700000,0x00000012df800000)]
  0x00000142a8b943d0 JavaThread "Finalizer" daemon [_thread_blocked, id=8460, stack(0x00000012df800000,0x00000012df900000)]
  0x00000142a8be6290 JavaThread "Signal Dispatcher" daemon [_thread_blocked, id=4056, stack(0x00000012df900000,0x00000012dfa00000)]
  0x00000142a8be7d70 JavaThread "Attach Listener" daemon [_thread_blocked, id=20336, stack(0x00000012dfa00000,0x00000012dfb00000)]
  0x00000142a8bea840 JavaThread "Service Thread" daemon [_thread_blocked, id=19500, stack(0x00000012dfb00000,0x00000012dfc00000)]
  0x00000142a8beb200 JavaThread "Monitor Deflation Thread" daemon [_thread_blocked, id=4108, stack(0x00000012dfc00000,0x00000012dfd00000)]
  0x00000142a8befab0 JavaThread "C2 CompilerThread0" daemon [_thread_blocked, id=17284, stack(0x00000012dfd00000,0x00000012dfe00000)]
  0x00000142a8bf8570 JavaThread "C1 CompilerThread0" daemon [_thread_blocked, id=7204, stack(0x00000012dfe00000,0x00000012dff00000)]
  0x00000142a8bfaf80 JavaThread "Sweeper thread" daemon [_thread_blocked, id=9868, stack(0x00000012dff00000,0x00000012e0000000)]
  0x00000142a8ce2670 JavaThread "Common-Cleaner" daemon [_thread_blocked, id=21372, stack(0x00000012e0000000,0x00000012e0100000)]
  0x00000142a8e47270 JavaThread "Notification Thread" daemon [_thread_blocked, id=3592, stack(0x00000012e0100000,0x00000012e0200000)]
  0x00000142aeb325e0 JavaThread "Daemon health stats" [_thread_blocked, id=14168, stack(0x00000012e0c00000,0x00000012e0d00000)]
  0x00000142af2bdac0 JavaThread "Incoming local TCP Connector on port 58145" [_thread_in_native, id=9740, stack(0x00000012e0300000,0x00000012e0400000)]
=>0x00000142aec0ac20 JavaThread "Daemon periodic checks" [_thread_in_vm, id=16216, stack(0x00000012e0400000,0x00000012e0500000)]
  0x00000142af685130 JavaThread "Daemon" [_thread_blocked, id=12484, stack(0x00000012e0e00000,0x00000012e0f00000)]
  0x00000142af114030 JavaThread "Handler for socket connection from /127.0.0.1:58145 to /127.0.0.1:58146" [_thread_in_native, id=5580, stack(0x00000012e0f00000,0x00000012e1000000)]
  0x00000142aec1ae00 JavaThread "Cancel handler" [_thread_blocked, id=13512, stack(0x00000012e1000000,0x00000012e1100000)]
  0x00000142aec1b310 JavaThread "Daemon worker" [_thread_blocked, id=20656, stack(0x00000012e1100000,0x00000012e1200000)]
  0x00000142aec194b0 JavaThread "Asynchronous log dispatcher for DefaultDaemonConnection: socket connection from /127.0.0.1:58145 to /127.0.0.1:58146" [_thread_blocked, id=12076, stack(0x00000012e1200000,0x00000012e1300000)]
  0x00000142aec199c0 JavaThread "Stdin handler" [_thread_blocked, id=15168, stack(0x00000012e1300000,0x00000012e1400000)]
  0x00000142aec17b60 JavaThread "Daemon client event forwarder" [_thread_blocked, id=3964, stack(0x00000012e1400000,0x00000012e1500000)]
  0x00000142aec18070 JavaThread "Cache worker for journal cache (C:\Users\limit\.gradle\caches\journal-1)" [_thread_blocked, id=12196, stack(0x00000012e1600000,0x00000012e1700000)]
  0x00000142aec1a3e0 JavaThread "File lock request listener" [_thread_in_native, id=5852, stack(0x00000012e1700000,0x00000012e1800000)]
  0x00000142aec1a8f0 JavaThread "Cache worker for file hash cache (C:\Users\limit\.gradle\caches\8.6\fileHashes)" [_thread_blocked, id=4984, stack(0x00000012e0d00000,0x00000012e0e00000)]
  0x00000142aec18580 JavaThread "File watcher server" daemon [_thread_in_native, id=7312, stack(0x00000012e1a00000,0x00000012e1b00000)]
  0x00000142aec18a90 JavaThread "File watcher consumer" daemon [_thread_blocked, id=13012, stack(0x00000012e1b00000,0x00000012e1c00000)]
  0x00000142b04b1c80 JavaThread "Cache worker for checksums cache (C:\Users\limit\AndroidStudioProjects\Register-Mo\.gradle\8.6\checksums)" [_thread_blocked, id=19588, stack(0x00000012e1c00000,0x00000012e1d00000)]
  0x00000142b04b2190 JavaThread "Cache worker for file hash cache (C:\Users\limit\AndroidStudioProjects\Register-Mo\.gradle\8.6\fileHashes)" [_thread_blocked, id=20048, stack(0x00000012e1d00000,0x00000012e1e00000)]
  0x00000142b04b1260 JavaThread "Cache worker for cache directory md-supplier (C:\Users\limit\.gradle\caches\8.6\md-supplier)" [_thread_blocked, id=12692, stack(0x00000012e1e00000,0x00000012e1f00000)]
  0x00000142b04b26a0 JavaThread "Cache worker for cache directory md-rule (C:\Users\limit\.gradle\caches\8.6\md-rule)" [_thread_blocked, id=11912, stack(0x00000012e1f00000,0x00000012e2000000)]
  0x00000142b04b2bb0 JavaThread "Cache worker for file content cache (C:\Users\limit\.gradle\caches\8.6\fileContent)" [_thread_blocked, id=10980, stack(0x00000012e1800000,0x00000012e1900000)]
  0x00000142b0bd2020 JavaThread "C2 CompilerThread1" daemon [_thread_blocked, id=5144, stack(0x00000012e1900000,0x00000012e1a00000)]
  0x00000142b04b5e50 JavaThread "jar transforms" [_thread_blocked, id=5340, stack(0x00000012e2100000,0x00000012e2200000)]
  0x00000142b04b30c0 JavaThread "jar transforms Thread 2" [_thread_blocked, id=13436, stack(0x00000012e2200000,0x00000012e2300000)]
  0x00000142b04b3ae0 JavaThread "jar transforms Thread 3" [_thread_blocked, id=20676, stack(0x00000012e2300000,0x00000012e2400000)]
  0x00000142b04b7290 JavaThread "jar transforms Thread 4" [_thread_blocked, id=20304, stack(0x00000012e2400000,0x00000012e2500000)]
  0x00000142b04b4500 JavaThread "Cache worker for Build Output Cleanup Cache (C:\Users\limit\AndroidStudioProjects\Register-Mo\.gradle\buildOutputCleanup)" [_thread_blocked, id=6468, stack(0x00000012e2500000,0x00000012e2600000)]
  0x00000142b04b35d0 JavaThread "jar transforms Thread 5" [_thread_blocked, id=19540, stack(0x00000012e2600000,0x00000012e2700000)]
  0x00000142b04b4a10 JavaThread "jar transforms Thread 6" [_thread_blocked, id=1568, stack(0x00000012e2700000,0x00000012e2800000)]

Other Threads:
  0x00000142a8aba2d0 VMThread "VM Thread" [stack: 0x00000012df600000,0x00000012df700000] [id=20732] _threads_hazard_ptr=0x00000142a9679d80
  0x000001428ec716f0 WatcherThread [stack: 0x00000012e0200000,0x00000012e0300000] [id=18944]
  0x000001428eccc820 GCTaskThread "GC Thread#0" [stack: 0x00000012df100000,0x00000012df200000] [id=19764]
  0x00000142a96466a0 GCTaskThread "GC Thread#1" [stack: 0x00000012e0500000,0x00000012e0600000] [id=5180]
  0x00000142a9642290 GCTaskThread "GC Thread#2" [stack: 0x00000012e0600000,0x00000012e0700000] [id=11340]
  0x00000142ae7a72e0 GCTaskThread "GC Thread#3" [stack: 0x00000012e0700000,0x00000012e0800000] [id=13588]
  0x00000142ae848140 GCTaskThread "GC Thread#4" [stack: 0x00000012e0800000,0x00000012e0900000] [id=8164]
  0x00000142ae848400 GCTaskThread "GC Thread#5" [stack: 0x00000012e0900000,0x00000012e0a00000] [id=20520]
  0x00000142aec459b0 GCTaskThread "GC Thread#6" [stack: 0x00000012e0a00000,0x00000012e0b00000] [id=19880]
  0x00000142aec45c70 GCTaskThread "GC Thread#7" [stack: 0x00000012e0b00000,0x00000012e0c00000] [id=21100]
  0x000001428ecdd770 ConcurrentGCThread "G1 Main Marker" [stack: 0x00000012df200000,0x00000012df300000] [id=19416]
  0x000001428ecde930 ConcurrentGCThread "G1 Conc#0" [stack: 0x00000012df300000,0x00000012df400000] [id=8360]
  0x00000142af685610 ConcurrentGCThread "G1 Conc#1" [stack: 0x00000012e1500000,0x00000012e1600000] [id=14612]
  0x000001428ed1eac0 ConcurrentGCThread "G1 Refine#0" [stack: 0x00000012df400000,0x00000012df500000] [id=13432]
  0x00000142a89e27b0 ConcurrentGCThread "G1 Service" [stack: 0x00000012df500000,0x00000012df600000] [id=19760]

Threads with active compile tasks:
C2 CompilerThread0    14548 4361       4       sun.net.www.protocol.jar.Handler::parseURL (173 bytes)

VM state: not at safepoint (normal execution)

VM Mutex/Monitor currently owned by a thread:  ([mutex/lock_event])
[0x000001428ec6c3a0] Compile_lock - owner thread: 0x00000142aec1b310
[0x000001428ec6bfb0] MethodCompileQueue_lock - owner thread: 0x00000142a8befab0

Heap address: 0x0000000080000000, size: 2048 MB, Compressed Oops mode: 32-bit

CDS archive(s) not mapped
Compressed class space mapped at: 0x0000000100000000-0x0000000140000000, reserved size: 1073741824
Narrow klass base: 0x0000000000000000, Narrow klass shift: 3, Narrow klass range: 0x140000000

GC Precious Log:
 CPUs: 8 total, 8 available
 Memory: 24382M
 Large Page Support: Disabled
 NUMA Support: Disabled
 Compressed Oops: Enabled (32-bit)
 Heap Region Size: 1M
 Heap Min Capacity: 8M
 Heap Initial Capacity: 382M
 Heap Max Capacity: 2G
 Pre-touch: Disabled
 Parallel Workers: 8
 Concurrent Workers: 2
 Concurrent Refinement Workers: 8
 Periodic GC: Disabled

Heap:
 garbage-first heap   total 231424K, used 92075K [0x0000000080000000, 0x0000000100000000)
  region size 1024K, 62 young (63488K), 4 survivors (4096K)
 Metaspace       used 53197K, committed 53632K, reserved 1114112K
  class space    used 7289K, committed 7488K, reserved 1048576K

Heap Regions: E=young(eden), S=young(survivor), O=old, HS=humongous(starts), HC=humongous(continues), CS=collection set, F=free, OA=open archive, CA=closed archive, TAMS=top-at-mark-start (previous, next)
|   0|0x0000000080000000, 0x0000000080100000, 0x0000000080100000|100%|HS|  |TAMS 0x0000000080100000, 0x0000000080000000| Complete 
|   1|0x0000000080100000, 0x0000000080200000, 0x0000000080200000|100%|HC|  |TAMS 0x0000000080200000, 0x0000000080100000| Complete 
|   2|0x0000000080200000, 0x0000000080300000, 0x0000000080300000|100%|HC|  |TAMS 0x0000000080300000, 0x0000000080200000| Complete 
|   3|0x0000000080300000, 0x0000000080400000, 0x0000000080400000|100%|HC|  |TAMS 0x0000000080400000, 0x0000000080300000| Complete 
|   4|0x0000000080400000, 0x0000000080500000, 0x0000000080500000|100%| O|  |TAMS 0x0000000080500000, 0x0000000080400000| Untracked 
|   5|0x0000000080500000, 0x0000000080600000, 0x0000000080600000|100%| O|  |TAMS 0x0000000080600000, 0x0000000080500000| Untracked 
|   6|0x0000000080600000, 0x0000000080700000, 0x0000000080700000|100%| O|  |TAMS 0x0000000080700000, 0x0000000080600000| Untracked 
|   7|0x0000000080700000, 0x0000000080800000, 0x0000000080800000|100%| O|  |TAMS 0x0000000080800000, 0x0000000080700000| Untracked 
|   8|0x0000000080800000, 0x0000000080900000, 0x0000000080900000|100%| O|  |TAMS 0x0000000080900000, 0x0000000080800000| Untracked 
|   9|0x0000000080900000, 0x0000000080a00000, 0x0000000080a00000|100%| O|  |TAMS 0x0000000080a00000, 0x0000000080900000| Untracked 
|  10|0x0000000080a00000, 0x0000000080a91c00, 0x0000000080b00000| 56%| O|  |TAMS 0x0000000080a91c00, 0x0000000080a00000| Untracked 
|  11|0x0000000080b00000, 0x0000000080c00000, 0x0000000080c00000|100%| O|  |TAMS 0x0000000080c00000, 0x0000000080b00000| Untracked 
|  12|0x0000000080c00000, 0x0000000080d00000, 0x0000000080d00000|100%| O|  |TAMS 0x0000000080d00000, 0x0000000080c00000| Untracked 
|  13|0x0000000080d00000, 0x0000000080e00000, 0x0000000080e00000|100%| O|  |TAMS 0x0000000080e00000, 0x0000000080d00000| Untracked 
|  14|0x0000000080e00000, 0x0000000080f00000, 0x0000000080f00000|100%| O|  |TAMS 0x0000000080f00000, 0x0000000080e00000| Untracked 
|  15|0x0000000080f00000, 0x0000000081000000, 0x0000000081000000|100%| O|  |TAMS 0x0000000081000000, 0x0000000080f00000| Untracked 
|  16|0x0000000081000000, 0x0000000081100000, 0x0000000081100000|100%| O|  |TAMS 0x0000000081100000, 0x0000000081000000| Untracked 
|  17|0x0000000081100000, 0x0000000081200000, 0x0000000081200000|100%| O|  |TAMS 0x0000000081200000, 0x0000000081100000| Untracked 
|  18|0x0000000081200000, 0x0000000081300000, 0x0000000081300000|100%| O|  |TAMS 0x0000000081300000, 0x0000000081200000| Untracked 
|  19|0x0000000081300000, 0x0000000081400000, 0x0000000081400000|100%| O|  |TAMS 0x0000000081400000, 0x0000000081300000| Untracked 
|  20|0x0000000081400000, 0x0000000081500000, 0x0000000081500000|100%| O|  |TAMS 0x0000000081483200, 0x0000000081400000| Untracked 
|  21|0x0000000081500000, 0x0000000081600000, 0x0000000081600000|100%| O|  |TAMS 0x0000000081500000, 0x0000000081500000| Untracked 
|  22|0x0000000081600000, 0x0000000081700000, 0x0000000081700000|100%| O|  |TAMS 0x0000000081600000, 0x0000000081600000| Untracked 
|  23|0x0000000081700000, 0x0000000081800000, 0x0000000081800000|100%| O|  |TAMS 0x0000000081700000, 0x0000000081700000| Untracked 
|  24|0x0000000081800000, 0x0000000081900000, 0x0000000081900000|100%| O|  |TAMS 0x0000000081800000, 0x0000000081800000| Untracked 
|  25|0x0000000081900000, 0x0000000081a00000, 0x0000000081a00000|100%| O|  |TAMS 0x0000000081900000, 0x0000000081900000| Untracked 
|  26|0x0000000081a00000, 0x0000000081b00000, 0x0000000081b00000|100%| O|  |TAMS 0x0000000081a00000, 0x0000000081a00000| Untracked 
|  27|0x0000000081b00000, 0x0000000081bcf800, 0x0000000081c00000| 81%| O|  |TAMS 0x0000000081b00000, 0x0000000081b00000| Untracked 
|  28|0x0000000081c00000, 0x0000000081d00000, 0x0000000081d00000|100%|HS|  |TAMS 0x0000000081c00000, 0x0000000081c00000| Complete 
|  29|0x0000000081d00000, 0x0000000081e00000, 0x0000000081e00000|100%|HS|  |TAMS 0x0000000081d00000, 0x0000000081d00000| Complete 
|  30|0x0000000081e00000, 0x0000000081e00000, 0x0000000081f00000|  0%| F|  |TAMS 0x0000000081e00000, 0x0000000081e00000| Untracked 
|  31|0x0000000081f00000, 0x0000000081f00000, 0x0000000082000000|  0%| F|  |TAMS 0x0000000081f00000, 0x0000000081f00000| Untracked 
|  32|0x0000000082000000, 0x0000000082000000, 0x0000000082100000|  0%| F|  |TAMS 0x0000000082000000, 0x0000000082000000| Untracked 
|  33|0x0000000082100000, 0x0000000082100000, 0x0000000082200000|  0%| F|  |TAMS 0x0000000082100000, 0x0000000082100000| Untracked 
|  34|0x0000000082200000, 0x0000000082200000, 0x0000000082300000|  0%| F|  |TAMS 0x0000000082200000, 0x0000000082200000| Untracked 
|  35|0x0000000082300000, 0x0000000082300000, 0x0000000082400000|  0%| F|  |TAMS 0x0000000082300000, 0x0000000082300000| Untracked 
|  36|0x0000000082400000, 0x0000000082400000, 0x0000000082500000|  0%| F|  |TAMS 0x0000000082400000, 0x0000000082400000| Untracked 
|  37|0x0000000082500000, 0x0000000082500000, 0x0000000082600000|  0%| F|  |TAMS 0x0000000082500000, 0x0000000082500000| Untracked 
|  38|0x0000000082600000, 0x0000000082689a48, 0x0000000082700000| 53%| S|CS|TAMS 0x0000000082600000, 0x0000000082600000| Complete 
|  39|0x0000000082700000, 0x0000000082800000, 0x0000000082800000|100%| S|CS|TAMS 0x0000000082700000, 0x0000000082700000| Complete 
|  40|0x0000000082800000, 0x0000000082900000, 0x0000000082900000|100%| S|CS|TAMS 0x0000000082800000, 0x0000000082800000| Complete 
|  41|0x0000000082900000, 0x0000000082900000, 0x0000000082a00000|  0%| F|  |TAMS 0x0000000082900000, 0x0000000082900000| Untracked 
|  42|0x0000000082a00000, 0x0000000082a00000, 0x0000000082b00000|  0%| F|  |TAMS 0x0000000082a00000, 0x0000000082a00000| Untracked 
|  43|0x0000000082b00000, 0x0000000082c00000, 0x0000000082c00000|100%| S|CS|TAMS 0x0000000082b00000, 0x0000000082b00000| Complete 
|  44|0x0000000082c00000, 0x0000000082c00000, 0x0000000082d00000|  0%| F|  |TAMS 0x0000000082c00000, 0x0000000082c00000| Untracked 
|  45|0x0000000082d00000, 0x0000000082d00000, 0x0000000082e00000|  0%| F|  |TAMS 0x0000000082d00000, 0x0000000082d00000| Untracked 
|  46|0x0000000082e00000, 0x0000000082e00000, 0x0000000082f00000|  0%| F|  |TAMS 0x0000000082e00000, 0x0000000082e00000| Untracked 
|  47|0x0000000082f00000, 0x0000000082f00000, 0x0000000083000000|  0%| F|  |TAMS 0x0000000082f00000, 0x0000000082f00000| Untracked 
|  48|0x0000000083000000, 0x0000000083000000, 0x0000000083100000|  0%| F|  |TAMS 0x0000000083000000, 0x0000000083000000| Untracked 
|  49|0x0000000083100000, 0x0000000083100000, 0x0000000083200000|  0%| F|  |TAMS 0x0000000083100000, 0x0000000083100000| Untracked 
|  50|0x0000000083200000, 0x0000000083200000, 0x0000000083300000|  0%| F|  |TAMS 0x0000000083200000, 0x0000000083200000| Untracked 
|  51|0x0000000083300000, 0x0000000083300000, 0x0000000083400000|  0%| F|  |TAMS 0x0000000083300000, 0x0000000083300000| Untracked 
|  52|0x0000000083400000, 0x0000000083400000, 0x0000000083500000|  0%| F|  |TAMS 0x0000000083400000, 0x0000000083400000| Untracked 
|  53|0x0000000083500000, 0x0000000083500000, 0x0000000083600000|  0%| F|  |TAMS 0x0000000083500000, 0x0000000083500000| Untracked 
|  54|0x0000000083600000, 0x0000000083600000, 0x0000000083700000|  0%| F|  |TAMS 0x0000000083600000, 0x0000000083600000| Untracked 
|  55|0x0000000083700000, 0x0000000083700000, 0x0000000083800000|  0%| F|  |TAMS 0x0000000083700000, 0x0000000083700000| Untracked 
|  56|0x0000000083800000, 0x0000000083800000, 0x0000000083900000|  0%| F|  |TAMS 0x0000000083800000, 0x0000000083800000| Untracked 
|  57|0x0000000083900000, 0x0000000083900000, 0x0000000083a00000|  0%| F|  |TAMS 0x0000000083900000, 0x0000000083900000| Untracked 
|  58|0x0000000083a00000, 0x0000000083a00000, 0x0000000083b00000|  0%| F|  |TAMS 0x0000000083a00000, 0x0000000083a00000| Untracked 
|  59|0x0000000083b00000, 0x0000000083b00000, 0x0000000083c00000|  0%| F|  |TAMS 0x0000000083b00000, 0x0000000083b00000| Untracked 
|  60|0x0000000083c00000, 0x0000000083c00000, 0x0000000083d00000|  0%| F|  |TAMS 0x0000000083c00000, 0x0000000083c00000| Untracked 
|  61|0x0000000083d00000, 0x0000000083d00000, 0x0000000083e00000|  0%| F|  |TAMS 0x0000000083d00000, 0x0000000083d00000| Untracked 
|  62|0x0000000083e00000, 0x0000000083e00000, 0x0000000083f00000|  0%| F|  |TAMS 0x0000000083e00000, 0x0000000083e00000| Untracked 
|  63|0x0000000083f00000, 0x0000000083f00000, 0x0000000084000000|  0%| F|  |TAMS 0x0000000083f00000, 0x0000000083f00000| Untracked 
|  64|0x0000000084000000, 0x0000000084000000, 0x0000000084100000|  0%| F|  |TAMS 0x0000000084000000, 0x0000000084000000| Untracked 
|  65|0x0000000084100000, 0x0000000084100000, 0x0000000084200000|  0%| F|  |TAMS 0x0000000084100000, 0x0000000084100000| Untracked 
|  66|0x0000000084200000, 0x0000000084200000, 0x0000000084300000|  0%| F|  |TAMS 0x0000000084200000, 0x0000000084200000| Untracked 
|  67|0x0000000084300000, 0x0000000084300000, 0x0000000084400000|  0%| F|  |TAMS 0x0000000084300000, 0x0000000084300000| Untracked 
|  68|0x0000000084400000, 0x0000000084400000, 0x0000000084500000|  0%| F|  |TAMS 0x0000000084400000, 0x0000000084400000| Untracked 
|  69|0x0000000084500000, 0x0000000084500000, 0x0000000084600000|  0%| F|  |TAMS 0x0000000084500000, 0x0000000084500000| Untracked 
|  70|0x0000000084600000, 0x0000000084600000, 0x0000000084700000|  0%| F|  |TAMS 0x0000000084600000, 0x0000000084600000| Untracked 
|  71|0x0000000084700000, 0x0000000084700000, 0x0000000084800000|  0%| F|  |TAMS 0x0000000084700000, 0x0000000084700000| Untracked 
|  72|0x0000000084800000, 0x0000000084800000, 0x0000000084900000|  0%| F|  |TAMS 0x0000000084800000, 0x0000000084800000| Untracked 
|  73|0x0000000084900000, 0x0000000084900000, 0x0000000084a00000|  0%| F|  |TAMS 0x0000000084900000, 0x0000000084900000| Untracked 
|  74|0x0000000084a00000, 0x0000000084a00000, 0x0000000084b00000|  0%| F|  |TAMS 0x0000000084a00000, 0x0000000084a00000| Untracked 
|  75|0x0000000084b00000, 0x0000000084b00000, 0x0000000084c00000|  0%| F|  |TAMS 0x0000000084b00000, 0x0000000084b00000| Untracked 
|  76|0x0000000084c00000, 0x0000000084c00000, 0x0000000084d00000|  0%| F|  |TAMS 0x0000000084c00000, 0x0000000084c00000| Untracked 
|  77|0x0000000084d00000, 0x0000000084d00000, 0x0000000084e00000|  0%| F|  |TAMS 0x0000000084d00000, 0x0000000084d00000| Untracked 
|  78|0x0000000084e00000, 0x0000000084e00000, 0x0000000084f00000|  0%| F|  |TAMS 0x0000000084e00000, 0x0000000084e00000| Untracked 
|  79|0x0000000084f00000, 0x0000000084f00000, 0x0000000085000000|  0%| F|  |TAMS 0x0000000084f00000, 0x0000000084f00000| Untracked 
|  80|0x0000000085000000, 0x0000000085000000, 0x0000000085100000|  0%| F|  |TAMS 0x0000000085000000, 0x0000000085000000| Untracked 
|  81|0x0000000085100000, 0x0000000085100000, 0x0000000085200000|  0%| F|  |TAMS 0x0000000085100000, 0x0000000085100000| Untracked 
|  82|0x0000000085200000, 0x0000000085200000, 0x0000000085300000|  0%| F|  |TAMS 0x0000000085200000, 0x0000000085200000| Untracked 
|  83|0x0000000085300000, 0x0000000085300000, 0x0000000085400000|  0%| F|  |TAMS 0x0000000085300000, 0x0000000085300000| Untracked 
|  84|0x0000000085400000, 0x0000000085400000, 0x0000000085500000|  0%| F|  |TAMS 0x0000000085400000, 0x0000000085400000| Untracked 
|  85|0x0000000085500000, 0x0000000085500000, 0x0000000085600000|  0%| F|  |TAMS 0x0000000085500000, 0x0000000085500000| Untracked 
|  86|0x0000000085600000, 0x0000000085600000, 0x0000000085700000|  0%| F|  |TAMS 0x0000000085600000, 0x0000000085600000| Untracked 
|  87|0x0000000085700000, 0x0000000085700000, 0x0000000085800000|  0%| F|  |TAMS 0x0000000085700000, 0x0000000085700000| Untracked 
|  88|0x0000000085800000, 0x0000000085800000, 0x0000000085900000|  0%| F|  |TAMS 0x0000000085800000, 0x0000000085800000| Untracked 
|  89|0x0000000085900000, 0x0000000085900000, 0x0000000085a00000|  0%| F|  |TAMS 0x0000000085900000, 0x0000000085900000| Untracked 
|  90|0x0000000085a00000, 0x0000000085a00000, 0x0000000085b00000|  0%| F|  |TAMS 0x0000000085a00000, 0x0000000085a00000| Untracked 
|  91|0x0000000085b00000, 0x0000000085b00000, 0x0000000085c00000|  0%| F|  |TAMS 0x0000000085b00000, 0x0000000085b00000| Untracked 
|  92|0x0000000085c00000, 0x0000000085c00000, 0x0000000085d00000|  0%| F|  |TAMS 0x0000000085c00000, 0x0000000085c00000| Untracked 
|  93|0x0000000085d00000, 0x0000000085d00000, 0x0000000085e00000|  0%| F|  |TAMS 0x0000000085d00000, 0x0000000085d00000| Untracked 
|  94|0x0000000085e00000, 0x0000000085e00000, 0x0000000085f00000|  0%| F|  |TAMS 0x0000000085e00000, 0x0000000085e00000| Untracked 
|  95|0x0000000085f00000, 0x0000000085f00000, 0x0000000086000000|  0%| F|  |TAMS 0x0000000085f00000, 0x0000000085f00000| Untracked 
|  96|0x0000000086000000, 0x0000000086000000, 0x0000000086100000|  0%| F|  |TAMS 0x0000000086000000, 0x0000000086000000| Untracked 
|  97|0x0000000086100000, 0x0000000086100000, 0x0000000086200000|  0%| F|  |TAMS 0x0000000086100000, 0x0000000086100000| Untracked 
|  98|0x0000000086200000, 0x0000000086200000, 0x0000000086300000|  0%| F|  |TAMS 0x0000000086200000, 0x0000000086200000| Untracked 
|  99|0x0000000086300000, 0x0000000086300000, 0x0000000086400000|  0%| F|  |TAMS 0x0000000086300000, 0x0000000086300000| Untracked 
| 100|0x0000000086400000, 0x0000000086400000, 0x0000000086500000|  0%| F|  |TAMS 0x0000000086400000, 0x0000000086400000| Untracked 
| 101|0x0000000086500000, 0x0000000086500000, 0x0000000086600000|  0%| F|  |TAMS 0x0000000086500000, 0x0000000086500000| Untracked 
| 102|0x0000000086600000, 0x0000000086600000, 0x0000000086700000|  0%| F|  |TAMS 0x0000000086600000, 0x0000000086600000| Untracked 
| 103|0x0000000086700000, 0x0000000086700000, 0x0000000086800000|  0%| F|  |TAMS 0x0000000086700000, 0x0000000086700000| Untracked 
| 104|0x0000000086800000, 0x0000000086800000, 0x0000000086900000|  0%| F|  |TAMS 0x0000000086800000, 0x0000000086800000| Untracked 
| 105|0x0000000086900000, 0x0000000086900000, 0x0000000086a00000|  0%| F|  |TAMS 0x0000000086900000, 0x0000000086900000| Untracked 
| 106|0x0000000086a00000, 0x0000000086a00000, 0x0000000086b00000|  0%| F|  |TAMS 0x0000000086a00000, 0x0000000086a00000| Untracked 
| 107|0x0000000086b00000, 0x0000000086b00000, 0x0000000086c00000|  0%| F|  |TAMS 0x0000000086b00000, 0x0000000086b00000| Untracked 
| 108|0x0000000086c00000, 0x0000000086c00000, 0x0000000086d00000|  0%| F|  |TAMS 0x0000000086c00000, 0x0000000086c00000| Untracked 
| 109|0x0000000086d00000, 0x0000000086d00000, 0x0000000086e00000|  0%| F|  |TAMS 0x0000000086d00000, 0x0000000086d00000| Untracked 
| 110|0x0000000086e00000, 0x0000000086e00000, 0x0000000086f00000|  0%| F|  |TAMS 0x0000000086e00000, 0x0000000086e00000| Untracked 
| 111|0x0000000086f00000, 0x0000000086f00000, 0x0000000087000000|  0%| F|  |TAMS 0x0000000086f00000, 0x0000000086f00000| Untracked 
| 112|0x0000000087000000, 0x0000000087000000, 0x0000000087100000|  0%| F|  |TAMS 0x0000000087000000, 0x0000000087000000| Untracked 
| 113|0x0000000087100000, 0x0000000087100000, 0x0000000087200000|  0%| F|  |TAMS 0x0000000087100000, 0x0000000087100000| Untracked 
| 114|0x0000000087200000, 0x0000000087200000, 0x0000000087300000|  0%| F|  |TAMS 0x0000000087200000, 0x0000000087200000| Untracked 
| 115|0x0000000087300000, 0x0000000087300000, 0x0000000087400000|  0%| F|  |TAMS 0x0000000087300000, 0x0000000087300000| Untracked 
| 116|0x0000000087400000, 0x0000000087400000, 0x0000000087500000|  0%| F|  |TAMS 0x0000000087400000, 0x0000000087400000| Untracked 
| 117|0x0000000087500000, 0x0000000087500000, 0x0000000087600000|  0%| F|  |TAMS 0x0000000087500000, 0x0000000087500000| Untracked 
| 118|0x0000000087600000, 0x0000000087600000, 0x0000000087700000|  0%| F|  |TAMS 0x0000000087600000, 0x0000000087600000| Untracked 
| 119|0x0000000087700000, 0x0000000087700000, 0x0000000087800000|  0%| F|  |TAMS 0x0000000087700000, 0x0000000087700000| Untracked 
| 120|0x0000000087800000, 0x0000000087800000, 0x0000000087900000|  0%| F|  |TAMS 0x0000000087800000, 0x0000000087800000| Untracked 
| 121|0x0000000087900000, 0x0000000087900000, 0x0000000087a00000|  0%| F|  |TAMS 0x0000000087900000, 0x0000000087900000| Untracked 
| 122|0x0000000087a00000, 0x0000000087a00000, 0x0000000087b00000|  0%| F|  |TAMS 0x0000000087a00000, 0x0000000087a00000| Untracked 
| 123|0x0000000087b00000, 0x0000000087b00000, 0x0000000087c00000|  0%| F|  |TAMS 0x0000000087b00000, 0x0000000087b00000| Untracked 
| 124|0x0000000087c00000, 0x0000000087c00000, 0x0000000087d00000|  0%| F|  |TAMS 0x0000000087c00000, 0x0000000087c00000| Untracked 
| 125|0x0000000087d00000, 0x0000000087d00000, 0x0000000087e00000|  0%| F|  |TAMS 0x0000000087d00000, 0x0000000087d00000| Untracked 
| 126|0x0000000087e00000, 0x0000000087e00000, 0x0000000087f00000|  0%| F|  |TAMS 0x0000000087e00000, 0x0000000087e00000| Untracked 
| 127|0x0000000087f00000, 0x0000000087f00000, 0x0000000088000000|  0%| F|  |TAMS 0x0000000087f00000, 0x0000000087f00000| Untracked 
| 128|0x0000000088000000, 0x0000000088000000, 0x0000000088100000|  0%| F|  |TAMS 0x0000000088000000, 0x0000000088000000| Untracked 
| 129|0x0000000088100000, 0x0000000088100000, 0x0000000088200000|  0%| F|  |TAMS 0x0000000088100000, 0x0000000088100000| Untracked 
| 130|0x0000000088200000, 0x0000000088200000, 0x0000000088300000|  0%| F|  |TAMS 0x0000000088200000, 0x0000000088200000| Untracked 
| 131|0x0000000088300000, 0x0000000088300000, 0x0000000088400000|  0%| F|  |TAMS 0x0000000088300000, 0x0000000088300000| Untracked 
| 132|0x0000000088400000, 0x0000000088400000, 0x0000000088500000|  0%| F|  |TAMS 0x0000000088400000, 0x0000000088400000| Untracked 
| 133|0x0000000088500000, 0x0000000088500000, 0x0000000088600000|  0%| F|  |TAMS 0x0000000088500000, 0x0000000088500000| Untracked 
| 134|0x0000000088600000, 0x0000000088600000, 0x0000000088700000|  0%| F|  |TAMS 0x0000000088600000, 0x0000000088600000| Untracked 
| 135|0x0000000088700000, 0x0000000088700000, 0x0000000088800000|  0%| F|  |TAMS 0x0000000088700000, 0x0000000088700000| Untracked 
| 136|0x0000000088800000, 0x0000000088800000, 0x0000000088900000|  0%| F|  |TAMS 0x0000000088800000, 0x0000000088800000| Untracked 
| 137|0x0000000088900000, 0x0000000088900000, 0x0000000088a00000|  0%| F|  |TAMS 0x0000000088900000, 0x0000000088900000| Untracked 
| 138|0x0000000088a00000, 0x0000000088a00000, 0x0000000088b00000|  0%| F|  |TAMS 0x0000000088a00000, 0x0000000088a00000| Untracked 
| 139|0x0000000088b00000, 0x0000000088b00000, 0x0000000088c00000|  0%| F|  |TAMS 0x0000000088b00000, 0x0000000088b00000| Untracked 
| 140|0x0000000088c00000, 0x0000000088c00000, 0x0000000088d00000|  0%| F|  |TAMS 0x0000000088c00000, 0x0000000088c00000| Untracked 
| 141|0x0000000088d00000, 0x0000000088d00000, 0x0000000088e00000|  0%| F|  |TAMS 0x0000000088d00000, 0x0000000088d00000| Untracked 
| 142|0x0000000088e00000, 0x0000000088e00000, 0x0000000088f00000|  0%| F|  |TAMS 0x0000000088e00000, 0x0000000088e00000| Untracked 
| 143|0x0000000088f00000, 0x0000000088f00000, 0x0000000089000000|  0%| F|  |TAMS 0x0000000088f00000, 0x0000000088f00000| Untracked 
| 144|0x0000000089000000, 0x0000000089000000, 0x0000000089100000|  0%| F|  |TAMS 0x0000000089000000, 0x0000000089000000| Untracked 
| 145|0x0000000089100000, 0x0000000089100000, 0x0000000089200000|  0%| F|  |TAMS 0x0000000089100000, 0x0000000089100000| Untracked 
| 146|0x0000000089200000, 0x0000000089200000, 0x0000000089300000|  0%| F|  |TAMS 0x0000000089200000, 0x0000000089200000| Untracked 
| 147|0x0000000089300000, 0x0000000089300000, 0x0000000089400000|  0%| F|  |TAMS 0x0000000089300000, 0x0000000089300000| Untracked 
| 148|0x0000000089400000, 0x0000000089400000, 0x0000000089500000|  0%| F|  |TAMS 0x0000000089400000, 0x0000000089400000| Untracked 
| 149|0x0000000089500000, 0x0000000089500000, 0x0000000089600000|  0%| F|  |TAMS 0x0000000089500000, 0x0000000089500000| Untracked 
| 150|0x0000000089600000, 0x0000000089600000, 0x0000000089700000|  0%| F|  |TAMS 0x0000000089600000, 0x0000000089600000| Untracked 
| 151|0x0000000089700000, 0x0000000089700000, 0x0000000089800000|  0%| F|  |TAMS 0x0000000089700000, 0x0000000089700000| Untracked 
| 152|0x0000000089800000, 0x0000000089800000, 0x0000000089900000|  0%| F|  |TAMS 0x0000000089800000, 0x0000000089800000| Untracked 
| 153|0x0000000089900000, 0x0000000089900000, 0x0000000089a00000|  0%| F|  |TAMS 0x0000000089900000, 0x0000000089900000| Untracked 
| 154|0x0000000089a00000, 0x0000000089a00000, 0x0000000089b00000|  0%| F|  |TAMS 0x0000000089a00000, 0x0000000089a00000| Untracked 
| 155|0x0000000089b00000, 0x0000000089b00000, 0x0000000089c00000|  0%| F|  |TAMS 0x0000000089b00000, 0x0000000089b00000| Untracked 
| 156|0x0000000089c00000, 0x0000000089c00000, 0x0000000089d00000|  0%| F|  |TAMS 0x0000000089c00000, 0x0000000089c00000| Untracked 
| 157|0x0000000089d00000, 0x0000000089d00000, 0x0000000089e00000|  0%| F|  |TAMS 0x0000000089d00000, 0x0000000089d00000| Untracked 
| 158|0x0000000089e00000, 0x0000000089e00000, 0x0000000089f00000|  0%| F|  |TAMS 0x0000000089e00000, 0x0000000089e00000| Untracked 
| 159|0x0000000089f00000, 0x0000000089f00000, 0x000000008a000000|  0%| F|  |TAMS 0x0000000089f00000, 0x0000000089f00000| Untracked 
| 160|0x000000008a000000, 0x000000008a000000, 0x000000008a100000|  0%| F|  |TAMS 0x000000008a000000, 0x000000008a000000| Untracked 
| 161|0x000000008a100000, 0x000000008a100000, 0x000000008a200000|  0%| F|  |TAMS 0x000000008a100000, 0x000000008a100000| Untracked 
| 162|0x000000008a200000, 0x000000008a200000, 0x000000008a300000|  0%| F|  |TAMS 0x000000008a200000, 0x000000008a200000| Untracked 
| 163|0x000000008a300000, 0x000000008a300000, 0x000000008a400000|  0%| F|  |TAMS 0x000000008a300000, 0x000000008a300000| Untracked 
| 164|0x000000008a400000, 0x000000008a400000, 0x000000008a500000|  0%| F|  |TAMS 0x000000008a400000, 0x000000008a400000| Untracked 
| 165|0x000000008a500000, 0x000000008a500000, 0x000000008a600000|  0%| F|  |TAMS 0x000000008a500000, 0x000000008a500000| Untracked 
| 166|0x000000008a600000, 0x000000008a600000, 0x000000008a700000|  0%| F|  |TAMS 0x000000008a600000, 0x000000008a600000| Untracked 
| 167|0x000000008a700000, 0x000000008a700000, 0x000000008a800000|  0%| F|  |TAMS 0x000000008a700000, 0x000000008a700000| Untracked 
| 168|0x000000008a800000, 0x000000008a8d0398, 0x000000008a900000| 81%| E|  |TAMS 0x000000008a800000, 0x000000008a800000| Complete 
| 169|0x000000008a900000, 0x000000008aa00000, 0x000000008aa00000|100%| E|CS|TAMS 0x000000008a900000, 0x000000008a900000| Complete 
| 170|0x000000008aa00000, 0x000000008ab00000, 0x000000008ab00000|100%| E|CS|TAMS 0x000000008aa00000, 0x000000008aa00000| Complete 
| 171|0x000000008ab00000, 0x000000008ac00000, 0x000000008ac00000|100%| E|CS|TAMS 0x000000008ab00000, 0x000000008ab00000| Complete 
| 172|0x000000008ac00000, 0x000000008ad00000, 0x000000008ad00000|100%| E|CS|TAMS 0x000000008ac00000, 0x000000008ac00000| Complete 
| 173|0x000000008ad00000, 0x000000008ae00000, 0x000000008ae00000|100%| E|CS|TAMS 0x000000008ad00000, 0x000000008ad00000| Complete 
| 174|0x000000008ae00000, 0x000000008af00000, 0x000000008af00000|100%| E|CS|TAMS 0x000000008ae00000, 0x000000008ae00000| Complete 
| 175|0x000000008af00000, 0x000000008b000000, 0x000000008b000000|100%| E|CS|TAMS 0x000000008af00000, 0x000000008af00000| Complete 
| 176|0x000000008b000000, 0x000000008b100000, 0x000000008b100000|100%| E|CS|TAMS 0x000000008b000000, 0x000000008b000000| Complete 
| 177|0x000000008b100000, 0x000000008b200000, 0x000000008b200000|100%| E|CS|TAMS 0x000000008b100000, 0x000000008b100000| Complete 
| 178|0x000000008b200000, 0x000000008b300000, 0x000000008b300000|100%| E|CS|TAMS 0x000000008b200000, 0x000000008b200000| Complete 
| 179|0x000000008b300000, 0x000000008b400000, 0x000000008b400000|100%| E|CS|TAMS 0x000000008b300000, 0x000000008b300000| Complete 
| 180|0x000000008b400000, 0x000000008b500000, 0x000000008b500000|100%| E|CS|TAMS 0x000000008b400000, 0x000000008b400000| Complete 
| 181|0x000000008b500000, 0x000000008b600000, 0x000000008b600000|100%| E|CS|TAMS 0x000000008b500000, 0x000000008b500000| Complete 
| 182|0x000000008b600000, 0x000000008b700000, 0x000000008b700000|100%| E|CS|TAMS 0x000000008b600000, 0x000000008b600000| Complete 
| 183|0x000000008b700000, 0x000000008b800000, 0x000000008b800000|100%| E|CS|TAMS 0x000000008b700000, 0x000000008b700000| Complete 
| 184|0x000000008b800000, 0x000000008b900000, 0x000000008b900000|100%| E|CS|TAMS 0x000000008b800000, 0x000000008b800000| Complete 
| 185|0x000000008b900000, 0x000000008ba00000, 0x000000008ba00000|100%| E|CS|TAMS 0x000000008b900000, 0x000000008b900000| Complete 
| 186|0x000000008ba00000, 0x000000008bb00000, 0x000000008bb00000|100%| E|CS|TAMS 0x000000008ba00000, 0x000000008ba00000| Complete 
| 187|0x000000008bb00000, 0x000000008bc00000, 0x000000008bc00000|100%| E|CS|TAMS 0x000000008bb00000, 0x000000008bb00000| Complete 
| 188|0x000000008bc00000, 0x000000008bd00000, 0x000000008bd00000|100%| E|CS|TAMS 0x000000008bc00000, 0x000000008bc00000| Complete 
| 189|0x000000008bd00000, 0x000000008be00000, 0x000000008be00000|100%| E|CS|TAMS 0x000000008bd00000, 0x000000008bd00000| Complete 
| 190|0x000000008be00000, 0x000000008bf00000, 0x000000008bf00000|100%| E|CS|TAMS 0x000000008be00000, 0x000000008be00000| Complete 
| 191|0x000000008bf00000, 0x000000008c000000, 0x000000008c000000|100%| E|CS|TAMS 0x000000008bf00000, 0x000000008bf00000| Complete 
| 192|0x000000008c000000, 0x000000008c100000, 0x000000008c100000|100%| E|CS|TAMS 0x000000008c000000, 0x000000008c000000| Complete 
| 193|0x000000008c100000, 0x000000008c200000, 0x000000008c200000|100%| E|CS|TAMS 0x000000008c100000, 0x000000008c100000| Complete 
| 194|0x000000008c200000, 0x000000008c300000, 0x000000008c300000|100%| E|CS|TAMS 0x000000008c200000, 0x000000008c200000| Complete 
| 195|0x000000008c300000, 0x000000008c400000, 0x000000008c400000|100%| E|CS|TAMS 0x000000008c300000, 0x000000008c300000| Complete 
| 196|0x000000008c400000, 0x000000008c500000, 0x000000008c500000|100%| E|CS|TAMS 0x000000008c400000, 0x000000008c400000| Complete 
| 197|0x000000008c500000, 0x000000008c600000, 0x000000008c600000|100%| E|CS|TAMS 0x000000008c500000, 0x000000008c500000| Complete 
| 198|0x000000008c600000, 0x000000008c700000, 0x000000008c700000|100%| E|CS|TAMS 0x000000008c600000, 0x000000008c600000| Complete 
| 199|0x000000008c700000, 0x000000008c800000, 0x000000008c800000|100%| E|CS|TAMS 0x000000008c700000, 0x000000008c700000| Complete 
| 200|0x000000008c800000, 0x000000008c900000, 0x000000008c900000|100%| E|CS|TAMS 0x000000008c800000, 0x000000008c800000| Complete 
| 201|0x000000008c900000, 0x000000008ca00000, 0x000000008ca00000|100%| E|CS|TAMS 0x000000008c900000, 0x000000008c900000| Complete 
| 202|0x000000008ca00000, 0x000000008cb00000, 0x000000008cb00000|100%| E|CS|TAMS 0x000000008ca00000, 0x000000008ca00000| Complete 
| 203|0x000000008cb00000, 0x000000008cc00000, 0x000000008cc00000|100%| E|CS|TAMS 0x000000008cb00000, 0x000000008cb00000| Complete 
| 204|0x000000008cc00000, 0x000000008cd00000, 0x000000008cd00000|100%| E|CS|TAMS 0x000000008cc00000, 0x000000008cc00000| Complete 
| 205|0x000000008cd00000, 0x000000008ce00000, 0x000000008ce00000|100%| E|CS|TAMS 0x000000008cd00000, 0x000000008cd00000| Complete 
| 206|0x000000008ce00000, 0x000000008cf00000, 0x000000008cf00000|100%| E|CS|TAMS 0x000000008ce00000, 0x000000008ce00000| Complete 
| 207|0x000000008cf00000, 0x000000008d000000, 0x000000008d000000|100%| E|CS|TAMS 0x000000008cf00000, 0x000000008cf00000| Complete 
| 208|0x000000008d000000, 0x000000008d100000, 0x000000008d100000|100%| E|CS|TAMS 0x000000008d000000, 0x000000008d000000| Complete 
| 209|0x000000008d100000, 0x000000008d200000, 0x000000008d200000|100%| E|CS|TAMS 0x000000008d100000, 0x000000008d100000| Complete 
| 210|0x000000008d200000, 0x000000008d300000, 0x000000008d300000|100%| E|CS|TAMS 0x000000008d200000, 0x000000008d200000| Complete 
| 211|0x000000008d300000, 0x000000008d400000, 0x000000008d400000|100%| E|CS|TAMS 0x000000008d300000, 0x000000008d300000| Complete 
| 212|0x000000008d400000, 0x000000008d500000, 0x000000008d500000|100%| E|CS|TAMS 0x000000008d400000, 0x000000008d400000| Complete 
| 213|0x000000008d500000, 0x000000008d600000, 0x000000008d600000|100%| E|CS|TAMS 0x000000008d500000, 0x000000008d500000| Complete 
| 214|0x000000008d600000, 0x000000008d700000, 0x000000008d700000|100%| E|CS|TAMS 0x000000008d600000, 0x000000008d600000| Complete 
| 215|0x000000008d700000, 0x000000008d800000, 0x000000008d800000|100%| E|CS|TAMS 0x000000008d700000, 0x000000008d700000| Complete 
| 322|0x0000000094200000, 0x0000000094300000, 0x0000000094300000|100%| E|CS|TAMS 0x0000000094200000, 0x0000000094200000| Complete 
| 323|0x0000000094300000, 0x0000000094400000, 0x0000000094400000|100%| E|CS|TAMS 0x0000000094300000, 0x0000000094300000| Complete 
| 324|0x0000000094400000, 0x0000000094500000, 0x0000000094500000|100%| E|CS|TAMS 0x0000000094400000, 0x0000000094400000| Complete 
| 325|0x0000000094500000, 0x0000000094600000, 0x0000000094600000|100%| E|CS|TAMS 0x0000000094500000, 0x0000000094500000| Complete 
| 326|0x0000000094600000, 0x0000000094700000, 0x0000000094700000|100%| E|CS|TAMS 0x0000000094600000, 0x0000000094600000| Complete 
| 327|0x0000000094700000, 0x0000000094800000, 0x0000000094800000|100%| E|CS|TAMS 0x0000000094700000, 0x0000000094700000| Complete 
| 328|0x0000000094800000, 0x0000000094900000, 0x0000000094900000|100%| E|CS|TAMS 0x0000000094800000, 0x0000000094800000| Complete 
| 329|0x0000000094900000, 0x0000000094a00000, 0x0000000094a00000|100%| E|CS|TAMS 0x0000000094900000, 0x0000000094900000| Complete 
| 330|0x0000000094a00000, 0x0000000094b00000, 0x0000000094b00000|100%| E|CS|TAMS 0x0000000094a00000, 0x0000000094a00000| Complete 
| 381|0x0000000097d00000, 0x0000000097e00000, 0x0000000097e00000|100%| E|CS|TAMS 0x0000000097d00000, 0x0000000097d00000| Complete 

Card table byte_map: [0x00000142a1870000,0x00000142a1c70000] _byte_map_base: 0x00000142a1470000

Marking Bits (Prev, Next): (CMBitMap*) 0x000001428eccce40, (CMBitMap*) 0x000001428eccce80
 Prev Bits: [0x00000142a2070000, 0x00000142a4070000)
 Next Bits: [0x00000142a4070000, 0x00000142a6070000)

Polling page: 0x000001428e420000

Metaspace:

Usage:
  Non-class:     44.83 MB used.
      Class:      7.12 MB used.
       Both:     51.95 MB used.

Virtual space:
  Non-class space:       64.00 MB reserved,      45.06 MB ( 70%) committed,  1 nodes.
      Class space:        1.00 GB reserved,       7.31 MB ( <1%) committed,  1 nodes.
             Both:        1.06 GB reserved,      52.38 MB (  5%) committed. 

Chunk freelists:
   Non-Class:  2.08 MB
       Class:  8.53 MB
        Both:  10.61 MB

MaxMetaspaceSize: unlimited
CompressedClassSpaceSize: 1.00 GB
Initial GC threshold: 21.00 MB
Current GC threshold: 58.75 MB
CDS: off
MetaspaceReclaimPolicy: balanced
 - commit_granule_bytes: 65536.
 - commit_granule_words: 8192.
 - virtual_space_node_default_size: 8388608.
 - enlarge_chunks_in_place: 1.
 - new_chunks_are_fully_committed: 0.
 - uncommit_free_chunks: 1.
 - use_allocation_guard: 0.
 - handle_deallocations: 1.


Internal statistics:

num_allocs_failed_limit: 6.
num_arena_births: 568.
num_arena_deaths: 0.
num_vsnodes_births: 2.
num_vsnodes_deaths: 0.
num_space_committed: 838.
num_space_uncommitted: 0.
num_chunks_returned_to_freelist: 6.
num_chunks_taken_from_freelist: 2276.
num_chunk_merges: 3.
num_chunk_splits: 1502.
num_chunks_enlarged: 1033.
num_inconsistent_stats: 0.

CodeHeap 'non-profiled nmethods': size=120000Kb used=3010Kb max_used=3010Kb free=116989Kb
 bounds [0x0000014299c10000, 0x0000014299f10000, 0x00000142a1140000]
CodeHeap 'profiled nmethods': size=120000Kb used=8811Kb max_used=8811Kb free=111188Kb
 bounds [0x0000014292140000, 0x00000142929e0000, 0x0000014299670000]
CodeHeap 'non-nmethods': size=5760Kb used=1658Kb max_used=1688Kb free=4101Kb
 bounds [0x0000014299670000, 0x00000142998e0000, 0x0000014299c10000]
 total_blobs=5056 nmethods=4358 adapters=608
 compilation: enabled
              stopped_count=0, restarted_count=0
 full_count=0

Compilation events (20 events):
Event: 14.172 Thread 0x00000142a8bf8570 nmethod 4370 0x00000142929d8090 code [0x00000142929d8220, 0x00000142929d8358]
Event: 14.174 Thread 0x00000142a8bf8570 4373       3       java.nio.Buffer::nextGetIndex (30 bytes)
Event: 14.174 Thread 0x00000142a8bf8570 nmethod 4373 0x00000142929d8410 code [0x00000142929d85c0, 0x00000142929d8788]
Event: 14.175 Thread 0x00000142a8bf8570 4372       3       java.nio.ByteBuffer::allocate (20 bytes)
Event: 14.176 Thread 0x00000142a8bf8570 nmethod 4372 0x00000142929d8890 code [0x00000142929d8a40, 0x00000142929d8c58]
Event: 14.179 Thread 0x00000142a8bf8570 4374       3       java.util.stream.Collectors$$Lambda$70/0x000000010016bcd0::accept (14 bytes)
Event: 14.180 Thread 0x00000142a8bf8570 nmethod 4374 0x00000142929d8d90 code [0x00000142929d8f60, 0x00000142929d94e8]
Event: 14.195 Thread 0x00000142b0bd2020 nmethod 4362 0x0000014299efeb10 code [0x0000014299efecc0, 0x0000014299eff398]
Event: 14.197 Thread 0x00000142b0bd2020 4371       4       java.nio.HeapByteBuffer::ix (7 bytes)
Event: 14.202 Thread 0x00000142b0bd2020 nmethod 4371 0x0000014299eff810 code [0x0000014299eff980, 0x0000014299eff9f8]
Event: 14.203 Thread 0x00000142b0bd2020 4363       4       sun.net.www.protocol.jar.Handler::indexOfBangSlash (52 bytes)
Event: 14.223 Thread 0x00000142b0bd2020 nmethod 4363 0x0000014299effb10 code [0x0000014299effca0, 0x0000014299efff38]
Event: 14.224 Thread 0x00000142b0bd2020 4364       4       sun.net.www.protocol.jar.Handler::canonicalizeString (72 bytes)
Event: 14.233 Thread 0x00000142b0bd2020 nmethod 4364 0x0000014299f00190 code [0x0000014299f00320, 0x0000014299f005d8]
Event: 14.253 Thread 0x00000142a8bf8570 4375       3       java.io.BufferedReader::ensureOpen (18 bytes)
Event: 14.253 Thread 0x00000142a8bf8570 nmethod 4375 0x00000142929d9710 code [0x00000142929d98c0, 0x00000142929d9ac8]
Event: 14.255 Thread 0x00000142a8bf8570 4376       3       java.io.StreamTokenizer::read (38 bytes)
Event: 14.256 Thread 0x00000142a8bf8570 nmethod 4376 0x00000142929d9b90 code [0x00000142929d9d60, 0x00000142929da148]
Event: 14.256 Thread 0x00000142a8bf8570 4377   !   3       java.io.BufferedReader::read (104 bytes)
Event: 14.256 Thread 0x00000142a8bf8570 nmethod 4377 0x00000142929da290 code [0x00000142929da480, 0x00000142929daa58]

GC Heap History (20 events):
Event: 1.414 GC heap before
{Heap before GC invocations=0 (full 0):
 garbage-first heap   total 391168K, used 26624K [0x0000000080000000, 0x0000000100000000)
  region size 1024K, 23 young (23552K), 0 survivors (0K)
 Metaspace       used 10476K, committed 10624K, reserved 1114112K
  class space    used 1090K, committed 1152K, reserved 1048576K
}
Event: 1.425 GC heap after
{Heap after GC invocations=1 (full 0):
 garbage-first heap   total 391168K, used 10604K [0x0000000080000000, 0x0000000100000000)
  region size 1024K, 3 young (3072K), 3 survivors (3072K)
 Metaspace       used 10476K, committed 10624K, reserved 1114112K
  class space    used 1090K, committed 1152K, reserved 1048576K
}
Event: 2.469 GC heap before
{Heap before GC invocations=1 (full 0):
 garbage-first heap   total 391168K, used 38252K [0x0000000080000000, 0x0000000100000000)
  region size 1024K, 30 young (30720K), 3 survivors (3072K)
 Metaspace       used 11431K, committed 11584K, reserved 1114112K
  class space    used 1196K, committed 1280K, reserved 1048576K
}
Event: 2.474 GC heap after
{Heap after GC invocations=2 (full 0):
 garbage-first heap   total 391168K, used 11536K [0x0000000080000000, 0x0000000100000000)
  region size 1024K, 1 young (1024K), 1 survivors (1024K)
 Metaspace       used 11431K, committed 11584K, reserved 1114112K
  class space    used 1196K, committed 1280K, reserved 1048576K
}
Event: 4.815 GC heap before
{Heap before GC invocations=2 (full 0):
 garbage-first heap   total 391168K, used 62736K [0x0000000080000000, 0x0000000100000000)
  region size 1024K, 51 young (52224K), 1 survivors (1024K)
 Metaspace       used 21263K, committed 21504K, reserved 1114112K
  class space    used 2499K, committed 2624K, reserved 1048576K
}
Event: 4.825 GC heap after
{Heap after GC invocations=3 (full 0):
 garbage-first heap   total 391168K, used 19612K [0x0000000080000000, 0x0000000100000000)
  region size 1024K, 9 young (9216K), 9 survivors (9216K)
 Metaspace       used 21263K, committed 21504K, reserved 1114112K
  class space    used 2499K, committed 2624K, reserved 1048576K
}
Event: 5.959 GC heap before
{Heap before GC invocations=4 (full 0):
 garbage-first heap   total 71680K, used 52380K [0x0000000080000000, 0x0000000100000000)
  region size 1024K, 42 young (43008K), 9 survivors (9216K)
 Metaspace       used 26459K, committed 26752K, reserved 1114112K
  class space    used 3399K, committed 3520K, reserved 1048576K
}
Event: 5.967 GC heap after
{Heap after GC invocations=5 (full 0):
 garbage-first heap   total 71680K, used 20783K [0x0000000080000000, 0x0000000100000000)
  region size 1024K, 2 young (2048K), 2 survivors (2048K)
 Metaspace       used 26459K, committed 26752K, reserved 1114112K
  class space    used 3399K, committed 3520K, reserved 1048576K
}
Event: 6.877 GC heap before
{Heap before GC invocations=5 (full 0):
 garbage-first heap   total 71680K, used 49455K [0x0000000080000000, 0x0000000100000000)
  region size 1024K, 30 young (30720K), 2 survivors (2048K)
 Metaspace       used 30342K, committed 30592K, reserved 1114112K
  class space    used 4059K, committed 4160K, reserved 1048576K
}
Event: 6.886 GC heap after
{Heap after GC invocations=6 (full 0):
 garbage-first heap   total 71680K, used 22568K [0x0000000080000000, 0x0000000100000000)
  region size 1024K, 4 young (4096K), 4 survivors (4096K)
 Metaspace       used 30342K, committed 30592K, reserved 1114112K
  class space    used 4059K, committed 4160K, reserved 1048576K
}
Event: 7.810 GC heap before
{Heap before GC invocations=6 (full 0):
 garbage-first heap   total 71680K, used 52264K [0x0000000080000000, 0x0000000100000000)
  region size 1024K, 33 young (33792K), 4 survivors (4096K)
 Metaspace       used 33996K, committed 34304K, reserved 1114112K
  class space    used 4653K, committed 4800K, reserved 1048576K
}
Event: 7.815 GC heap after
{Heap after GC invocations=7 (full 0):
 garbage-first heap   total 71680K, used 23635K [0x0000000080000000, 0x0000000100000000)
  region size 1024K, 3 young (3072K), 3 survivors (3072K)
 Metaspace       used 33996K, committed 34304K, reserved 1114112K
  class space    used 4653K, committed 4800K, reserved 1048576K
}
Event: 8.406 GC heap before
{Heap before GC invocations=7 (full 0):
 garbage-first heap   total 71680K, used 30803K [0x0000000080000000, 0x0000000100000000)
  region size 1024K, 12 young (12288K), 3 survivors (3072K)
 Metaspace       used 35644K, committed 35968K, reserved 1114112K
  class space    used 4877K, committed 5056K, reserved 1048576K
}
Event: 8.417 GC heap after
{Heap after GC invocations=8 (full 0):
 garbage-first heap   total 71680K, used 24086K [0x0000000080000000, 0x0000000100000000)
  region size 1024K, 2 young (2048K), 2 survivors (2048K)
 Metaspace       used 35644K, committed 35968K, reserved 1114112K
  class space    used 4877K, committed 5056K, reserved 1048576K
}
Event: 9.478 GC heap before
{Heap before GC invocations=9 (full 0):
 garbage-first heap   total 71680K, used 53782K [0x0000000080000000, 0x0000000100000000)
  region size 1024K, 32 young (32768K), 2 survivors (2048K)
 Metaspace       used 40777K, committed 41088K, reserved 1114112K
  class space    used 5415K, committed 5568K, reserved 1048576K
}
Event: 9.488 GC heap after
{Heap after GC invocations=10 (full 0):
 garbage-first heap   total 71680K, used 27986K [0x0000000080000000, 0x0000000100000000)
  region size 1024K, 4 young (4096K), 4 survivors (4096K)
 Metaspace       used 40777K, committed 41088K, reserved 1114112K
  class space    used 5415K, committed 5568K, reserved 1048576K
}
Event: 10.353 GC heap before
{Heap before GC invocations=10 (full 0):
 garbage-first heap   total 71680K, used 55634K [0x0000000080000000, 0x0000000100000000)
  region size 1024K, 31 young (31744K), 4 survivors (4096K)
 Metaspace       used 42060K, committed 42432K, reserved 1114112K
  class space    used 5603K, committed 5760K, reserved 1048576K
}
Event: 10.364 GC heap after
{Heap after GC invocations=11 (full 0):
 garbage-first heap   total 71680K, used 29787K [0x0000000080000000, 0x0000000100000000)
  region size 1024K, 2 young (2048K), 2 survivors (2048K)
 Metaspace       used 42060K, committed 42432K, reserved 1114112K
  class space    used 5603K, committed 5760K, reserved 1048576K
}
Event: 11.643 GC heap before
{Heap before GC invocations=11 (full 0):
 garbage-first heap   total 71680K, used 56411K [0x0000000080000000, 0x0000000100000000)
  region size 1024K, 28 young (28672K), 2 survivors (2048K)
 Metaspace       used 45370K, committed 45760K, reserved 1114112K
  class space    used 6170K, committed 6336K, reserved 1048576K
}
Event: 11.650 GC heap after
{Heap after GC invocations=12 (full 0):
 garbage-first heap   total 231424K, used 31659K [0x0000000080000000, 0x0000000100000000)
  region size 1024K, 4 young (4096K), 4 survivors (4096K)
 Metaspace       used 45370K, committed 45760K, reserved 1114112K
  class space    used 6170K, committed 6336K, reserved 1048576K
}

Dll operation events (3 events):
Event: 0.021 Loaded shared library C:\Program Files\Android\Android Studio\jbr\bin\java.dll
Event: 0.265 Loaded shared library C:\Program Files\Android\Android Studio\jbr\bin\zip.dll
Event: 0.856 Loaded shared library C:\Program Files\Android\Android Studio\jbr\bin\verify.dll

Deoptimization events (20 events):
Event: 14.253 Thread 0x00000142aec1b310 Uncommon trap: trap_request=0xffffff45 fr.pc=0x0000014299d9d2e8 relative=0x0000000000000528
Event: 14.253 Thread 0x00000142aec1b310 Uncommon trap: reason=unstable_if action=reinterpret pc=0x0000014299d9d2e8 method=java.lang.StringLatin1.regionMatchesCI([BI[BII)Z @ 72 c2
Event: 14.253 Thread 0x00000142aec1b310 DEOPT PACKING pc=0x0000014299d9d2e8 sp=0x00000012e11f3170
Event: 14.253 Thread 0x00000142aec1b310 DEOPT UNPACKING pc=0x00000142996c69a3 sp=0x00000012e11f2fe0 mode 2
Event: 14.253 Thread 0x00000142aec1b310 Uncommon trap: trap_request=0xffffff45 fr.pc=0x0000014299d1a220 relative=0x00000000000004e0
Event: 14.253 Thread 0x00000142aec1b310 Uncommon trap: reason=unstable_if action=reinterpret pc=0x0000014299d1a220 method=java.lang.StringLatin1.regionMatchesCI([BI[BII)Z @ 72 c2
Event: 14.253 Thread 0x00000142aec1b310 DEOPT PACKING pc=0x0000014299d1a220 sp=0x00000012e11f2fd0
Event: 14.253 Thread 0x00000142aec1b310 DEOPT UNPACKING pc=0x00000142996c69a3 sp=0x00000012e11f2f38 mode 2
Event: 14.253 Thread 0x00000142aec1b310 Uncommon trap: trap_request=0xffffffde fr.pc=0x0000014299e42498 relative=0x00000000000009f8
Event: 14.253 Thread 0x00000142aec1b310 Uncommon trap: reason=class_check action=maybe_recompile pc=0x0000014299e42498 method=java.io.BufferedInputStream.read1([BII)I @ 39 c2
Event: 14.253 Thread 0x00000142aec1b310 DEOPT PACKING pc=0x0000014299e42498 sp=0x00000012e11f2d30
Event: 14.253 Thread 0x00000142aec1b310 DEOPT UNPACKING pc=0x00000142996c69a3 sp=0x00000012e11f2c68 mode 2
Event: 14.255 Thread 0x00000142aec1b310 Uncommon trap: trap_request=0xffffffde fr.pc=0x0000014299e42498 relative=0x00000000000009f8
Event: 14.255 Thread 0x00000142aec1b310 Uncommon trap: reason=class_check action=maybe_recompile pc=0x0000014299e42498 method=java.io.BufferedInputStream.read1([BII)I @ 39 c2
Event: 14.255 Thread 0x00000142aec1b310 DEOPT PACKING pc=0x0000014299e42498 sp=0x00000012e11f2da0
Event: 14.255 Thread 0x00000142aec1b310 DEOPT UNPACKING pc=0x00000142996c69a3 sp=0x00000012e11f2cd8 mode 2
Event: 14.255 Thread 0x00000142aec1b310 Uncommon trap: trap_request=0xffffffde fr.pc=0x0000014299e42498 relative=0x00000000000009f8
Event: 14.255 Thread 0x00000142aec1b310 Uncommon trap: reason=class_check action=maybe_recompile pc=0x0000014299e42498 method=java.io.BufferedInputStream.read1([BII)I @ 39 c2
Event: 14.255 Thread 0x00000142aec1b310 DEOPT PACKING pc=0x0000014299e42498 sp=0x00000012e11f2d30
Event: 14.255 Thread 0x00000142aec1b310 DEOPT UNPACKING pc=0x00000142996c69a3 sp=0x00000012e11f2c68 mode 2

Classes unloaded (0 events):
No events

Classes redefined (0 events):
No events

Internal exceptions (20 events):
Event: 11.749 Thread 0x00000142aec1b310 Exception <a 'java/lang/NoSuchMethodError'{0x0000000094960040}: 'java.lang.Object java.lang.invoke.DirectMethodHandle$Holder.newInvokeSpecial(java.lang.Object, int, java.lang.Object)'> (0x0000000094960040) 
thrown [s\src\hotspot\share\interpreter\linkResolver.cpp, line 771]
Event: 12.249 Thread 0x00000142aec17b60 Exception <a 'java/lang/NoSuchMethodError'{0x000000008d008b00}: static Lorg/gradle/internal/build/event/types/DefaultOperationStartedProgressEvent;.<clinit>()V> (0x000000008d008b00) 
thrown [s\src\hotspot\share\prims\jni.cpp, line 1108]
Event: 12.251 Thread 0x00000142aec17b60 Exception <a 'java/lang/NoSuchMethodError'{0x000000008d00ae48}: static Lorg/gradle/internal/build/event/types/AbstractProgressEvent;.<clinit>()V> (0x000000008d00ae48) 
thrown [s\src\hotspot\share\prims\jni.cpp, line 1108]
Event: 12.257 Thread 0x00000142aec17b60 Exception <a 'java/lang/NoSuchMethodError'{0x000000008d01c530}: static Lorg/gradle/internal/build/event/types/DefaultProjectConfigurationDescriptor;.<clinit>()V> (0x000000008d01c530) 
thrown [s\src\hotspot\share\prims\jni.cpp, line 1108]
Event: 12.257 Thread 0x00000142aec17b60 Exception <a 'java/lang/NoSuchMethodError'{0x000000008d01e858}: static Lorg/gradle/internal/build/event/types/DefaultOperationDescriptor;.<clinit>()V> (0x000000008d01e858) 
thrown [s\src\hotspot\share\prims\jni.cpp, line 1108]
Event: 12.262 Thread 0x00000142aec17b60 Exception <a 'java/lang/NoSuchMethodError'{0x000000008d035678}: static Lorg/gradle/internal/operations/OperationIdentifier;.<clinit>()V> (0x000000008d035678) 
thrown [s\src\hotspot\share\prims\jni.cpp, line 1108]
Event: 12.469 Thread 0x00000142aec1b310 Exception <a 'java/lang/NoSuchMethodError'{0x000000008ca056a8}: 'long java.lang.invoke.DirectMethodHandle$Holder.invokeStatic(java.lang.Object, long)'> (0x000000008ca056a8) 
thrown [s\src\hotspot\share\interpreter\linkResolver.cpp, line 771]
Event: 12.970 Thread 0x00000142aec1b310 Exception <a 'java/lang/NoSuchMethodError'{0x000000008bf083a0}: 'java.lang.Object java.lang.invoke.DirectMethodHandle$Holder.invokeSpecial(java.lang.Object, java.lang.Object, java.lang.Object, java.lang.Object, java.lang.Object, java.lang.Object, java.lang.Object, java.lang.Object, java.lang.Object, java.lang.Object, java.lang.Object, java.lang.Object, java.lang.Object, java.lang.Object, java.lang.Object, java.lang.Object, java.lang.Object, java.lang.Object, java.lang.Object, java.lang.Object, java.lang.Ob
Event: 12.971 Thread 0x00000142aec1b310 Exception <a 'java/lang/NoSuchMethodError'{0x000000008bf0e4b0}: 'java.lang.Object java.lang.invoke.DelegatingMethodHandle$Holder.reinvoke_L(java.lang.Object, java.lang.Object, java.lang.Object, java.lang.Object, java.lang.Object, java.lang.Object, java.lang.Object, java.lang.Object, java.lang.Object, java.lang.Object, java.lang.Object, java.lang.Object, java.lang.Object, java.lang.Object, java.lang.Object, java.lang.Object, java.lang.Object, java.lang.Object, java.lang.Object, java.lang.Object, java.lang.O
Event: 12.973 Thread 0x00000142aec1b310 Exception <a 'java/lang/NoSuchMethodError'{0x000000008bf19bc8}: 'java.lang.Object java.lang.invoke.Invokers$Holder.invoker(java.lang.Object, java.lang.Object, java.lang.Object, java.lang.Object, java.lang.Object, java.lang.Object, java.lang.Object, java.lang.Object, java.lang.Object, java.lang.Object, java.lang.Object, java.lang.Object, java.lang.Object, java.lang.Object, java.lang.Object, java.lang.Object, java.lang.Object, java.lang.Object, java.lang.Object, java.lang.Object, java.lang.Object, java.lang.
Event: 12.973 Thread 0x00000142aec1b310 Exception <a 'java/lang/NoSuchMethodError'{0x000000008bf20628}: 'java.lang.Object java.lang.invoke.DelegatingMethodHandle$Holder.delegate(java.lang.Object, java.lang.Object, java.lang.Object, java.lang.Object, java.lang.Object, java.lang.Object, java.lang.Object, java.lang.Object, java.lang.Object, java.lang.Object, java.lang.Object, java.lang.Object, java.lang.Object, java.lang.Object, java.lang.Object, java.lang.Object, java.lang.Object, java.lang.Object, java.lang.Object, java.lang.Object, java.lang.Obj
Event: 12.993 Thread 0x00000142aec1b310 Exception <a 'java/lang/NoSuchMethodError'{0x000000008bfe0788}: 'java.lang.Object java.lang.invoke.DirectMethodHandle$Holder.invokeStatic(java.lang.Object, java.lang.Object, java.lang.Object, java.lang.Object, java.lang.Object, java.lang.Object, java.lang.Object, java.lang.Object, java.lang.Object, java.lang.Object, java.lang.Object, java.lang.Object, java.lang.Object, java.lang.Object, java.lang.Object, java.lang.Object, java.lang.Object, java.lang.Object, java.lang.Object, java.lang.Object, java.lang.Obj
Event: 13.675 Thread 0x00000142aec1b310 Exception <a 'java/lang/NoSuchMethodError'{0x000000008b1d2ba8}: 'int java.lang.invoke.DirectMethodHandle$Holder.invokeSpecialIFC(java.lang.Object, java.lang.Object, java.lang.Object)'> (0x000000008b1d2ba8) 
thrown [s\src\hotspot\share\interpreter\linkResolver.cpp, line 771]
Event: 13.931 Thread 0x00000142aec1b310 Exception <a 'java/lang/NoSuchMethodError'{0x000000008ad967e8}: 'java.lang.Object java.lang.invoke.DirectMethodHandle$Holder.newInvokeSpecial(java.lang.Object, java.lang.Object, java.lang.Object, java.lang.Object, java.lang.Object, int)'> (0x000000008ad967e8) 
thrown [s\src\hotspot\share\interpreter\linkResolver.cpp, line 771]
Event: 13.933 Thread 0x00000142aec1b310 Exception <a 'java/lang/NoSuchMethodError'{0x000000008ad9bc40}: 'java.lang.Object java.lang.invoke.DirectMethodHandle$Holder.invokeSpecial(java.lang.Object, java.lang.Object, java.lang.Object, java.lang.Object, java.lang.Object, java.lang.Object, int)'> (0x000000008ad9bc40) 
thrown [s\src\hotspot\share\interpreter\linkResolver.cpp, line 771]
Event: 13.935 Thread 0x00000142aec1b310 Exception <a 'java/lang/NoSuchMethodError'{0x000000008ada0a20}: 'java.lang.Object java.lang.invoke.Invokers$Holder.linkToTargetMethod(java.lang.Object, java.lang.Object, java.lang.Object, java.lang.Object, int, java.lang.Object)'> (0x000000008ada0a20) 
thrown [s\src\hotspot\share\interpreter\linkResolver.cpp, line 771]
Event: 13.990 Thread 0x00000142aec1b310 Exception <a 'java/lang/NoSuchMethodError'{0x000000008adedb98}: 'java.lang.Object java.lang.invoke.DirectMethodHandle$Holder.invokeSpecial(java.lang.Object, java.lang.Object, java.lang.Object, java.lang.Object, java.lang.Object, long)'> (0x000000008adedb98) 
thrown [s\src\hotspot\share\interpreter\linkResolver.cpp, line 771]
Event: 14.005 Thread 0x00000142aec1b310 Exception <a 'java/lang/NoSuchMethodError'{0x000000008ac1f5c0}: 'void java.lang.invoke.DirectMethodHandle$Holder.invokeStatic(java.lang.Object, java.lang.Object, java.lang.Object, int, java.lang.Object)'> (0x000000008ac1f5c0) 
thrown [s\src\hotspot\share\interpreter\linkResolver.cpp, line 771]
Event: 14.137 Thread 0x00000142aec1b310 Implicit null exception at 0x0000014299c50df2 to 0x0000014299c5140c
Event: 14.247 Thread 0x00000142aec1b310 Exception <a 'sun/nio/fs/WindowsException'{0x000000008a80adb8}> (0x000000008a80adb8) 
thrown [s\src\hotspot\share\prims\jni.cpp, line 517]

VM Operations (20 events):
Event: 11.084 Executing VM operation: HandshakeAllThreads
Event: 11.084 Executing VM operation: HandshakeAllThreads done
Event: 11.117 Executing VM operation: HandshakeAllThreads
Event: 11.117 Executing VM operation: HandshakeAllThreads done
Event: 11.381 Executing VM operation: HandshakeAllThreads
Event: 11.381 Executing VM operation: HandshakeAllThreads done
Event: 11.381 Executing VM operation: Cleanup
Event: 11.381 Executing VM operation: Cleanup done
Event: 11.643 Executing VM operation: G1CollectForAllocation
Event: 11.650 Executing VM operation: G1CollectForAllocation done
Event: 12.131 Executing VM operation: HandshakeAllThreads
Event: 12.131 Executing VM operation: HandshakeAllThreads done
Event: 12.993 Executing VM operation: ICBufferFull
Event: 12.993 Executing VM operation: ICBufferFull done
Event: 14.007 Executing VM operation: Cleanup
Event: 14.024 Executing VM operation: Cleanup done
Event: 14.171 Executing VM operation: HandshakeAllThreads
Event: 14.171 Executing VM operation: HandshakeAllThreads done
Event: 14.249 Executing VM operation: HandshakeAllThreads
Event: 14.249 Executing VM operation: HandshakeAllThreads done

Events (20 events):
Event: 14.253 loading class javax/crypto/CryptoPolicyParser$GrantEntry
Event: 14.253 loading class javax/crypto/CryptoPolicyParser$GrantEntry done
Event: 14.253 loading class javax/crypto/CryptoPolicyParser$CryptoPermissionEntry
Event: 14.253 loading class javax/crypto/CryptoPolicyParser$CryptoPermissionEntry done
Event: 14.254 loading class java/util/Vector$1
Event: 14.254 loading class java/util/Vector$1 done
Event: 14.254 loading class javax/crypto/CryptoAllPermission
Event: 14.254 loading class javax/crypto/CryptoPermission
Event: 14.254 loading class javax/crypto/CryptoPermission done
Event: 14.254 loading class javax/crypto/CryptoAllPermission done
Event: 14.254 loading class javax/crypto/CryptoAllPermissionCollection
Event: 14.254 loading class javax/crypto/CryptoAllPermissionCollection done
Event: 14.256 loading class java/net/URL$2
Event: 14.256 loading class java/net/URL$2 done
Event: 14.256 loading class java/net/URL$1
Event: 14.256 loading class java/util/concurrent/LinkedBlockingDeque$Itr
Event: 14.256 loading class java/net/URL$1 done
Event: 14.256 loading class java/net/spi/URLStreamHandlerProvider
Event: 14.256 loading class java/util/concurrent/LinkedBlockingDeque$AbstractItr
Event: 14.256 loading class java/net/spi/URLStreamHandlerProvider done


Dynamic libraries:
0x00007ff62d920000 - 0x00007ff62d92a000 	C:\Program Files\Android\Android Studio\jbr\bin\java.exe
0x00007ffc59450000 - 0x00007ffc59666000 	C:\Windows\SYSTEM32\ntdll.dll
0x00007ffc19230000 - 0x00007ffc19249000 	C:\Program Files\Avast Software\Avast\aswhook.dll
0x00007ffc57280000 - 0x00007ffc57344000 	C:\Windows\System32\KERNEL32.DLL
0x00007ffc56ab0000 - 0x00007ffc56e56000 	C:\Windows\System32\KERNELBASE.dll
0x00007ffc568a0000 - 0x00007ffc569b1000 	C:\Windows\System32\ucrtbase.dll
0x00007ffc32f90000 - 0x00007ffc32fa7000 	C:\Program Files\Android\Android Studio\jbr\bin\jli.dll
0x00007ffc3e770000 - 0x00007ffc3e78b000 	C:\Program Files\Android\Android Studio\jbr\bin\VCRUNTIME140.dll
0x00007ffc573d0000 - 0x00007ffc5757d000 	C:\Windows\System32\USER32.dll
0x00007ffc569c0000 - 0x00007ffc569e6000 	C:\Windows\System32\win32u.dll
0x00007ffc3ecb0000 - 0x00007ffc3ef43000 	C:\Windows\WinSxS\amd64_microsoft.windows.common-controls_6595b64144ccf1df_6.0.22621.3235_none_270f74e173860f98\COMCTL32.dll
0x00007ffc575e0000 - 0x00007ffc57609000 	C:\Windows\System32\GDI32.dll
0x00007ffc58210000 - 0x00007ffc582b7000 	C:\Windows\System32\msvcrt.dll
0x00007ffc56e90000 - 0x00007ffc56fa8000 	C:\Windows\System32\gdi32full.dll
0x00007ffc56790000 - 0x00007ffc5682a000 	C:\Windows\System32\msvcp_win.dll
0x00007ffc59230000 - 0x00007ffc59261000 	C:\Windows\System32\IMM32.DLL
0x00007ffc40110000 - 0x00007ffc4011c000 	C:\Program Files\Android\Android Studio\jbr\bin\vcruntime140_1.dll
0x00007ffc02f50000 - 0x00007ffc02fdd000 	C:\Program Files\Android\Android Studio\jbr\bin\msvcp140.dll
0x00007ffbc07d0000 - 0x00007ffbc1453000 	C:\Program Files\Android\Android Studio\jbr\bin\server\jvm.dll
0x00007ffc584c0000 - 0x00007ffc58572000 	C:\Windows\System32\ADVAPI32.dll
0x00007ffc58ba0000 - 0x00007ffc58c48000 	C:\Windows\System32\sechost.dll
0x00007ffc56e60000 - 0x00007ffc56e88000 	C:\Windows\System32\bcrypt.dll
0x00007ffc58030000 - 0x00007ffc58145000 	C:\Windows\System32\RPCRT4.dll
0x00007ffc56660000 - 0x00007ffc566ad000 	C:\Windows\SYSTEM32\POWRPROF.dll
0x00007ffc4e160000 - 0x00007ffc4e194000 	C:\Windows\SYSTEM32\WINMM.dll
0x00007ffc38610000 - 0x00007ffc38619000 	C:\Windows\SYSTEM32\WSOCK32.dll
0x00007ffc45ff0000 - 0x00007ffc45ffa000 	C:\Windows\SYSTEM32\VERSION.dll
0x00007ffc57350000 - 0x00007ffc573c1000 	C:\Windows\System32\WS2_32.dll
0x00007ffc56640000 - 0x00007ffc56653000 	C:\Windows\SYSTEM32\UMPDC.dll
0x00007ffc55790000 - 0x00007ffc557a8000 	C:\Windows\SYSTEM32\kernel.appcore.dll
0x00007ffc53440000 - 0x00007ffc5344a000 	C:\Program Files\Android\Android Studio\jbr\bin\jimage.dll
0x00007ffc53830000 - 0x00007ffc53a63000 	C:\Windows\SYSTEM32\DBGHELP.DLL
0x00007ffc58650000 - 0x00007ffc589d8000 	C:\Windows\System32\combase.dll
0x00007ffc571a0000 - 0x00007ffc57277000 	C:\Windows\System32\OLEAUT32.dll
0x00007ffc462e0000 - 0x00007ffc46312000 	C:\Windows\SYSTEM32\dbgcore.DLL
0x00007ffc57120000 - 0x00007ffc5719a000 	C:\Windows\System32\bcryptPrimitives.dll
0x00007ffc3cbb0000 - 0x00007ffc3cbbe000 	C:\Program Files\Android\Android Studio\jbr\bin\instrument.dll
0x00007ffc3dc20000 - 0x00007ffc3dc45000 	C:\Program Files\Android\Android Studio\jbr\bin\java.dll
0x00007ffc500e0000 - 0x00007ffc500f8000 	C:\Program Files\Android\Android Studio\jbr\bin\zip.dll
0x00007ffc57710000 - 0x00007ffc57f6d000 	C:\Windows\System32\SHELL32.dll
0x00007ffc54670000 - 0x00007ffc54f68000 	C:\Windows\SYSTEM32\windows.storage.dll
0x00007ffc54530000 - 0x00007ffc5466e000 	C:\Windows\SYSTEM32\wintypes.dll
0x00007ffc57610000 - 0x00007ffc57703000 	C:\Windows\System32\SHCORE.dll
0x00007ffc57fd0000 - 0x00007ffc5802e000 	C:\Windows\System32\shlwapi.dll
0x00007ffc566c0000 - 0x00007ffc566e6000 	C:\Windows\SYSTEM32\profapi.dll
0x00007ffc400b0000 - 0x00007ffc400c9000 	C:\Program Files\Android\Android Studio\jbr\bin\net.dll
0x00007ffc4e390000 - 0x00007ffc4e4c7000 	C:\Windows\SYSTEM32\WINHTTP.dll
0x00007ffc55c00000 - 0x00007ffc55c69000 	C:\Windows\system32\mswsock.dll
0x00007ffc3dc00000 - 0x00007ffc3dc16000 	C:\Program Files\Android\Android Studio\jbr\bin\nio.dll
0x00007ffc51940000 - 0x00007ffc51950000 	C:\Program Files\Android\Android Studio\jbr\bin\verify.dll
0x00007ffc40120000 - 0x00007ffc40147000 	C:\Users\limit\.gradle\native\c067742578af261105cb4f569cf0c3c89f3d7b1fecec35dd04571415982c5e48\windows-amd64\native-platform.dll
0x00007ffbfb930000 - 0x00007ffbfba74000 	C:\Users\limit\.gradle\native\38dada09dfb8b06ba9b0570ebf7e218e3eb74d4ef43ca46872605cf95ebc2f47\windows-amd64\native-platform-file-events.dll
0x00007ffc3dbe0000 - 0x00007ffc3dbe9000 	C:\Program Files\Android\Android Studio\jbr\bin\management.dll
0x00007ffc3cbc0000 - 0x00007ffc3cbcb000 	C:\Program Files\Android\Android Studio\jbr\bin\management_ext.dll
0x00007ffc58170000 - 0x00007ffc58178000 	C:\Windows\System32\PSAPI.DLL
0x00007ffc55f50000 - 0x00007ffc55f6b000 	C:\Windows\SYSTEM32\CRYPTSP.dll
0x00007ffc556f0000 - 0x00007ffc55725000 	C:\Windows\system32\rsaenh.dll
0x00007ffc55ca0000 - 0x00007ffc55ccc000 	C:\Windows\SYSTEM32\USERENV.dll
0x00007ffc55f30000 - 0x00007ffc55f3c000 	C:\Windows\SYSTEM32\CRYPTBASE.dll
0x00007ffc551d0000 - 0x00007ffc551fd000 	C:\Windows\SYSTEM32\IPHLPAPI.DLL
0x00007ffc58200000 - 0x00007ffc58209000 	C:\Windows\System32\NSI.dll
0x00007ffc4e140000 - 0x00007ffc4e159000 	C:\Windows\SYSTEM32\dhcpcsvc6.DLL
0x00007ffc4de40000 - 0x00007ffc4de5f000 	C:\Windows\SYSTEM32\dhcpcsvc.DLL
0x00007ffc55240000 - 0x00007ffc55339000 	C:\Windows\SYSTEM32\DNSAPI.dll
0x00007ffc3dbf0000 - 0x00007ffc3dbf9000 	C:\Program Files\Android\Android Studio\jbr\bin\extnet.dll
0x00007ffc517a0000 - 0x00007ffc517a8000 	C:\Windows\system32\wshunix.dll

dbghelp: loaded successfully - version: 4.0.5 - missing functions: none
symbol engine: initialized successfully - sym options: 0x614 - pdb path: .;C:\Program Files\Android\Android Studio\jbr\bin;C:\Windows\SYSTEM32;C:\Program Files\Avast Software\Avast;C:\Windows\WinSxS\amd64_microsoft.windows.common-controls_6595b64144ccf1df_6.0.22621.3235_none_270f74e173860f98;C:\Program Files\Android\Android Studio\jbr\bin\server;C:\Users\limit\.gradle\native\c067742578af261105cb4f569cf0c3c89f3d7b1fecec35dd04571415982c5e48\windows-amd64;C:\Users\limit\.gradle\native\38dada09dfb8b06ba9b0570ebf7e218e3eb74d4ef43ca46872605cf95ebc2f47\windows-amd64

VM Arguments:
jvm_args: --add-opens=java.base/java.util=ALL-UNNAMED --add-opens=java.base/java.lang=ALL-UNNAMED --add-opens=java.base/java.lang.invoke=ALL-UNNAMED --add-opens=java.prefs/java.util.prefs=ALL-UNNAMED --add-opens=java.base/java.nio.charset=ALL-UNNAMED --add-opens=java.base/java.net=ALL-UNNAMED --add-opens=java.base/java.util.concurrent.atomic=ALL-UNNAMED -Xmx2048m -Dfile.encoding=UTF-8 -Duser.country=US -Duser.language=en -Duser.variant -javaagent:C:\Users\limit\.gradle\wrapper\dists\gradle-8.6-bin\afr5mpiioh2wthjmwnkmdsd5w\gradle-8.6\lib\agents\gradle-instrumentation-agent-8.6.jar 
java_command: org.gradle.launcher.daemon.bootstrap.GradleDaemon 8.6
java_class_path (initial): C:\Users\limit\.gradle\wrapper\dists\gradle-8.6-bin\afr5mpiioh2wthjmwnkmdsd5w\gradle-8.6\lib\gradle-launcher-8.6.jar
Launcher Type: SUN_STANDARD

[Global flags]
     intx CICompilerCount                          = 4                                         {product} {ergonomic}
     uint ConcGCThreads                            = 2                                         {product} {ergonomic}
     uint G1ConcRefinementThreads                  = 8                                         {product} {ergonomic}
   size_t G1HeapRegionSize                         = 1048576                                   {product} {ergonomic}
    uintx GCDrainStackTargetSize                   = 64                                        {product} {ergonomic}
   size_t InitialHeapSize                          = 400556032                                 {product} {ergonomic}
   size_t MarkStackSize                            = 4194304                                   {product} {ergonomic}
   size_t MaxHeapSize                              = 2147483648                                {product} {command line}
   size_t MaxNewSize                               = 1287651328                                {product} {ergonomic}
   size_t MinHeapDeltaBytes                        = 1048576                                   {product} {ergonomic}
   size_t MinHeapSize                              = 8388608                                   {product} {ergonomic}
    uintx NonNMethodCodeHeapSize                   = 5839372                                {pd product} {ergonomic}
    uintx NonProfiledCodeHeapSize                  = 122909434                              {pd product} {ergonomic}
    uintx ProfiledCodeHeapSize                     = 122909434                              {pd product} {ergonomic}
    uintx ReservedCodeCacheSize                    = 251658240                              {pd product} {ergonomic}
     bool SegmentedCodeCache                       = true                                      {product} {ergonomic}
   size_t SoftMaxHeapSize                          = 2147483648                             {manageable} {ergonomic}
     bool UseCompressedClassPointers               = true                           {product lp64_product} {ergonomic}
     bool UseCompressedOops                        = true                           {product lp64_product} {ergonomic}
     bool UseG1GC                                  = true                                      {product} {ergonomic}
     bool UseLargePagesIndividualAllocation        = false                                  {pd product} {ergonomic}

Logging:
Log output configuration:
 #0: stdout all=warning uptime,level,tags
 #1: stderr all=off uptime,level,tags

Environment Variables:
JAVA_HOME=C:\Program Files\Java\jdk-21
PATH=C:\Program Files\Common Files\Oracle\Java\javapath;C:\Windows\system32;C:\Windows;C:\Windows\System32\Wbem;C:\Windows\System32\WindowsPowerShell\v1.0\;C:\Windows\System32\OpenSSH\;C:\Program Files\Java\jdk-21\bin;C:\Program Files\Git\cmd;C:\Program Files\Git\cmd;;C:\Program Files\Git LFS;C:\Users\limit\AppData\Local\Microsoft\WindowsApps;;C:\Program Files\JetBrains\IntelliJ IDEA 2023.2.5\bin;;C:\Users\limit\AppData\Local\Programs\Microsoft VS Code\bin
USERNAME=limit
OS=Windows_NT
PROCESSOR_IDENTIFIER=Intel64 Family 6 Model 142 Stepping 12, GenuineIntel
TMP=C:\Users\limit\AppData\Local\Temp
TEMP=C:\Users\limit\AppData\Local\Temp



Periodic native trim disabled

JNI global refs:
JNI global refs: 26, weak refs: 0

JNI global refs memory usage: 843, weak refs: 841

OOME stack traces (most recent first):
Classloader memory used:
Loader org.gradle.internal.classloader.VisitableURLClassLoader                         : 3144K
Loader bootstrap                                                                       : 2430K
Loader org.gradle.initialization.MixInLegacyTypesClassLoader                           : 970K
Loader jdk.internal.loader.ClassLoaders$PlatformClassLoader                            : 65444B
Loader jdk.internal.loader.ClassLoaders$AppClassLoader                                 : 28691B
Loader jdk.internal.reflect.DelegatingClassLoader                                      : 9050B
Loader org.gradle.internal.classloader.VisitableURLClassLoader$InstrumentingVisitableURLClassLoader: 3227B

Classes loaded by more than one classloader:
Class Program                                                                         : loaded 3 times (x 70B)
Class org.gradle.internal.classpath.ClassPath                                         : loaded 2 times (x 68B)
Class org.gradle.api.internal.classpath.DefaultModuleRegistry                         : loaded 2 times (x 84B)
Class Settings_gradle$1$1                                                             : loaded 2 times (x 72B)
Class org.gradle.api.Action                                                           : loaded 2 times (x 68B)
Class org.gradle.api.internal.DefaultClassPathProvider                                : loaded 2 times (x 74B)
Class org.gradle.internal.installation.GradleInstallation$1                           : loaded 2 times (x 73B)
Class org.gradle.internal.classloader.FilteringClassLoader                            : loaded 2 times (x 103B)
Class org.gradle.internal.classpath.DefaultClassPath$ImmutableUniqueList$Builder      : loaded 2 times (x 73B)
Class org.gradle.internal.classloader.ClassLoaderVisitor                              : loaded 2 times (x 74B)
Class org.gradle.internal.service.DefaultServiceLocator                               : loaded 2 times (x 81B)
Class org.gradle.internal.service.UnknownServiceException                             : loaded 2 times (x 81B)
Class org.gradle.internal.classloader.DefaultClassLoaderFactory                       : loaded 2 times (x 80B)
Class org.gradle.internal.classloader.VisitableURLClassLoader$Spec                    : loaded 2 times (x 72B)
Class org.gradle.api.GradleException                                                  : loaded 2 times (x 80B)
Class org.gradle.api.internal.classpath.ModuleRegistry                                : loaded 2 times (x 68B)
Class org.gradle.api.internal.ClassPathProvider                                       : loaded 2 times (x 68B)
Class org.gradle.internal.classloader.ClasspathUtil$1                                 : loaded 2 times (x 74B)
Class org.gradle.internal.classloader.ClassLoaderFactory                              : loaded 2 times (x 68B)
Class org.gradle.api.internal.classpath.ManifestUtil                                  : loaded 2 times (x 69B)
Class org.gradle.api.specs.Spec                                                       : loaded 2 times (x 68B)
Class org.gradle.internal.IoActions                                                   : loaded 2 times (x 69B)
Class org.gradle.api.internal.classpath.EffectiveClassPath                            : loaded 2 times (x 88B)
Class org.gradle.internal.installation.CurrentGradleInstallation                      : loaded 2 times (x 71B)
Class org.gradle.internal.agents.InstrumentingClassLoader                             : loaded 2 times (x 68B)
Class org.gradle.internal.installation.CurrentGradleInstallationLocator               : loaded 2 times (x 69B)
Class org.gradle.api.internal.classpath.Module                                        : loaded 2 times (x 68B)
Class org.gradle.internal.service.CachingServiceLocator                               : loaded 2 times (x 80B)
Class org.gradle.internal.classpath.DefaultClassPath                                  : loaded 2 times (x 88B)
Class org.gradle.internal.classloader.SystemClassLoaderSpec                           : loaded 2 times (x 69B)
Class org.gradle.api.UncheckedIOException                                             : loaded 2 times (x 80B)
Class org.gradle.internal.installation.GradleInstallation                             : loaded 2 times (x 73B)
Class org.gradle.internal.classloader.ClasspathUtil                                   : loaded 2 times (x 69B)
Class org.gradle.api.internal.DefaultClassPathRegistry                                : loaded 2 times (x 74B)
Class org.gradle.api.internal.classpath.DefaultModuleRegistry$DefaultModule           : loaded 2 times (x 84B)
Class org.gradle.api.internal.classpath.UnknownModuleException                        : loaded 2 times (x 80B)
Class org.gradle.internal.service.ServiceLookupException                              : loaded 2 times (x 80B)
Class org.gradle.cache.GlobalCache                                                    : loaded 2 times (x 68B)
Class [Lorg.gradle.api.internal.ClassPathProvider;                                    : loaded 2 times (x 67B)
Class org.gradle.util.internal.GUtil                                                  : loaded 2 times (x 69B)
Class org.gradle.internal.classloader.ClassLoaderSpec                                 : loaded 2 times (x 69B)
Class org.gradle.internal.classloader.VisitableURLClassLoader                         : loaded 2 times (x 115B)
Class org.gradle.internal.Cast                                                        : loaded 2 times (x 69B)
Class org.gradle.api.internal.ClassPathRegistry                                       : loaded 2 times (x 68B)
Class org.gradle.internal.classloader.VisitableURLClassLoader$InstrumentingVisitableURLClassLoader: loaded 2 times (x 121B)
Class org.gradle.internal.classloader.ClassLoaderHierarchy                            : loaded 2 times (x 68B)
Class org.gradle.internal.InternalTransformer                                         : loaded 2 times (x 68B)
Class org.gradle.internal.service.ServiceLocator                                      : loaded 2 times (x 68B)
Class Settings_gradle$1                                                               : loaded 2 times (x 72B)
Class org.gradle.internal.classpath.DefaultClassPath$ImmutableUniqueList              : loaded 2 times (x 159B)
Class org.gradle.internal.classpath.TransformedClassPath                              : loaded 2 times (x 94B)
Class Settings_gradle                                                                 : loaded 2 times (x 126B)


---------------  S Y S T E M  ---------------

OS:
 Windows 11 , 64 bit Build 22621 (10.0.22621.3235)
OS uptime: 2 days 0:01 hours
Hyper-V role detected

CPU: total 8 (initial active 8) (4 cores per cpu, 2 threads per core) family 6 model 142 stepping 12 microcode 0xfa, cx8, cmov, fxsr, ht, mmx, 3dnowpref, sse, sse2, sse3, ssse3, sse4.1, sse4.2, popcnt, lzcnt, tsc, tscinvbit, avx, avx2, aes, erms, clmul, bmi1, bmi2, adx, fma, vzeroupper, clflush, clflushopt, hv
Processor Information for processor 0
  Max Mhz: 1800, Current Mhz: 1500, Mhz Limit: 1584
Processor Information for processor 1
  Max Mhz: 1800, Current Mhz: 1600, Mhz Limit: 1584
Processor Information for processor 2
  Max Mhz: 1800, Current Mhz: 1600, Mhz Limit: 1584
Processor Information for processor 3
  Max Mhz: 1800, Current Mhz: 1500, Mhz Limit: 1584
Processor Information for processor 4
  Max Mhz: 1800, Current Mhz: 1500, Mhz Limit: 1584
Processor Information for processor 5
  Max Mhz: 1800, Current Mhz: 1600, Mhz Limit: 1584
Processor Information for processor 6
  Max Mhz: 1800, Current Mhz: 1500, Mhz Limit: 1584
Processor Information for processor 7
  Max Mhz: 1800, Current Mhz: 1500, Mhz Limit: 1584

Memory: 4k page, system-wide physical 24382M (10656M free)
TotalPageFile size 31294M (AvailPageFile size 15892M)
current process WorkingSet (physical memory assigned to process): 307M, peak: 307M
current process commit charge ("private bytes"): 455M, peak: 533M

vm_info: OpenJDK 64-Bit Server VM (17.0.10+0--11572160) for windows-amd64 JRE (17.0.10+0--11572160), built on Mar 13 2024 23:56:38 by "androidbuild" with MS VC++ 16.10 / 16.11 (VS2019)

END.
