#
# A fatal error has been detected by the Java Runtime Environment:
#
#  EXCEPTION_ACCESS_VIOLATION (0xc0000005) at pc=0x00007ffbc09b7f78, pid=3004, tid=964
#
# JRE version: OpenJDK Runtime Environment (17.0.10) (build 17.0.10+0--11572160)
# Java VM: OpenJDK 64-Bit Server VM (17.0.10+0--11572160, mixed mode, tiered, compressed oops, compressed class ptrs, g1 gc, windows-amd64)
# Problematic frame:
# V  [jvm.dll+0x1e7f78]
#
# No core dump will be written. Minidumps are not enabled by default on client versions of Windows
#
# If you would like to submit a bug report, please visit:
#   https://bugreport.java.com/bugreport/crash.jsp
#

---------------  S U M M A R Y ------------

Command Line: --add-opens=java.base/java.util=ALL-UNNAMED --add-opens=java.base/java.lang=ALL-UNNAMED --add-opens=java.base/java.lang.invoke=ALL-UNNAMED --add-opens=java.prefs/java.util.prefs=ALL-UNNAMED --add-opens=java.base/java.nio.charset=ALL-UNNAMED --add-opens=java.base/java.net=ALL-UNNAMED --add-opens=java.base/java.util.concurrent.atomic=ALL-UNNAMED -Xmx2048m -Dfile.encoding=UTF-8 -Duser.country=US -Duser.language=en -Duser.variant -javaagent:C:\Users\limit\.gradle\wrapper\dists\gradle-8.6-bin\afr5mpiioh2wthjmwnkmdsd5w\gradle-8.6\lib\agents\gradle-instrumentation-agent-8.6.jar org.gradle.launcher.daemon.bootstrap.GradleDaemon 8.6

Host: Intel(R) Core(TM) i5-8265U CPU @ 1.60GHz, 8 cores, 23G,  Windows 11 , 64 bit Build 22621 (10.0.22621.3235)
Time: Fri May 17 22:13:52 2024 W. Central Africa Standard Time elapsed time: 15.549098 seconds (0d 0h 0m 15s)

---------------  T H R E A D  ---------------

Current thread (0x000001fc9c61e380):  JavaThread "Daemon periodic checks" [_thread_in_vm, id=964, stack(0x0000003826d00000,0x0000003826e00000)]

Stack: [0x0000003826d00000,0x0000003826e00000],  sp=0x0000003826dfd370,  free space=1012k
Native frames: (J=compiled Java code, j=interpreted, Vv=VM code, C=native code)
V  [jvm.dll+0x1e7f78]
V  [jvm.dll+0x1ef9e4]
V  [jvm.dll+0x1e4e1c]
V  [jvm.dll+0x54dd1c]
V  [jvm.dll+0x1f59bb]
V  [jvm.dll+0x7bac1b]
V  [jvm.dll+0x7bc08c]
V  [jvm.dll+0x7bc903]
V  [jvm.dll+0x1efdf4]
V  [jvm.dll+0x1e4e35]
V  [jvm.dll+0x54dd1c]
V  [jvm.dll+0x1f59bb]
V  [jvm.dll+0x7bac1b]
V  [jvm.dll+0x7bc08c]
V  [jvm.dll+0x7bc3d8]
V  [jvm.dll+0x24386e]
V  [jvm.dll+0x387e8e]
C  0x000001fc8c7bb5bb

The last pc belongs to new (printed below).
Java frames: (J=compiled Java code, j=interpreted, Vv=VM code)
j  java.util.concurrent.LinkedBlockingDeque.iterator()Ljava/util/Iterator;+0 java.base@17.0.10
j  java.util.AbstractCollection.addAll(Ljava/util/Collection;)Z+3 java.base@17.0.10
j  java.util.LinkedHashSet.<init>(Ljava/util/Collection;)V+22 java.base@17.0.10
j  com.google.common.collect.Sets.newLinkedHashSet(Ljava/lang/Iterable;)Ljava/util/LinkedHashSet;+15
j  org.gradle.launcher.daemon.server.health.gc.DefaultSlidingWindow.snapshot()Ljava/util/Collection;+11
j  org.gradle.launcher.daemon.server.health.gc.DefaultGarbageCollectionMonitor.getHeapStats()Lorg/gradle/launcher/daemon/server/health/gc/GarbageCollectionStats;+4
j  org.gradle.launcher.daemon.server.health.DaemonHealthStats.getHeapStats()Lorg/gradle/launcher/daemon/server/health/gc/GarbageCollectionStats;+4
j  org.gradle.launcher.daemon.server.health.HealthExpirationStrategy.checkExpiration()Lorg/gradle/launcher/daemon/server/expiry/DaemonExpirationResult;+33
j  org.gradle.launcher.daemon.server.expiry.AnyDaemonExpirationStrategy.checkExpiration()Lorg/gradle/launcher/daemon/server/expiry/DaemonExpirationResult;+47
j  org.gradle.launcher.daemon.server.MasterExpirationStrategy.checkExpiration()Lorg/gradle/launcher/daemon/server/expiry/DaemonExpirationResult;+4
j  org.gradle.launcher.daemon.server.Daemon$DaemonExpirationPeriodicCheck.run()V+4
j  org.gradle.internal.concurrent.ExecutorPolicy$CatchAndRecordFailures.onExecute(Ljava/lang/Runnable;)V+1
j  org.gradle.internal.concurrent.AbstractManagedExecutor$1.run()V+25
j  java.util.concurrent.Executors$RunnableAdapter.call()Ljava/lang/Object;+4 java.base@17.0.10
j  java.util.concurrent.FutureTask.runAndReset()Z+44 java.base@17.0.10
j  java.util.concurrent.ScheduledThreadPoolExecutor$ScheduledFutureTask.run()V+35 java.base@17.0.10
j  java.util.concurrent.ThreadPoolExecutor.runWorker(Ljava/util/concurrent/ThreadPoolExecutor$Worker;)V+92 java.base@17.0.10
j  java.util.concurrent.ThreadPoolExecutor$Worker.run()V+5 java.base@17.0.10
j  java.lang.Thread.run()V+11 java.base@17.0.10
v  ~StubRoutines::call_stub

siginfo: EXCEPTION_ACCESS_VIOLATION (0xc0000005), reading address 0x000001fca0866958


Registers:
RAX=0x000001fca0866958, RBX=0x000001fc9c61e380, RCX=0x00000000000023ed, RDX=0x000001fc9c7d8e40
RSP=0x0000003826dfd370, RBP=0x000001fc9f3f55c0, RSI=0x00000000fc010000, RDI=0x000001fc9c7d8e40
R8 =0x00000000000006a5, R9 =0x0000000000000000, R10=0x000000000000003b, R11=0x0000000000000001
R12=0x0000000000000000, R13=0x0000000000000000, R14=0x0000000000000000, R15=0x0000003826dfd6e0
RIP=0x00007ffbc09b7f78, EFLAGS=0x0000000000010246


Register to memory mapping:

RIP=0x00007ffbc09b7f78 jvm.dll
RAX=0x000001fca0866958 is an unknown value
RBX=0x000001fc9c61e380 is a thread
RCX=0x00000000000023ed is an unknown value
RDX=0x000001fc9c7d8e40 points into unknown readable memory: 0x00007ffbc1112218 | 18 22 11 c1 fb 7f 00 00
RSP=0x0000003826dfd370 is pointing into the stack for thread: 0x000001fc9c61e380
RBP=0x000001fc9f3f55c0 is pointing into metadata
RSI=0x00000000fc010000 is an unallocated location in the heap
RDI=0x000001fc9c7d8e40 points into unknown readable memory: 0x00007ffbc1112218 | 18 22 11 c1 fb 7f 00 00
R8 =0x00000000000006a5 is an unknown value
R9 =0x0 is NULL
R10=0x000000000000003b is an unknown value
R11=0x0000000000000001 is an unknown value
R12=0x0 is NULL
R13=0x0 is NULL
R14=0x0 is NULL
R15=0x0000003826dfd6e0 is pointing into the stack for thread: 0x000001fc9c61e380


Top of Stack: (sp=0x0000003826dfd370)
0x0000003826dfd370:   0000000000000008 0000000000000009
0x0000003826dfd380:   000001fc9c2fac00 000001fc9c7d7720
0x0000003826dfd390:   000001fc9c7d8ed0 000001fc9c7df708
0x0000003826dfd3a0:   00000000000083b0 000001fc9c30bd00
0x0000003826dfd3b0:   0000000000000000 000023ed00000000
0x0000003826dfd3c0:   0000000000000000 0000000000000000
0x0000003826dfd3d0:   0000000000000000 0000000000000000
0x0000003826dfd3e0:   0000000000000000 0000000000000000
0x0000003826dfd3f0:   0000000000000000 0000000000000000
0x0000003826dfd400:   0000000000000000 0000000000000000
0x0000003826dfd410:   0000000000000000 000001fc9c61e301
0x0000003826dfd420:   000001fc9c61e380 000001fc9c61e380
0x0000003826dfd430:   000001fc9c7d8e40 000001fc9c7d7720
0x0000003826dfd440:   0000003826dfd87b 0000003826dfd6e0
0x0000003826dfd450:   0000003826dfd87a 000001fc9f3f55c0
0x0000003826dfd460:   0000000000000000 00007ffbc09bf9e4
0x0000003826dfd470:   0000000000000000 0000003826dfd800
0x0000003826dfd480:   000001fc9f3f55c0 000001fc9c7d8ed0
0x0000003826dfd490:   000001fc9c61e300 0000003826dfd87b
0x0000003826dfd4a0:   000001fc9c610008 000001fc9c61e380
0x0000003826dfd4b0:   0000003826dfd6a8 000001fca1ac2a70
0x0000003826dfd4c0:   000000000000007b 000001fc00200000
0x0000003826dfd4d0:   000001fc9c7d8eb0 000001fc9c7df708
0x0000003826dfd4e0:   0000000000000003 0000000000000020
0x0000003826dfd4f0:   0000000000000050 00007ffbc0cfb2e2
0x0000003826dfd500:   000001fca2339e01 00000000000007cc
0x0000003826dfd510:   000001fc9c7d7d00 0000000000000000
0x0000003826dfd520:   000001fc9c2fac00 000001fc9c7d8e40
0x0000003826dfd530:   000001fca260eaa0 00007ffbc0cfb446
0x0000003826dfd540:   0000000000000000 000001fc9c61e380
0x0000003826dfd550:   0000000000000000 0000000000000000
0x0000003826dfd560:   0000003826dfd650 0000003826dfd678 

Instructions: (pc=0x00007ffbc09b7f78)
0x00007ffbc09b7e78:   47 18 45 8b e5 41 8b c5 66 c1 c9 08 4c 89 b4 24
0x00007ffbc09b7e88:   b8 00 00 00 45 8b c5 48 89 44 24 70 45 8b cd 88
0x00007ffbc09b7e98:   44 24 47 45 8b f5 88 44 24 46 41 8b ed 88 44 24
0x00007ffbc09b7ea8:   45 c6 44 24 44 00 c6 84 24 08 01 00 00 00 c6 84
0x00007ffbc09b7eb8:   24 20 01 00 00 00 c6 44 24 42 00 c6 84 24 00 01
0x00007ffbc09b7ec8:   00 00 00 c6 44 24 41 00 c6 44 24 40 00 c6 44 24
0x00007ffbc09b7ed8:   43 00 44 89 6c 24 50 44 89 6c 24 54 4c 89 6c 24
0x00007ffbc09b7ee8:   78 44 89 6c 24 5c 4c 89 ac 24 80 00 00 00 44 89
0x00007ffbc09b7ef8:   6c 24 58 4c 89 ac 24 88 00 00 00 44 89 6c 24 60
0x00007ffbc09b7f08:   66 44 89 6c 24 4a 66 44 89 6c 24 48 4c 89 ac 24
0x00007ffbc09b7f18:   90 00 00 00 44 89 6c 24 64 4c 89 ac 24 98 00 00
0x00007ffbc09b7f28:   00 44 89 6c 24 68 4c 89 ac 24 a0 00 00 00 44 89
0x00007ffbc09b7f38:   6c 24 6c 66 85 c9 0f 84 9b 08 00 00 b8 ff ff 00
0x00007ffbc09b7f48:   00 66 03 c8 48 8b 47 10 48 2b 47 18 66 89 4c 24
0x00007ffbc09b7f58:   4c 48 83 f8 06 73 0b 48 8b d3 48 8b cf e8 b6 98
0x00007ffbc09b7f68:   00 00 4c 39 6b 08 0f 85 02 0d 00 00 48 8b 47 18
0x00007ffbc09b7f78:   0f b7 28 48 83 c0 02 48 89 47 18 66 c1 cd 08 44
0x00007ffbc09b7f88:   0f b7 c5 8b 30 48 83 c0 04 48 89 47 18 49 8b 47
0x00007ffbc09b7f98:   28 0f ce 44 3b 40 3c 7d 0e 48 8b 40 08 42 0f b6
0x00007ffbc09b7fa8:   44 00 04 3c 01 74 02 32 c0 45 38 af 98 01 00 00
0x00007ffbc09b7fb8:   74 16 84 c0 75 12 4c 8b cb 48 8d 15 a0 be 75 00
0x00007ffbc09b7fc8:   49 8b cf e8 d0 c7 ff ff 4c 39 6b 08 0f 85 9c 0c
0x00007ffbc09b7fd8:   00 00 0f b7 c5 48 8b ac 24 10 01 00 00 48 8b 4c
0x00007ffbc09b7fe8:   c5 48 48 3b 0d a7 b8 9c 00 0f 85 d7 00 00 00 49
0x00007ffbc09b7ff8:   8b cd 41 38 8f 98 01 00 00 74 24 83 fe 02 74 16
0x00007ffbc09b8008:   4c 8b c3 48 8d 15 96 be 75 00 49 8b cf e8 56 c8
0x00007ffbc09b8018:   ff ff 48 8b 4b 08 48 85 c9 0f 85 4f 0c 00 00 44
0x00007ffbc09b8028:   38 6c 24 44 0f 85 fd 07 00 00 48 8b 47 10 48 2b
0x00007ffbc09b8038:   47 18 c6 44 24 44 01 48 83 f8 02 73 0f 48 8b d3
0x00007ffbc09b8048:   48 8b cf e8 d0 97 00 00 48 8b 4b 08 48 85 c9 0f
0x00007ffbc09b8058:   85 19 0c 00 00 48 8b 47 18 0f b7 30 48 83 c0 02
0x00007ffbc09b8068:   48 89 47 18 49 8b 47 28 66 c1 ce 08 44 0f b7 c6 


Stack slot to memory mapping:
stack at sp + 0 slots: 0x0000000000000008 is an unknown value
stack at sp + 1 slots: 0x0000000000000009 is an unknown value
stack at sp + 2 slots: 0x000001fc9c2fac00 points into unknown readable memory: 0x646a003200000002 | 02 00 00 00 32 00 6a 64
stack at sp + 3 slots: 0x000001fc9c7d7720 points into unknown readable memory: 0x0000000000000000 | 00 00 00 00 00 00 00 00
stack at sp + 4 slots: 0x000001fc9c7d8ed0 points into unknown readable memory: 0x0000000000000002 | 02 00 00 00 00 00 00 00
stack at sp + 5 slots: 0x000001fc9c7df708 points into unknown readable memory: 0x083e890f28796bd4 | d4 6b 79 28 0f 89 3e 08
stack at sp + 6 slots: 0x00000000000083b0 is an unknown value
stack at sp + 7 slots: 0x000001fc9c30bd00 points into unknown readable memory: 0x0000000000000000 | 00 00 00 00 00 00 00 00

new  187 new  [0x000001fc8c7bb420, 0x000001fc8c7bb640]  544 bytes
[MachCode]
  0x000001fc8c7bb420: 4883 ec08 | c5fa 1104 | 24eb 1f48 | 83ec 10c5 | fb11 0424 | eb14 4883 | ec10 4889 | 0424 48c7 
  0x000001fc8c7bb440: 4424 0800 | 0000 00eb | 0150 410f | b755 010f | cac1 ea10 | 488b 4de8 | 488b 4908 | 488b 4908 
  0x000001fc8c7bb460: 488b 4108 | 807c 1004 | 070f 85d6 | 0000 0066 | 8b54 d148 | 488b 4928 | 488b 4cd1 | 0851 80b9 
  0x000001fc8c7bb480: 5b01 0000 | 040f 85b9 | 0000 008b | 5108 f7c2 | 0100 0000 | 0f85 aa00 | 0000 498b | 8708 0100 
  0x000001fc8c7bb4a0: 0048 8d1c | 1049 3b9f | 1801 0000 | 0f87 9200 | 0000 4989 | 9f08 0100 | 00e9 0000 | 0000 4883 
  0x000001fc8c7bb4c0: ea10 0f84 | 0f00 0000 | 33c9 c1ea | 0348 894c | d008 48ff | ca75 f648 | c700 0100 | 0000 5933 
  0x000001fc8c7bb4e0: f689 700c | 48c1 e903 | 8948 0849 | ba89 3936 | c1fb 7f00 | 0041 803a | 000f 8440 | 0000 0050 
  0x000001fc8c7bb500: 488b c848 | 83ec 20f7 | c40f 0000 | 000f 841a | 0000 0048 | 83ec 0849 | bad0 f3eb | c0fb 7f00 
  0x000001fc8c7bb520: 0041 ffd2 | 4883 c408 | e90d 0000 | 0049 bad0 | f3eb c0fb | 7f00 0041 | ffd2 4883 | c420 58e9 
  0x000001fc8c7bb540: cd00 0000 | 5948 8b55 | e848 8b52 | 0848 8b52 | 0845 0fb7 | 4501 410f | c841 c1e8 | 10e8 0500 
  0x000001fc8c7bb560: 0000 e9aa | 0000 0048 | 8d44 2408 | 4c89 6dc0 | 498b cfc5 | f877 4989 | afa8 0200 | 0049 8987 
  0x000001fc8c7bb580: 9802 0000 | 4883 ec20 | f7c4 0f00 | 0000 0f84 | 1a00 0000 | 4883 ec08 | 49ba 407e | b5c0 fb7f 
  0x000001fc8c7bb5a0: 0000 41ff | d248 83c4 | 08e9 0d00 | 0000 49ba | 407e b5c0 | fb7f 0000 | 41ff d248 | 83c4 2049 
  0x000001fc8c7bb5c0: c787 9802 | 0000 0000 | 0000 49c7 | 87a8 0200 | 0000 0000 | 0049 c787 | a002 0000 | 0000 0000 
  0x000001fc8c7bb5e0: c5f8 7749 | 817f 0800 | 0000 000f | 8405 0000 | 00e9 0a59 | feff 498b | 87f0 0200 | 0049 c787 
  0x000001fc8c7bb600: f002 0000 | 0000 0000 | 4c8b 6dc0 | 4c8b 75c8 | c341 0fb6 | 5d03 4983 | c503 49ba | 80a6 38c1 
  0x000001fc8c7bb620: fb7f 0000 | 41ff 24da | 0000 0000 | 0000 0000 | 0000 0000 | 0000 0000 | 0000 0000 | 0000 0000 
[/MachCode]

---------------  P R O C E S S  ---------------

Threads class SMR info:
_java_thread_list=0x000001fca4032a70, length=39, elements={
0x000001fc805bf8b0, 0x000001fc9c4a2630, 0x000001fc9c4a30c0, 0x000001fc9c4daca0,
0x000001fc9c4eaac0, 0x000001fc9c4ed3a0, 0x000001fc9c4ee9b0, 0x000001fc9c4f1f10,
0x000001fc9c4fa9d0, 0x000001fc9c4fdbc0, 0x000001fc9c61f7c0, 0x000001fc9c6201e0,
0x000001fc9c61de70, 0x000001fc9c61f2b0, 0x000001fc9c61e380, 0x000001fc9c621110,
0x000001fc9c61eda0, 0x000001fc9c6206f0, 0x000001fc9c61fcd0, 0x000001fc9c621620,
0x000001fc9c620c00, 0x000001fc9c61e890, 0x000001fc9c73cb40, 0x000001fc9c740d10,
0x000001fc9c73e490, 0x000001fc9c73eeb0, 0x000001fc9c73ace0, 0x000001fc9c741220,
0x000001fc9c742150, 0x000001fc9c73b1f0, 0x000001fc9c73b700, 0x000001fc9c73c120,
0x000001fca352ddc0, 0x000001fca352e310, 0x000001fc9c73fde0, 0x000001fc9c73bc10,
0x000001fc9c73d050, 0x000001fc9c73e9a0, 0x000001fc9c73d560
}

Java Threads: ( => current thread )
  0x000001fc805bf8b0 JavaThread "main" [_thread_blocked, id=14688, stack(0x0000003825200000,0x0000003825300000)]
  0x000001fc9c4a2630 JavaThread "Reference Handler" daemon [_thread_blocked, id=20820, stack(0x0000003825900000,0x0000003825a00000)]
  0x000001fc9c4a30c0 JavaThread "Finalizer" daemon [_thread_blocked, id=14720, stack(0x0000003825a00000,0x0000003825b00000)]
  0x000001fc9c4daca0 JavaThread "Signal Dispatcher" daemon [_thread_blocked, id=3208, stack(0x0000003825b00000,0x0000003825c00000)]
  0x000001fc9c4eaac0 JavaThread "Attach Listener" daemon [_thread_blocked, id=10380, stack(0x0000003825c00000,0x0000003825d00000)]
  0x000001fc9c4ed3a0 JavaThread "Service Thread" daemon [_thread_blocked, id=5400, stack(0x0000003825d00000,0x0000003825e00000)]
  0x000001fc9c4ee9b0 JavaThread "Monitor Deflation Thread" daemon [_thread_blocked, id=4080, stack(0x0000003825e00000,0x0000003825f00000)]
  0x000001fc9c4f1f10 JavaThread "C2 CompilerThread0" daemon [_thread_blocked, id=20736, stack(0x0000003825f00000,0x0000003826000000)]
  0x000001fc9c4fa9d0 JavaThread "C1 CompilerThread0" daemon [_thread_blocked, id=11176, stack(0x0000003826000000,0x0000003826100000)]
  0x000001fc9c4fdbc0 JavaThread "Sweeper thread" daemon [_thread_blocked, id=15124, stack(0x0000003826100000,0x0000003826200000)]
  0x000001fc9c61f7c0 JavaThread "Common-Cleaner" daemon [_thread_blocked, id=5516, stack(0x0000003826200000,0x0000003826300000)]
  0x000001fc9c6201e0 JavaThread "Notification Thread" daemon [_thread_blocked, id=12196, stack(0x0000003826300000,0x0000003826400000)]
  0x000001fc9c61de70 JavaThread "Daemon health stats" [_thread_blocked, id=9868, stack(0x0000003826e00000,0x0000003826f00000)]
  0x000001fc9c61f2b0 JavaThread "Incoming local TCP Connector on port 58938" [_thread_in_native, id=17500, stack(0x0000003826500000,0x0000003826600000)]
=>0x000001fc9c61e380 JavaThread "Daemon periodic checks" [_thread_in_vm, id=964, stack(0x0000003826d00000,0x0000003826e00000)]
  0x000001fc9c621110 JavaThread "Daemon" [_thread_blocked, id=4340, stack(0x0000003827000000,0x0000003827100000)]
  0x000001fc9c61eda0 JavaThread "Handler for socket connection from /127.0.0.1:58938 to /127.0.0.1:58939" [_thread_in_native, id=18664, stack(0x0000003827100000,0x0000003827200000)]
  0x000001fc9c6206f0 JavaThread "Cancel handler" [_thread_blocked, id=2396, stack(0x0000003827200000,0x0000003827300000)]
  0x000001fc9c61fcd0 JavaThread "Daemon worker" [_thread_blocked, id=15480, stack(0x0000003827300000,0x0000003827400000)]
  0x000001fc9c621620 JavaThread "Asynchronous log dispatcher for DefaultDaemonConnection: socket connection from /127.0.0.1:58938 to /127.0.0.1:58939" [_thread_blocked, id=19516, stack(0x0000003827400000,0x0000003827500000)]
  0x000001fc9c620c00 JavaThread "Stdin handler" [_thread_blocked, id=17676, stack(0x0000003827500000,0x0000003827600000)]
  0x000001fc9c61e890 JavaThread "Daemon client event forwarder" [_thread_blocked, id=14856, stack(0x0000003827600000,0x0000003827700000)]
  0x000001fc9c73cb40 JavaThread "Cache worker for journal cache (C:\Users\limit\.gradle\caches\journal-1)" [_thread_blocked, id=18656, stack(0x0000003827700000,0x0000003827800000)]
  0x000001fc9c740d10 JavaThread "File lock request listener" [_thread_in_native, id=19880, stack(0x0000003827800000,0x0000003827900000)]
  0x000001fc9c73e490 JavaThread "Cache worker for file hash cache (C:\Users\limit\.gradle\caches\8.6\fileHashes)" [_thread_blocked, id=13340, stack(0x0000003827a00000,0x0000003827b00000)]
  0x000001fc9c73eeb0 JavaThread "File watcher server" daemon [_thread_in_native, id=5940, stack(0x0000003827c00000,0x0000003827d00000)]
  0x000001fc9c73ace0 JavaThread "File watcher consumer" daemon [_thread_blocked, id=2704, stack(0x0000003827d00000,0x0000003827e00000)]
  0x000001fc9c741220 JavaThread "Cache worker for checksums cache (C:\Users\limit\AndroidStudioProjects\Register-Mo\.gradle\8.6\checksums)" [_thread_blocked, id=14384, stack(0x0000003827900000,0x0000003827a00000)]
  0x000001fc9c742150 JavaThread "Cache worker for file hash cache (C:\Users\limit\AndroidStudioProjects\Register-Mo\.gradle\8.6\fileHashes)" [_thread_blocked, id=6776, stack(0x0000003827b00000,0x0000003827c00000)]
  0x000001fc9c73b1f0 JavaThread "Cache worker for cache directory md-supplier (C:\Users\limit\.gradle\caches\8.6\md-supplier)" [_thread_blocked, id=15372, stack(0x0000003827e00000,0x0000003827f00000)]
  0x000001fc9c73b700 JavaThread "Cache worker for cache directory md-rule (C:\Users\limit\.gradle\caches\8.6\md-rule)" [_thread_blocked, id=8620, stack(0x0000003827f00000,0x0000003828000000)]
  0x000001fc9c73c120 JavaThread "Cache worker for file content cache (C:\Users\limit\.gradle\caches\8.6\fileContent)" [_thread_blocked, id=7300, stack(0x0000003828000000,0x0000003828100000)]
  0x000001fca352ddc0 JavaThread "C2 CompilerThread1" daemon [_thread_blocked, id=13664, stack(0x0000003828100000,0x0000003828200000)]
  0x000001fca352e310 JavaThread "C2 CompilerThread2" daemon [_thread_blocked, id=17208, stack(0x0000003828200000,0x0000003828300000)]
  0x000001fc9c73fde0 JavaThread "jar transforms" [_thread_blocked, id=21368, stack(0x0000003828300000,0x0000003828400000)]
  0x000001fc9c73bc10 JavaThread "jar transforms Thread 2" [_thread_blocked, id=13376, stack(0x0000003828400000,0x0000003828500000)]
  0x000001fc9c73d050 JavaThread "jar transforms Thread 3" [_thread_blocked, id=17548, stack(0x0000003828500000,0x0000003828600000)]
  0x000001fc9c73e9a0 JavaThread "jar transforms Thread 4" [_thread_blocked, id=16996, stack(0x0000003828600000,0x0000003828700000)]
  0x000001fc9c73d560 JavaThread "Cache worker for Build Output Cleanup Cache (C:\Users\limit\AndroidStudioProjects\Register-Mo\.gradle\buildOutputCleanup)" [_thread_blocked, id=19764, stack(0x0000003828700000,0x0000003828800000)]

Other Threads:
  0x000001fc9c3c8c90 VMThread "VM Thread" [stack: 0x0000003825800000,0x0000003825900000] [id=21024] _threads_hazard_ptr=0x000001fca4032a70
  0x000001fc9c7fec60 WatcherThread [stack: 0x0000003826400000,0x0000003826500000] [id=17188]
  0x000001fc8061c870 GCTaskThread "GC Thread#0" [stack: 0x0000003825300000,0x0000003825400000] [id=9512]
  0x000001fca1c2b340 GCTaskThread "GC Thread#1" [stack: 0x0000003826600000,0x0000003826700000] [id=9740]
  0x000001fca19f5fe0 GCTaskThread "GC Thread#2" [stack: 0x0000003826700000,0x0000003826800000] [id=17568]
  0x000001fca19f62a0 GCTaskThread "GC Thread#3" [stack: 0x0000003826800000,0x0000003826900000] [id=19708]
  0x000001fca1b33ce0 GCTaskThread "GC Thread#4" [stack: 0x0000003826900000,0x0000003826a00000] [id=12916]
  0x000001fca1acc800 GCTaskThread "GC Thread#5" [stack: 0x0000003826a00000,0x0000003826b00000] [id=6920]
  0x000001fca1dd6d40 GCTaskThread "GC Thread#6" [stack: 0x0000003826b00000,0x0000003826c00000] [id=12704]
  0x000001fca1dd94f0 GCTaskThread "GC Thread#7" [stack: 0x0000003826c00000,0x0000003826d00000] [id=5064]
  0x000001fc8062d7c0 ConcurrentGCThread "G1 Main Marker" [stack: 0x0000003825400000,0x0000003825500000] [id=5444]
  0x000001fc8062e980 ConcurrentGCThread "G1 Conc#0" [stack: 0x0000003825500000,0x0000003825600000] [id=21352]
  0x000001fca3533c60 ConcurrentGCThread "G1 Conc#1" [stack: 0x0000003826f00000,0x0000003827000000] [id=21416]
  0x000001fc8066d990 ConcurrentGCThread "G1 Refine#0" [stack: 0x0000003825600000,0x0000003825700000] [id=12708]
  0x000001fc8066e3c0 ConcurrentGCThread "G1 Service" [stack: 0x0000003825700000,0x0000003825800000] [id=14140]

Threads with active compile tasks:
C2 CompilerThread0    15839 4351       4       java.lang.invoke.LambdaForm$Name::replaceNames (175 bytes)
C2 CompilerThread1    15839 4340       4       java.io.WinNTFileSystem::normalize (143 bytes)
C2 CompilerThread2    15839 4356       4       java.lang.invoke.LambdaForm::useCount (61 bytes)

VM state: synchronizing (normal execution)

VM Mutex/Monitor currently owned by a thread:  ([mutex/lock_event])
[0x000001fc805bb700] Threads_lock - owner thread: 0x000001fc9c3c8c90

Heap address: 0x0000000080000000, size: 2048 MB, Compressed Oops mode: 32-bit

CDS archive(s) not mapped
Compressed class space mapped at: 0x0000000100000000-0x0000000140000000, reserved size: 1073741824
Narrow klass base: 0x0000000000000000, Narrow klass shift: 3, Narrow klass range: 0x140000000

GC Precious Log:
 CPUs: 8 total, 8 available
 Memory: 24382M
 Large Page Support: Disabled
 NUMA Support: Disabled
 Compressed Oops: Enabled (32-bit)
 Heap Region Size: 1M
 Heap Min Capacity: 8M
 Heap Initial Capacity: 382M
 Heap Max Capacity: 2G
 Pre-touch: Disabled
 Parallel Workers: 8
 Concurrent Workers: 2
 Concurrent Refinement Workers: 8
 Periodic GC: Disabled

Heap:
 garbage-first heap   total 231424K, used 92836K [0x0000000080000000, 0x0000000100000000)
  region size 1024K, 64 young (65536K), 2 survivors (2048K)
 Metaspace       used 50310K, committed 50752K, reserved 1114112K
  class space    used 6871K, committed 7104K, reserved 1048576K

Heap Regions: E=young(eden), S=young(survivor), O=old, HS=humongous(starts), HC=humongous(continues), CS=collection set, F=free, OA=open archive, CA=closed archive, TAMS=top-at-mark-start (previous, next)
|   0|0x0000000080000000, 0x0000000080100000, 0x0000000080100000|100%|HS|  |TAMS 0x0000000080100000, 0x0000000080000000| Complete 
|   1|0x0000000080100000, 0x0000000080200000, 0x0000000080200000|100%|HC|  |TAMS 0x0000000080200000, 0x0000000080100000| Complete 
|   2|0x0000000080200000, 0x0000000080300000, 0x0000000080300000|100%|HC|  |TAMS 0x0000000080300000, 0x0000000080200000| Complete 
|   3|0x0000000080300000, 0x0000000080400000, 0x0000000080400000|100%|HC|  |TAMS 0x0000000080400000, 0x0000000080300000| Complete 
|   4|0x0000000080400000, 0x0000000080500000, 0x0000000080500000|100%| O|  |TAMS 0x0000000080500000, 0x0000000080400000| Untracked 
|   5|0x0000000080500000, 0x0000000080600000, 0x0000000080600000|100%| O|  |TAMS 0x0000000080600000, 0x0000000080500000| Untracked 
|   6|0x0000000080600000, 0x0000000080700000, 0x0000000080700000|100%| O|  |TAMS 0x0000000080700000, 0x0000000080600000| Untracked 
|   7|0x0000000080700000, 0x0000000080800000, 0x0000000080800000|100%| O|  |TAMS 0x0000000080800000, 0x0000000080700000| Untracked 
|   8|0x0000000080800000, 0x0000000080900000, 0x0000000080900000|100%| O|  |TAMS 0x0000000080900000, 0x0000000080800000| Untracked 
|   9|0x0000000080900000, 0x0000000080a00000, 0x0000000080a00000|100%| O|  |TAMS 0x0000000080a00000, 0x0000000080900000| Untracked 
|  10|0x0000000080a00000, 0x0000000080b00000, 0x0000000080b00000|100%| O|  |TAMS 0x0000000080a00000, 0x0000000080a00000| Untracked 
|  11|0x0000000080b00000, 0x0000000080c00000, 0x0000000080c00000|100%| O|  |TAMS 0x0000000080c00000, 0x0000000080b00000| Untracked 
|  12|0x0000000080c00000, 0x0000000080d00000, 0x0000000080d00000|100%| O|  |TAMS 0x0000000080d00000, 0x0000000080c00000| Untracked 
|  13|0x0000000080d00000, 0x0000000080e00000, 0x0000000080e00000|100%| O|  |TAMS 0x0000000080e00000, 0x0000000080d00000| Untracked 
|  14|0x0000000080e00000, 0x0000000080f00000, 0x0000000080f00000|100%| O|  |TAMS 0x0000000080f00000, 0x0000000080e00000| Untracked 
|  15|0x0000000080f00000, 0x0000000081000000, 0x0000000081000000|100%| O|  |TAMS 0x0000000081000000, 0x0000000080f00000| Untracked 
|  16|0x0000000081000000, 0x0000000081100000, 0x0000000081100000|100%| O|  |TAMS 0x0000000081100000, 0x0000000081000000| Untracked 
|  17|0x0000000081100000, 0x0000000081200000, 0x0000000081200000|100%| O|  |TAMS 0x0000000081200000, 0x0000000081100000| Untracked 
|  18|0x0000000081200000, 0x0000000081300000, 0x0000000081300000|100%| O|  |TAMS 0x0000000081300000, 0x0000000081200000| Untracked 
|  19|0x0000000081300000, 0x0000000081400000, 0x0000000081400000|100%| O|  |TAMS 0x0000000081400000, 0x0000000081300000| Untracked 
|  20|0x0000000081400000, 0x0000000081500000, 0x0000000081500000|100%|HS|  |TAMS 0x0000000081400000, 0x0000000081400000| Complete 
|  21|0x0000000081500000, 0x0000000081600000, 0x0000000081600000|100%| O|  |TAMS 0x0000000081500000, 0x0000000081500000| Untracked 
|  22|0x0000000081600000, 0x0000000081700000, 0x0000000081700000|100%| O|  |TAMS 0x0000000081600000, 0x0000000081600000| Untracked 
|  23|0x0000000081700000, 0x0000000081800000, 0x0000000081800000|100%| O|  |TAMS 0x0000000081700000, 0x0000000081700000| Untracked 
|  24|0x0000000081800000, 0x0000000081900000, 0x0000000081900000|100%| O|  |TAMS 0x0000000081800000, 0x0000000081800000| Untracked 
|  25|0x0000000081900000, 0x0000000081a00000, 0x0000000081a00000|100%| O|  |TAMS 0x0000000081900000, 0x0000000081900000| Untracked 
|  26|0x0000000081a00000, 0x0000000081b00000, 0x0000000081b00000|100%| O|  |TAMS 0x0000000081a00000, 0x0000000081a00000| Untracked 
|  27|0x0000000081b00000, 0x0000000081c00000, 0x0000000081c00000|100%| O|  |TAMS 0x0000000081b00000, 0x0000000081b00000| Untracked 
|  28|0x0000000081c00000, 0x0000000081c36a00, 0x0000000081d00000| 21%| O|  |TAMS 0x0000000081c00000, 0x0000000081c00000| Untracked 
|  29|0x0000000081d00000, 0x0000000081e00000, 0x0000000081e00000|100%|HS|  |TAMS 0x0000000081d00000, 0x0000000081d00000| Complete 
|  30|0x0000000081e00000, 0x0000000081e00000, 0x0000000081f00000|  0%| F|  |TAMS 0x0000000081e00000, 0x0000000081e00000| Untracked 
|  31|0x0000000081f00000, 0x0000000081f00000, 0x0000000082000000|  0%| F|  |TAMS 0x0000000081f00000, 0x0000000081f00000| Untracked 
|  32|0x0000000082000000, 0x0000000082000000, 0x0000000082100000|  0%| F|  |TAMS 0x0000000082000000, 0x0000000082000000| Untracked 
|  33|0x0000000082100000, 0x0000000082100000, 0x0000000082200000|  0%| F|  |TAMS 0x0000000082100000, 0x0000000082100000| Untracked 
|  34|0x0000000082200000, 0x0000000082200000, 0x0000000082300000|  0%| F|  |TAMS 0x0000000082200000, 0x0000000082200000| Untracked 
|  35|0x0000000082300000, 0x0000000082300000, 0x0000000082400000|  0%| F|  |TAMS 0x0000000082300000, 0x0000000082300000| Untracked 
|  36|0x0000000082400000, 0x0000000082400000, 0x0000000082500000|  0%| F|  |TAMS 0x0000000082400000, 0x0000000082400000| Untracked 
|  37|0x0000000082500000, 0x0000000082500000, 0x0000000082600000|  0%| F|  |TAMS 0x0000000082500000, 0x0000000082500000| Untracked 
|  38|0x0000000082600000, 0x0000000082600000, 0x0000000082700000|  0%| F|  |TAMS 0x0000000082600000, 0x0000000082600000| Untracked 
|  39|0x0000000082700000, 0x0000000082700000, 0x0000000082800000|  0%| F|  |TAMS 0x0000000082700000, 0x0000000082700000| Untracked 
|  40|0x0000000082800000, 0x0000000082800000, 0x0000000082900000|  0%| F|  |TAMS 0x0000000082800000, 0x0000000082800000| Untracked 
|  41|0x0000000082900000, 0x00000000829726e8, 0x0000000082a00000| 44%| S|CS|TAMS 0x0000000082900000, 0x0000000082900000| Complete 
|  42|0x0000000082a00000, 0x0000000082b00000, 0x0000000082b00000|100%| S|CS|TAMS 0x0000000082a00000, 0x0000000082a00000| Complete 
|  43|0x0000000082b00000, 0x0000000082b00000, 0x0000000082c00000|  0%| F|  |TAMS 0x0000000082b00000, 0x0000000082b00000| Untracked 
|  44|0x0000000082c00000, 0x0000000082c00000, 0x0000000082d00000|  0%| F|  |TAMS 0x0000000082c00000, 0x0000000082c00000| Untracked 
|  45|0x0000000082d00000, 0x0000000082d00000, 0x0000000082e00000|  0%| F|  |TAMS 0x0000000082d00000, 0x0000000082d00000| Untracked 
|  46|0x0000000082e00000, 0x0000000082e00000, 0x0000000082f00000|  0%| F|  |TAMS 0x0000000082e00000, 0x0000000082e00000| Untracked 
|  47|0x0000000082f00000, 0x0000000082f00000, 0x0000000083000000|  0%| F|  |TAMS 0x0000000082f00000, 0x0000000082f00000| Untracked 
|  48|0x0000000083000000, 0x0000000083000000, 0x0000000083100000|  0%| F|  |TAMS 0x0000000083000000, 0x0000000083000000| Untracked 
|  49|0x0000000083100000, 0x0000000083100000, 0x0000000083200000|  0%| F|  |TAMS 0x0000000083100000, 0x0000000083100000| Untracked 
|  50|0x0000000083200000, 0x0000000083200000, 0x0000000083300000|  0%| F|  |TAMS 0x0000000083200000, 0x0000000083200000| Untracked 
|  51|0x0000000083300000, 0x0000000083300000, 0x0000000083400000|  0%| F|  |TAMS 0x0000000083300000, 0x0000000083300000| Untracked 
|  52|0x0000000083400000, 0x0000000083400000, 0x0000000083500000|  0%| F|  |TAMS 0x0000000083400000, 0x0000000083400000| Untracked 
|  53|0x0000000083500000, 0x0000000083500000, 0x0000000083600000|  0%| F|  |TAMS 0x0000000083500000, 0x0000000083500000| Untracked 
|  54|0x0000000083600000, 0x0000000083600000, 0x0000000083700000|  0%| F|  |TAMS 0x0000000083600000, 0x0000000083600000| Untracked 
|  55|0x0000000083700000, 0x0000000083700000, 0x0000000083800000|  0%| F|  |TAMS 0x0000000083700000, 0x0000000083700000| Untracked 
|  56|0x0000000083800000, 0x0000000083800000, 0x0000000083900000|  0%| F|  |TAMS 0x0000000083800000, 0x0000000083800000| Untracked 
|  57|0x0000000083900000, 0x0000000083900000, 0x0000000083a00000|  0%| F|  |TAMS 0x0000000083900000, 0x0000000083900000| Untracked 
|  58|0x0000000083a00000, 0x0000000083a00000, 0x0000000083b00000|  0%| F|  |TAMS 0x0000000083a00000, 0x0000000083a00000| Untracked 
|  59|0x0000000083b00000, 0x0000000083b00000, 0x0000000083c00000|  0%| F|  |TAMS 0x0000000083b00000, 0x0000000083b00000| Untracked 
|  60|0x0000000083c00000, 0x0000000083c00000, 0x0000000083d00000|  0%| F|  |TAMS 0x0000000083c00000, 0x0000000083c00000| Untracked 
|  61|0x0000000083d00000, 0x0000000083d00000, 0x0000000083e00000|  0%| F|  |TAMS 0x0000000083d00000, 0x0000000083d00000| Untracked 
|  62|0x0000000083e00000, 0x0000000083e00000, 0x0000000083f00000|  0%| F|  |TAMS 0x0000000083e00000, 0x0000000083e00000| Untracked 
|  63|0x0000000083f00000, 0x0000000083f00000, 0x0000000084000000|  0%| F|  |TAMS 0x0000000083f00000, 0x0000000083f00000| Untracked 
|  64|0x0000000084000000, 0x0000000084000000, 0x0000000084100000|  0%| F|  |TAMS 0x0000000084000000, 0x0000000084000000| Untracked 
|  65|0x0000000084100000, 0x0000000084100000, 0x0000000084200000|  0%| F|  |TAMS 0x0000000084100000, 0x0000000084100000| Untracked 
|  66|0x0000000084200000, 0x0000000084200000, 0x0000000084300000|  0%| F|  |TAMS 0x0000000084200000, 0x0000000084200000| Untracked 
|  67|0x0000000084300000, 0x0000000084300000, 0x0000000084400000|  0%| F|  |TAMS 0x0000000084300000, 0x0000000084300000| Untracked 
|  68|0x0000000084400000, 0x0000000084400000, 0x0000000084500000|  0%| F|  |TAMS 0x0000000084400000, 0x0000000084400000| Untracked 
|  69|0x0000000084500000, 0x0000000084500000, 0x0000000084600000|  0%| F|  |TAMS 0x0000000084500000, 0x0000000084500000| Untracked 
|  70|0x0000000084600000, 0x0000000084600000, 0x0000000084700000|  0%| F|  |TAMS 0x0000000084600000, 0x0000000084600000| Untracked 
|  71|0x0000000084700000, 0x0000000084700000, 0x0000000084800000|  0%| F|  |TAMS 0x0000000084700000, 0x0000000084700000| Untracked 
|  72|0x0000000084800000, 0x0000000084800000, 0x0000000084900000|  0%| F|  |TAMS 0x0000000084800000, 0x0000000084800000| Untracked 
|  73|0x0000000084900000, 0x0000000084900000, 0x0000000084a00000|  0%| F|  |TAMS 0x0000000084900000, 0x0000000084900000| Untracked 
|  74|0x0000000084a00000, 0x0000000084a00000, 0x0000000084b00000|  0%| F|  |TAMS 0x0000000084a00000, 0x0000000084a00000| Untracked 
|  75|0x0000000084b00000, 0x0000000084b00000, 0x0000000084c00000|  0%| F|  |TAMS 0x0000000084b00000, 0x0000000084b00000| Untracked 
|  76|0x0000000084c00000, 0x0000000084c00000, 0x0000000084d00000|  0%| F|  |TAMS 0x0000000084c00000, 0x0000000084c00000| Untracked 
|  77|0x0000000084d00000, 0x0000000084d00000, 0x0000000084e00000|  0%| F|  |TAMS 0x0000000084d00000, 0x0000000084d00000| Untracked 
|  78|0x0000000084e00000, 0x0000000084e00000, 0x0000000084f00000|  0%| F|  |TAMS 0x0000000084e00000, 0x0000000084e00000| Untracked 
|  79|0x0000000084f00000, 0x0000000084f00000, 0x0000000085000000|  0%| F|  |TAMS 0x0000000084f00000, 0x0000000084f00000| Untracked 
|  80|0x0000000085000000, 0x0000000085000000, 0x0000000085100000|  0%| F|  |TAMS 0x0000000085000000, 0x0000000085000000| Untracked 
|  81|0x0000000085100000, 0x0000000085100000, 0x0000000085200000|  0%| F|  |TAMS 0x0000000085100000, 0x0000000085100000| Untracked 
|  82|0x0000000085200000, 0x0000000085200000, 0x0000000085300000|  0%| F|  |TAMS 0x0000000085200000, 0x0000000085200000| Untracked 
|  83|0x0000000085300000, 0x0000000085300000, 0x0000000085400000|  0%| F|  |TAMS 0x0000000085300000, 0x0000000085300000| Untracked 
|  84|0x0000000085400000, 0x0000000085400000, 0x0000000085500000|  0%| F|  |TAMS 0x0000000085400000, 0x0000000085400000| Untracked 
|  85|0x0000000085500000, 0x0000000085500000, 0x0000000085600000|  0%| F|  |TAMS 0x0000000085500000, 0x0000000085500000| Untracked 
|  86|0x0000000085600000, 0x0000000085600000, 0x0000000085700000|  0%| F|  |TAMS 0x0000000085600000, 0x0000000085600000| Untracked 
|  87|0x0000000085700000, 0x0000000085700000, 0x0000000085800000|  0%| F|  |TAMS 0x0000000085700000, 0x0000000085700000| Untracked 
|  88|0x0000000085800000, 0x0000000085800000, 0x0000000085900000|  0%| F|  |TAMS 0x0000000085800000, 0x0000000085800000| Untracked 
|  89|0x0000000085900000, 0x0000000085900000, 0x0000000085a00000|  0%| F|  |TAMS 0x0000000085900000, 0x0000000085900000| Untracked 
|  90|0x0000000085a00000, 0x0000000085a00000, 0x0000000085b00000|  0%| F|  |TAMS 0x0000000085a00000, 0x0000000085a00000| Untracked 
|  91|0x0000000085b00000, 0x0000000085b00000, 0x0000000085c00000|  0%| F|  |TAMS 0x0000000085b00000, 0x0000000085b00000| Untracked 
|  92|0x0000000085c00000, 0x0000000085c00000, 0x0000000085d00000|  0%| F|  |TAMS 0x0000000085c00000, 0x0000000085c00000| Untracked 
|  93|0x0000000085d00000, 0x0000000085d00000, 0x0000000085e00000|  0%| F|  |TAMS 0x0000000085d00000, 0x0000000085d00000| Untracked 
|  94|0x0000000085e00000, 0x0000000085e00000, 0x0000000085f00000|  0%| F|  |TAMS 0x0000000085e00000, 0x0000000085e00000| Untracked 
|  95|0x0000000085f00000, 0x0000000085f00000, 0x0000000086000000|  0%| F|  |TAMS 0x0000000085f00000, 0x0000000085f00000| Untracked 
|  96|0x0000000086000000, 0x0000000086000000, 0x0000000086100000|  0%| F|  |TAMS 0x0000000086000000, 0x0000000086000000| Untracked 
|  97|0x0000000086100000, 0x0000000086100000, 0x0000000086200000|  0%| F|  |TAMS 0x0000000086100000, 0x0000000086100000| Untracked 
|  98|0x0000000086200000, 0x0000000086200000, 0x0000000086300000|  0%| F|  |TAMS 0x0000000086200000, 0x0000000086200000| Untracked 
|  99|0x0000000086300000, 0x0000000086300000, 0x0000000086400000|  0%| F|  |TAMS 0x0000000086300000, 0x0000000086300000| Untracked 
| 100|0x0000000086400000, 0x0000000086400000, 0x0000000086500000|  0%| F|  |TAMS 0x0000000086400000, 0x0000000086400000| Untracked 
| 101|0x0000000086500000, 0x0000000086500000, 0x0000000086600000|  0%| F|  |TAMS 0x0000000086500000, 0x0000000086500000| Untracked 
| 102|0x0000000086600000, 0x0000000086600000, 0x0000000086700000|  0%| F|  |TAMS 0x0000000086600000, 0x0000000086600000| Untracked 
| 103|0x0000000086700000, 0x0000000086700000, 0x0000000086800000|  0%| F|  |TAMS 0x0000000086700000, 0x0000000086700000| Untracked 
| 104|0x0000000086800000, 0x0000000086800000, 0x0000000086900000|  0%| F|  |TAMS 0x0000000086800000, 0x0000000086800000| Untracked 
| 105|0x0000000086900000, 0x0000000086900000, 0x0000000086a00000|  0%| F|  |TAMS 0x0000000086900000, 0x0000000086900000| Untracked 
| 106|0x0000000086a00000, 0x0000000086a00000, 0x0000000086b00000|  0%| F|  |TAMS 0x0000000086a00000, 0x0000000086a00000| Untracked 
| 107|0x0000000086b00000, 0x0000000086b00000, 0x0000000086c00000|  0%| F|  |TAMS 0x0000000086b00000, 0x0000000086b00000| Untracked 
| 108|0x0000000086c00000, 0x0000000086c00000, 0x0000000086d00000|  0%| F|  |TAMS 0x0000000086c00000, 0x0000000086c00000| Untracked 
| 109|0x0000000086d00000, 0x0000000086d00000, 0x0000000086e00000|  0%| F|  |TAMS 0x0000000086d00000, 0x0000000086d00000| Untracked 
| 110|0x0000000086e00000, 0x0000000086e00000, 0x0000000086f00000|  0%| F|  |TAMS 0x0000000086e00000, 0x0000000086e00000| Untracked 
| 111|0x0000000086f00000, 0x0000000086f00000, 0x0000000087000000|  0%| F|  |TAMS 0x0000000086f00000, 0x0000000086f00000| Untracked 
| 112|0x0000000087000000, 0x0000000087000000, 0x0000000087100000|  0%| F|  |TAMS 0x0000000087000000, 0x0000000087000000| Untracked 
| 113|0x0000000087100000, 0x0000000087100000, 0x0000000087200000|  0%| F|  |TAMS 0x0000000087100000, 0x0000000087100000| Untracked 
| 114|0x0000000087200000, 0x0000000087200000, 0x0000000087300000|  0%| F|  |TAMS 0x0000000087200000, 0x0000000087200000| Untracked 
| 115|0x0000000087300000, 0x0000000087300000, 0x0000000087400000|  0%| F|  |TAMS 0x0000000087300000, 0x0000000087300000| Untracked 
| 116|0x0000000087400000, 0x0000000087400000, 0x0000000087500000|  0%| F|  |TAMS 0x0000000087400000, 0x0000000087400000| Untracked 
| 117|0x0000000087500000, 0x0000000087500000, 0x0000000087600000|  0%| F|  |TAMS 0x0000000087500000, 0x0000000087500000| Untracked 
| 118|0x0000000087600000, 0x0000000087600000, 0x0000000087700000|  0%| F|  |TAMS 0x0000000087600000, 0x0000000087600000| Untracked 
| 119|0x0000000087700000, 0x0000000087700000, 0x0000000087800000|  0%| F|  |TAMS 0x0000000087700000, 0x0000000087700000| Untracked 
| 120|0x0000000087800000, 0x0000000087800000, 0x0000000087900000|  0%| F|  |TAMS 0x0000000087800000, 0x0000000087800000| Untracked 
| 121|0x0000000087900000, 0x0000000087900000, 0x0000000087a00000|  0%| F|  |TAMS 0x0000000087900000, 0x0000000087900000| Untracked 
| 122|0x0000000087a00000, 0x0000000087a00000, 0x0000000087b00000|  0%| F|  |TAMS 0x0000000087a00000, 0x0000000087a00000| Untracked 
| 123|0x0000000087b00000, 0x0000000087b00000, 0x0000000087c00000|  0%| F|  |TAMS 0x0000000087b00000, 0x0000000087b00000| Untracked 
| 124|0x0000000087c00000, 0x0000000087c00000, 0x0000000087d00000|  0%| F|  |TAMS 0x0000000087c00000, 0x0000000087c00000| Untracked 
| 125|0x0000000087d00000, 0x0000000087d00000, 0x0000000087e00000|  0%| F|  |TAMS 0x0000000087d00000, 0x0000000087d00000| Untracked 
| 126|0x0000000087e00000, 0x0000000087e00000, 0x0000000087f00000|  0%| F|  |TAMS 0x0000000087e00000, 0x0000000087e00000| Untracked 
| 127|0x0000000087f00000, 0x0000000087f00000, 0x0000000088000000|  0%| F|  |TAMS 0x0000000087f00000, 0x0000000087f00000| Untracked 
| 128|0x0000000088000000, 0x0000000088000000, 0x0000000088100000|  0%| F|  |TAMS 0x0000000088000000, 0x0000000088000000| Untracked 
| 129|0x0000000088100000, 0x0000000088100000, 0x0000000088200000|  0%| F|  |TAMS 0x0000000088100000, 0x0000000088100000| Untracked 
| 130|0x0000000088200000, 0x0000000088200000, 0x0000000088300000|  0%| F|  |TAMS 0x0000000088200000, 0x0000000088200000| Untracked 
| 131|0x0000000088300000, 0x0000000088300000, 0x0000000088400000|  0%| F|  |TAMS 0x0000000088300000, 0x0000000088300000| Untracked 
| 132|0x0000000088400000, 0x0000000088400000, 0x0000000088500000|  0%| F|  |TAMS 0x0000000088400000, 0x0000000088400000| Untracked 
| 133|0x0000000088500000, 0x0000000088500000, 0x0000000088600000|  0%| F|  |TAMS 0x0000000088500000, 0x0000000088500000| Untracked 
| 134|0x0000000088600000, 0x0000000088600000, 0x0000000088700000|  0%| F|  |TAMS 0x0000000088600000, 0x0000000088600000| Untracked 
| 135|0x0000000088700000, 0x0000000088700000, 0x0000000088800000|  0%| F|  |TAMS 0x0000000088700000, 0x0000000088700000| Untracked 
| 136|0x0000000088800000, 0x0000000088800000, 0x0000000088900000|  0%| F|  |TAMS 0x0000000088800000, 0x0000000088800000| Untracked 
| 137|0x0000000088900000, 0x0000000088900000, 0x0000000088a00000|  0%| F|  |TAMS 0x0000000088900000, 0x0000000088900000| Untracked 
| 138|0x0000000088a00000, 0x0000000088a00000, 0x0000000088b00000|  0%| F|  |TAMS 0x0000000088a00000, 0x0000000088a00000| Untracked 
| 139|0x0000000088b00000, 0x0000000088b00000, 0x0000000088c00000|  0%| F|  |TAMS 0x0000000088b00000, 0x0000000088b00000| Untracked 
| 140|0x0000000088c00000, 0x0000000088c00000, 0x0000000088d00000|  0%| F|  |TAMS 0x0000000088c00000, 0x0000000088c00000| Untracked 
| 141|0x0000000088d00000, 0x0000000088d00000, 0x0000000088e00000|  0%| F|  |TAMS 0x0000000088d00000, 0x0000000088d00000| Untracked 
| 142|0x0000000088e00000, 0x0000000088e00000, 0x0000000088f00000|  0%| F|  |TAMS 0x0000000088e00000, 0x0000000088e00000| Untracked 
| 143|0x0000000088f00000, 0x0000000088f00000, 0x0000000089000000|  0%| F|  |TAMS 0x0000000088f00000, 0x0000000088f00000| Untracked 
| 144|0x0000000089000000, 0x0000000089000000, 0x0000000089100000|  0%| F|  |TAMS 0x0000000089000000, 0x0000000089000000| Untracked 
| 145|0x0000000089100000, 0x0000000089100000, 0x0000000089200000|  0%| F|  |TAMS 0x0000000089100000, 0x0000000089100000| Untracked 
| 146|0x0000000089200000, 0x0000000089200000, 0x0000000089300000|  0%| F|  |TAMS 0x0000000089200000, 0x0000000089200000| Untracked 
| 147|0x0000000089300000, 0x0000000089300000, 0x0000000089400000|  0%| F|  |TAMS 0x0000000089300000, 0x0000000089300000| Untracked 
| 148|0x0000000089400000, 0x0000000089400000, 0x0000000089500000|  0%| F|  |TAMS 0x0000000089400000, 0x0000000089400000| Untracked 
| 149|0x0000000089500000, 0x0000000089500000, 0x0000000089600000|  0%| F|  |TAMS 0x0000000089500000, 0x0000000089500000| Untracked 
| 150|0x0000000089600000, 0x0000000089600000, 0x0000000089700000|  0%| F|  |TAMS 0x0000000089600000, 0x0000000089600000| Untracked 
| 151|0x0000000089700000, 0x0000000089700000, 0x0000000089800000|  0%| F|  |TAMS 0x0000000089700000, 0x0000000089700000| Untracked 
| 152|0x0000000089800000, 0x0000000089800000, 0x0000000089900000|  0%| F|  |TAMS 0x0000000089800000, 0x0000000089800000| Untracked 
| 153|0x0000000089900000, 0x0000000089900000, 0x0000000089a00000|  0%| F|  |TAMS 0x0000000089900000, 0x0000000089900000| Untracked 
| 154|0x0000000089a00000, 0x0000000089a00000, 0x0000000089b00000|  0%| F|  |TAMS 0x0000000089a00000, 0x0000000089a00000| Untracked 
| 155|0x0000000089b00000, 0x0000000089b00000, 0x0000000089c00000|  0%| F|  |TAMS 0x0000000089b00000, 0x0000000089b00000| Untracked 
| 156|0x0000000089c00000, 0x0000000089c00000, 0x0000000089d00000|  0%| F|  |TAMS 0x0000000089c00000, 0x0000000089c00000| Untracked 
| 157|0x0000000089d00000, 0x0000000089d00000, 0x0000000089e00000|  0%| F|  |TAMS 0x0000000089d00000, 0x0000000089d00000| Untracked 
| 158|0x0000000089e00000, 0x0000000089e00000, 0x0000000089f00000|  0%| F|  |TAMS 0x0000000089e00000, 0x0000000089e00000| Untracked 
| 159|0x0000000089f00000, 0x0000000089f00000, 0x000000008a000000|  0%| F|  |TAMS 0x0000000089f00000, 0x0000000089f00000| Untracked 
| 160|0x000000008a000000, 0x000000008a000000, 0x000000008a100000|  0%| F|  |TAMS 0x000000008a000000, 0x000000008a000000| Untracked 
| 161|0x000000008a100000, 0x000000008a100000, 0x000000008a200000|  0%| F|  |TAMS 0x000000008a100000, 0x000000008a100000| Untracked 
| 162|0x000000008a200000, 0x000000008a200000, 0x000000008a300000|  0%| F|  |TAMS 0x000000008a200000, 0x000000008a200000| Untracked 
| 163|0x000000008a300000, 0x000000008a300000, 0x000000008a400000|  0%| F|  |TAMS 0x000000008a300000, 0x000000008a300000| Untracked 
| 164|0x000000008a400000, 0x000000008a500000, 0x000000008a500000|100%| E|  |TAMS 0x000000008a400000, 0x000000008a400000| Complete 
| 165|0x000000008a500000, 0x000000008a600000, 0x000000008a600000|100%| E|CS|TAMS 0x000000008a500000, 0x000000008a500000| Complete 
| 166|0x000000008a600000, 0x000000008a700000, 0x000000008a700000|100%| E|CS|TAMS 0x000000008a600000, 0x000000008a600000| Complete 
| 167|0x000000008a700000, 0x000000008a800000, 0x000000008a800000|100%| E|CS|TAMS 0x000000008a700000, 0x000000008a700000| Complete 
| 168|0x000000008a800000, 0x000000008a900000, 0x000000008a900000|100%| E|CS|TAMS 0x000000008a800000, 0x000000008a800000| Complete 
| 169|0x000000008a900000, 0x000000008aa00000, 0x000000008aa00000|100%| E|CS|TAMS 0x000000008a900000, 0x000000008a900000| Complete 
| 170|0x000000008aa00000, 0x000000008ab00000, 0x000000008ab00000|100%| E|  |TAMS 0x000000008aa00000, 0x000000008aa00000| Complete 
| 171|0x000000008ab00000, 0x000000008ac00000, 0x000000008ac00000|100%| E|CS|TAMS 0x000000008ab00000, 0x000000008ab00000| Complete 
| 172|0x000000008ac00000, 0x000000008ad00000, 0x000000008ad00000|100%| E|CS|TAMS 0x000000008ac00000, 0x000000008ac00000| Complete 
| 173|0x000000008ad00000, 0x000000008ae00000, 0x000000008ae00000|100%| E|CS|TAMS 0x000000008ad00000, 0x000000008ad00000| Complete 
| 174|0x000000008ae00000, 0x000000008af00000, 0x000000008af00000|100%| E|CS|TAMS 0x000000008ae00000, 0x000000008ae00000| Complete 
| 175|0x000000008af00000, 0x000000008b000000, 0x000000008b000000|100%| E|CS|TAMS 0x000000008af00000, 0x000000008af00000| Complete 
| 176|0x000000008b000000, 0x000000008b100000, 0x000000008b100000|100%| E|CS|TAMS 0x000000008b000000, 0x000000008b000000| Complete 
| 177|0x000000008b100000, 0x000000008b200000, 0x000000008b200000|100%| E|CS|TAMS 0x000000008b100000, 0x000000008b100000| Complete 
| 178|0x000000008b200000, 0x000000008b300000, 0x000000008b300000|100%| E|CS|TAMS 0x000000008b200000, 0x000000008b200000| Complete 
| 179|0x000000008b300000, 0x000000008b400000, 0x000000008b400000|100%| E|CS|TAMS 0x000000008b300000, 0x000000008b300000| Complete 
| 180|0x000000008b400000, 0x000000008b500000, 0x000000008b500000|100%| E|CS|TAMS 0x000000008b400000, 0x000000008b400000| Complete 
| 181|0x000000008b500000, 0x000000008b600000, 0x000000008b600000|100%| E|CS|TAMS 0x000000008b500000, 0x000000008b500000| Complete 
| 182|0x000000008b600000, 0x000000008b700000, 0x000000008b700000|100%| E|CS|TAMS 0x000000008b600000, 0x000000008b600000| Complete 
| 183|0x000000008b700000, 0x000000008b800000, 0x000000008b800000|100%| E|CS|TAMS 0x000000008b700000, 0x000000008b700000| Complete 
| 184|0x000000008b800000, 0x000000008b900000, 0x000000008b900000|100%| E|CS|TAMS 0x000000008b800000, 0x000000008b800000| Complete 
| 185|0x000000008b900000, 0x000000008ba00000, 0x000000008ba00000|100%| E|CS|TAMS 0x000000008b900000, 0x000000008b900000| Complete 
| 186|0x000000008ba00000, 0x000000008bb00000, 0x000000008bb00000|100%| E|CS|TAMS 0x000000008ba00000, 0x000000008ba00000| Complete 
| 187|0x000000008bb00000, 0x000000008bc00000, 0x000000008bc00000|100%| E|CS|TAMS 0x000000008bb00000, 0x000000008bb00000| Complete 
| 188|0x000000008bc00000, 0x000000008bd00000, 0x000000008bd00000|100%| E|CS|TAMS 0x000000008bc00000, 0x000000008bc00000| Complete 
| 189|0x000000008bd00000, 0x000000008be00000, 0x000000008be00000|100%| E|CS|TAMS 0x000000008bd00000, 0x000000008bd00000| Complete 
| 190|0x000000008be00000, 0x000000008bf00000, 0x000000008bf00000|100%| E|CS|TAMS 0x000000008be00000, 0x000000008be00000| Complete 
| 191|0x000000008bf00000, 0x000000008c000000, 0x000000008c000000|100%| E|CS|TAMS 0x000000008bf00000, 0x000000008bf00000| Complete 
| 192|0x000000008c000000, 0x000000008c100000, 0x000000008c100000|100%| E|CS|TAMS 0x000000008c000000, 0x000000008c000000| Complete 
| 193|0x000000008c100000, 0x000000008c200000, 0x000000008c200000|100%| E|CS|TAMS 0x000000008c100000, 0x000000008c100000| Complete 
| 194|0x000000008c200000, 0x000000008c300000, 0x000000008c300000|100%| E|CS|TAMS 0x000000008c200000, 0x000000008c200000| Complete 
| 195|0x000000008c300000, 0x000000008c400000, 0x000000008c400000|100%| E|CS|TAMS 0x000000008c300000, 0x000000008c300000| Complete 
| 196|0x000000008c400000, 0x000000008c500000, 0x000000008c500000|100%| E|CS|TAMS 0x000000008c400000, 0x000000008c400000| Complete 
| 197|0x000000008c500000, 0x000000008c600000, 0x000000008c600000|100%| E|CS|TAMS 0x000000008c500000, 0x000000008c500000| Complete 
| 198|0x000000008c600000, 0x000000008c700000, 0x000000008c700000|100%| E|CS|TAMS 0x000000008c600000, 0x000000008c600000| Complete 
| 199|0x000000008c700000, 0x000000008c800000, 0x000000008c800000|100%| E|CS|TAMS 0x000000008c700000, 0x000000008c700000| Complete 
| 200|0x000000008c800000, 0x000000008c900000, 0x000000008c900000|100%| E|CS|TAMS 0x000000008c800000, 0x000000008c800000| Complete 
| 201|0x000000008c900000, 0x000000008ca00000, 0x000000008ca00000|100%| E|CS|TAMS 0x000000008c900000, 0x000000008c900000| Complete 
| 202|0x000000008ca00000, 0x000000008cb00000, 0x000000008cb00000|100%| E|CS|TAMS 0x000000008ca00000, 0x000000008ca00000| Complete 
| 203|0x000000008cb00000, 0x000000008cc00000, 0x000000008cc00000|100%| E|CS|TAMS 0x000000008cb00000, 0x000000008cb00000| Complete 
| 204|0x000000008cc00000, 0x000000008cd00000, 0x000000008cd00000|100%| E|CS|TAMS 0x000000008cc00000, 0x000000008cc00000| Complete 
| 205|0x000000008cd00000, 0x000000008ce00000, 0x000000008ce00000|100%| E|CS|TAMS 0x000000008cd00000, 0x000000008cd00000| Complete 
| 206|0x000000008ce00000, 0x000000008cf00000, 0x000000008cf00000|100%| E|CS|TAMS 0x000000008ce00000, 0x000000008ce00000| Complete 
| 207|0x000000008cf00000, 0x000000008d000000, 0x000000008d000000|100%| E|CS|TAMS 0x000000008cf00000, 0x000000008cf00000| Complete 
| 208|0x000000008d000000, 0x000000008d100000, 0x000000008d100000|100%| E|CS|TAMS 0x000000008d000000, 0x000000008d000000| Complete 
| 209|0x000000008d100000, 0x000000008d200000, 0x000000008d200000|100%| E|CS|TAMS 0x000000008d100000, 0x000000008d100000| Complete 
| 210|0x000000008d200000, 0x000000008d300000, 0x000000008d300000|100%| E|CS|TAMS 0x000000008d200000, 0x000000008d200000| Complete 
| 211|0x000000008d300000, 0x000000008d400000, 0x000000008d400000|100%| E|CS|TAMS 0x000000008d300000, 0x000000008d300000| Complete 
| 212|0x000000008d400000, 0x000000008d500000, 0x000000008d500000|100%| E|CS|TAMS 0x000000008d400000, 0x000000008d400000| Complete 
| 213|0x000000008d500000, 0x000000008d600000, 0x000000008d600000|100%| E|CS|TAMS 0x000000008d500000, 0x000000008d500000| Complete 
| 214|0x000000008d600000, 0x000000008d700000, 0x000000008d700000|100%| E|CS|TAMS 0x000000008d600000, 0x000000008d600000| Complete 
| 215|0x000000008d700000, 0x000000008d800000, 0x000000008d800000|100%| E|CS|TAMS 0x000000008d700000, 0x000000008d700000| Complete 
| 322|0x0000000094200000, 0x0000000094300000, 0x0000000094300000|100%| E|CS|TAMS 0x0000000094200000, 0x0000000094200000| Complete 
| 323|0x0000000094300000, 0x0000000094400000, 0x0000000094400000|100%| E|CS|TAMS 0x0000000094300000, 0x0000000094300000| Complete 
| 324|0x0000000094400000, 0x0000000094500000, 0x0000000094500000|100%| E|CS|TAMS 0x0000000094400000, 0x0000000094400000| Complete 
| 325|0x0000000094500000, 0x0000000094600000, 0x0000000094600000|100%| E|CS|TAMS 0x0000000094500000, 0x0000000094500000| Complete 
| 326|0x0000000094600000, 0x0000000094700000, 0x0000000094700000|100%| E|CS|TAMS 0x0000000094600000, 0x0000000094600000| Complete 
| 327|0x0000000094700000, 0x0000000094800000, 0x0000000094800000|100%| E|CS|TAMS 0x0000000094700000, 0x0000000094700000| Complete 
| 328|0x0000000094800000, 0x0000000094900000, 0x0000000094900000|100%| E|CS|TAMS 0x0000000094800000, 0x0000000094800000| Complete 
| 329|0x0000000094900000, 0x0000000094a00000, 0x0000000094a00000|100%| E|CS|TAMS 0x0000000094900000, 0x0000000094900000| Complete 
| 330|0x0000000094a00000, 0x0000000094b00000, 0x0000000094b00000|100%| E|CS|TAMS 0x0000000094a00000, 0x0000000094a00000| Complete 
| 381|0x0000000097d00000, 0x0000000097e00000, 0x0000000097e00000|100%| E|CS|TAMS 0x0000000097d00000, 0x0000000097d00000| Complete 

Card table byte_map: [0x000001fc950e0000,0x000001fc954e0000] _byte_map_base: 0x000001fc94ce0000

Marking Bits (Prev, Next): (CMBitMap*) 0x000001fc8061ce90, (CMBitMap*) 0x000001fc8061ced0
 Prev Bits: [0x000001fc958e0000, 0x000001fc978e0000)
 Next Bits: [0x000001fc978e0000, 0x000001fc998e0000)

Polling page: 0x000001fc80390000

Metaspace:

Usage:
  Non-class:     42.42 MB used.
      Class:      6.71 MB used.
       Both:     49.13 MB used.

Virtual space:
  Non-class space:       64.00 MB reserved,      42.62 MB ( 67%) committed,  1 nodes.
      Class space:        1.00 GB reserved,       6.94 MB ( <1%) committed,  1 nodes.
             Both:        1.06 GB reserved,      49.56 MB (  5%) committed. 

Chunk freelists:
   Non-Class:  5.38 MB
       Class:  8.91 MB
        Both:  14.29 MB

MaxMetaspaceSize: unlimited
CompressedClassSpaceSize: 1.00 GB
Initial GC threshold: 21.00 MB
Current GC threshold: 58.69 MB
CDS: off
MetaspaceReclaimPolicy: balanced
 - commit_granule_bytes: 65536.
 - commit_granule_words: 8192.
 - virtual_space_node_default_size: 8388608.
 - enlarge_chunks_in_place: 1.
 - new_chunks_are_fully_committed: 0.
 - uncommit_free_chunks: 1.
 - use_allocation_guard: 0.
 - handle_deallocations: 1.


Internal statistics:

num_allocs_failed_limit: 6.
num_arena_births: 538.
num_arena_deaths: 0.
num_vsnodes_births: 2.
num_vsnodes_deaths: 0.
num_space_committed: 793.
num_space_uncommitted: 0.
num_chunks_returned_to_freelist: 6.
num_chunks_taken_from_freelist: 2130.
num_chunk_merges: 6.
num_chunk_splits: 1405.
num_chunks_enlarged: 965.
num_inconsistent_stats: 0.

CodeHeap 'non-profiled nmethods': size=120000Kb used=2834Kb max_used=2834Kb free=117165Kb
 bounds [0x000001fc8cd40000, 0x000001fc8d010000, 0x000001fc94270000]
CodeHeap 'profiled nmethods': size=120000Kb used=8941Kb max_used=8941Kb free=111058Kb
 bounds [0x000001fc85270000, 0x000001fc85b30000, 0x000001fc8c7a0000]
CodeHeap 'non-nmethods': size=5760Kb used=1605Kb max_used=1684Kb free=4154Kb
 bounds [0x000001fc8c7a0000, 0x000001fc8ca10000, 0x000001fc8cd40000]
 total_blobs=5014 nmethods=4340 adapters=586
 compilation: enabled
              stopped_count=0, restarted_count=0
 full_count=0

Compilation events (20 events):
Event: 15.458 Thread 0x000001fc9c4fa9d0 nmethod 4304 0x000001fc8cffc590 code [0x000001fc8cffc720, 0x000001fc8cffc7f8]
Event: 15.458 Thread 0x000001fc9c4fa9d0 4305       1       org.objectweb.asm.Handle::isInterface (5 bytes)
Event: 15.458 Thread 0x000001fc9c4fa9d0 nmethod 4305 0x000001fc8cffc890 code [0x000001fc8cffca20, 0x000001fc8cffcaf8]
Event: 15.465 Thread 0x000001fc9c4fa9d0 4306       3       org.objectweb.asm.ClassReader::createDebugLabel (23 bytes)
Event: 15.466 Thread 0x000001fc9c4fa9d0 nmethod 4306 0x000001fc85afbe90 code [0x000001fc85afc060, 0x000001fc85afc518]
Event: 15.466 Thread 0x000001fc9c4fa9d0 4307       3       org.objectweb.asm.Label::accept (69 bytes)
Event: 15.467 Thread 0x000001fc9c4fa9d0 nmethod 4307 0x000001fc85afc710 code [0x000001fc85afc8e0, 0x000001fc85afce28]
Event: 15.467 Thread 0x000001fc9c4fa9d0 4308       3       org.objectweb.asm.ClassReader::readLabel (20 bytes)
Event: 15.467 Thread 0x000001fc9c4fa9d0 nmethod 4308 0x000001fc85afd010 code [0x000001fc85afd1c0, 0x000001fc85afd5d8]
Event: 15.492 Thread 0x000001fca352ddc0 4309       4       org.objectweb.asm.ByteVector::putShort (52 bytes)
Event: 15.492 Thread 0x000001fc9c4f1f10 4310       4       org.objectweb.asm.ClassReader::readBytecodeInstructionOffset (1 bytes)
Event: 15.493 Thread 0x000001fc9c4fa9d0 4311       3       org.objectweb.asm.MethodWriter::visitLocalVariable (222 bytes)
Event: 15.494 Thread 0x000001fc9c4f1f10 nmethod 4310 0x000001fc8cffcb90 code [0x000001fc8cffcd00, 0x000001fc8cffcd78]
Event: 15.494 Thread 0x000001fc9c4f1f10 4312       4       org.objectweb.asm.ClassReader::readUtf (161 bytes)
Event: 15.497 Thread 0x000001fc9c4fa9d0 nmethod 4311 0x000001fc85afd790 code [0x000001fc85afdae0, 0x000001fc85afecb8]
Event: 15.497 Thread 0x000001fc9c4fa9d0 4313       3       org.objectweb.asm.Label::addLineNumber (106 bytes)
Event: 15.497 Thread 0x000001fca352ddc0 nmethod 4309 0x000001fc8cffce90 code [0x000001fc8cffd020, 0x000001fc8cffd1a8]
Event: 15.497 Thread 0x000001fc9c4fa9d0 nmethod 4313 0x000001fc85aff510 code [0x000001fc85aff6e0, 0x000001fc85affc08]
Event: 15.497 Thread 0x000001fc9c4fa9d0 4314       3       org.objectweb.asm.MethodWriter::visitLineNumber (50 bytes)
Event: 15.498 Thread 0x000001fc9c4fa9d0 nmethod 4314 0x000001fc85affd90 code [0x000001fc85afff60, 0x000001fc85b003f8]

GC Heap History (20 events):
Event: 3.301 GC heap before
{Heap before GC invocations=1 (full 0):
 garbage-first heap   total 391168K, used 39419K [0x0000000080000000, 0x0000000100000000)
  region size 1024K, 31 young (31744K), 3 survivors (3072K)
 Metaspace       used 11446K, committed 11648K, reserved 1114112K
  class space    used 1195K, committed 1280K, reserved 1048576K
}
Event: 3.306 GC heap after
{Heap after GC invocations=2 (full 0):
 garbage-first heap   total 391168K, used 11198K [0x0000000080000000, 0x0000000100000000)
  region size 1024K, 1 young (1024K), 1 survivors (1024K)
 Metaspace       used 11446K, committed 11648K, reserved 1114112K
  class space    used 1195K, committed 1280K, reserved 1048576K
}
Event: 6.038 GC heap before
{Heap before GC invocations=2 (full 0):
 garbage-first heap   total 391168K, used 62398K [0x0000000080000000, 0x0000000100000000)
  region size 1024K, 51 young (52224K), 1 survivors (1024K)
 Metaspace       used 21302K, committed 21504K, reserved 1114112K
  class space    used 2501K, committed 2624K, reserved 1048576K
}
Event: 6.052 GC heap after
{Heap after GC invocations=3 (full 0):
 garbage-first heap   total 391168K, used 18782K [0x0000000080000000, 0x0000000100000000)
  region size 1024K, 9 young (9216K), 9 survivors (9216K)
 Metaspace       used 21302K, committed 21504K, reserved 1114112K
  class space    used 2501K, committed 2624K, reserved 1048576K
}
Event: 7.642 GC heap before
{Heap before GC invocations=4 (full 0):
 garbage-first heap   total 71680K, used 51550K [0x0000000080000000, 0x0000000100000000)
  region size 1024K, 42 young (43008K), 9 survivors (9216K)
 Metaspace       used 26470K, committed 26688K, reserved 1114112K
  class space    used 3394K, committed 3520K, reserved 1048576K
}
Event: 7.658 GC heap after
{Heap after GC invocations=5 (full 0):
 garbage-first heap   total 71680K, used 20623K [0x0000000080000000, 0x0000000100000000)
  region size 1024K, 3 young (3072K), 3 survivors (3072K)
 Metaspace       used 26470K, committed 26688K, reserved 1114112K
  class space    used 3394K, committed 3520K, reserved 1048576K
}
Event: 7.710 GC heap before
{Heap before GC invocations=5 (full 0):
 garbage-first heap   total 71680K, used 20623K [0x0000000080000000, 0x0000000100000000)
  region size 1024K, 4 young (4096K), 3 survivors (3072K)
 Metaspace       used 26618K, committed 26880K, reserved 1114112K
  class space    used 3422K, committed 3520K, reserved 1048576K
}
Event: 7.715 GC heap after
{Heap after GC invocations=6 (full 0):
 garbage-first heap   total 71680K, used 20658K [0x0000000080000000, 0x0000000100000000)
  region size 1024K, 1 young (1024K), 1 survivors (1024K)
 Metaspace       used 26618K, committed 26880K, reserved 1114112K
  class space    used 3422K, committed 3520K, reserved 1048576K
}
Event: 9.089 GC heap before
{Heap before GC invocations=6 (full 0):
 garbage-first heap   total 71680K, used 50354K [0x0000000080000000, 0x0000000100000000)
  region size 1024K, 30 young (30720K), 1 survivors (1024K)
 Metaspace       used 30672K, committed 30912K, reserved 1114112K
  class space    used 4091K, committed 4224K, reserved 1048576K
}
Event: 9.095 GC heap after
{Heap after GC invocations=7 (full 0):
 garbage-first heap   total 71680K, used 22077K [0x0000000080000000, 0x0000000100000000)
  region size 1024K, 2 young (2048K), 2 survivors (2048K)
 Metaspace       used 30672K, committed 30912K, reserved 1114112K
  class space    used 4091K, committed 4224K, reserved 1048576K
}
Event: 10.304 GC heap before
{Heap before GC invocations=7 (full 0):
 garbage-first heap   total 71680K, used 51773K [0x0000000080000000, 0x0000000100000000)
  region size 1024K, 32 young (32768K), 2 survivors (2048K)
 Metaspace       used 34596K, committed 34880K, reserved 1114112K
  class space    used 4725K, committed 4864K, reserved 1048576K
}
Event: 10.312 GC heap after
{Heap after GC invocations=8 (full 0):
 garbage-first heap   total 71680K, used 23591K [0x0000000080000000, 0x0000000100000000)
  region size 1024K, 4 young (4096K), 4 survivors (4096K)
 Metaspace       used 34596K, committed 34880K, reserved 1114112K
  class space    used 4725K, committed 4864K, reserved 1048576K
}
Event: 10.613 GC heap before
{Heap before GC invocations=8 (full 0):
 garbage-first heap   total 71680K, used 28711K [0x0000000080000000, 0x0000000100000000)
  region size 1024K, 10 young (10240K), 4 survivors (4096K)
 Metaspace       used 35612K, committed 35968K, reserved 1114112K
  class space    used 4872K, committed 5056K, reserved 1048576K
}
Event: 10.620 GC heap after
{Heap after GC invocations=9 (full 0):
 garbage-first heap   total 71680K, used 23796K [0x0000000080000000, 0x0000000100000000)
  region size 1024K, 2 young (2048K), 2 survivors (2048K)
 Metaspace       used 35612K, committed 35968K, reserved 1114112K
  class space    used 4872K, committed 5056K, reserved 1048576K
}
Event: 12.031 GC heap before
{Heap before GC invocations=10 (full 0):
 garbage-first heap   total 71680K, used 54516K [0x0000000080000000, 0x0000000100000000)
  region size 1024K, 33 young (33792K), 2 survivors (2048K)
 Metaspace       used 40840K, committed 41216K, reserved 1114112K
  class space    used 5418K, committed 5568K, reserved 1048576K
}
Event: 12.039 GC heap after
{Heap after GC invocations=11 (full 0):
 garbage-first heap   total 71680K, used 28120K [0x0000000080000000, 0x0000000100000000)
  region size 1024K, 5 young (5120K), 5 survivors (5120K)
 Metaspace       used 40840K, committed 41216K, reserved 1114112K
  class space    used 5418K, committed 5568K, reserved 1048576K
}
Event: 12.047 GC heap before
{Heap before GC invocations=11 (full 0):
 garbage-first heap   total 71680K, used 29144K [0x0000000080000000, 0x0000000100000000)
  region size 1024K, 6 young (6144K), 5 survivors (5120K)
 Metaspace       used 40841K, committed 41216K, reserved 1114112K
  class space    used 5418K, committed 5568K, reserved 1048576K
}
Event: 12.054 GC heap after
{Heap after GC invocations=12 (full 0):
 garbage-first heap   total 71680K, used 28598K [0x0000000080000000, 0x0000000100000000)
  region size 1024K, 1 young (1024K), 1 survivors (1024K)
 Metaspace       used 40841K, committed 41216K, reserved 1114112K
  class space    used 5418K, committed 5568K, reserved 1048576K
}
Event: 12.767 GC heap before
{Heap before GC invocations=12 (full 0):
 garbage-first heap   total 71680K, used 55222K [0x0000000080000000, 0x0000000100000000)
  region size 1024K, 27 young (27648K), 1 survivors (1024K)
 Metaspace       used 42274K, committed 42688K, reserved 1114112K
  class space    used 5625K, committed 5760K, reserved 1048576K
}
Event: 12.775 GC heap after
{Heap after GC invocations=13 (full 0):
 garbage-first heap   total 231424K, used 29348K [0x0000000080000000, 0x0000000100000000)
  region size 1024K, 2 young (2048K), 2 survivors (2048K)
 Metaspace       used 42274K, committed 42688K, reserved 1114112K
  class space    used 5625K, committed 5760K, reserved 1048576K
}

Dll operation events (3 events):
Event: 0.022 Loaded shared library C:\Program Files\Android\Android Studio\jbr\bin\java.dll
Event: 0.360 Loaded shared library C:\Program Files\Android\Android Studio\jbr\bin\zip.dll
Event: 1.050 Loaded shared library C:\Program Files\Android\Android Studio\jbr\bin\verify.dll

Deoptimization events (20 events):
Event: 14.951 Thread 0x000001fc9c61fcd0 DEOPT PACKING pc=0x000001fc8cf7cdc4 sp=0x00000038273f9e10
Event: 14.951 Thread 0x000001fc9c61fcd0 DEOPT UNPACKING pc=0x000001fc8c7f69a3 sp=0x00000038273f9d08 mode 2
Event: 14.991 Thread 0x000001fc9c61e890 DEOPT PACKING pc=0x000001fc855ae33a sp=0x00000038276fe690
Event: 14.991 Thread 0x000001fc9c61e890 DEOPT UNPACKING pc=0x000001fc8c7f7143 sp=0x00000038276fdb08 mode 0
Event: 15.248 Thread 0x000001fc9c61fcd0 Uncommon trap: trap_request=0xffffff45 fr.pc=0x000001fc8cedd984 relative=0x0000000000000344
Event: 15.249 Thread 0x000001fc9c61fcd0 Uncommon trap: reason=unstable_if action=reinterpret pc=0x000001fc8cedd984 method=org.gradle.internal.reflect.PropertyAccessorType.isGetGetterName(Ljava/lang/String;)Z @ 14 c2
Event: 15.249 Thread 0x000001fc9c61fcd0 DEOPT PACKING pc=0x000001fc8cedd984 sp=0x00000038273f90e0
Event: 15.249 Thread 0x000001fc9c61fcd0 DEOPT UNPACKING pc=0x000001fc8c7f69a3 sp=0x00000038273f9038 mode 2
Event: 15.295 Thread 0x000001fc9c61fcd0 Uncommon trap: trap_request=0xffffff45 fr.pc=0x000001fc8cfdd1c0 relative=0x0000000000000480
Event: 15.296 Thread 0x000001fc9c61fcd0 Uncommon trap: reason=unstable_if action=reinterpret pc=0x000001fc8cfdd1c0 method=org.objectweb.asm.MethodWriter.visitVarInsn(II)V @ 108 c2
Event: 15.296 Thread 0x000001fc9c61fcd0 DEOPT PACKING pc=0x000001fc8cfdd1c0 sp=0x00000038273f8d70
Event: 15.296 Thread 0x000001fc9c61fcd0 DEOPT UNPACKING pc=0x000001fc8c7f69a3 sp=0x00000038273f8d38 mode 2
Event: 15.297 Thread 0x000001fc9c61fcd0 Uncommon trap: trap_request=0xffffff45 fr.pc=0x000001fc8ced416c relative=0x00000000000000ec
Event: 15.297 Thread 0x000001fc9c61fcd0 Uncommon trap: reason=unstable_if action=reinterpret pc=0x000001fc8ced416c method=org.objectweb.asm.ByteVector.putShort(I)Lorg/objectweb/asm/ByteVector; @ 13 c2
Event: 15.297 Thread 0x000001fc9c61fcd0 DEOPT PACKING pc=0x000001fc8ced416c sp=0x00000038273f8cb0
Event: 15.297 Thread 0x000001fc9c61fcd0 DEOPT UNPACKING pc=0x000001fc8c7f69a3 sp=0x00000038273f8c48 mode 2
Event: 15.414 Thread 0x000001fc9c61fcd0 Uncommon trap: trap_request=0xffffff45 fr.pc=0x000001fc8cfa86a8 relative=0x0000000000001748
Event: 15.414 Thread 0x000001fc9c61fcd0 Uncommon trap: reason=unstable_if action=reinterpret pc=0x000001fc8cfa86a8 method=java.util.concurrent.ConcurrentHashMap.computeIfAbsent(Ljava/lang/Object;Ljava/util/function/Function;)Ljava/lang/Object; @ 123 c2
Event: 15.414 Thread 0x000001fc9c61fcd0 DEOPT PACKING pc=0x000001fc8cfa86a8 sp=0x00000038273f9fe0
Event: 15.414 Thread 0x000001fc9c61fcd0 DEOPT UNPACKING pc=0x000001fc8c7f69a3 sp=0x00000038273f9f60 mode 2

Classes unloaded (0 events):
No events

Classes redefined (0 events):
No events

Internal exceptions (20 events):
Event: 13.179 Thread 0x000001fc9c61fcd0 Exception <a 'java/lang/NoSuchMethodError'{0x00000000946eaee8}: 'java.lang.Object java.lang.invoke.DirectMethodHandle$Holder.invokeVirtual(java.lang.Object, java.lang.Object, int)'> (0x00000000946eaee8) 
thrown [s\src\hotspot\share\interpreter\linkResolver.cpp, line 771]
Event: 13.219 Thread 0x000001fc9c61fcd0 Exception <a 'java/lang/NoSuchMethodError'{0x00000000945e27f8}: 'java.lang.Object java.lang.invoke.DirectMethodHandle$Holder.invokeStatic(java.lang.Object, java.lang.Object, int, java.lang.Object)'> (0x00000000945e27f8) 
thrown [s\src\hotspot\share\interpreter\linkResolver.cpp, line 771]
Event: 13.221 Thread 0x000001fc9c61fcd0 Exception <a 'java/lang/NoSuchMethodError'{0x00000000945ea598}: 'java.lang.Object java.lang.invoke.DirectMethodHandle$Holder.newInvokeSpecial(java.lang.Object, java.lang.Object, int, java.lang.Object)'> (0x00000000945ea598) 
thrown [s\src\hotspot\share\interpreter\linkResolver.cpp, line 771]
Event: 13.221 Thread 0x000001fc9c61fcd0 Exception <a 'java/lang/NoSuchMethodError'{0x00000000945ef128}: 'java.lang.Object java.lang.invoke.DirectMethodHandle$Holder.invokeSpecial(java.lang.Object, java.lang.Object, java.lang.Object, int, java.lang.Object)'> (0x00000000945ef128) 
thrown [s\src\hotspot\share\interpreter\linkResolver.cpp, line 771]
Event: 13.255 Thread 0x000001fc9c61fcd0 Exception <a 'java/lang/NoSuchMethodError'{0x00000000944cc7d8}: 'void java.lang.invoke.DirectMethodHandle$Holder.invokeStatic(java.lang.Object, java.lang.Object, java.lang.Object, java.lang.Object, java.lang.Object, java.lang.Object)'> (0x00000000944cc7d8) 
thrown [s\src\hotspot\share\interpreter\linkResolver.cpp, line 771]
Event: 13.362 Thread 0x000001fc9c61fcd0 Exception <a 'java/lang/NoSuchMethodError'{0x000000008d7550d8}: 'java.lang.Object java.lang.invoke.DirectMethodHandle$Holder.newInvokeSpecial(java.lang.Object, java.lang.Object, java.lang.Object, java.lang.Object, int)'> (0x000000008d7550d8) 
thrown [s\src\hotspot\share\interpreter\linkResolver.cpp, line 771]
Event: 13.364 Thread 0x000001fc9c61fcd0 Exception <a 'java/lang/NoSuchMethodError'{0x000000008d75a158}: 'java.lang.Object java.lang.invoke.DirectMethodHandle$Holder.invokeSpecial(java.lang.Object, java.lang.Object, java.lang.Object, java.lang.Object, java.lang.Object, int)'> (0x000000008d75a158) 
thrown [s\src\hotspot\share\interpreter\linkResolver.cpp, line 771]
Event: 13.364 Thread 0x000001fc9c61fcd0 Exception <a 'java/lang/NoSuchMethodError'{0x000000008d75eb88}: 'java.lang.Object java.lang.invoke.Invokers$Holder.linkToTargetMethod(java.lang.Object, java.lang.Object, java.lang.Object, int, java.lang.Object)'> (0x000000008d75eb88) 
thrown [s\src\hotspot\share\interpreter\linkResolver.cpp, line 771]
Event: 13.476 Thread 0x000001fc9c61fcd0 Exception <a 'java/lang/NoSuchMethodError'{0x000000008d5312e0}: 'int java.lang.invoke.DirectMethodHandle$Holder.invokeInterface(java.lang.Object, java.lang.Object, java.lang.Object, java.lang.Object)'> (0x000000008d5312e0) 
thrown [s\src\hotspot\share\interpreter\linkResolver.cpp, line 771]
Event: 13.802 Thread 0x000001fc9c61fcd0 Implicit null exception at 0x000001fc8cf07aec to 0x000001fc8cf07b90
Event: 14.140 Thread 0x000001fc9c61fcd0 Exception <a 'java/lang/NoSuchMethodError'{0x000000008c83dd18}: 'void java.lang.invoke.DirectMethodHandle$Holder.invokeInterface(java.lang.Object, java.lang.Object)'> (0x000000008c83dd18) 
thrown [s\src\hotspot\share\interpreter\linkResolver.cpp, line 771]
Event: 14.148 Thread 0x000001fc9c61fcd0 Exception <a 'java/lang/IncompatibleClassChangeError'{0x000000008c849148}: Found class java.lang.Object, but interface was expected> (0x000000008c849148) 
thrown [s\src\hotspot\share\interpreter\linkResolver.cpp, line 838]
Event: 14.267 Thread 0x000001fc9c61fcd0 Exception <a 'java/lang/NoSuchMethodError'{0x000000008c6d51d0}: 'java.lang.Object java.lang.invoke.DirectMethodHandle$Holder.newInvokeSpecial(java.lang.Object, int, java.lang.Object)'> (0x000000008c6d51d0) 
thrown [s\src\hotspot\share\interpreter\linkResolver.cpp, line 771]
Event: 14.985 Thread 0x000001fc9c61e890 Exception <a 'java/lang/NoSuchMethodError'{0x000000008b7a29f8}: static Lorg/gradle/internal/build/event/types/DefaultOperationStartedProgressEvent;.<clinit>()V> (0x000000008b7a29f8) 
thrown [s\src\hotspot\share\prims\jni.cpp, line 1108]
Event: 14.987 Thread 0x000001fc9c61e890 Exception <a 'java/lang/NoSuchMethodError'{0x000000008b7a4a80}: static Lorg/gradle/internal/build/event/types/AbstractProgressEvent;.<clinit>()V> (0x000000008b7a4a80) 
thrown [s\src\hotspot\share\prims\jni.cpp, line 1108]
Event: 14.991 Thread 0x000001fc9c61e890 Exception <a 'java/lang/NoSuchMethodError'{0x000000008b603ef8}: static Lorg/gradle/internal/build/event/types/DefaultProjectConfigurationDescriptor;.<clinit>()V> (0x000000008b603ef8) 
thrown [s\src\hotspot\share\prims\jni.cpp, line 1108]
Event: 14.992 Thread 0x000001fc9c61e890 Exception <a 'java/lang/NoSuchMethodError'{0x000000008b606220}: static Lorg/gradle/internal/build/event/types/DefaultOperationDescriptor;.<clinit>()V> (0x000000008b606220) 
thrown [s\src\hotspot\share\prims\jni.cpp, line 1108]
Event: 14.998 Thread 0x000001fc9c61e890 Exception <a 'java/lang/NoSuchMethodError'{0x000000008b61d420}: static Lorg/gradle/internal/operations/OperationIdentifier;.<clinit>()V> (0x000000008b61d420) 
thrown [s\src\hotspot\share\prims\jni.cpp, line 1108]
Event: 15.237 Thread 0x000001fc9c61fcd0 Exception <a 'java/lang/NoSuchMethodError'{0x000000008b1dad38}: 'long java.lang.invoke.DirectMethodHandle$Holder.invokeStatic(java.lang.Object, long)'> (0x000000008b1dad38) 
thrown [s\src\hotspot\share\interpreter\linkResolver.cpp, line 771]
Event: 15.295 Thread 0x000001fc9c61fcd0 Implicit null exception at 0x000001fc8cfdce00 to 0x000001fc8cfdd1a4

VM Operations (20 events):
Event: 12.047 Executing VM operation: G1CollectForAllocation
Event: 12.054 Executing VM operation: G1CollectForAllocation done
Event: 12.759 Executing VM operation: HandshakeAllThreads
Event: 12.759 Executing VM operation: HandshakeAllThreads done
Event: 12.767 Executing VM operation: G1CollectForAllocation
Event: 12.777 Executing VM operation: G1CollectForAllocation done
Event: 12.851 Executing VM operation: HandshakeAllThreads
Event: 12.852 Executing VM operation: HandshakeAllThreads done
Event: 13.447 Executing VM operation: HandshakeAllThreads
Event: 13.447 Executing VM operation: HandshakeAllThreads done
Event: 13.459 Executing VM operation: HandshakeAllThreads
Event: 13.459 Executing VM operation: HandshakeAllThreads done
Event: 13.471 Executing VM operation: HandshakeAllThreads
Event: 13.471 Executing VM operation: HandshakeAllThreads done
Event: 13.702 Executing VM operation: HandshakeAllThreads
Event: 13.702 Executing VM operation: HandshakeAllThreads done
Event: 14.713 Executing VM operation: Cleanup
Event: 14.713 Executing VM operation: Cleanup done
Event: 14.825 Executing VM operation: HandshakeAllThreads
Event: 14.825 Executing VM operation: HandshakeAllThreads done

Events (20 events):
Event: 14.984 loading class java/io/ObjectStreamClass$MemberSignature
Event: 14.984 loading class java/io/ObjectStreamClass$MemberSignature done
Event: 14.984 loading class java/io/ObjectStreamClass$3
Event: 14.985 loading class java/io/ObjectStreamClass$3 done
Event: 14.985 loading class java/io/ObjectStreamClass$4
Event: 14.986 loading class java/io/ObjectStreamClass$4 done
Event: 14.986 loading class java/io/ObjectStreamClass$5
Event: 14.986 loading class java/io/ObjectStreamClass$5 done
Event: 14.987 loading class java/io/ObjectStreamClass$ClassDataSlot
Event: 14.987 loading class java/io/ObjectStreamClass$ClassDataSlot done
Event: 14.993 loading class jdk/internal/reflect/UnsafeQualifiedStaticLongFieldAccessorImpl
Event: 14.993 loading class jdk/internal/reflect/UnsafeQualifiedStaticLongFieldAccessorImpl done
Event: 15.000 loading class java/io/SerialCallbackContext
Event: 15.001 loading class java/io/SerialCallbackContext done
Event: 15.128 loading class java/util/DualPivotQuicksort
Event: 15.129 loading class java/util/DualPivotQuicksort done
Event: 15.236 loading class java/util/function/LongUnaryOperator
Event: 15.237 loading class java/util/function/LongUnaryOperator done
Event: 15.508 loading class java/util/concurrent/LinkedBlockingDeque$Itr
Event: 15.508 loading class java/util/concurrent/LinkedBlockingDeque$AbstractItr


Dynamic libraries:
0x00007ff7ec020000 - 0x00007ff7ec02a000 	C:\Program Files\Android\Android Studio\jbr\bin\java.exe
0x00007ffc59450000 - 0x00007ffc59666000 	C:\Windows\SYSTEM32\ntdll.dll
0x00007ffc19230000 - 0x00007ffc19249000 	C:\Program Files\Avast Software\Avast\aswhook.dll
0x00007ffc57280000 - 0x00007ffc57344000 	C:\Windows\System32\KERNEL32.DLL
0x00007ffc56ab0000 - 0x00007ffc56e56000 	C:\Windows\System32\KERNELBASE.dll
0x00007ffc568a0000 - 0x00007ffc569b1000 	C:\Windows\System32\ucrtbase.dll
0x00007ffc32f90000 - 0x00007ffc32fa7000 	C:\Program Files\Android\Android Studio\jbr\bin\jli.dll
0x00007ffc3c4b0000 - 0x00007ffc3c4cb000 	C:\Program Files\Android\Android Studio\jbr\bin\VCRUNTIME140.dll
0x00007ffc573d0000 - 0x00007ffc5757d000 	C:\Windows\System32\USER32.dll
0x00007ffc569c0000 - 0x00007ffc569e6000 	C:\Windows\System32\win32u.dll
0x00007ffc575e0000 - 0x00007ffc57609000 	C:\Windows\System32\GDI32.dll
0x00007ffc3ecb0000 - 0x00007ffc3ef43000 	C:\Windows\WinSxS\amd64_microsoft.windows.common-controls_6595b64144ccf1df_6.0.22621.3235_none_270f74e173860f98\COMCTL32.dll
0x00007ffc56e90000 - 0x00007ffc56fa8000 	C:\Windows\System32\gdi32full.dll
0x00007ffc56790000 - 0x00007ffc5682a000 	C:\Windows\System32\msvcp_win.dll
0x00007ffc58210000 - 0x00007ffc582b7000 	C:\Windows\System32\msvcrt.dll
0x00007ffc59230000 - 0x00007ffc59261000 	C:\Windows\System32\IMM32.DLL
0x00007ffc51740000 - 0x00007ffc5174c000 	C:\Program Files\Android\Android Studio\jbr\bin\vcruntime140_1.dll
0x00007ffc100d0000 - 0x00007ffc1015d000 	C:\Program Files\Android\Android Studio\jbr\bin\msvcp140.dll
0x00007ffbc07d0000 - 0x00007ffbc1453000 	C:\Program Files\Android\Android Studio\jbr\bin\server\jvm.dll
0x00007ffc584c0000 - 0x00007ffc58572000 	C:\Windows\System32\ADVAPI32.dll
0x00007ffc58ba0000 - 0x00007ffc58c48000 	C:\Windows\System32\sechost.dll
0x00007ffc56e60000 - 0x00007ffc56e88000 	C:\Windows\System32\bcrypt.dll
0x00007ffc58030000 - 0x00007ffc58145000 	C:\Windows\System32\RPCRT4.dll
0x00007ffc38610000 - 0x00007ffc38619000 	C:\Windows\SYSTEM32\WSOCK32.dll
0x00007ffc57350000 - 0x00007ffc573c1000 	C:\Windows\System32\WS2_32.dll
0x00007ffc56660000 - 0x00007ffc566ad000 	C:\Windows\SYSTEM32\POWRPROF.dll
0x00007ffc45ff0000 - 0x00007ffc45ffa000 	C:\Windows\SYSTEM32\VERSION.dll
0x00007ffc4e160000 - 0x00007ffc4e194000 	C:\Windows\SYSTEM32\WINMM.dll
0x00007ffc56640000 - 0x00007ffc56653000 	C:\Windows\SYSTEM32\UMPDC.dll
0x00007ffc55790000 - 0x00007ffc557a8000 	C:\Windows\SYSTEM32\kernel.appcore.dll
0x00007ffc53440000 - 0x00007ffc5344a000 	C:\Program Files\Android\Android Studio\jbr\bin\jimage.dll
0x00007ffc53830000 - 0x00007ffc53a63000 	C:\Windows\SYSTEM32\DBGHELP.DLL
0x00007ffc58650000 - 0x00007ffc589d8000 	C:\Windows\System32\combase.dll
0x00007ffc571a0000 - 0x00007ffc57277000 	C:\Windows\System32\OLEAUT32.dll
0x00007ffc462e0000 - 0x00007ffc46312000 	C:\Windows\SYSTEM32\dbgcore.DLL
0x00007ffc57120000 - 0x00007ffc5719a000 	C:\Windows\System32\bcryptPrimitives.dll
0x00007ffc3cbb0000 - 0x00007ffc3cbbe000 	C:\Program Files\Android\Android Studio\jbr\bin\instrument.dll
0x00007ffc3dc20000 - 0x00007ffc3dc45000 	C:\Program Files\Android\Android Studio\jbr\bin\java.dll
0x00007ffc500e0000 - 0x00007ffc500f8000 	C:\Program Files\Android\Android Studio\jbr\bin\zip.dll
0x00007ffc57710000 - 0x00007ffc57f6d000 	C:\Windows\System32\SHELL32.dll
0x00007ffc54670000 - 0x00007ffc54f68000 	C:\Windows\SYSTEM32\windows.storage.dll
0x00007ffc54530000 - 0x00007ffc5466e000 	C:\Windows\SYSTEM32\wintypes.dll
0x00007ffc57610000 - 0x00007ffc57703000 	C:\Windows\System32\SHCORE.dll
0x00007ffc57fd0000 - 0x00007ffc5802e000 	C:\Windows\System32\shlwapi.dll
0x00007ffc566c0000 - 0x00007ffc566e6000 	C:\Windows\SYSTEM32\profapi.dll
0x00007ffc400b0000 - 0x00007ffc400c9000 	C:\Program Files\Android\Android Studio\jbr\bin\net.dll
0x00007ffc4e390000 - 0x00007ffc4e4c7000 	C:\Windows\SYSTEM32\WINHTTP.dll
0x00007ffc55c00000 - 0x00007ffc55c69000 	C:\Windows\system32\mswsock.dll
0x00007ffc3dc00000 - 0x00007ffc3dc16000 	C:\Program Files\Android\Android Studio\jbr\bin\nio.dll
0x00007ffc51940000 - 0x00007ffc51950000 	C:\Program Files\Android\Android Studio\jbr\bin\verify.dll
0x00007ffc40120000 - 0x00007ffc40147000 	C:\Users\limit\.gradle\native\c067742578af261105cb4f569cf0c3c89f3d7b1fecec35dd04571415982c5e48\windows-amd64\native-platform.dll
0x00007ffbfbe40000 - 0x00007ffbfbf84000 	C:\Users\limit\.gradle\native\38dada09dfb8b06ba9b0570ebf7e218e3eb74d4ef43ca46872605cf95ebc2f47\windows-amd64\native-platform-file-events.dll
0x00007ffc3dbe0000 - 0x00007ffc3dbe9000 	C:\Program Files\Android\Android Studio\jbr\bin\management.dll
0x00007ffc3cbc0000 - 0x00007ffc3cbcb000 	C:\Program Files\Android\Android Studio\jbr\bin\management_ext.dll
0x00007ffc58170000 - 0x00007ffc58178000 	C:\Windows\System32\PSAPI.DLL
0x00007ffc55f50000 - 0x00007ffc55f6b000 	C:\Windows\SYSTEM32\CRYPTSP.dll
0x00007ffc556f0000 - 0x00007ffc55725000 	C:\Windows\system32\rsaenh.dll
0x00007ffc55ca0000 - 0x00007ffc55ccc000 	C:\Windows\SYSTEM32\USERENV.dll
0x00007ffc55f30000 - 0x00007ffc55f3c000 	C:\Windows\SYSTEM32\CRYPTBASE.dll
0x00007ffc551d0000 - 0x00007ffc551fd000 	C:\Windows\SYSTEM32\IPHLPAPI.DLL
0x00007ffc58200000 - 0x00007ffc58209000 	C:\Windows\System32\NSI.dll
0x00007ffc4e140000 - 0x00007ffc4e159000 	C:\Windows\SYSTEM32\dhcpcsvc6.DLL
0x00007ffc4de40000 - 0x00007ffc4de5f000 	C:\Windows\SYSTEM32\dhcpcsvc.DLL
0x00007ffc55240000 - 0x00007ffc55339000 	C:\Windows\SYSTEM32\DNSAPI.dll
0x00007ffc3dbf0000 - 0x00007ffc3dbf9000 	C:\Program Files\Android\Android Studio\jbr\bin\extnet.dll
0x00007ffc517a0000 - 0x00007ffc517a8000 	C:\Windows\system32\wshunix.dll

dbghelp: loaded successfully - version: 4.0.5 - missing functions: none
symbol engine: initialized successfully - sym options: 0x614 - pdb path: .;C:\Program Files\Android\Android Studio\jbr\bin;C:\Windows\SYSTEM32;C:\Program Files\Avast Software\Avast;C:\Windows\WinSxS\amd64_microsoft.windows.common-controls_6595b64144ccf1df_6.0.22621.3235_none_270f74e173860f98;C:\Program Files\Android\Android Studio\jbr\bin\server;C:\Users\limit\.gradle\native\c067742578af261105cb4f569cf0c3c89f3d7b1fecec35dd04571415982c5e48\windows-amd64;C:\Users\limit\.gradle\native\38dada09dfb8b06ba9b0570ebf7e218e3eb74d4ef43ca46872605cf95ebc2f47\windows-amd64

VM Arguments:
jvm_args: --add-opens=java.base/java.util=ALL-UNNAMED --add-opens=java.base/java.lang=ALL-UNNAMED --add-opens=java.base/java.lang.invoke=ALL-UNNAMED --add-opens=java.prefs/java.util.prefs=ALL-UNNAMED --add-opens=java.base/java.nio.charset=ALL-UNNAMED --add-opens=java.base/java.net=ALL-UNNAMED --add-opens=java.base/java.util.concurrent.atomic=ALL-UNNAMED -Xmx2048m -Dfile.encoding=UTF-8 -Duser.country=US -Duser.language=en -Duser.variant -javaagent:C:\Users\limit\.gradle\wrapper\dists\gradle-8.6-bin\afr5mpiioh2wthjmwnkmdsd5w\gradle-8.6\lib\agents\gradle-instrumentation-agent-8.6.jar 
java_command: org.gradle.launcher.daemon.bootstrap.GradleDaemon 8.6
java_class_path (initial): C:\Users\limit\.gradle\wrapper\dists\gradle-8.6-bin\afr5mpiioh2wthjmwnkmdsd5w\gradle-8.6\lib\gradle-launcher-8.6.jar
Launcher Type: SUN_STANDARD

[Global flags]
     intx CICompilerCount                          = 4                                         {product} {ergonomic}
     uint ConcGCThreads                            = 2                                         {product} {ergonomic}
     uint G1ConcRefinementThreads                  = 8                                         {product} {ergonomic}
   size_t G1HeapRegionSize                         = 1048576                                   {product} {ergonomic}
    uintx GCDrainStackTargetSize                   = 64                                        {product} {ergonomic}
   size_t InitialHeapSize                          = 400556032                                 {product} {ergonomic}
   size_t MarkStackSize                            = 4194304                                   {product} {ergonomic}
   size_t MaxHeapSize                              = 2147483648                                {product} {command line}
   size_t MaxNewSize                               = 1287651328                                {product} {ergonomic}
   size_t MinHeapDeltaBytes                        = 1048576                                   {product} {ergonomic}
   size_t MinHeapSize                              = 8388608                                   {product} {ergonomic}
    uintx NonNMethodCodeHeapSize                   = 5839372                                {pd product} {ergonomic}
    uintx NonProfiledCodeHeapSize                  = 122909434                              {pd product} {ergonomic}
    uintx ProfiledCodeHeapSize                     = 122909434                              {pd product} {ergonomic}
    uintx ReservedCodeCacheSize                    = 251658240                              {pd product} {ergonomic}
     bool SegmentedCodeCache                       = true                                      {product} {ergonomic}
   size_t SoftMaxHeapSize                          = 2147483648                             {manageable} {ergonomic}
     bool UseCompressedClassPointers               = true                           {product lp64_product} {ergonomic}
     bool UseCompressedOops                        = true                           {product lp64_product} {ergonomic}
     bool UseG1GC                                  = true                                      {product} {ergonomic}
     bool UseLargePagesIndividualAllocation        = false                                  {pd product} {ergonomic}

Logging:
Log output configuration:
 #0: stdout all=warning uptime,level,tags
 #1: stderr all=off uptime,level,tags

Environment Variables:
JAVA_HOME=C:\Program Files\Java\jdk-21
PATH=C:\Program Files\Common Files\Oracle\Java\javapath;C:\Windows\system32;C:\Windows;C:\Windows\System32\Wbem;C:\Windows\System32\WindowsPowerShell\v1.0\;C:\Windows\System32\OpenSSH\;C:\Program Files\Java\jdk-21\bin;C:\Program Files\Git\cmd;C:\Program Files\Git\cmd;;C:\Program Files\Git LFS;C:\Users\limit\AppData\Local\Microsoft\WindowsApps;;C:\Program Files\JetBrains\IntelliJ IDEA 2023.2.5\bin;;C:\Users\limit\AppData\Local\Programs\Microsoft VS Code\bin
USERNAME=limit
OS=Windows_NT
PROCESSOR_IDENTIFIER=Intel64 Family 6 Model 142 Stepping 12, GenuineIntel
TMP=C:\Users\limit\AppData\Local\Temp
TEMP=C:\Users\limit\AppData\Local\Temp



Periodic native trim disabled

JNI global refs:
JNI global refs: 26, weak refs: 0

JNI global refs memory usage: 843, weak refs: 841

OOME stack traces (most recent first):
Classloader memory used:
Loader org.gradle.internal.classloader.VisitableURLClassLoader                         : 3106K
Loader bootstrap                                                                       : 2374K
Loader org.gradle.initialization.MixInLegacyTypesClassLoader                           : 705K
Loader jdk.internal.loader.ClassLoaders$PlatformClassLoader                            : 65450B
Loader jdk.internal.loader.ClassLoaders$AppClassLoader                                 : 28729B
Loader jdk.internal.reflect.DelegatingClassLoader                                      : 7780B
Loader org.gradle.internal.classloader.VisitableURLClassLoader$InstrumentingVisitableURLClassLoader: 2911B

Classes loaded by more than one classloader:
Class org.gradle.internal.installation.GradleInstallation                             : loaded 2 times (x 73B)
Class org.gradle.internal.classpath.ClassPath                                         : loaded 2 times (x 68B)
Class org.gradle.api.internal.classpath.DefaultModuleRegistry                         : loaded 2 times (x 84B)
Class Settings_gradle$1$1                                                             : loaded 2 times (x 72B)
Class org.gradle.api.Action                                                           : loaded 2 times (x 68B)
Class org.gradle.api.internal.DefaultClassPathProvider                                : loaded 2 times (x 74B)
Class org.gradle.internal.installation.GradleInstallation$1                           : loaded 2 times (x 73B)
Class org.gradle.internal.classloader.FilteringClassLoader                            : loaded 2 times (x 103B)
Class org.gradle.internal.classpath.DefaultClassPath$ImmutableUniqueList$Builder      : loaded 2 times (x 73B)
Class org.gradle.internal.classloader.ClassLoaderVisitor                              : loaded 2 times (x 74B)
Class org.gradle.internal.service.DefaultServiceLocator                               : loaded 2 times (x 81B)
Class org.gradle.internal.service.UnknownServiceException                             : loaded 2 times (x 81B)
Class org.gradle.internal.classloader.DefaultClassLoaderFactory                       : loaded 2 times (x 80B)
Class org.gradle.internal.classloader.VisitableURLClassLoader$Spec                    : loaded 2 times (x 72B)
Class org.gradle.api.GradleException                                                  : loaded 2 times (x 80B)
Class org.gradle.api.internal.classpath.ModuleRegistry                                : loaded 2 times (x 68B)
Class org.gradle.api.internal.ClassPathProvider                                       : loaded 2 times (x 68B)
Class org.gradle.internal.classloader.ClasspathUtil$1                                 : loaded 2 times (x 74B)
Class org.gradle.internal.classloader.ClassLoaderFactory                              : loaded 2 times (x 68B)
Class org.gradle.api.internal.classpath.ManifestUtil                                  : loaded 2 times (x 69B)
Class org.gradle.api.specs.Spec                                                       : loaded 2 times (x 68B)
Class org.gradle.internal.IoActions                                                   : loaded 2 times (x 69B)
Class org.gradle.api.internal.classpath.EffectiveClassPath                            : loaded 2 times (x 88B)
Class org.gradle.internal.installation.CurrentGradleInstallation                      : loaded 2 times (x 71B)
Class org.gradle.internal.agents.InstrumentingClassLoader                             : loaded 2 times (x 68B)
Class org.gradle.internal.installation.CurrentGradleInstallationLocator               : loaded 2 times (x 69B)
Class org.gradle.api.internal.classpath.Module                                        : loaded 2 times (x 68B)
Class org.gradle.internal.service.CachingServiceLocator                               : loaded 2 times (x 80B)
Class org.gradle.internal.classpath.DefaultClassPath                                  : loaded 2 times (x 88B)
Class org.gradle.internal.classloader.SystemClassLoaderSpec                           : loaded 2 times (x 69B)
Class org.gradle.api.UncheckedIOException                                             : loaded 2 times (x 80B)
Class Program                                                                         : loaded 2 times (x 70B)
Class org.gradle.internal.classloader.ClasspathUtil                                   : loaded 2 times (x 69B)
Class org.gradle.api.internal.DefaultClassPathRegistry                                : loaded 2 times (x 74B)
Class org.gradle.api.internal.classpath.DefaultModuleRegistry$DefaultModule           : loaded 2 times (x 84B)
Class org.gradle.api.internal.classpath.UnknownModuleException                        : loaded 2 times (x 80B)
Class org.gradle.internal.service.ServiceLookupException                              : loaded 2 times (x 80B)
Class org.gradle.cache.GlobalCache                                                    : loaded 2 times (x 68B)
Class [Lorg.gradle.api.internal.ClassPathProvider;                                    : loaded 2 times (x 67B)
Class org.gradle.util.internal.GUtil                                                  : loaded 2 times (x 69B)
Class org.gradle.internal.classloader.ClassLoaderSpec                                 : loaded 2 times (x 69B)
Class org.gradle.internal.classloader.VisitableURLClassLoader                         : loaded 2 times (x 115B)
Class org.gradle.internal.Cast                                                        : loaded 2 times (x 69B)
Class org.gradle.api.internal.ClassPathRegistry                                       : loaded 2 times (x 68B)
Class org.gradle.internal.classloader.VisitableURLClassLoader$InstrumentingVisitableURLClassLoader: loaded 2 times (x 121B)
Class org.gradle.internal.classloader.ClassLoaderHierarchy                            : loaded 2 times (x 68B)
Class org.gradle.internal.InternalTransformer                                         : loaded 2 times (x 68B)
Class org.gradle.internal.service.ServiceLocator                                      : loaded 2 times (x 68B)
Class Settings_gradle$1                                                               : loaded 2 times (x 72B)
Class org.gradle.internal.classpath.DefaultClassPath$ImmutableUniqueList              : loaded 2 times (x 159B)
Class org.gradle.internal.classpath.TransformedClassPath                              : loaded 2 times (x 94B)
Class Settings_gradle                                                                 : loaded 2 times (x 126B)


---------------  S Y S T E M  ---------------

OS:
 Windows 11 , 64 bit Build 22621 (10.0.22621.3235)
OS uptime: 2 days 0:31 hours
Hyper-V role detected

CPU: total 8 (initial active 8) (4 cores per cpu, 2 threads per core) family 6 model 142 stepping 12 microcode 0xfa, cx8, cmov, fxsr, ht, mmx, 3dnowpref, sse, sse2, sse3, ssse3, sse4.1, sse4.2, popcnt, lzcnt, tsc, tscinvbit, avx, avx2, aes, erms, clmul, bmi1, bmi2, adx, fma, vzeroupper, clflush, clflushopt, hv
Processor Information for processor 0
  Max Mhz: 1800, Current Mhz: 1500, Mhz Limit: 1584
Processor Information for processor 1
  Max Mhz: 1800, Current Mhz: 1500, Mhz Limit: 1584
Processor Information for processor 2
  Max Mhz: 1800, Current Mhz: 1600, Mhz Limit: 1584
Processor Information for processor 3
  Max Mhz: 1800, Current Mhz: 1500, Mhz Limit: 1584
Processor Information for processor 4
  Max Mhz: 1800, Current Mhz: 1600, Mhz Limit: 1584
Processor Information for processor 5
  Max Mhz: 1800, Current Mhz: 1500, Mhz Limit: 1584
Processor Information for processor 6
  Max Mhz: 1800, Current Mhz: 1500, Mhz Limit: 1584
Processor Information for processor 7
  Max Mhz: 1800, Current Mhz: 1600, Mhz Limit: 1584

Memory: 4k page, system-wide physical 24382M (5014M free)
TotalPageFile size 31294M (AvailPageFile size 9464M)
current process WorkingSet (physical memory assigned to process): 283M, peak: 283M
current process commit charge ("private bytes"): 428M, peak: 532M

vm_info: OpenJDK 64-Bit Server VM (17.0.10+0--11572160) for windows-amd64 JRE (17.0.10+0--11572160), built on Mar 13 2024 23:56:38 by "androidbuild" with MS VC++ 16.10 / 16.11 (VS2019)

END.
